MPASM 5.77                PROYECTO FINAL.ASM   11-26-2020  23:20:34         PAGE  1


LOC  OBJECT CODE     LINE SOURCE TEXT
  VALUE

                      00001 ;******************************************************************************
                      00002 ;                                                                             *
                      00003 ;     Filaname:     Proyecto final                                            *
                      00004 ;     Date         26 /11/2020                                                *
                      00005 ;     File version: v.2                                                       *
                      00006 ;     author :       Yefry Sajquiy - 18748                                    *
                      00007 ;     ompany;        UVG                                                      *
                      00008 ;     Description:   proyeceto de apliacion de modulos                        *
                      00009 ;                                                                             *
                      00010 ;******************************************************************************
                      00011 
                      00012 
                      00013 #include "p16f887.inc"
                      00001         LIST
                      00002 
                      00003 ;==========================================================================
                      00004 ; Build date : Nov 22 2017
                      00005 ;  MPASM PIC16F887 processor include
                      00006 ; 
                      00007 ;  (c) Copyright 1999-2017 Microchip Technology, All rights reserved
                      00008 ;==========================================================================
                      00009 
                      00810         LIST
                      00014 
                      00015 ; CONFIG1
                      00016 ; __config 0xE0F5
2007   20D4           00017  __CONFIG _CONFIG1, _FOSC_INTRC_NOCLKOUT & _WDTE_OFF & _PWRTE_OFF & _MCLRE_OFF & _CP_OFF & _CPD_OFF & _B
                            OREN_OFF & _IESO_OFF & _FCMEN_OFF & _LVP_OFF
                      00018 ; CONFIG2
                      00019 ; __config 0xFFFF
2008   3FFF           00020  __CONFIG _CONFIG2, _BOR4V_BOR40V & _WRT_OFF
                      00021  
                      00022 GPR_VAR UDATA
Warning[207]: Found label after column 1. (SUMA_1)
0000                  00023     SUMA_1      RES 1
Warning[207]: Found label after column 1. (SUMA_2)
0001                  00024     SUMA_2      RES 1       ; VARIABLES DE DATOS
Warning[207]: Found label after column 1. (SUMA_3)
0002                  00025     SUMA_3      RES 1
                      00026 
                      00027         
                      00028 ;--------------------------- INICIO DEL PROGRAMA -------------------------------
                      00029 RES_VECT  CODE    0x0000            ; processor reset vector
0000   2???           00030     GOTO    START                   ; go to beginning of program
                      00031 ;-------------------------------------------------------------------------------
                      00032     
                      00033 ;--------------------------------- PRINCIPAL -----------------------------------
                      00034 MAIN_PROG CODE                      ; let linker place main program3
0000                  00035 START
0000   2???           00036     CALL    CONFIG_IO           ; PUERTOS Y PINES COMO SALIDAS
0001   2???           00037     CALL    CONFIG_RELOJ        ; 4 MHz
0002   2???           00038     CALL    CONFIG_TIMER2       ; CONFIGURACIÓN DEL TIMER2 PARA LOS SERVOS
0003   2???           00039     CALL    CONFIG_CCP          ; CCP1 Y CCP2
MPASM 5.77                PROYECTO FINAL.ASM   11-26-2020  23:20:34         PAGE  2


LOC  OBJECT CODE     LINE SOURCE TEXT
  VALUE

0004   2???           00040     GOTO    LOOP                
                      00041 ;-------------------------------------------------------------------------------
                      00042 
                      00043 ;------------------------------- LOOP PRINCIPAL --------------------------------
0005                  00044 LOOP
0005   2???           00045     CALL    CONFIG_ADC_DI
0006   2???           00046     CALL    MOV_SERVOS
                      00047 
                      00048     
0007   2???           00049     GOTO    LOOP
                      00050 ;-------------------------------------------------------------------------------
                      00051     
0008                  00052 CONFIG_ADC_DI:
                      00053     ; CONVERSION PUERTO A0
0008   30C1           00054     MOVLW   B'11000001'         ; ADC Frc CLOCK
0009   009F           00055     MOVWF   ADCON0              ; AN0, ON  
000A   2???           00056     CALL    DELAY_10MS
000B   2???           00057     CALL    CONFIG_ADC1
000C   2???           00058     CALL    DELAY_10MS
000D   149F           00059     BSF     ADCON0, GO          ; EMPIEZA LA CONVERSION
000E   189F           00060     BTFSC   ADCON0, GO          ; REVISA SI TERMINO LA CONVERSION
000F   2???           00061     GOTO    $-1
0010   130C           00062     BCF     PIR1, ADIF          ; BORRAMOS LA BANDERA DEL ADC 
0011   081E           00063     MOVF    ADRESH, W
0012   00??           00064     MOVWF   SUMA_1              ; MUEVO EL ADRESH A SUMADOR2
0013   0086           00065     MOVWF   PORTB
                      00066     
                      00067     ; CONVERSION PUERTO A1
0014   30C5           00068     MOVLW   B'11000101'         ; ADC Frc CLOCK
0015   009F           00069     MOVWF   ADCON0              ; AN0, ON  
0016   2???           00070     CALL    DELAY_10MS
0017   2???           00071     CALL    CONFIG_ADC2
0018   2???           00072     CALL    DELAY_10MS
0019   149F           00073     BSF     ADCON0, GO          ; EMPIEZA LA CONVERSION
001A   189F           00074     BTFSC   ADCON0, GO          ; REVISA SI TERMINO LA CONVERSION
001B   2???           00075     GOTO    $-1
001C   130C           00076     BCF     PIR1, ADIF          ; BORRAMOS LA BANDERA DEL ADC 
001D   081E           00077     MOVF    ADRESH, W
001E   00??           00078     MOVWF   SUMA_2              ; MUEVO EL ADRESH A SUMADOR1
001F   0088           00079     MOVWF   PORTD
                      00080     
0020                  00081 MOV_SERVOS:
                      00082     ; MUEVO LA VARIABLE SERVO1 A CCPR1L
0020   08??           00083     MOVF    SUMA_1, W
0021   0095           00084     MOVWF   CCPR1L
0022   2???           00085     CALL    DELAY_10MS
                      00086     
                      00087     ; MUEVO LA VARIABLE SERVO2 A CCPR2L
0023   08??           00088     MOVF    SUMA_2, W
0024   009B           00089     MOVWF   CCPR2L     
0025   2???           00090     CALL    DELAY_10MS
                      00091     
                      00092 ;--------------------------------- SUBRUTINAS ----------------------------------
MPASM 5.77                PROYECTO FINAL.ASM   11-26-2020  23:20:34         PAGE  3


LOC  OBJECT CODE     LINE SOURCE TEXT
  VALUE

0026                  00093 DELAY_10MS:                     ; 10 us DE DELAY
0026   0000           00094     NOP
0027   0000           00095     NOP
0028   0000           00096     NOP
0029   0000           00097     NOP
002A   0000           00098     NOP
002B   0000           00099     NOP
002C   0000           00100     NOP
002D   0000           00101     NOP
002E   0000           00102     NOP
002F   0000           00103     NOP
0030   0008           00104     RETURN
                      00105     
0031                  00106 CONFIG_ADC1:
0031   1683 1303      00107     BANKSEL ADCON1
0033   3000           00108     MOVLW   B'00000000'         ; JUSTIFICADO A LA DERECHA, Vref en VDD y VSS
Message[302]: Register in operand not in bank 0.  Ensure that bank bits are correct.
0034   009F           00109     MOVWF   ADCON1
0035   1283 1303      00110     BANKSEL ADCON0
0037   171F           00111     BSF     ADCON0, ADCS0
0038   139F           00112     BCF     ADCON0, ADCS1       ; ADCS -> Fosc/8
0039   111F           00113     BCF     ADCON0, CHS0 
003A   119F           00114     BCF     ADCON0, CHS1
003B   121F           00115     BCF     ADCON0, CHS2
003C   129F           00116     BCF     ADCON0, CHS3        ; CHS  -> CHANNEL 0
003D   109F           00117     BCF     ADCON0, GO
003E   141F           00118     BSF     ADCON0, ADON        ; ADON -> 1 (ADC ACTIVADO)
003F   0008           00119     RETURN
                      00120     
0040                  00121 CONFIG_ADC2:
0040   1683 1303      00122     BANKSEL ADCON1
0042   3000           00123     MOVLW   B'00000000'         ; JUSTIFICADO A LA DERECHA, Vref en VDD y VSS
Message[302]: Register in operand not in bank 0.  Ensure that bank bits are correct.
0043   009F           00124     MOVWF   ADCON1
0044   1283 1303      00125     BANKSEL ADCON0
0046   171F           00126     BSF     ADCON0, ADCS0
0047   139F           00127     BCF     ADCON0, ADCS1       ; ADCS -> Fosc/8
0048   151F           00128     BSF     ADCON0, CHS0 
0049   119F           00129     BCF     ADCON0, CHS1
004A   121F           00130     BCF     ADCON0, CHS2
004B   129F           00131     BCF     ADCON0, CHS3        ; CHS  -> CHANNEL 1
004C   109F           00132     BCF     ADCON0, GO
004D   141F           00133     BSF     ADCON0, ADON        ; ADON -> 1 (ADC ACTIVADO)
004E   0008           00134     RETURN
                      00135     
004F                  00136 CONFIG_ADC3:
004F   1683 1303      00137     BANKSEL ADCON1
0051   3000           00138     MOVLW   B'00000000'         ; JUSTIFICADO A LA DERECHA, Vref en VDD y VSS
Message[302]: Register in operand not in bank 0.  Ensure that bank bits are correct.
0052   009F           00139     MOVWF   ADCON1
0053   1283 1303      00140     BANKSEL ADCON0
0055   171F           00141     BSF     ADCON0, ADCS0
0056   139F           00142     BCF     ADCON0, ADCS1       ; ADCS -> Fosc/8
MPASM 5.77                PROYECTO FINAL.ASM   11-26-2020  23:20:34         PAGE  4


LOC  OBJECT CODE     LINE SOURCE TEXT
  VALUE

0057   151F           00143     BSF     ADCON0, CHS0 
0058   119F           00144     BCF     ADCON0, CHS1
0059   121F           00145     BCF     ADCON0, CHS2
005A   129F           00146     BCF     ADCON0, CHS3        ; CHS  -> CHANNEL 1
005B   109F           00147     BCF     ADCON0, GO
005C   141F           00148     BSF     ADCON0, ADON        ; ADON -> 1 (ADC ACTIVADO)
005D   0008           00149     RETURN
                      00150     
                      00151 ;-------------------------------------------------------------------------------
                      00152     
                      00153 ;------------------------------- CONFIGURACIONES -------------------------------
005E                  00154 CONFIG_IO:
                      00155     
005E   1683 1703      00156     BANKSEL ANSEL
Message[302]: Register in operand not in bank 0.  Ensure that bank bits are correct.
0060   0188           00157     CLRF    ANSEL
Message[305]: Using default destination of 1 (file).
Message[302]: Register in operand not in bank 0.  Ensure that bank bits are correct.
0061   0988           00158     COMF    ANSEL               ; ESPECIFICAMOS QUE USAREMOS ANSEL
0062   1683 1303      00159     BANKSEL TRISA
Message[302]: Register in operand not in bank 0.  Ensure that bank bits are correct.
0064   0185           00160     CLRF    TRISA
Message[305]: Using default destination of 1 (file).
Message[302]: Register in operand not in bank 0.  Ensure that bank bits are correct.
0065   0985           00161     COMF    TRISA               ; ACTIVAOS EL PUERTO DE NUESTROS POTENCIOMETROS
Message[302]: Register in operand not in bank 0.  Ensure that bank bits are correct.
0066   0187           00162     CLRF    TRISC               ; PORTC COMO SALIDA DE LOS SERVOS
0067   1283 1303      00163     BANKSEL PORTA
0069   0185           00164     CLRF    PORTA               ; VACIAMOS LOS PUERTOS A USAR
006A   ???? ????      00165     BANKSEL SUMA_1
006C   01??           00166     CLRF    SUMA_1
006D   01??           00167     CLRF    SUMA_2
                      00168     
006E   1683 1303      00169     BANKSEL TRISB
0070   3000           00170     MOVLW   B'00000000'
Message[302]: Register in operand not in bank 0.  Ensure that bank bits are correct.
0071   0086           00171     MOVWF   TRISB
0072   1283 1303      00172     BANKSEL PORTB
0074   0186           00173     CLRF    PORTB
                      00174     
0075   1683 1303      00175     BANKSEL TRISD
0077   3000           00176     MOVLW   B'00000000'
Message[302]: Register in operand not in bank 0.  Ensure that bank bits are correct.
0078   0088           00177     MOVWF   TRISD
0079   1283 1303      00178     BANKSEL PORTD
007B   0188           00179     CLRF    PORTD
007C   0008           00180     RETURN
                      00181     
                      00182     
                      00183 
007D                  00184 CONFIG_RELOJ:
                      00185     ; PROGRAMAMOS EL OSCILADOR
007D   1303           00186     BCF     STATUS, RP1
MPASM 5.77                PROYECTO FINAL.ASM   11-26-2020  23:20:34         PAGE  5


LOC  OBJECT CODE     LINE SOURCE TEXT
  VALUE

007E   1683           00187     BSF     STATUS, RP0         ; Banco 1
Message[302]: Register in operand not in bank 0.  Ensure that bank bits are correct.
007F   120F           00188     BCF     OSCCON, IRCF0
Message[302]: Register in operand not in bank 0.  Ensure that bank bits are correct.
0080   168F           00189     BSF     OSCCON, IRCF1
Message[302]: Register in operand not in bank 0.  Ensure that bank bits are correct.
0081   170F           00190     BSF     OSCCON, IRCF2       ; OSCILACON 4 MHz
Message[302]: Register in operand not in bank 0.  Ensure that bank bits are correct.
0082   118F           00191     BCF     OSCCON, OSTS
Message[302]: Register in operand not in bank 0.  Ensure that bank bits are correct.
0083   110F           00192     BCF     OSCCON, HTS
Message[302]: Register in operand not in bank 0.  Ensure that bank bits are correct.
0084   108F           00193     BCF     OSCCON, LTS
Message[302]: Register in operand not in bank 0.  Ensure that bank bits are correct.
0085   140F           00194     BSF     OSCCON, SCS         ; USAMOS NUESTRO OSCILADOR COMO SISTEMA DE RELOJ
0086   3000           00195     MOVLW   B'00000000'         ; JUSTIFICACION HACIA LA IZQUIERDA
Message[302]: Register in operand not in bank 0.  Ensure that bank bits are correct.
0087   009F           00196     MOVWF   ADCON1
0088   0008           00197     RETURN
                      00198     
0089                  00199 CONFIG_TIMER2:
0089   1303           00200     BCF     STATUS, RP1
008A   1283           00201     BCF     STATUS, RP0         ; BANCO 0
008B   30C1           00202     MOVLW   B'11000001'         ; ADC Frc CLOCK
008C   009F           00203     MOVWF   ADCON0              ; AN0, ON
008D   1512           00204     BSF     T2CON, TMR2ON       ; TIMER2 ON BIT
008E   1412           00205     BSF     T2CON, T2CKPS0
008F   1492           00206     BSF     T2CON, T2CKPS1      ;PRESCALER DE 16 
                      00207     
0090   1703           00208     BSF     STATUS, RP1  
0091   1683           00209     BSF     STATUS, RP0         ; BANCO 1
0092   309B           00210     MOVLW   .155                ; CARGO EL VALOR 155 A PR2
Message[302]: Register in operand not in bank 0.  Ensure that bank bits are correct.
0093   0092           00211     MOVWF   PR2
0094   0008           00212     RETURN
                      00213     
0095                  00214 CONFIG_CCP:
0095   1303           00215     BCF     STATUS, RP1
0096   1283           00216     BCF     STATUS, RP0         ; BANCO 0
                      00217 
                      00218     ; CONFIGURACION DE CCP1
0097   300C           00219     MOVLW   B'00001100'
0098   0097           00220     MOVWF   CCP1CON
                      00221 
                      00222     ; CONFIGURACION DE CCP2
0099   300F           00223     MOVLW   B'00001111'
009A   009D           00224     MOVWF   CCP2CON
                      00225 
                      00226     ; LIMPIO EL PUERTO C
009B   0187           00227     CLRF    PORTC
009C   0008           00228     RETURN
                      00229 ;-------------------------------------------------------------------------------
                      00230     
MPASM 5.77                PROYECTO FINAL.ASM   11-26-2020  23:20:34         PAGE  6


LOC  OBJECT CODE     LINE SOURCE TEXT
  VALUE

20D4 3FFF             00231     END
MPASM 5.77                PROYECTO FINAL.ASM   11-26-2020  23:20:34         PAGE  7


SYMBOL TABLE
  LABEL                             VALUE 

ABDEN                             00000000
ABDOVF                            00000007
ACKDT                             00000005
ACKEN                             00000004
ACKSTAT                           00000006
ADCON0                            0000001F
ADCON1                            0000009F
ADCS0                             00000006
ADCS1                             00000007
ADDEN                             00000003
ADFM                              00000007
ADIE                              00000006
ADIF                              00000006
ADON                              00000000
ADRESH                            0000001E
ADRESL                            0000009E
ANS0                              00000000
ANS1                              00000001
ANS10                             00000002
ANS11                             00000003
ANS12                             00000004
ANS13                             00000005
ANS2                              00000002
ANS3                              00000003
ANS4                              00000004
ANS5                              00000005
ANS6                              00000006
ANS7                              00000007
ANS8                              00000000
ANS9                              00000001
ANSEL                             00000188
ANSELH                            00000189
BAUDCTL                           00000187
BCLIE                             00000003
BCLIF                             00000003
BF                                00000000
BRG0                              00000000
BRG1                              00000001
BRG10                             00000002
BRG11                             00000003
BRG12                             00000004
BRG13                             00000005
BRG14                             00000006
BRG15                             00000007
BRG16                             00000003
BRG2                              00000002
BRG3                              00000003
BRG4                              00000004
BRG5                              00000005
BRG6                              00000006
BRG7                              00000007
BRG8                              00000000
BRG9                              00000001
MPASM 5.77                PROYECTO FINAL.ASM   11-26-2020  23:20:34         PAGE  8


SYMBOL TABLE
  LABEL                             VALUE 

BRGH                              00000002
C                                 00000000
C1CH0                             00000000
C1CH1                             00000001
C1IE                              00000005
C1IF                              00000005
C1OE                              00000005
C1ON                              00000007
C1OUT                             00000006
C1POL                             00000004
C1R                               00000002
C1RSEL                            00000005
C1SEN                             00000005
C2CH0                             00000000
C2CH1                             00000001
C2IE                              00000006
C2IF                              00000006
C2OE                              00000005
C2ON                              00000007
C2OUT                             00000006
C2POL                             00000004
C2R                               00000002
C2REN                             00000004
C2RSEL                            00000004
C2SYNC                            00000000
CCP1CON                           00000017
CCP1IE                            00000002
CCP1IF                            00000002
CCP1M0                            00000000
CCP1M1                            00000001
CCP1M2                            00000002
CCP1M3                            00000003
CCP1X                             00000005
CCP1Y                             00000004
CCP2CON                           0000001D
CCP2IE                            00000000
CCP2IF                            00000000
CCP2M0                            00000000
CCP2M1                            00000001
CCP2M2                            00000002
CCP2M3                            00000003
CCP2X                             00000005
CCP2Y                             00000004
CCPR1                             00000015
CCPR1H                            00000016
CCPR1L                            00000015
CCPR2                             0000001B
CCPR2H                            0000001C
CCPR2L                            0000001B
CHS0                              00000002
CHS1                              00000003
CHS2                              00000004
CHS3                              00000005
MPASM 5.77                PROYECTO FINAL.ASM   11-26-2020  23:20:34         PAGE  9


SYMBOL TABLE
  LABEL                             VALUE 

CKE                               00000006
CKP                               00000004
CM1CON0                           00000107
CM2CON0                           00000108
CM2CON1                           00000109
CONFIG_ADC1                       00000031
CONFIG_ADC2                       00000040
CONFIG_ADC3                       0000004F
CONFIG_ADC_DI                     00000008
CONFIG_CCP                        00000095
CONFIG_IO                         0000005E
CONFIG_RELOJ                      0000007D
CONFIG_TIMER2                     00000089
CREN                              00000004
CSRC                              00000007
D                                 00000005
DATA_ADDRESS                      00000005
DC                                00000001
DC1B0                             00000004
DC1B1                             00000005
DC2B0                             00000004
DC2B1                             00000005
DELAY_10MS                        00000026
D_A                               00000005
D_NOT_A                           00000005
ECCPAS                            0000009C
ECCPAS0                           00000004
ECCPAS1                           00000005
ECCPAS2                           00000006
ECCPASE                           00000007
EEADR                             0000010D
EEADRH                            0000010F
EECON1                            0000018C
EECON2                            0000018D
EEDAT                             0000010C
EEDATA                            0000010C
EEDATH                            0000010E
EEIE                              00000004
EEIF                              00000004
EEPGD                             00000007
F                                 00000001
FERR                              00000002
FSR                               00000004
FVREN                             00000000
GCEN                              00000007
GIE                               00000007
GO                                00000001
GO_DONE                           00000001
GO_NOT_DONE                       00000001
HTS                               00000002
I2C_DATA                          00000005
I2C_READ                          00000002
I2C_START                         00000003
MPASM 5.77                PROYECTO FINAL.ASM   11-26-2020  23:20:34         PAGE 10


SYMBOL TABLE
  LABEL                             VALUE 

I2C_STOP                          00000004
INDF                              00000000
INTCON                            0000000B
INTE                              00000004
INTEDG                            00000006
INTF                              00000001
IOCB                              00000096
IOCB0                             00000000
IOCB1                             00000001
IOCB2                             00000002
IOCB3                             00000003
IOCB4                             00000004
IOCB5                             00000005
IOCB6                             00000006
IOCB7                             00000007
IRCF0                             00000004
IRCF1                             00000005
IRCF2                             00000006
IRP                               00000007
LOOP                              00000005
LTS                               00000001
MC1OUT                            00000007
MC2OUT                            00000006
MOV_SERVOS                        00000020
MSK                               00000093
MSK0                              00000000
MSK1                              00000001
MSK2                              00000002
MSK3                              00000003
MSK4                              00000004
MSK5                              00000005
MSK6                              00000006
MSK7                              00000007
NOT_A                             00000005
NOT_ADDRESS                       00000005
NOT_BO                            00000000
NOT_BOR                           00000000
NOT_DONE                          00000001
NOT_PD                            00000003
NOT_POR                           00000001
NOT_RBPU                          00000007
NOT_RC8                           00000006
NOT_T1SYNC                        00000002
NOT_TO                            00000004
NOT_TX8                           00000006
NOT_W                             00000002
NOT_WRITE                         00000002
OERR                              00000001
OPTION_REG                        00000081
OSCCON                            0000008F
OSCTUNE                           00000090
OSFIE                             00000007
OSFIF                             00000007
MPASM 5.77                PROYECTO FINAL.ASM   11-26-2020  23:20:34         PAGE 11


SYMBOL TABLE
  LABEL                             VALUE 

OSTS                              00000003
P                                 00000004
P1M0                              00000006
P1M1                              00000007
PCL                               00000002
PCLATH                            0000000A
PCON                              0000008E
PDC0                              00000000
PDC1                              00000001
PDC2                              00000002
PDC3                              00000003
PDC4                              00000004
PDC5                              00000005
PDC6                              00000006
PEIE                              00000006
PEN                               00000002
PIE1                              0000008C
PIE2                              0000008D
PIR1                              0000000C
PIR2                              0000000D
PORTA                             00000005
PORTB                             00000006
PORTC                             00000007
PORTD                             00000008
PORTE                             00000009
PR2                               00000092
PRSEN                             00000007
PS0                               00000000
PS1                               00000001
PS2                               00000002
PSA                               00000003
PSSAC0                            00000002
PSSAC1                            00000003
PSSBD0                            00000000
PSSBD1                            00000001
PSTRCON                           0000009D
PULSR                             00000002
PULSS                             00000003
PWM1CON                           0000009B
R                                 00000002
RA0                               00000000
RA1                               00000001
RA2                               00000002
RA3                               00000003
RA4                               00000004
RA5                               00000005
RA6                               00000006
RA7                               00000007
RB0                               00000000
RB1                               00000001
RB2                               00000002
RB3                               00000003
RB4                               00000004
MPASM 5.77                PROYECTO FINAL.ASM   11-26-2020  23:20:34         PAGE 12


SYMBOL TABLE
  LABEL                             VALUE 

RB5                               00000005
RB6                               00000006
RB7                               00000007
RBIE                              00000003
RBIF                              00000000
RC0                               00000000
RC1                               00000001
RC2                               00000002
RC3                               00000003
RC4                               00000004
RC5                               00000005
RC6                               00000006
RC7                               00000007
RC8_9                             00000006
RC9                               00000006
RCD8                              00000000
RCEN                              00000003
RCIDL                             00000006
RCIE                              00000005
RCIF                              00000005
RCREG                             0000001A
RCSTA                             00000018
RD                                00000000
RD0                               00000000
RD1                               00000001
RD2                               00000002
RD3                               00000003
RD4                               00000004
RD5                               00000005
RD6                               00000006
RD7                               00000007
RE0                               00000000
RE1                               00000001
RE2                               00000002
RE3                               00000003
READ_WRITE                        00000002
RP0                               00000005
RP1                               00000006
RSEN                              00000001
RX9                               00000006
RX9D                              00000000
R_NOT_W                           00000002
R_W                               00000002
S                                 00000003
SBOREN                            00000004
SCKP                              00000004
SCS                               00000000
SEN                               00000000
SENDB                             00000003
SMP                               00000007
SPBRG                             00000099
SPBRGH                            0000009A
SPEN                              00000007
MPASM 5.77                PROYECTO FINAL.ASM   11-26-2020  23:20:34         PAGE 13


SYMBOL TABLE
  LABEL                             VALUE 

SR0                               00000006
SR1                               00000007
SRCON                             00000185
SREN                              00000005
SSPADD                            00000093
SSPBUF                            00000013
SSPCON                            00000014
SSPCON2                           00000091
SSPEN                             00000005
SSPIE                             00000003
SSPIF                             00000003
SSPM0                             00000000
SSPM1                             00000001
SSPM2                             00000002
SSPM3                             00000003
SSPMSK                            00000093
SSPOV                             00000006
SSPSTAT                           00000094
START                             00000000
STATUS                            00000003
STRA                              00000000
STRB                              00000001
STRC                              00000002
STRD                              00000003
STRSYNC                           00000004
SUMA_1                            00000000
SUMA_2                            00000001
SUMA_3                            00000002
SWDTEN                            00000000
SYNC                              00000004
T0CS                              00000005
T0IE                              00000005
T0IF                              00000002
T0SE                              00000004
T1CKPS0                           00000004
T1CKPS1                           00000005
T1CON                             00000010
T1GINV                            00000007
T1GIV                             00000007
T1GSS                             00000001
T1INSYNC                          00000002
T1OSCEN                           00000003
T1SYNC                            00000002
T2CKPS0                           00000000
T2CKPS1                           00000001
T2CON                             00000012
TMR0                              00000001
TMR0IE                            00000005
TMR0IF                            00000002
TMR1                              0000000E
TMR1CS                            00000001
TMR1GE                            00000006
TMR1H                             0000000F
MPASM 5.77                PROYECTO FINAL.ASM   11-26-2020  23:20:34         PAGE 14


SYMBOL TABLE
  LABEL                             VALUE 

TMR1IE                            00000000
TMR1IF                            00000000
TMR1L                             0000000E
TMR1ON                            00000000
TMR2                              00000011
TMR2IE                            00000001
TMR2IF                            00000001
TMR2ON                            00000002
TOUTPS0                           00000003
TOUTPS1                           00000004
TOUTPS2                           00000005
TOUTPS3                           00000006
TRISA                             00000085
TRISA0                            00000000
TRISA1                            00000001
TRISA2                            00000002
TRISA3                            00000003
TRISA4                            00000004
TRISA5                            00000005
TRISA6                            00000006
TRISA7                            00000007
TRISB                             00000086
TRISB0                            00000000
TRISB1                            00000001
TRISB2                            00000002
TRISB3                            00000003
TRISB4                            00000004
TRISB5                            00000005
TRISB6                            00000006
TRISB7                            00000007
TRISC                             00000087
TRISC0                            00000000
TRISC1                            00000001
TRISC2                            00000002
TRISC3                            00000003
TRISC4                            00000004
TRISC5                            00000005
TRISC6                            00000006
TRISC7                            00000007
TRISD                             00000088
TRISD0                            00000000
TRISD1                            00000001
TRISD2                            00000002
TRISD3                            00000003
TRISD4                            00000004
TRISD5                            00000005
TRISD6                            00000006
TRISD7                            00000007
TRISE                             00000089
TRISE0                            00000000
TRISE1                            00000001
TRISE2                            00000002
TRISE3                            00000003
MPASM 5.77                PROYECTO FINAL.ASM   11-26-2020  23:20:34         PAGE 15


SYMBOL TABLE
  LABEL                             VALUE 

TRMT                              00000001
TUN0                              00000000
TUN1                              00000001
TUN2                              00000002
TUN3                              00000003
TUN4                              00000004
TX8_9                             00000006
TX9                               00000006
TX9D                              00000000
TXD8                              00000000
TXEN                              00000005
TXIE                              00000004
TXIF                              00000004
TXREG                             00000019
TXSTA                             00000098
UA                                00000001
ULPWUE                            00000005
ULPWUIE                           00000002
ULPWUIF                           00000002
VCFG0                             00000004
VCFG1                             00000005
VR0                               00000000
VR1                               00000001
VR2                               00000002
VR3                               00000003
VRCON                             00000097
VREN                              00000007
VROE                              00000006
VRR                               00000005
VRSS                              00000004
W                                 00000000
WCOL                              00000007
WDTCON                            00000105
WDTPS0                            00000001
WDTPS1                            00000002
WDTPS2                            00000003
WDTPS3                            00000004
WPUB                              00000095
WPUB0                             00000000
WPUB1                             00000001
WPUB2                             00000002
WPUB3                             00000003
WPUB4                             00000004
WPUB5                             00000005
WPUB6                             00000006
WPUB7                             00000007
WR                                00000001
WREN                              00000002
WRERR                             00000003
WUE                               00000001
Z                                 00000002
_BOR21V                           00003EFF
_BOR40V                           00003FFF
MPASM 5.77                PROYECTO FINAL.ASM   11-26-2020  23:20:34         PAGE 16


SYMBOL TABLE
  LABEL                             VALUE 

_BOR4V_BOR21V                     00003EFF
_BOR4V_BOR40V                     00003FFF
_BOREN_NSLEEP                     00003EFF
_BOREN_OFF                        00003CFF
_BOREN_ON                         00003FFF
_BOREN_SBODEN                     00003DFF
_BOR_NSLEEP                       00003EFF
_BOR_OFF                          00003CFF
_BOR_ON                           00003FFF
_BOR_SBODEN                       00003DFF
_CONFIG1                          00002007
_CONFIG2                          00002008
_CPD_OFF                          00003FFF
_CPD_ON                           00003F7F
_CP_OFF                           00003FFF
_CP_ON                            00003FBF
_DEBUG_OFF                        00003FFF
_DEBUG_ON                         00001FFF
_DEVID1                           00002006
_EC_OSC                           00003FFB
_EXTRC                            00003FFF
_EXTRCIO                          00003FFE
_EXTRC_OSC_CLKOUT                 00003FFF
_EXTRC_OSC_NOCLKOUT               00003FFE
_FCMEN_OFF                        000037FF
_FCMEN_ON                         00003FFF
_FOSC_EC                          00003FFB
_FOSC_EXTRC_CLKOUT                00003FFF
_FOSC_EXTRC_NOCLKOUT              00003FFE
_FOSC_HS                          00003FFA
_FOSC_INTRC_CLKOUT                00003FFD
_FOSC_INTRC_NOCLKOUT              00003FFC
_FOSC_LP                          00003FF8
_FOSC_XT                          00003FF9
_HS_OSC                           00003FFA
_IDLOC0                           00002000
_IDLOC1                           00002001
_IDLOC2                           00002002
_IDLOC3                           00002003
_IESO_OFF                         00003BFF
_IESO_ON                          00003FFF
_INTOSC                           00003FFD
_INTOSCIO                         00003FFC
_INTRC_OSC_CLKOUT                 00003FFD
_INTRC_OSC_NOCLKOUT               00003FFC
_LP_OSC                           00003FF8
_LVP_OFF                          00002FFF
_LVP_ON                           00003FFF
_MAIN_PROG_000F                   0000000F
_MAIN_PROG_001B                   0000001B
_MCLRE_OFF                        00003FDF
_MCLRE_ON                         00003FFF
_PWRTE_OFF                        00003FFF
MPASM 5.77                PROYECTO FINAL.ASM   11-26-2020  23:20:34         PAGE 17


SYMBOL TABLE
  LABEL                             VALUE 

_PWRTE_ON                         00003FEF
_WDTE_OFF                         00003FF7
_WDTE_ON                          00003FFF
_WDT_OFF                          00003FF7
_WDT_ON                           00003FFF
_WRT_1FOURTH                      00003BFF
_WRT_256                          00003DFF
_WRT_HALF                         000039FF
_WRT_OFF                          00003FFF
_XT_OSC                           00003FF9
__16F887                          00000001

Errors   :     0
Warnings :     3 reported,     0 suppressed
Messages :    21 reported,     0 suppressed

