Warning[207] D:\UVG\TERCER AÒO\SEGUNDO SEMESTRE\PROGRA DE MICROS\MPLAB\LABS-DE-MICROS\FIN_PROYECTO.X\PROYECTO FINAL.ASM 24 : Found label after column 1. (CONT1)
Warning[207] D:\UVG\TERCER AÒO\SEGUNDO SEMESTRE\PROGRA DE MICROS\MPLAB\LABS-DE-MICROS\FIN_PROYECTO.X\PROYECTO FINAL.ASM 25 : Found label after column 1. (CONTA)
Warning[207] D:\UVG\TERCER AÒO\SEGUNDO SEMESTRE\PROGRA DE MICROS\MPLAB\LABS-DE-MICROS\FIN_PROYECTO.X\PROYECTO FINAL.ASM 26 : Found label after column 1. (CONTB)
Warning[207] D:\UVG\TERCER AÒO\SEGUNDO SEMESTRE\PROGRA DE MICROS\MPLAB\LABS-DE-MICROS\FIN_PROYECTO.X\PROYECTO FINAL.ASM 27 : Found label after column 1. (CONTOR)
Warning[207] D:\UVG\TERCER AÒO\SEGUNDO SEMESTRE\PROGRA DE MICROS\MPLAB\LABS-DE-MICROS\FIN_PROYECTO.X\PROYECTO FINAL.ASM 28 : Found label after column 1. (CONT1S)
Warning[207] D:\UVG\TERCER AÒO\SEGUNDO SEMESTRE\PROGRA DE MICROS\MPLAB\LABS-DE-MICROS\FIN_PROYECTO.X\PROYECTO FINAL.ASM 29 : Found label after column 1. (CONTADOR)
Warning[207] D:\UVG\TERCER AÒO\SEGUNDO SEMESTRE\PROGRA DE MICROS\MPLAB\LABS-DE-MICROS\FIN_PROYECTO.X\PROYECTO FINAL.ASM 31 : Found label after column 1. (V_VOLT)
Warning[207] D:\UVG\TERCER AÒO\SEGUNDO SEMESTRE\PROGRA DE MICROS\MPLAB\LABS-DE-MICROS\FIN_PROYECTO.X\PROYECTO FINAL.ASM 32 : Found label after column 1. (VALOR_ADC)
Warning[207] D:\UVG\TERCER AÒO\SEGUNDO SEMESTRE\PROGRA DE MICROS\MPLAB\LABS-DE-MICROS\FIN_PROYECTO.X\PROYECTO FINAL.ASM 34 : Found label after column 1. (W_TEMP)
Warning[207] D:\UVG\TERCER AÒO\SEGUNDO SEMESTRE\PROGRA DE MICROS\MPLAB\LABS-DE-MICROS\FIN_PROYECTO.X\PROYECTO FINAL.ASM 35 : Found label after column 1. (STATUS_TEMP)
Warning[207] D:\UVG\TERCER AÒO\SEGUNDO SEMESTRE\PROGRA DE MICROS\MPLAB\LABS-DE-MICROS\FIN_PROYECTO.X\PROYECTO FINAL.ASM 36 : Found label after column 1. (TEMP1)
Warning[207] D:\UVG\TERCER AÒO\SEGUNDO SEMESTRE\PROGRA DE MICROS\MPLAB\LABS-DE-MICROS\FIN_PROYECTO.X\PROYECTO FINAL.ASM 37 : Found label after column 1. (TEMP2)
Warning[207] D:\UVG\TERCER AÒO\SEGUNDO SEMESTRE\PROGRA DE MICROS\MPLAB\LABS-DE-MICROS\FIN_PROYECTO.X\PROYECTO FINAL.ASM 41 : Found label after column 1. (RES_VECT)
Message[302] D:\UVG\TERCER AÒO\SEGUNDO SEMESTRE\PROGRA DE MICROS\MPLAB\LABS-DE-MICROS\FIN_PROYECTO.X\PROYECTO FINAL.ASM 157 : Register in operand not in bank 0.  Ensure that bank bits are correct.
Message[302] D:\UVG\TERCER AÒO\SEGUNDO SEMESTRE\PROGRA DE MICROS\MPLAB\LABS-DE-MICROS\FIN_PROYECTO.X\PROYECTO FINAL.ASM 160 : Register in operand not in bank 0.  Ensure that bank bits are correct.
Message[302] D:\UVG\TERCER AÒO\SEGUNDO SEMESTRE\PROGRA DE MICROS\MPLAB\LABS-DE-MICROS\FIN_PROYECTO.X\PROYECTO FINAL.ASM 163 : Register in operand not in bank 0.  Ensure that bank bits are correct.
Message[302] D:\UVG\TERCER AÒO\SEGUNDO SEMESTRE\PROGRA DE MICROS\MPLAB\LABS-DE-MICROS\FIN_PROYECTO.X\PROYECTO FINAL.ASM 172 : Register in operand not in bank 0.  Ensure that bank bits are correct.
Message[302] D:\UVG\TERCER AÒO\SEGUNDO SEMESTRE\PROGRA DE MICROS\MPLAB\LABS-DE-MICROS\FIN_PROYECTO.X\PROYECTO FINAL.ASM 178 : Register in operand not in bank 0.  Ensure that bank bits are correct.
Message[302] D:\UVG\TERCER AÒO\SEGUNDO SEMESTRE\PROGRA DE MICROS\MPLAB\LABS-DE-MICROS\FIN_PROYECTO.X\PROYECTO FINAL.ASM 184 : Register in operand not in bank 0.  Ensure that bank bits are correct.
Message[302] D:\UVG\TERCER AÒO\SEGUNDO SEMESTRE\PROGRA DE MICROS\MPLAB\LABS-DE-MICROS\FIN_PROYECTO.X\PROYECTO FINAL.ASM 192 : Register in operand not in bank 0.  Ensure that bank bits are correct.
Message[302] D:\UVG\TERCER AÒO\SEGUNDO SEMESTRE\PROGRA DE MICROS\MPLAB\LABS-DE-MICROS\FIN_PROYECTO.X\PROYECTO FINAL.ASM 193 : Register in operand not in bank 0.  Ensure that bank bits are correct.
Message[302] D:\UVG\TERCER AÒO\SEGUNDO SEMESTRE\PROGRA DE MICROS\MPLAB\LABS-DE-MICROS\FIN_PROYECTO.X\PROYECTO FINAL.ASM 194 : Register in operand not in bank 0.  Ensure that bank bits are correct.
Message[302] D:\UVG\TERCER AÒO\SEGUNDO SEMESTRE\PROGRA DE MICROS\MPLAB\LABS-DE-MICROS\FIN_PROYECTO.X\PROYECTO FINAL.ASM 195 : Register in operand not in bank 0.  Ensure that bank bits are correct.
Message[302] D:\UVG\TERCER AÒO\SEGUNDO SEMESTRE\PROGRA DE MICROS\MPLAB\LABS-DE-MICROS\FIN_PROYECTO.X\PROYECTO FINAL.ASM 196 : Register in operand not in bank 0.  Ensure that bank bits are correct.
Warning[205] D:\UVG\TERCER AÒO\SEGUNDO SEMESTRE\PROGRA DE MICROS\MPLAB\LABS-DE-MICROS\FIN_PROYECTO.X\PROYECTO FINAL.ASM 223 : Found directive in column 1. (END)
