Warning[207] D:\UVG\TERCER AÒO\SEGUNDO SEMESTRE\PROGRA DE MICROS\MPLAB\LABORATORIO 5.X\LAB 5.ASM 24 : Found label after column 1. (GPR_VAR)
Warning[207] D:\UVG\TERCER AÒO\SEGUNDO SEMESTRE\PROGRA DE MICROS\MPLAB\LABORATORIO 5.X\LAB 5.ASM 25 : Found label after column 1. (CONTF)
Warning[207] D:\UVG\TERCER AÒO\SEGUNDO SEMESTRE\PROGRA DE MICROS\MPLAB\LABORATORIO 5.X\LAB 5.ASM 26 : Found label after column 1. (CONT1)
Warning[207] D:\UVG\TERCER AÒO\SEGUNDO SEMESTRE\PROGRA DE MICROS\MPLAB\LABORATORIO 5.X\LAB 5.ASM 27 : Found label after column 1. (CONT2)
Warning[207] D:\UVG\TERCER AÒO\SEGUNDO SEMESTRE\PROGRA DE MICROS\MPLAB\LABORATORIO 5.X\LAB 5.ASM 28 : Found label after column 1. (CONTADOR1)
Warning[207] D:\UVG\TERCER AÒO\SEGUNDO SEMESTRE\PROGRA DE MICROS\MPLAB\LABORATORIO 5.X\LAB 5.ASM 29 : Found label after column 1. (CONTADOR2)
Warning[207] D:\UVG\TERCER AÒO\SEGUNDO SEMESTRE\PROGRA DE MICROS\MPLAB\LABORATORIO 5.X\LAB 5.ASM 30 : Found label after column 1. (TEMP1)
Warning[207] D:\UVG\TERCER AÒO\SEGUNDO SEMESTRE\PROGRA DE MICROS\MPLAB\LABORATORIO 5.X\LAB 5.ASM 31 : Found label after column 1. (TEMP2)
Warning[207] D:\UVG\TERCER AÒO\SEGUNDO SEMESTRE\PROGRA DE MICROS\MPLAB\LABORATORIO 5.X\LAB 5.ASM 32 : Found label after column 1. (CONTDE_4)
Warning[207] D:\UVG\TERCER AÒO\SEGUNDO SEMESTRE\PROGRA DE MICROS\MPLAB\LABORATORIO 5.X\LAB 5.ASM 38 : Found label after column 1. (W_TEMP)
Warning[207] D:\UVG\TERCER AÒO\SEGUNDO SEMESTRE\PROGRA DE MICROS\MPLAB\LABORATORIO 5.X\LAB 5.ASM 39 : Found label after column 1. (STATUS_TEMP)
Warning[207] D:\UVG\TERCER AÒO\SEGUNDO SEMESTRE\PROGRA DE MICROS\MPLAB\LABORATORIO 5.X\LAB 5.ASM 47 : Found label after column 1. (PUSH)
Warning[207] D:\UVG\TERCER AÒO\SEGUNDO SEMESTRE\PROGRA DE MICROS\MPLAB\LABORATORIO 5.X\LAB 5.ASM 52 : Found label after column 1. (ISR)
Warning[207] D:\UVG\TERCER AÒO\SEGUNDO SEMESTRE\PROGRA DE MICROS\MPLAB\LABORATORIO 5.X\LAB 5.ASM 60 : Found label after column 1. (POP)
Warning[203] D:\UVG\TERCER AÒO\SEGUNDO SEMESTRE\PROGRA DE MICROS\MPLAB\LABORATORIO 5.X\LAB 5.ASM 66 : Found opcode in column 1. (RETFIE)
Message[305] D:\UVG\TERCER AÒO\SEGUNDO SEMESTRE\PROGRA DE MICROS\MPLAB\LABORATORIO 5.X\LAB 5.ASM 83 : Using default destination of 1 (file).
Message[305] D:\UVG\TERCER AÒO\SEGUNDO SEMESTRE\PROGRA DE MICROS\MPLAB\LABORATORIO 5.X\LAB 5.ASM 89 : Using default destination of 1 (file).
Warning[203] D:\UVG\TERCER AÒO\SEGUNDO SEMESTRE\PROGRA DE MICROS\MPLAB\LABORATORIO 5.X\LAB 5.ASM 114 : Found opcode in column 1. (CALL)
Warning[203] D:\UVG\TERCER AÒO\SEGUNDO SEMESTRE\PROGRA DE MICROS\MPLAB\LABORATORIO 5.X\LAB 5.ASM 115 : Found opcode in column 1. (CALL)
Warning[203] D:\UVG\TERCER AÒO\SEGUNDO SEMESTRE\PROGRA DE MICROS\MPLAB\LABORATORIO 5.X\LAB 5.ASM 116 : Found opcode in column 1. (CALL)
Warning[203] D:\UVG\TERCER AÒO\SEGUNDO SEMESTRE\PROGRA DE MICROS\MPLAB\LABORATORIO 5.X\LAB 5.ASM 117 : Found opcode in column 1. (CALL)
Warning[203] D:\UVG\TERCER AÒO\SEGUNDO SEMESTRE\PROGRA DE MICROS\MPLAB\LABORATORIO 5.X\LAB 5.ASM 118 : Found opcode in column 1. (CALL)
Warning[205] D:\UVG\TERCER AÒO\SEGUNDO SEMESTRE\PROGRA DE MICROS\MPLAB\LABORATORIO 5.X\LAB 5.ASM 119 : Found directive in column 1. (BANKSEL)
Warning[203] D:\UVG\TERCER AÒO\SEGUNDO SEMESTRE\PROGRA DE MICROS\MPLAB\LABORATORIO 5.X\LAB 5.ASM 120 : Found opcode in column 1. (CLRF)
Warning[203] D:\UVG\TERCER AÒO\SEGUNDO SEMESTRE\PROGRA DE MICROS\MPLAB\LABORATORIO 5.X\LAB 5.ASM 121 : Found opcode in column 1. (CLRF)
Warning[203] D:\UVG\TERCER AÒO\SEGUNDO SEMESTRE\PROGRA DE MICROS\MPLAB\LABORATORIO 5.X\LAB 5.ASM 122 : Found opcode in column 1. (CLRF)
Warning[203] D:\UVG\TERCER AÒO\SEGUNDO SEMESTRE\PROGRA DE MICROS\MPLAB\LABORATORIO 5.X\LAB 5.ASM 123 : Found opcode in column 1. (CLRF)
Warning[203] D:\UVG\TERCER AÒO\SEGUNDO SEMESTRE\PROGRA DE MICROS\MPLAB\LABORATORIO 5.X\LAB 5.ASM 124 : Found opcode in column 1. (CLRF)
Warning[203] D:\UVG\TERCER AÒO\SEGUNDO SEMESTRE\PROGRA DE MICROS\MPLAB\LABORATORIO 5.X\LAB 5.ASM 125 : Found opcode in column 1. (BCF)
Warning[203] D:\UVG\TERCER AÒO\SEGUNDO SEMESTRE\PROGRA DE MICROS\MPLAB\LABORATORIO 5.X\LAB 5.ASM 126 : Found opcode in column 1. (BCF)
Warning[207] D:\UVG\TERCER AÒO\SEGUNDO SEMESTRE\PROGRA DE MICROS\MPLAB\LABORATORIO 5.X\LAB 5.ASM 131 : Found label after column 1. (LOOP)
Warning[203] D:\UVG\TERCER AÒO\SEGUNDO SEMESTRE\PROGRA DE MICROS\MPLAB\LABORATORIO 5.X\LAB 5.ASM 137 : Found opcode in column 1. (GOTO)
Warning[207] D:\UVG\TERCER AÒO\SEGUNDO SEMESTRE\PROGRA DE MICROS\MPLAB\LABORATORIO 5.X\LAB 5.ASM 141 : Found label after column 1. (PISHLEDS)
Warning[203] D:\UVG\TERCER AÒO\SEGUNDO SEMESTRE\PROGRA DE MICROS\MPLAB\LABORATORIO 5.X\LAB 5.ASM 142 : Found opcode in column 1. (BCF)
Warning[203] D:\UVG\TERCER AÒO\SEGUNDO SEMESTRE\PROGRA DE MICROS\MPLAB\LABORATORIO 5.X\LAB 5.ASM 143 : Found opcode in column 1. (BCF)
Warning[203] D:\UVG\TERCER AÒO\SEGUNDO SEMESTRE\PROGRA DE MICROS\MPLAB\LABORATORIO 5.X\LAB 5.ASM 144 : Found opcode in column 1. (BTFSC)
Warning[203] D:\UVG\TERCER AÒO\SEGUNDO SEMESTRE\PROGRA DE MICROS\MPLAB\LABORATORIO 5.X\LAB 5.ASM 145 : Found opcode in column 1. (GOTO)
Warning[203] D:\UVG\TERCER AÒO\SEGUNDO SEMESTRE\PROGRA DE MICROS\MPLAB\LABORATORIO 5.X\LAB 5.ASM 147 : Found opcode in column 1. (BCF)
Warning[203] D:\UVG\TERCER AÒO\SEGUNDO SEMESTRE\PROGRA DE MICROS\MPLAB\LABORATORIO 5.X\LAB 5.ASM 148 : Found opcode in column 1. (BSF)
Warning[203] D:\UVG\TERCER AÒO\SEGUNDO SEMESTRE\PROGRA DE MICROS\MPLAB\LABORATORIO 5.X\LAB 5.ASM 149 : Found opcode in column 1. (GOTO)
Warning[203] D:\UVG\TERCER AÒO\SEGUNDO SEMESTRE\PROGRA DE MICROS\MPLAB\LABORATORIO 5.X\LAB 5.ASM 151 : Found opcode in column 1. (BSF)
Warning[203] D:\UVG\TERCER AÒO\SEGUNDO SEMESTRE\PROGRA DE MICROS\MPLAB\LABORATORIO 5.X\LAB 5.ASM 152 : Found opcode in column 1. (BCF)
Warning[203] D:\UVG\TERCER AÒO\SEGUNDO SEMESTRE\PROGRA DE MICROS\MPLAB\LABORATORIO 5.X\LAB 5.ASM 153 : Found opcode in column 1. (GOTO)
Warning[207] D:\UVG\TERCER AÒO\SEGUNDO SEMESTRE\PROGRA DE MICROS\MPLAB\LABORATORIO 5.X\LAB 5.ASM 154 : Found label after column 1. (TOGGLE2)
Warning[203] D:\UVG\TERCER AÒO\SEGUNDO SEMESTRE\PROGRA DE MICROS\MPLAB\LABORATORIO 5.X\LAB 5.ASM 162 : Found opcode in column 1. (RETURN)
Warning[203] D:\UVG\TERCER AÒO\SEGUNDO SEMESTRE\PROGRA DE MICROS\MPLAB\LABORATORIO 5.X\LAB 5.ASM 167 : Found opcode in column 1. (MOVF)
Warning[203] D:\UVG\TERCER AÒO\SEGUNDO SEMESTRE\PROGRA DE MICROS\MPLAB\LABORATORIO 5.X\LAB 5.ASM 168 : Found opcode in column 1. (SUBLW)
Warning[203] D:\UVG\TERCER AÒO\SEGUNDO SEMESTRE\PROGRA DE MICROS\MPLAB\LABORATORIO 5.X\LAB 5.ASM 169 : Found opcode in column 1. (BTFSC)
Warning[203] D:\UVG\TERCER AÒO\SEGUNDO SEMESTRE\PROGRA DE MICROS\MPLAB\LABORATORIO 5.X\LAB 5.ASM 170 : Found opcode in column 1. (GOTO)
Warning[203] D:\UVG\TERCER AÒO\SEGUNDO SEMESTRE\PROGRA DE MICROS\MPLAB\LABORATORIO 5.X\LAB 5.ASM 171 : Found opcode in column 1. (RETURN)
Warning[207] D:\UVG\TERCER AÒO\SEGUNDO SEMESTRE\PROGRA DE MICROS\MPLAB\LABORATORIO 5.X\LAB 5.ASM 172 : Found label after column 1. (VAP2)
Warning[203] D:\UVG\TERCER AÒO\SEGUNDO SEMESTRE\PROGRA DE MICROS\MPLAB\LABORATORIO 5.X\LAB 5.ASM 173 : Found opcode in column 1. (INCF)
Message[305] D:\UVG\TERCER AÒO\SEGUNDO SEMESTRE\PROGRA DE MICROS\MPLAB\LABORATORIO 5.X\LAB 5.ASM 173 : Using default destination of 1 (file).
Warning[203] D:\UVG\TERCER AÒO\SEGUNDO SEMESTRE\PROGRA DE MICROS\MPLAB\LABORATORIO 5.X\LAB 5.ASM 174 : Found opcode in column 1. (CLRF)
Warning[203] D:\UVG\TERCER AÒO\SEGUNDO SEMESTRE\PROGRA DE MICROS\MPLAB\LABORATORIO 5.X\LAB 5.ASM 175 : Found opcode in column 1. (RETURN)
Warning[203] D:\UVG\TERCER AÒO\SEGUNDO SEMESTRE\PROGRA DE MICROS\MPLAB\LABORATORIO 5.X\LAB 5.ASM 180 : Found opcode in column 1. (MOVF)
Warning[203] D:\UVG\TERCER AÒO\SEGUNDO SEMESTRE\PROGRA DE MICROS\MPLAB\LABORATORIO 5.X\LAB 5.ASM 181 : Found opcode in column 1. (SUBLW)
Warning[203] D:\UVG\TERCER AÒO\SEGUNDO SEMESTRE\PROGRA DE MICROS\MPLAB\LABORATORIO 5.X\LAB 5.ASM 182 : Found opcode in column 1. (BTFSC)
Warning[203] D:\UVG\TERCER AÒO\SEGUNDO SEMESTRE\PROGRA DE MICROS\MPLAB\LABORATORIO 5.X\LAB 5.ASM 183 : Found opcode in column 1. (CALL)
Warning[203] D:\UVG\TERCER AÒO\SEGUNDO SEMESTRE\PROGRA DE MICROS\MPLAB\LABORATORIO 5.X\LAB 5.ASM 184 : Found opcode in column 1. (RETURN)
Warning[207] D:\UVG\TERCER AÒO\SEGUNDO SEMESTRE\PROGRA DE MICROS\MPLAB\LABORATORIO 5.X\LAB 5.ASM 185 : Found label after column 1. (INCREMENT10S)
Message[305] D:\UVG\TERCER AÒO\SEGUNDO SEMESTRE\PROGRA DE MICROS\MPLAB\LABORATORIO 5.X\LAB 5.ASM 186 : Using default destination of 1 (file).
Warning[207] D:\UVG\TERCER AÒO\SEGUNDO SEMESTRE\PROGRA DE MICROS\MPLAB\LABORATORIO 5.X\LAB 5.ASM 193 : Found label after column 1. (CEROS)
Warning[203] D:\UVG\TERCER AÒO\SEGUNDO SEMESTRE\PROGRA DE MICROS\MPLAB\LABORATORIO 5.X\LAB 5.ASM 199 : Found opcode in column 1. (MOVF)
Warning[203] D:\UVG\TERCER AÒO\SEGUNDO SEMESTRE\PROGRA DE MICROS\MPLAB\LABORATORIO 5.X\LAB 5.ASM 200 : Found opcode in column 1. (SUBLW)
Warning[203] D:\UVG\TERCER AÒO\SEGUNDO SEMESTRE\PROGRA DE MICROS\MPLAB\LABORATORIO 5.X\LAB 5.ASM 201 : Found opcode in column 1. (BTFSC)
Warning[203] D:\UVG\TERCER AÒO\SEGUNDO SEMESTRE\PROGRA DE MICROS\MPLAB\LABORATORIO 5.X\LAB 5.ASM 202 : Found opcode in column 1. (GOTO)
Warning[203] D:\UVG\TERCER AÒO\SEGUNDO SEMESTRE\PROGRA DE MICROS\MPLAB\LABORATORIO 5.X\LAB 5.ASM 203 : Found opcode in column 1. (RETURN)
Warning[207] D:\UVG\TERCER AÒO\SEGUNDO SEMESTRE\PROGRA DE MICROS\MPLAB\LABORATORIO 5.X\LAB 5.ASM 204 : Found label after column 1. (VAP1)
Warning[203] D:\UVG\TERCER AÒO\SEGUNDO SEMESTRE\PROGRA DE MICROS\MPLAB\LABORATORIO 5.X\LAB 5.ASM 205 : Found opcode in column 1. (INCF)
Message[305] D:\UVG\TERCER AÒO\SEGUNDO SEMESTRE\PROGRA DE MICROS\MPLAB\LABORATORIO 5.X\LAB 5.ASM 205 : Using default destination of 1 (file).
Warning[203] D:\UVG\TERCER AÒO\SEGUNDO SEMESTRE\PROGRA DE MICROS\MPLAB\LABORATORIO 5.X\LAB 5.ASM 206 : Found opcode in column 1. (CLRF)
Warning[203] D:\UVG\TERCER AÒO\SEGUNDO SEMESTRE\PROGRA DE MICROS\MPLAB\LABORATORIO 5.X\LAB 5.ASM 207 : Found opcode in column 1. (RETURN)
Message[302] D:\UVG\TERCER AÒO\SEGUNDO SEMESTRE\PROGRA DE MICROS\MPLAB\LABORATORIO 5.X\LAB 5.ASM 216 : Register in operand not in bank 0.  Ensure that bank bits are correct.
Message[302] D:\UVG\TERCER AÒO\SEGUNDO SEMESTRE\PROGRA DE MICROS\MPLAB\LABORATORIO 5.X\LAB 5.ASM 217 : Register in operand not in bank 0.  Ensure that bank bits are correct.
Warning[207] D:\UVG\TERCER AÒO\SEGUNDO SEMESTRE\PROGRA DE MICROS\MPLAB\LABORATORIO 5.X\LAB 5.ASM 225 : Found label after column 1. (CONFIG_TIMER0)
Message[302] D:\UVG\TERCER AÒO\SEGUNDO SEMESTRE\PROGRA DE MICROS\MPLAB\LABORATORIO 5.X\LAB 5.ASM 227 : Register in operand not in bank 0.  Ensure that bank bits are correct.
Message[302] D:\UVG\TERCER AÒO\SEGUNDO SEMESTRE\PROGRA DE MICROS\MPLAB\LABORATORIO 5.X\LAB 5.ASM 228 : Register in operand not in bank 0.  Ensure that bank bits are correct.
Message[302] D:\UVG\TERCER AÒO\SEGUNDO SEMESTRE\PROGRA DE MICROS\MPLAB\LABORATORIO 5.X\LAB 5.ASM 229 : Register in operand not in bank 0.  Ensure that bank bits are correct.
Message[302] D:\UVG\TERCER AÒO\SEGUNDO SEMESTRE\PROGRA DE MICROS\MPLAB\LABORATORIO 5.X\LAB 5.ASM 230 : Register in operand not in bank 0.  Ensure that bank bits are correct.
Message[302] D:\UVG\TERCER AÒO\SEGUNDO SEMESTRE\PROGRA DE MICROS\MPLAB\LABORATORIO 5.X\LAB 5.ASM 231 : Register in operand not in bank 0.  Ensure that bank bits are correct.
Warning[203] D:\UVG\TERCER AÒO\SEGUNDO SEMESTRE\PROGRA DE MICROS\MPLAB\LABORATORIO 5.X\LAB 5.ASM 251 : Found opcode in column 1. (RETURN)
Message[302] D:\UVG\TERCER AÒO\SEGUNDO SEMESTRE\PROGRA DE MICROS\MPLAB\LABORATORIO 5.X\LAB 5.ASM 259 : Register in operand not in bank 0.  Ensure that bank bits are correct.
Warning[203] D:\UVG\TERCER AÒO\SEGUNDO SEMESTRE\PROGRA DE MICROS\MPLAB\LABORATORIO 5.X\LAB 5.ASM 263 : Found opcode in column 1. (RETURN)
Warning[207] D:\UVG\TERCER AÒO\SEGUNDO SEMESTRE\PROGRA DE MICROS\MPLAB\LABORATORIO 5.X\LAB 5.ASM 268 : Found label after column 1. (DISPLAY_GE)
Warning[207] D:\UVG\TERCER AÒO\SEGUNDO SEMESTRE\PROGRA DE MICROS\MPLAB\LABORATORIO 5.X\LAB 5.ASM 273 : Found label after column 1. (DISPLAY_D1)
Warning[207] D:\UVG\TERCER AÒO\SEGUNDO SEMESTRE\PROGRA DE MICROS\MPLAB\LABORATORIO 5.X\LAB 5.ASM 280 : Found label after column 1. (DISPLAY_D2)
Message[302] D:\UVG\TERCER AÒO\SEGUNDO SEMESTRE\PROGRA DE MICROS\MPLAB\LABORATORIO 5.X\LAB 5.ASM 306 : Register in operand not in bank 0.  Ensure that bank bits are correct.
Message[302] D:\UVG\TERCER AÒO\SEGUNDO SEMESTRE\PROGRA DE MICROS\MPLAB\LABORATORIO 5.X\LAB 5.ASM 310 : Register in operand not in bank 0.  Ensure that bank bits are correct.
Message[302] D:\UVG\TERCER AÒO\SEGUNDO SEMESTRE\PROGRA DE MICROS\MPLAB\LABORATORIO 5.X\LAB 5.ASM 311 : Register in operand not in bank 0.  Ensure that bank bits are correct.
Message[302] D:\UVG\TERCER AÒO\SEGUNDO SEMESTRE\PROGRA DE MICROS\MPLAB\LABORATORIO 5.X\LAB 5.ASM 315 : Register in operand not in bank 0.  Ensure that bank bits are correct.
Message[302] D:\UVG\TERCER AÒO\SEGUNDO SEMESTRE\PROGRA DE MICROS\MPLAB\LABORATORIO 5.X\LAB 5.ASM 321 : Register in operand not in bank 0.  Ensure that bank bits are correct.
Message[302] D:\UVG\TERCER AÒO\SEGUNDO SEMESTRE\PROGRA DE MICROS\MPLAB\LABORATORIO 5.X\LAB 5.ASM 327 : Register in operand not in bank 0.  Ensure that bank bits are correct.
Warning[207] D:\UVG\TERCER AÒO\SEGUNDO SEMESTRE\PROGRA DE MICROS\MPLAB\LABORATORIO 5.X\LAB 5.ASM 331 : Found label after column 1. (DELAY)
Warning[205] D:\UVG\TERCER AÒO\SEGUNDO SEMESTRE\PROGRA DE MICROS\MPLAB\LABORATORIO 5.X\LAB 5.ASM 349 : Found directive in column 1. (END)
