MPASM 5.77                    PROYECTO 1.ASM   9-17-2020  18:18:23         PAGE  1


LOC  OBJECT CODE     LINE SOURCE TEXT
  VALUE

                      00001 ;******************************************************************************
                      00002 ;                                                                             *
                      00003 ;     Filaname:     proyecto 1 -> Proyecto 1.asm                                  *
                      00004 ;     Date         25 /08/2020                                                *
                      00005 ;     File version: v.2                                                       *
                      00006 ;     author :       Yefry Sajquiy - 18748                                    *
                      00007 ;     ompany;        UVG                                                      *
                      00008 ;     Description:   proyecto 1. Reloj                                        *
                      00009 ;                                                                             
                      00010 ;******************************************************************************
                      00011 
                      00012     
                      00013 ; CONFIGURACION DEL PIC 16F887
                      00014     
                      00015 #INCLUDE "p16f887.inc"
                      00001         LIST
                      00002 
                      00003 ;==========================================================================
                      00004 ; Build date : Nov 22 2017
                      00005 ;  MPASM PIC16F887 processor include
                      00006 ; 
                      00007 ;  (c) Copyright 1999-2017 Microchip Technology, All rights reserved
                      00008 ;==========================================================================
                      00009 
                      00810         LIST
                      00016 ; CONFIG1
                      00017 ; __config 0xF0F1
2007   20D4           00018  __CONFIG _CONFIG1, _FOSC_INTRC_NOCLKOUT & _WDTE_OFF & _PWRTE_OFF & _MCLRE_OFF & _CP_OFF & _CPD_OFF & _B
                            OREN_OFF & _IESO_OFF & _FCMEN_OFF & _LVP_OFF
                      00019 ; CONFIG2
                      00020 ; __config 0xFFFF
2008   3FFF           00021  __CONFIG _CONFIG2, _BOR4V_BOR40V & _WRT_OFF
                      00022  
                      00023 ;--------------------- DECLARACION DE VARIABLES--------------------------------
                      00024  
                      00025 GPR_VAR  UDATA 
                      00026   
Warning[207]: Found label after column 1. (W_TEMP)
0000                  00027     W_TEMP       RES 1
Warning[207]: Found label after column 1. (STATUS_TEMP)
0001                  00028     STATUS_TEMP  RES 1
                      00029   
Warning[207]: Found label after column 1. (CONTA)
0002                  00030     CONTA        RES 1
Warning[207]: Found label after column 1. (CONTB)
0003                  00031     CONTB        RES 1
Warning[207]: Found label after column 1. (CONT1)
0004                  00032     CONT1        RES 1
Warning[207]: Found label after column 1. (CONT2)
0005                  00033     CONT2        RES 1
Warning[207]: Found label after column 1. (CONT3)
0006                  00034     CONT3       RES 1
Warning[207]: Found label after column 1. (CONT4)
MPASM 5.77                    PROYECTO 1.ASM   9-17-2020  18:18:23         PAGE  2


LOC  OBJECT CODE     LINE SOURCE TEXT
  VALUE

0007                  00035     CONT4       RES 1
                      00036         
Warning[207]: Found label after column 1. (CONTADOR_1)
0008                  00037     CONTADOR_1   RES 1
Warning[207]: Found label after column 1. (CONTADOR_2)
0009                  00038     CONTADOR_2   RES 1
Warning[207]: Found label after column 1. (CONTADOR_3)
000A                  00039     CONTADOR_3   RES 1
Warning[207]: Found label after column 1. (CONTADOR_4)
000B                  00040     CONTADOR_4   RES 1 
Warning[207]: Found label after column 1. (TEMP1)
000C                  00041     TEMP1        RES 1 
Warning[207]: Found label after column 1. (TEMP2)
000D                  00042     TEMP2        RES 1
Warning[207]: Found label after column 1. (CONT_B)
000E                  00043     CONT_B       RES 1
                      00044      
Warning[207]: Found label after column 1. (NIBBLEH)
000F                  00045     NIBBLEH     RES 1
Warning[207]: Found label after column 1. (NIBBLEL)
0010                  00046     NIBBLEL     RES 1
Warning[207]: Found label after column 1. (NIBBLEH2)
0011                  00047     NIBBLEH2    RES 1
Warning[207]: Found label after column 1. (NIBBLEL2)
0012                  00048     NIBBLEL2    RES 1
                      00049 
                      00050 RES_VECT  CODE    0x0000            
0000   2???           00051     GOTO    START                   
                      00052 
                      00053 ;----------------- CONFIRACION DE LAS INTERRUPCIONES  --------------------------
                      00054  
                      00055 ISR_VEC CODE 0X004
                      00056  
0004                  00057 PUSH:
0004   138B           00058     BCF   INTCON, GIE
0005   00??           00059     MOVWF W_TEMP
0006   0E03           00060     SWAPF STATUS, W
0007   00??           00061     MOVWF STATUS_TEMP
0008                  00062 ISR:
0008   188C           00063     BTFSC   PIR1, TMR2IF
0009   2???           00064     CALL    FUE_TIMR2
000A   180C           00065     BTFSC   PIR1, TMR1IF
000B   2???           00066     CALL    FUE_TIMR1  
000C   1D0B           00067     BTFSS   INTCON, T0IF 
000D   2???           00068     GOTO POP    
000E   2???           00069     CALL    FUE_TIMR0
000F                  00070 POP:
000F   0E??           00071     SWAPF STATUS_TEMP, W
0010   0083           00072     MOVWF STATUS 
0011   0E??           00073     SWAPF W_TEMP, F
0012   0E??           00074     SWAPF W_TEMP, W
0013   178B           00075     BSF   INTCON, GIE 
Warning[203]: Found opcode in column 1. (RETFIE)
MPASM 5.77                    PROYECTO 1.ASM   9-17-2020  18:18:23         PAGE  3


LOC  OBJECT CODE     LINE SOURCE TEXT
  VALUE

0014   0009           00076 RETFIE
                      00077     
                      00078 ;----------------- SUBRUTINAS DE TIMERS --------------------------------------
0015                  00079 FUE_TIMR0:
0015   1D0B           00080     BTFSS   INTCON, T0IF 
0016   2???           00081     GOTO POP
0017   3006           00082     MOVLW   .6
0018   0081           00083     MOVWF   TMR0
0019   110B           00084     BCF     INTCON, T0IF
001A   2???           00085     CALL    DISPLAY_INICIO
                      00086     
001B   0008           00087     RETURN 
                      00088     
001C                  00089 FUE_TIMR1:
001C   30CF           00090     MOVLW   .207 
001D   008F           00091     MOVWF   TMR1H
001E   3026           00092     MOVLW   .38  
001F   008E           00093     MOVWF   TMR1L
0020   100C           00094     BCF     PIR1, TMR1IF
Message[305]: Using default destination of 1 (file).
0021   0A??           00095     INCF    CONTADOR_1
Message[305]: Using default destination of 1 (file).
0022   0A??           00096     INCF    CONTADOR_2
0023   0008           00097     RETURN 
                      00098     
0024                  00099 FUE_TIMR2:
0024   0191           00100     CLRF  TMR2
0025   108C           00101     BCF   PIR1, TMR2IF
Message[305]: Using default destination of 1 (file).
0026   0A??           00102     INCF  CONTADOR_4
0027   0008           00103     RETURN 
                      00104     
                      00105 
                      00106 ;------------------------------------------------------------------------------
0028                  00107 TABLA_7S:
0028   390F           00108     ANDLW   B'00001111';1
0029   0782           00109     ADDWF   PCL, F
002A   343F           00110     RETLW   B'00111111';0
002B   3406           00111     RETLW   B'00000110';1
002C   345B           00112     RETLW   B'01011011';2
002D   344F           00113     RETLW   B'01001111';3
002E   3466           00114     RETLW   B'01100110';4
002F   346D           00115     RETLW   B'01101101';5
0030   347D           00116     RETLW   B'01111101';6
0031   3407           00117     RETLW   B'00000111';7
0032   347F           00118     RETLW   B'01111111';8
0033   346F           00119     RETLW   B'01101111';9
                      00120 
                      00121 ;------------------------- MAIN PROGRAM ---------------------------------------
                      00122 MAIN_PROG CODE       0X100   
                      00123 
0100                  00124 START
0100   2???           00125     CALL    CONFIG_IO
MPASM 5.77                    PROYECTO 1.ASM   9-17-2020  18:18:23         PAGE  4


LOC  OBJECT CODE     LINE SOURCE TEXT
  VALUE

0101   2???           00126     CALL    CONFIG_TIMER0
0102   2???           00127     CALL    CONFIG_TIMER1
0103   2???           00128     CALL    CONFIG_TIMER2
0104   2???           00129     CALL    CONFIG_FLAG
0105   1283 1303      00130     BANKSEL PORTA 
0107   01??           00131     CLRF    CONTADOR_1
0108   01??           00132     CLRF    CONTADOR_2
0109   01??           00133     CLRF    CONTADOR_3
010A   01??           00134     CLRF    CONTADOR_4
010B   01??           00135     CLRF    CONT1
010C   01??           00136     CLRF    NIBBLEL
010D   01??           00137     CLRF    NIBBLEH
010E   01??           00138     CLRF    NIBBLEL2
010F   01??           00139     CLRF    NIBBLEH2
                      00140     
                      00141 ;-------------------- LOOP -----------------------------------------------------
0110                  00142 LOOP   
0110   2???           00143     CALL TIM_US
0111   2???           00144     CALL TIM_DS
0112   2???           00145     CALL INCREMENTO_1
                      00146     
0113   2???           00147     CALL TIM_2US
0114   2???           00148     CALL TIM_2DS
0115   2???           00149     CALL INCREMENTO_2
                      00150     
0116   2???           00151     CALL LEDS_INTER
                      00152     
0117   2???           00153     GOTO LOOP                        
                      00154 
                      00155 ;--------------- CONFIGURACION DE LOS CONTADORES------------------------------
                      00156 
0118                  00157 TIM_US  ; CONTADOR DE UNIDAD
0118   08??           00158     MOVF CONTADOR_1,0
0119   3C0A           00159     SUBLW .10
011A   1903           00160     BTFSC STATUS,Z
011B   2???           00161     GOTO VARIABLE1
Warning[203]: Found opcode in column 1. (RETURN)
011C   0008           00162 RETURN 
                      00163     
011D                  00164 VARIABLE1:
Message[305]: Using default destination of 1 (file).
011D   0A??           00165     INCF NIBBLEL
011E   01??           00166     CLRF CONTADOR_1
Warning[203]: Found opcode in column 1. (RETURN)
011F   0008           00167 RETURN
                      00168     
0120                  00169 TIM_DS  ; CONTADOR DE DECENAS
0120   08??           00170     MOVF CONTADOR_2,0
0121   3C0A           00171     SUBLW .10
0122   1903           00172     BTFSC STATUS,Z
0123   2???           00173     GOTO VARIABLE2
Warning[203]: Found opcode in column 1. (RETURN)
0124   0008           00174 RETURN 
MPASM 5.77                    PROYECTO 1.ASM   9-17-2020  18:18:23         PAGE  5


LOC  OBJECT CODE     LINE SOURCE TEXT
  VALUE

                      00175 
0125                  00176 VARIABLE2:
Message[305]: Using default destination of 1 (file).
0125   0A??           00177     INCF CONT2
0126   01??           00178     CLRF CONTADOR_2
Warning[203]: Found opcode in column 1. (RETURN)
0127   0008           00179 RETURN 
                      00180  
0128                  00181 INCREMENTO_1:
0128   08??           00182     MOVF NIBBLEL,W
0129   3C0A           00183     SUBLW .10
012A   1903           00184     BTFSC STATUS,Z
012B   2???           00185     CALL  INCREMENTOS_D10S
Warning[203]: Found opcode in column 1. (RETURN)
012C   0008           00186 RETURN 
                      00187     
012D                  00188 INCREMENTOS_D10S:
Message[305]: Using default destination of 1 (file).
012D   0A??           00189     INCF NIBBLEH
012E   01??           00190     CLRF NIBBLEL
012F   08??           00191     MOVF NIBBLEH,W
0130   3C06           00192     SUBLW .6
0131   1903           00193     BTFSC STATUS,Z
0132   2???           00194     CALL CEROS
Warning[203]: Found opcode in column 1. (RETURN)
0133   0008           00195 RETURN 
                      00196 
                      00197 
0134                  00198 CEROS:
0134   01??           00199     CLRF NIBBLEL
0135   01??           00200     CLRF NIBBLEH
Warning[203]: Found opcode in column 1. (RETURN)
0136   0008           00201 RETURN 
                      00202 
                      00203 ;------------------------------------------------------------------------------
                      00204   
0137                  00205 TIM_2US ; CONTADOR DE UNIDAD
0137   08??           00206     MOVF CONTADOR_3,0
0138   3C0A           00207     SUBLW .10
0139   1903           00208     BTFSC STATUS,Z
013A   2???           00209     GOTO VARIABLE3
Warning[203]: Found opcode in column 1. (RETURN)
013B   0008           00210 RETURN 
                      00211     
013C                  00212 VARIABLE3:
Message[305]: Using default destination of 1 (file).
013C   0A??           00213     INCF NIBBLEL2
013D   01??           00214     CLRF CONTADOR_3
Warning[203]: Found opcode in column 1. (RETURN)
013E   0008           00215 RETURN
                      00216     
013F                  00217 TIM_2DS ; CONTADOR DE DECENAS
013F   08??           00218     MOVF CONTADOR_4,0
MPASM 5.77                    PROYECTO 1.ASM   9-17-2020  18:18:23         PAGE  6


LOC  OBJECT CODE     LINE SOURCE TEXT
  VALUE

0140   3C0A           00219     SUBLW .10
0141   1903           00220     BTFSC STATUS,Z
0142   2???           00221     GOTO VARIABLE4
Warning[203]: Found opcode in column 1. (RETURN)
0143   0008           00222 RETURN 
                      00223 
0144                  00224 VARIABLE4:
Message[305]: Using default destination of 1 (file).
0144   0A??           00225     INCF CONT3
0145   01??           00226     CLRF CONTADOR_4
Warning[203]: Found opcode in column 1. (RETURN)
0146   0008           00227 RETURN 
                      00228  
0147                  00229 INCREMENTO_2:
0147   08??           00230     MOVF NIBBLEL2,W
0148   3C0A           00231     SUBLW .10
0149   1903           00232     BTFSC STATUS,Z
014A   2???           00233     CALL  INCREMENTOS_2
Warning[203]: Found opcode in column 1. (RETURN)
014B   0008           00234 RETURN 
                      00235     
014C                  00236 INCREMENTOS_2:
Message[305]: Using default destination of 1 (file).
014C   0A??           00237     INCF NIBBLEH2
014D   01??           00238     CLRF NIBBLEL2
014E   08??           00239     MOVF NIBBLEH2,W
014F   3C06           00240     SUBLW .6
0150   1903           00241     BTFSC STATUS,Z
0151   2???           00242     CALL CEROS2
Warning[203]: Found opcode in column 1. (RETURN)
0152   0008           00243 RETURN 
                      00244 
                      00245 
0153                  00246 CEROS2:
0153   01??           00247     CLRF NIBBLEL2
0154   01??           00248     CLRF NIBBLEH2
Warning[203]: Found opcode in column 1. (RETURN)
0155   0008           00249 RETURN 
                      00250 
                      00251 ;------------------- CONFIGURACION DE LED INTERMITENTES ------------------------
                      00252  
0156                  00253 LEDS_INTER:
0156   1006           00254     BCF    PORTB, RB0
0157   1800           00255     BTFSC  CONT2,0
0158   2???           00256     GOTO   LEDON
0159                  00257 LEDOFF:
0159   1006           00258     BCF   PORTB, RB0
015A   2???           00259     GOTO  TOGGLE
015B                  00260 LEDON:  
015B   1406           00261     BSF   PORTB, RD0
015C   2???           00262     GOTO  TOGGLE
                      00263 
                      00264 ;-------------- TOGGLE 1 ---------------------------------------------------------
MPASM 5.77                    PROYECTO 1.ASM   9-17-2020  18:18:23         PAGE  7


LOC  OBJECT CODE     LINE SOURCE TEXT
  VALUE

015D                  00265 TOGGLE:
015D   1C00           00266     BTFSS  CONT2, 0
015E   2???           00267     GOTO    TOG_0
015F                  00268 TOG_1:
015F   1400           00269     BSF     CONT2, 0
0160   0008           00270     RETURN
0161                  00271 TOG_0:
0161   1000           00272     BCF     CONT2, 0
Warning[203]: Found opcode in column 1. (RETURN)
0162   0008           00273 RETURN
                      00274  
                      00275 ;------------------------------------------------------------------------------
                      00276        
0163                  00277 CONFIG_FLAG
0163   178B           00278     BSF  INTCON, GIE
0164   168B           00279     BSF  INTCON, T0IE
0165   110B           00280     BCF  INTCON, T0IF 
0166   1683 1303      00281     BANKSEL TRISA 
Message[302]: Register in operand not in bank 0.  Ensure that bank bits are correct.
0168   140C           00282     BSF     PIE1, TMR1IE
Message[302]: Register in operand not in bank 0.  Ensure that bank bits are correct.
0169   148C           00283     BSF     PIE1, TMR2IE 
016A   1283 1303      00284     BANKSEL PORTA
016C   178B           00285     BSF     INTCON, GIE
016D   170B           00286     BSF     INTCON, PEIE
016E   100C           00287     BCF     PIR1, TMR1IF
016F   108C           00288     BCF     PIR1, TMR2IF 
Warning[203]: Found opcode in column 1. (RETURN)
0170   0008           00289 RETURN 
                      00290  
                      00291 ;------------------- CONFIGURACION DE LOS TIMERS ------------------------------
0171                  00292 CONFIG_TIMER0
0171   1683 1303      00293     BANKSEL TRISA
Message[302]: Register in operand not in bank 0.  Ensure that bank bits are correct.
0173   1281           00294     BCF OPTION_REG , T0CS
Message[302]: Register in operand not in bank 0.  Ensure that bank bits are correct.
0174   1181           00295     BCF OPTION_REG , PSA
Message[302]: Register in operand not in bank 0.  Ensure that bank bits are correct.
0175   1101           00296     BCF OPTION_REG , PS2
Message[302]: Register in operand not in bank 0.  Ensure that bank bits are correct.
0176   1481           00297     BSF OPTION_REG , PS1
Message[302]: Register in operand not in bank 0.  Ensure that bank bits are correct.
0177   1001           00298     BCF OPTION_REG , PS0
0178   1283 1303      00299     BANKSEL PORTA
017A   3006           00300     MOVLW   .6
017B   0081           00301     MOVWF   TMR0
017C   110B           00302     BCF INTCON, T0IF
Warning[203]: Found opcode in column 1. (RETURN)
017D   0008           00303 RETURN
                      00304  
017E                  00305 CONFIG_TIMER1
017E   1283 1303      00306     BANKSEL   PORTA
0180   1310           00307     BCF T1CON, TMR1GE
MPASM 5.77                    PROYECTO 1.ASM   9-17-2020  18:18:23         PAGE  8


LOC  OBJECT CODE     LINE SOURCE TEXT
  VALUE

0181   1690           00308     BSF T1CON, T1CKPS1 
0182   1610           00309     BSF T1CON, T1CKPS0 
0183   1190           00310     BCF T1CON, T1OSCEN 
0184   1090           00311     BCF T1CON, TMR1CS 
0185   1410           00312     BSF T1CON, TMR1ON 
0186   30CF           00313     MOVLW .207  ;
0187   008F           00314     MOVWF TMR1H
0188   3026           00315     MOVLW .38  ;
0189   008E           00316     MOVWF TMR1L
018A   100C           00317     BCF   PIR1, TMR1IF
Warning[203]: Found opcode in column 1. (RETURN)
018B   0008           00318 RETURN 
                      00319  
018C                  00320 CONFIG_TIMER2
018C   1283 1303      00321     BANKSEL PORTA
018E   30E7           00322     MOVLW   B'11100111'
018F   0092           00323     MOVWF   T2CON
0190   1683 1303      00324     BANKSEL TRISA
0192   30F1           00325     MOVLW   .241
Message[302]: Register in operand not in bank 0.  Ensure that bank bits are correct.
0193   0092           00326     MOVWF   PR2
0194   1283 1303      00327     BANKSEL PORTA
0196   0191           00328     CLRF    TMR2
0197   108C           00329     BCF     PIR1, TMR2IF
Warning[203]: Found opcode in column 1. (RETURN)
0198   0008           00330 RETURN 
                      00331  
                      00332  
                      00333 ;-------------- CONFIGURACION DE LOS DISPLAY ----------------------------------
                      00334 
0199                  00335 DISPLAY_INICIO:
0199   1008           00336     BCF   PORTD, RD0
019A   1088           00337     BCF   PORTD, RD1
019B   1108           00338     BCF   PORTD, RD2
019C   1188           00339     BCF   PORTD, RD3
019D   1800           00340     BTFSC  CONTA,0
019E   2???           00341     GOTO  DISPLAY_2
                      00342     
019F                  00343 DISPLAY_1:  
019F   08??           00344     MOVFW NIBBLEH
01A0   2???           00345     CALL  TABLA_7S
01A1   0087           00346     MOVWF PORTC
01A2   1488           00347     BSF   PORTD, RD1
01A3   2???           00348     GOTO  TOGGLE2
                      00349 
01A4                  00350 DISPLAY_2:
01A4   08??           00351     MOVFW NIBBLEL
01A5   2???           00352     CALL  TABLA_7S
01A6   0087           00353     MOVWF PORTC
01A7   1408           00354     BSF   PORTD, RD0
01A8   2???           00355     GOTO  TOGGLE2
                      00356     
01A9                  00357 TOGGLE2:
MPASM 5.77                    PROYECTO 1.ASM   9-17-2020  18:18:23         PAGE  9


LOC  OBJECT CODE     LINE SOURCE TEXT
  VALUE

01A9   1C00           00358     BTFSS  CONTA, 0
01AA   2???           00359     GOTO    TOG_02
01AB                  00360 TOG_12:
01AB   1000           00361     BCF     CONTA, 0
01AC   0008           00362     RETURN
01AD                  00363 TOG_02:
01AD   1400           00364     BSF     CONTA, 0
01AE   0008           00365     RETURN 
                      00366 
                      00367     
01AF                  00368 DISPLAY_3:  
01AF   08??           00369     MOVFW NIBBLEH2
01B0   2???           00370     CALL  TABLA_7S
01B1   0087           00371     MOVWF PORTC
01B2   1508           00372     BSF   PORTD, RD2
01B3   2???           00373     GOTO  TOGGLE2
                      00374 
01B4                  00375 DISPLAY_4:
01B4   08??           00376     MOVFW NIBBLEL2
01B5   2???           00377     CALL  TABLA_7S
01B6   0087           00378     MOVWF PORTC
01B7   1588           00379     BSF   PORTD, RD3
01B8   2???           00380     GOTO  TOGGLE3
                      00381     
01B9                  00382 TOGGLE3:
01B9   1C00           00383     BTFSS  CONTB, 0
01BA   2???           00384     GOTO    TOG_03
01BB                  00385 TOG_13:
01BB   1000           00386     BCF     CONTB, 0
01BC   0008           00387     RETURN
01BD                  00388 TOG_03:
01BD   1400           00389     BSF     CONTB, 0
01BE   0008           00390     RETURN
                      00391     
                      00392     
                      00393 ;------------ CONFIURACION DE LOS PUERTOS -----------------------------------
01BF                  00394 CONFIG_IO
01BF   1683 1303      00395     BANKSEL TRISA
                      00396     
01C1   301F           00397     MOVLW   B'00011111'
Message[302]: Register in operand not in bank 0.  Ensure that bank bits are correct.
01C2   0085           00398     MOVWF   TRISA
01C3   1283 1303      00399     BANKSEL PORTA
01C5   0185           00400     CLRF    PORTA
01C6   1683 1703      00401     BANKSEL ANSEL
Message[302]: Register in operand not in bank 0.  Ensure that bank bits are correct.
01C8   0188           00402     CLRF    ANSEL
Message[302]: Register in operand not in bank 0.  Ensure that bank bits are correct.
01C9   0189           00403     CLRF    ANSELH 
                      00404   
01CA   1683 1303      00405     BANKSEL TRISB
01CC   3000           00406     MOVLW   B'00000000'
Message[302]: Register in operand not in bank 0.  Ensure that bank bits are correct.
MPASM 5.77                    PROYECTO 1.ASM   9-17-2020  18:18:23         PAGE 10


LOC  OBJECT CODE     LINE SOURCE TEXT
  VALUE

01CD   0086           00407     MOVWF   TRISB
01CE   1283 1303      00408     BANKSEL PORTB
01D0   0186           00409     CLRF    PORTB
                      00410     
01D1   1683 1303      00411     BANKSEL TRISC
01D3   3000           00412     MOVLW   B'00000000'
Message[302]: Register in operand not in bank 0.  Ensure that bank bits are correct.
01D4   0087           00413     MOVWF   TRISC
01D5   1283 1303      00414     BANKSEL PORTC
01D7   0187           00415     CLRF    PORTC
                      00416     
01D8   1683 1303      00417     BANKSEL TRISD
01DA   3000           00418     MOVLW   B'00000000'
Message[302]: Register in operand not in bank 0.  Ensure that bank bits are correct.
01DB   0088           00419     MOVWF   TRISD
01DC   1283 1303      00420     BANKSEL PORTD
01DE   0188           00421     CLRF    PORTD
01DF   0008           00422     RETURN
                      00423     
01E0   1683 1303      00424     BANKSEL TRISE
01E2   3000           00425     MOVLW   B'00000000'
Message[302]: Register in operand not in bank 0.  Ensure that bank bits are correct.
01E3   0089           00426     MOVWF   TRISE
01E4   1283 1303      00427     BANKSEL PORTE
01E6   0189           00428     CLRF    PORTE
01E7   0008           00429     RETURN
                      00430  
Warning[205]: Found directive in column 1. (END)
20D4 3FFF             00431 END
MPASM 5.77                    PROYECTO 1.ASM   9-17-2020  18:18:23         PAGE 11


SYMBOL TABLE
  LABEL                             VALUE 

ABDEN                             00000000
ABDOVF                            00000007
ACKDT                             00000005
ACKEN                             00000004
ACKSTAT                           00000006
ADCON0                            0000001F
ADCON1                            0000009F
ADCS0                             00000006
ADCS1                             00000007
ADDEN                             00000003
ADFM                              00000007
ADIE                              00000006
ADIF                              00000006
ADON                              00000000
ADRESH                            0000001E
ADRESL                            0000009E
ANS0                              00000000
ANS1                              00000001
ANS10                             00000002
ANS11                             00000003
ANS12                             00000004
ANS13                             00000005
ANS2                              00000002
ANS3                              00000003
ANS4                              00000004
ANS5                              00000005
ANS6                              00000006
ANS7                              00000007
ANS8                              00000000
ANS9                              00000001
ANSEL                             00000188
ANSELH                            00000189
BAUDCTL                           00000187
BCLIE                             00000003
BCLIF                             00000003
BF                                00000000
BRG0                              00000000
BRG1                              00000001
BRG10                             00000002
BRG11                             00000003
BRG12                             00000004
BRG13                             00000005
BRG14                             00000006
BRG15                             00000007
BRG16                             00000003
BRG2                              00000002
BRG3                              00000003
BRG4                              00000004
BRG5                              00000005
BRG6                              00000006
BRG7                              00000007
BRG8                              00000000
BRG9                              00000001
MPASM 5.77                    PROYECTO 1.ASM   9-17-2020  18:18:23         PAGE 12


SYMBOL TABLE
  LABEL                             VALUE 

BRGH                              00000002
C                                 00000000
C1CH0                             00000000
C1CH1                             00000001
C1IE                              00000005
C1IF                              00000005
C1OE                              00000005
C1ON                              00000007
C1OUT                             00000006
C1POL                             00000004
C1R                               00000002
C1RSEL                            00000005
C1SEN                             00000005
C2CH0                             00000000
C2CH1                             00000001
C2IE                              00000006
C2IF                              00000006
C2OE                              00000005
C2ON                              00000007
C2OUT                             00000006
C2POL                             00000004
C2R                               00000002
C2REN                             00000004
C2RSEL                            00000004
C2SYNC                            00000000
CCP1CON                           00000017
CCP1IE                            00000002
CCP1IF                            00000002
CCP1M0                            00000000
CCP1M1                            00000001
CCP1M2                            00000002
CCP1M3                            00000003
CCP1X                             00000005
CCP1Y                             00000004
CCP2CON                           0000001D
CCP2IE                            00000000
CCP2IF                            00000000
CCP2M0                            00000000
CCP2M1                            00000001
CCP2M2                            00000002
CCP2M3                            00000003
CCP2X                             00000005
CCP2Y                             00000004
CCPR1                             00000015
CCPR1H                            00000016
CCPR1L                            00000015
CCPR2                             0000001B
CCPR2H                            0000001C
CCPR2L                            0000001B
CEROS                             00000134
CEROS2                            00000153
CHS0                              00000002
CHS1                              00000003
MPASM 5.77                    PROYECTO 1.ASM   9-17-2020  18:18:23         PAGE 13


SYMBOL TABLE
  LABEL                             VALUE 

CHS2                              00000004
CHS3                              00000005
CKE                               00000006
CKP                               00000004
CM1CON0                           00000107
CM2CON0                           00000108
CM2CON1                           00000109
CONFIG_FLAG                       00000163
CONFIG_IO                         000001BF
CONFIG_TIMER0                     00000171
CONFIG_TIMER1                     0000017E
CONFIG_TIMER2                     0000018C
CONT1                             00000004
CONT2                             00000005
CONT3                             00000006
CONT4                             00000007
CONTA                             00000002
CONTADOR_1                        00000008
CONTADOR_2                        00000009
CONTADOR_3                        0000000A
CONTADOR_4                        0000000B
CONTB                             00000003
CONT_B                            0000000E
CREN                              00000004
CSRC                              00000007
D                                 00000005
DATA_ADDRESS                      00000005
DC                                00000001
DC1B0                             00000004
DC1B1                             00000005
DC2B0                             00000004
DC2B1                             00000005
DISPLAY_1                         0000019F
DISPLAY_2                         000001A4
DISPLAY_3                         000001AF
DISPLAY_4                         000001B4
DISPLAY_INICIO                    00000199
D_A                               00000005
D_NOT_A                           00000005
ECCPAS                            0000009C
ECCPAS0                           00000004
ECCPAS1                           00000005
ECCPAS2                           00000006
ECCPASE                           00000007
EEADR                             0000010D
EEADRH                            0000010F
EECON1                            0000018C
EECON2                            0000018D
EEDAT                             0000010C
EEDATA                            0000010C
EEDATH                            0000010E
EEIE                              00000004
EEIF                              00000004
MPASM 5.77                    PROYECTO 1.ASM   9-17-2020  18:18:23         PAGE 14


SYMBOL TABLE
  LABEL                             VALUE 

EEPGD                             00000007
F                                 00000001
FERR                              00000002
FSR                               00000004
FUE_TIMR0                         00000015
FUE_TIMR1                         0000001C
FUE_TIMR2                         00000024
FVREN                             00000000
GCEN                              00000007
GIE                               00000007
GO                                00000001
GO_DONE                           00000001
GO_NOT_DONE                       00000001
HTS                               00000002
I2C_DATA                          00000005
I2C_READ                          00000002
I2C_START                         00000003
I2C_STOP                          00000004
INCREMENTOS_2                     0000014C
INCREMENTOS_D10S                  0000012D
INCREMENTO_1                      00000128
INCREMENTO_2                      00000147
INDF                              00000000
INTCON                            0000000B
INTE                              00000004
INTEDG                            00000006
INTF                              00000001
IOCB                              00000096
IOCB0                             00000000
IOCB1                             00000001
IOCB2                             00000002
IOCB3                             00000003
IOCB4                             00000004
IOCB5                             00000005
IOCB6                             00000006
IOCB7                             00000007
IRCF0                             00000004
IRCF1                             00000005
IRCF2                             00000006
IRP                               00000007
ISR                               00000008
LEDOFF                            00000159
LEDON                             0000015B
LEDS_INTER                        00000156
LOOP                              00000110
LTS                               00000001
MC1OUT                            00000007
MC2OUT                            00000006
MSK                               00000093
MSK0                              00000000
MSK1                              00000001
MSK2                              00000002
MSK3                              00000003
MPASM 5.77                    PROYECTO 1.ASM   9-17-2020  18:18:23         PAGE 15


SYMBOL TABLE
  LABEL                             VALUE 

MSK4                              00000004
MSK5                              00000005
MSK6                              00000006
MSK7                              00000007
NIBBLEH                           0000000F
NIBBLEH2                          00000011
NIBBLEL                           00000010
NIBBLEL2                          00000012
NOT_A                             00000005
NOT_ADDRESS                       00000005
NOT_BO                            00000000
NOT_BOR                           00000000
NOT_DONE                          00000001
NOT_PD                            00000003
NOT_POR                           00000001
NOT_RBPU                          00000007
NOT_RC8                           00000006
NOT_T1SYNC                        00000002
NOT_TO                            00000004
NOT_TX8                           00000006
NOT_W                             00000002
NOT_WRITE                         00000002
OERR                              00000001
OPTION_REG                        00000081
OSCCON                            0000008F
OSCTUNE                           00000090
OSFIE                             00000007
OSFIF                             00000007
OSTS                              00000003
P                                 00000004
P1M0                              00000006
P1M1                              00000007
PCL                               00000002
PCLATH                            0000000A
PCON                              0000008E
PDC0                              00000000
PDC1                              00000001
PDC2                              00000002
PDC3                              00000003
PDC4                              00000004
PDC5                              00000005
PDC6                              00000006
PEIE                              00000006
PEN                               00000002
PIE1                              0000008C
PIE2                              0000008D
PIR1                              0000000C
PIR2                              0000000D
POP                               0000000F
PORTA                             00000005
PORTB                             00000006
PORTC                             00000007
PORTD                             00000008
MPASM 5.77                    PROYECTO 1.ASM   9-17-2020  18:18:23         PAGE 16


SYMBOL TABLE
  LABEL                             VALUE 

PORTE                             00000009
PR2                               00000092
PRSEN                             00000007
PS0                               00000000
PS1                               00000001
PS2                               00000002
PSA                               00000003
PSSAC0                            00000002
PSSAC1                            00000003
PSSBD0                            00000000
PSSBD1                            00000001
PSTRCON                           0000009D
PULSR                             00000002
PULSS                             00000003
PUSH                              00000004
PWM1CON                           0000009B
R                                 00000002
RA0                               00000000
RA1                               00000001
RA2                               00000002
RA3                               00000003
RA4                               00000004
RA5                               00000005
RA6                               00000006
RA7                               00000007
RB0                               00000000
RB1                               00000001
RB2                               00000002
RB3                               00000003
RB4                               00000004
RB5                               00000005
RB6                               00000006
RB7                               00000007
RBIE                              00000003
RBIF                              00000000
RC0                               00000000
RC1                               00000001
RC2                               00000002
RC3                               00000003
RC4                               00000004
RC5                               00000005
RC6                               00000006
RC7                               00000007
RC8_9                             00000006
RC9                               00000006
RCD8                              00000000
RCEN                              00000003
RCIDL                             00000006
RCIE                              00000005
RCIF                              00000005
RCREG                             0000001A
RCSTA                             00000018
RD                                00000000
MPASM 5.77                    PROYECTO 1.ASM   9-17-2020  18:18:23         PAGE 17


SYMBOL TABLE
  LABEL                             VALUE 

RD0                               00000000
RD1                               00000001
RD2                               00000002
RD3                               00000003
RD4                               00000004
RD5                               00000005
RD6                               00000006
RD7                               00000007
RE0                               00000000
RE1                               00000001
RE2                               00000002
RE3                               00000003
READ_WRITE                        00000002
RP0                               00000005
RP1                               00000006
RSEN                              00000001
RX9                               00000006
RX9D                              00000000
R_NOT_W                           00000002
R_W                               00000002
S                                 00000003
SBOREN                            00000004
SCKP                              00000004
SCS                               00000000
SEN                               00000000
SENDB                             00000003
SMP                               00000007
SPBRG                             00000099
SPBRGH                            0000009A
SPEN                              00000007
SR0                               00000006
SR1                               00000007
SRCON                             00000185
SREN                              00000005
SSPADD                            00000093
SSPBUF                            00000013
SSPCON                            00000014
SSPCON2                           00000091
SSPEN                             00000005
SSPIE                             00000003
SSPIF                             00000003
SSPM0                             00000000
SSPM1                             00000001
SSPM2                             00000002
SSPM3                             00000003
SSPMSK                            00000093
SSPOV                             00000006
SSPSTAT                           00000094
START                             00000100
STATUS                            00000003
STATUS_TEMP                       00000001
STRA                              00000000
STRB                              00000001
MPASM 5.77                    PROYECTO 1.ASM   9-17-2020  18:18:23         PAGE 18


SYMBOL TABLE
  LABEL                             VALUE 

STRC                              00000002
STRD                              00000003
STRSYNC                           00000004
SWDTEN                            00000000
SYNC                              00000004
T0CS                              00000005
T0IE                              00000005
T0IF                              00000002
T0SE                              00000004
T1CKPS0                           00000004
T1CKPS1                           00000005
T1CON                             00000010
T1GINV                            00000007
T1GIV                             00000007
T1GSS                             00000001
T1INSYNC                          00000002
T1OSCEN                           00000003
T1SYNC                            00000002
T2CKPS0                           00000000
T2CKPS1                           00000001
T2CON                             00000012
TABLA_7S                          00000028
TEMP1                             0000000C
TEMP2                             0000000D
TIM_2DS                           0000013F
TIM_2US                           00000137
TIM_DS                            00000120
TIM_US                            00000118
TMR0                              00000001
TMR0IE                            00000005
TMR0IF                            00000002
TMR1                              0000000E
TMR1CS                            00000001
TMR1GE                            00000006
TMR1H                             0000000F
TMR1IE                            00000000
TMR1IF                            00000000
TMR1L                             0000000E
TMR1ON                            00000000
TMR2                              00000011
TMR2IE                            00000001
TMR2IF                            00000001
TMR2ON                            00000002
TOGGLE                            0000015D
TOGGLE2                           000001A9
TOGGLE3                           000001B9
TOG_0                             00000161
TOG_02                            000001AD
TOG_03                            000001BD
TOG_1                             0000015F
TOG_12                            000001AB
TOG_13                            000001BB
TOUTPS0                           00000003
MPASM 5.77                    PROYECTO 1.ASM   9-17-2020  18:18:23         PAGE 19


SYMBOL TABLE
  LABEL                             VALUE 

TOUTPS1                           00000004
TOUTPS2                           00000005
TOUTPS3                           00000006
TRISA                             00000085
TRISA0                            00000000
TRISA1                            00000001
TRISA2                            00000002
TRISA3                            00000003
TRISA4                            00000004
TRISA5                            00000005
TRISA6                            00000006
TRISA7                            00000007
TRISB                             00000086
TRISB0                            00000000
TRISB1                            00000001
TRISB2                            00000002
TRISB3                            00000003
TRISB4                            00000004
TRISB5                            00000005
TRISB6                            00000006
TRISB7                            00000007
TRISC                             00000087
TRISC0                            00000000
TRISC1                            00000001
TRISC2                            00000002
TRISC3                            00000003
TRISC4                            00000004
TRISC5                            00000005
TRISC6                            00000006
TRISC7                            00000007
TRISD                             00000088
TRISD0                            00000000
TRISD1                            00000001
TRISD2                            00000002
TRISD3                            00000003
TRISD4                            00000004
TRISD5                            00000005
TRISD6                            00000006
TRISD7                            00000007
TRISE                             00000089
TRISE0                            00000000
TRISE1                            00000001
TRISE2                            00000002
TRISE3                            00000003
TRMT                              00000001
TUN0                              00000000
TUN1                              00000001
TUN2                              00000002
TUN3                              00000003
TUN4                              00000004
TX8_9                             00000006
TX9                               00000006
TX9D                              00000000
MPASM 5.77                    PROYECTO 1.ASM   9-17-2020  18:18:23         PAGE 20


SYMBOL TABLE
  LABEL                             VALUE 

TXD8                              00000000
TXEN                              00000005
TXIE                              00000004
TXIF                              00000004
TXREG                             00000019
TXSTA                             00000098
UA                                00000001
ULPWUE                            00000005
ULPWUIE                           00000002
ULPWUIF                           00000002
VARIABLE1                         0000011D
VARIABLE2                         00000125
VARIABLE3                         0000013C
VARIABLE4                         00000144
VCFG0                             00000004
VCFG1                             00000005
VR0                               00000000
VR1                               00000001
VR2                               00000002
VR3                               00000003
VRCON                             00000097
VREN                              00000007
VROE                              00000006
VRR                               00000005
VRSS                              00000004
W                                 00000000
WCOL                              00000007
WDTCON                            00000105
WDTPS0                            00000001
WDTPS1                            00000002
WDTPS2                            00000003
WDTPS3                            00000004
WPUB                              00000095
WPUB0                             00000000
WPUB1                             00000001
WPUB2                             00000002
WPUB3                             00000003
WPUB4                             00000004
WPUB5                             00000005
WPUB6                             00000006
WPUB7                             00000007
WR                                00000001
WREN                              00000002
WRERR                             00000003
WUE                               00000001
W_TEMP                            00000000
Z                                 00000002
_BOR21V                           00003EFF
_BOR40V                           00003FFF
_BOR4V_BOR21V                     00003EFF
_BOR4V_BOR40V                     00003FFF
_BOREN_NSLEEP                     00003EFF
_BOREN_OFF                        00003CFF
MPASM 5.77                    PROYECTO 1.ASM   9-17-2020  18:18:23         PAGE 21


SYMBOL TABLE
  LABEL                             VALUE 

_BOREN_ON                         00003FFF
_BOREN_SBODEN                     00003DFF
_BOR_NSLEEP                       00003EFF
_BOR_OFF                          00003CFF
_BOR_ON                           00003FFF
_BOR_SBODEN                       00003DFF
_CONFIG1                          00002007
_CONFIG2                          00002008
_CPD_OFF                          00003FFF
_CPD_ON                           00003F7F
_CP_OFF                           00003FFF
_CP_ON                            00003FBF
_DEBUG_OFF                        00003FFF
_DEBUG_ON                         00001FFF
_DEVID1                           00002006
_EC_OSC                           00003FFB
_EXTRC                            00003FFF
_EXTRCIO                          00003FFE
_EXTRC_OSC_CLKOUT                 00003FFF
_EXTRC_OSC_NOCLKOUT               00003FFE
_FCMEN_OFF                        000037FF
_FCMEN_ON                         00003FFF
_FOSC_EC                          00003FFB
_FOSC_EXTRC_CLKOUT                00003FFF
_FOSC_EXTRC_NOCLKOUT              00003FFE
_FOSC_HS                          00003FFA
_FOSC_INTRC_CLKOUT                00003FFD
_FOSC_INTRC_NOCLKOUT              00003FFC
_FOSC_LP                          00003FF8
_FOSC_XT                          00003FF9
_HS_OSC                           00003FFA
_IDLOC0                           00002000
_IDLOC1                           00002001
_IDLOC2                           00002002
_IDLOC3                           00002003
_IESO_OFF                         00003BFF
_IESO_ON                          00003FFF
_INTOSC                           00003FFD
_INTOSCIO                         00003FFC
_INTRC_OSC_CLKOUT                 00003FFD
_INTRC_OSC_NOCLKOUT               00003FFC
_LP_OSC                           00003FF8
_LVP_OFF                          00002FFF
_LVP_ON                           00003FFF
_MCLRE_OFF                        00003FDF
_MCLRE_ON                         00003FFF
_PWRTE_OFF                        00003FFF
_PWRTE_ON                         00003FEF
_WDTE_OFF                         00003FF7
_WDTE_ON                          00003FFF
_WDT_OFF                          00003FF7
_WDT_ON                           00003FFF
_WRT_1FOURTH                      00003BFF
MPASM 5.77                    PROYECTO 1.ASM   9-17-2020  18:18:23         PAGE 22


SYMBOL TABLE
  LABEL                             VALUE 

_WRT_256                          00003DFF
_WRT_HALF                         000039FF
_WRT_OFF                          00003FFF
_XT_OSC                           00003FF9
__16F887                          00000001

Errors   :     0
Warnings :    40 reported,     0 suppressed
Messages :    24 reported,     0 suppressed

