Warning[207] D:\UVG\TERCER AÒO\SEGUNDO SEMESTRE\PROGRA DE MICROS\MPLAB\PROYECTO FINAL.X\PROYECTO 1.ASM 27 : Found label after column 1. (W_TEMP)
Warning[207] D:\UVG\TERCER AÒO\SEGUNDO SEMESTRE\PROGRA DE MICROS\MPLAB\PROYECTO FINAL.X\PROYECTO 1.ASM 28 : Found label after column 1. (STATUS_TEMP)
Warning[207] D:\UVG\TERCER AÒO\SEGUNDO SEMESTRE\PROGRA DE MICROS\MPLAB\PROYECTO FINAL.X\PROYECTO 1.ASM 30 : Found label after column 1. (CONTA)
Warning[207] D:\UVG\TERCER AÒO\SEGUNDO SEMESTRE\PROGRA DE MICROS\MPLAB\PROYECTO FINAL.X\PROYECTO 1.ASM 31 : Found label after column 1. (CONTB)
Warning[207] D:\UVG\TERCER AÒO\SEGUNDO SEMESTRE\PROGRA DE MICROS\MPLAB\PROYECTO FINAL.X\PROYECTO 1.ASM 32 : Found label after column 1. (CONT1)
Warning[207] D:\UVG\TERCER AÒO\SEGUNDO SEMESTRE\PROGRA DE MICROS\MPLAB\PROYECTO FINAL.X\PROYECTO 1.ASM 33 : Found label after column 1. (CONT2)
Warning[207] D:\UVG\TERCER AÒO\SEGUNDO SEMESTRE\PROGRA DE MICROS\MPLAB\PROYECTO FINAL.X\PROYECTO 1.ASM 34 : Found label after column 1. (CONT3)
Warning[207] D:\UVG\TERCER AÒO\SEGUNDO SEMESTRE\PROGRA DE MICROS\MPLAB\PROYECTO FINAL.X\PROYECTO 1.ASM 35 : Found label after column 1. (CONT4)
Warning[207] D:\UVG\TERCER AÒO\SEGUNDO SEMESTRE\PROGRA DE MICROS\MPLAB\PROYECTO FINAL.X\PROYECTO 1.ASM 37 : Found label after column 1. (CONTADOR_1)
Warning[207] D:\UVG\TERCER AÒO\SEGUNDO SEMESTRE\PROGRA DE MICROS\MPLAB\PROYECTO FINAL.X\PROYECTO 1.ASM 38 : Found label after column 1. (CONTADOR_2)
Warning[207] D:\UVG\TERCER AÒO\SEGUNDO SEMESTRE\PROGRA DE MICROS\MPLAB\PROYECTO FINAL.X\PROYECTO 1.ASM 39 : Found label after column 1. (CONTADOR_3)
Warning[207] D:\UVG\TERCER AÒO\SEGUNDO SEMESTRE\PROGRA DE MICROS\MPLAB\PROYECTO FINAL.X\PROYECTO 1.ASM 40 : Found label after column 1. (CONTADOR_4)
Warning[207] D:\UVG\TERCER AÒO\SEGUNDO SEMESTRE\PROGRA DE MICROS\MPLAB\PROYECTO FINAL.X\PROYECTO 1.ASM 41 : Found label after column 1. (TEMP1)
Warning[207] D:\UVG\TERCER AÒO\SEGUNDO SEMESTRE\PROGRA DE MICROS\MPLAB\PROYECTO FINAL.X\PROYECTO 1.ASM 42 : Found label after column 1. (TEMP2)
Warning[207] D:\UVG\TERCER AÒO\SEGUNDO SEMESTRE\PROGRA DE MICROS\MPLAB\PROYECTO FINAL.X\PROYECTO 1.ASM 43 : Found label after column 1. (CONT_B)
Warning[207] D:\UVG\TERCER AÒO\SEGUNDO SEMESTRE\PROGRA DE MICROS\MPLAB\PROYECTO FINAL.X\PROYECTO 1.ASM 45 : Found label after column 1. (NIBBLEH)
Warning[207] D:\UVG\TERCER AÒO\SEGUNDO SEMESTRE\PROGRA DE MICROS\MPLAB\PROYECTO FINAL.X\PROYECTO 1.ASM 46 : Found label after column 1. (NIBBLEL)
Warning[207] D:\UVG\TERCER AÒO\SEGUNDO SEMESTRE\PROGRA DE MICROS\MPLAB\PROYECTO FINAL.X\PROYECTO 1.ASM 47 : Found label after column 1. (NIBBLEH2)
Warning[207] D:\UVG\TERCER AÒO\SEGUNDO SEMESTRE\PROGRA DE MICROS\MPLAB\PROYECTO FINAL.X\PROYECTO 1.ASM 48 : Found label after column 1. (NIBBLEL2)
Warning[203] D:\UVG\TERCER AÒO\SEGUNDO SEMESTRE\PROGRA DE MICROS\MPLAB\PROYECTO FINAL.X\PROYECTO 1.ASM 76 : Found opcode in column 1. (RETFIE)
Message[305] D:\UVG\TERCER AÒO\SEGUNDO SEMESTRE\PROGRA DE MICROS\MPLAB\PROYECTO FINAL.X\PROYECTO 1.ASM 95 : Using default destination of 1 (file).
Message[305] D:\UVG\TERCER AÒO\SEGUNDO SEMESTRE\PROGRA DE MICROS\MPLAB\PROYECTO FINAL.X\PROYECTO 1.ASM 96 : Using default destination of 1 (file).
Message[305] D:\UVG\TERCER AÒO\SEGUNDO SEMESTRE\PROGRA DE MICROS\MPLAB\PROYECTO FINAL.X\PROYECTO 1.ASM 102 : Using default destination of 1 (file).
Warning[203] D:\UVG\TERCER AÒO\SEGUNDO SEMESTRE\PROGRA DE MICROS\MPLAB\PROYECTO FINAL.X\PROYECTO 1.ASM 162 : Found opcode in column 1. (RETURN)
Message[305] D:\UVG\TERCER AÒO\SEGUNDO SEMESTRE\PROGRA DE MICROS\MPLAB\PROYECTO FINAL.X\PROYECTO 1.ASM 165 : Using default destination of 1 (file).
Warning[203] D:\UVG\TERCER AÒO\SEGUNDO SEMESTRE\PROGRA DE MICROS\MPLAB\PROYECTO FINAL.X\PROYECTO 1.ASM 167 : Found opcode in column 1. (RETURN)
Warning[203] D:\UVG\TERCER AÒO\SEGUNDO SEMESTRE\PROGRA DE MICROS\MPLAB\PROYECTO FINAL.X\PROYECTO 1.ASM 174 : Found opcode in column 1. (RETURN)
Message[305] D:\UVG\TERCER AÒO\SEGUNDO SEMESTRE\PROGRA DE MICROS\MPLAB\PROYECTO FINAL.X\PROYECTO 1.ASM 177 : Using default destination of 1 (file).
Warning[203] D:\UVG\TERCER AÒO\SEGUNDO SEMESTRE\PROGRA DE MICROS\MPLAB\PROYECTO FINAL.X\PROYECTO 1.ASM 179 : Found opcode in column 1. (RETURN)
Warning[203] D:\UVG\TERCER AÒO\SEGUNDO SEMESTRE\PROGRA DE MICROS\MPLAB\PROYECTO FINAL.X\PROYECTO 1.ASM 186 : Found opcode in column 1. (RETURN)
Message[305] D:\UVG\TERCER AÒO\SEGUNDO SEMESTRE\PROGRA DE MICROS\MPLAB\PROYECTO FINAL.X\PROYECTO 1.ASM 189 : Using default destination of 1 (file).
Warning[203] D:\UVG\TERCER AÒO\SEGUNDO SEMESTRE\PROGRA DE MICROS\MPLAB\PROYECTO FINAL.X\PROYECTO 1.ASM 195 : Found opcode in column 1. (RETURN)
Warning[203] D:\UVG\TERCER AÒO\SEGUNDO SEMESTRE\PROGRA DE MICROS\MPLAB\PROYECTO FINAL.X\PROYECTO 1.ASM 201 : Found opcode in column 1. (RETURN)
Warning[203] D:\UVG\TERCER AÒO\SEGUNDO SEMESTRE\PROGRA DE MICROS\MPLAB\PROYECTO FINAL.X\PROYECTO 1.ASM 210 : Found opcode in column 1. (RETURN)
Message[305] D:\UVG\TERCER AÒO\SEGUNDO SEMESTRE\PROGRA DE MICROS\MPLAB\PROYECTO FINAL.X\PROYECTO 1.ASM 213 : Using default destination of 1 (file).
Warning[203] D:\UVG\TERCER AÒO\SEGUNDO SEMESTRE\PROGRA DE MICROS\MPLAB\PROYECTO FINAL.X\PROYECTO 1.ASM 215 : Found opcode in column 1. (RETURN)
Warning[203] D:\UVG\TERCER AÒO\SEGUNDO SEMESTRE\PROGRA DE MICROS\MPLAB\PROYECTO FINAL.X\PROYECTO 1.ASM 222 : Found opcode in column 1. (RETURN)
Message[305] D:\UVG\TERCER AÒO\SEGUNDO SEMESTRE\PROGRA DE MICROS\MPLAB\PROYECTO FINAL.X\PROYECTO 1.ASM 225 : Using default destination of 1 (file).
Warning[203] D:\UVG\TERCER AÒO\SEGUNDO SEMESTRE\PROGRA DE MICROS\MPLAB\PROYECTO FINAL.X\PROYECTO 1.ASM 227 : Found opcode in column 1. (RETURN)
Warning[203] D:\UVG\TERCER AÒO\SEGUNDO SEMESTRE\PROGRA DE MICROS\MPLAB\PROYECTO FINAL.X\PROYECTO 1.ASM 234 : Found opcode in column 1. (RETURN)
Message[305] D:\UVG\TERCER AÒO\SEGUNDO SEMESTRE\PROGRA DE MICROS\MPLAB\PROYECTO FINAL.X\PROYECTO 1.ASM 237 : Using default destination of 1 (file).
Warning[203] D:\UVG\TERCER AÒO\SEGUNDO SEMESTRE\PROGRA DE MICROS\MPLAB\PROYECTO FINAL.X\PROYECTO 1.ASM 243 : Found opcode in column 1. (RETURN)
Warning[203] D:\UVG\TERCER AÒO\SEGUNDO SEMESTRE\PROGRA DE MICROS\MPLAB\PROYECTO FINAL.X\PROYECTO 1.ASM 249 : Found opcode in column 1. (RETURN)
Warning[203] D:\UVG\TERCER AÒO\SEGUNDO SEMESTRE\PROGRA DE MICROS\MPLAB\PROYECTO FINAL.X\PROYECTO 1.ASM 273 : Found opcode in column 1. (RETURN)
Message[302] D:\UVG\TERCER AÒO\SEGUNDO SEMESTRE\PROGRA DE MICROS\MPLAB\PROYECTO FINAL.X\PROYECTO 1.ASM 282 : Register in operand not in bank 0.  Ensure that bank bits are correct.
Message[302] D:\UVG\TERCER AÒO\SEGUNDO SEMESTRE\PROGRA DE MICROS\MPLAB\PROYECTO FINAL.X\PROYECTO 1.ASM 283 : Register in operand not in bank 0.  Ensure that bank bits are correct.
Warning[203] D:\UVG\TERCER AÒO\SEGUNDO SEMESTRE\PROGRA DE MICROS\MPLAB\PROYECTO FINAL.X\PROYECTO 1.ASM 289 : Found opcode in column 1. (RETURN)
Message[302] D:\UVG\TERCER AÒO\SEGUNDO SEMESTRE\PROGRA DE MICROS\MPLAB\PROYECTO FINAL.X\PROYECTO 1.ASM 294 : Register in operand not in bank 0.  Ensure that bank bits are correct.
Message[302] D:\UVG\TERCER AÒO\SEGUNDO SEMESTRE\PROGRA DE MICROS\MPLAB\PROYECTO FINAL.X\PROYECTO 1.ASM 295 : Register in operand not in bank 0.  Ensure that bank bits are correct.
Message[302] D:\UVG\TERCER AÒO\SEGUNDO SEMESTRE\PROGRA DE MICROS\MPLAB\PROYECTO FINAL.X\PROYECTO 1.ASM 296 : Register in operand not in bank 0.  Ensure that bank bits are correct.
Message[302] D:\UVG\TERCER AÒO\SEGUNDO SEMESTRE\PROGRA DE MICROS\MPLAB\PROYECTO FINAL.X\PROYECTO 1.ASM 297 : Register in operand not in bank 0.  Ensure that bank bits are correct.
Message[302] D:\UVG\TERCER AÒO\SEGUNDO SEMESTRE\PROGRA DE MICROS\MPLAB\PROYECTO FINAL.X\PROYECTO 1.ASM 298 : Register in operand not in bank 0.  Ensure that bank bits are correct.
Warning[203] D:\UVG\TERCER AÒO\SEGUNDO SEMESTRE\PROGRA DE MICROS\MPLAB\PROYECTO FINAL.X\PROYECTO 1.ASM 303 : Found opcode in column 1. (RETURN)
Warning[203] D:\UVG\TERCER AÒO\SEGUNDO SEMESTRE\PROGRA DE MICROS\MPLAB\PROYECTO FINAL.X\PROYECTO 1.ASM 318 : Found opcode in column 1. (RETURN)
Message[302] D:\UVG\TERCER AÒO\SEGUNDO SEMESTRE\PROGRA DE MICROS\MPLAB\PROYECTO FINAL.X\PROYECTO 1.ASM 326 : Register in operand not in bank 0.  Ensure that bank bits are correct.
Warning[203] D:\UVG\TERCER AÒO\SEGUNDO SEMESTRE\PROGRA DE MICROS\MPLAB\PROYECTO FINAL.X\PROYECTO 1.ASM 330 : Found opcode in column 1. (RETURN)
Message[302] D:\UVG\TERCER AÒO\SEGUNDO SEMESTRE\PROGRA DE MICROS\MPLAB\PROYECTO FINAL.X\PROYECTO 1.ASM 398 : Register in operand not in bank 0.  Ensure that bank bits are correct.
Message[302] D:\UVG\TERCER AÒO\SEGUNDO SEMESTRE\PROGRA DE MICROS\MPLAB\PROYECTO FINAL.X\PROYECTO 1.ASM 402 : Register in operand not in bank 0.  Ensure that bank bits are correct.
Message[302] D:\UVG\TERCER AÒO\SEGUNDO SEMESTRE\PROGRA DE MICROS\MPLAB\PROYECTO FINAL.X\PROYECTO 1.ASM 403 : Register in operand not in bank 0.  Ensure that bank bits are correct.
Message[302] D:\UVG\TERCER AÒO\SEGUNDO SEMESTRE\PROGRA DE MICROS\MPLAB\PROYECTO FINAL.X\PROYECTO 1.ASM 407 : Register in operand not in bank 0.  Ensure that bank bits are correct.
Message[302] D:\UVG\TERCER AÒO\SEGUNDO SEMESTRE\PROGRA DE MICROS\MPLAB\PROYECTO FINAL.X\PROYECTO 1.ASM 413 : Register in operand not in bank 0.  Ensure that bank bits are correct.
Message[302] D:\UVG\TERCER AÒO\SEGUNDO SEMESTRE\PROGRA DE MICROS\MPLAB\PROYECTO FINAL.X\PROYECTO 1.ASM 419 : Register in operand not in bank 0.  Ensure that bank bits are correct.
Message[302] D:\UVG\TERCER AÒO\SEGUNDO SEMESTRE\PROGRA DE MICROS\MPLAB\PROYECTO FINAL.X\PROYECTO 1.ASM 426 : Register in operand not in bank 0.  Ensure that bank bits are correct.
Warning[205] D:\UVG\TERCER AÒO\SEGUNDO SEMESTRE\PROGRA DE MICROS\MPLAB\PROYECTO FINAL.X\PROYECTO 1.ASM 431 : Found directive in column 1. (END)
