MPASM 5.77                    PROYECTO 2.ASM   10-27-2020  2:50:27         PAGE  1


LOC  OBJECT CODE     LINE SOURCE TEXT
  VALUE

                      00001 ;******************************************************************************
                      00002 ;                                                                             *
                      00003 ;     Filaname:     lab -> laboratorio 4.asm                                  *
                      00004 ;     Date         25 /08/2020                                                *
                      00005 ;     File version: v.2                                                       *
                      00006 ;     author :       Yefry Sajquiy - 18748                                    *
                      00007 ;     ompany;        UVG                                                      *
                      00008 ;     Description:   contador de 8 bits   HEXAGECIMAL                         *
                      00009 ;                                                *
                      00010 ;******************************************************************************
                      00011 
                      00012     
                      00013 #INCLUDE "p16f887.inc"
                      00001         LIST
                      00002 
                      00003 ;==========================================================================
                      00004 ; Build date : Nov 22 2017
                      00005 ;  MPASM PIC16F887 processor include
                      00006 ; 
                      00007 ;  (c) Copyright 1999-2017 Microchip Technology, All rights reserved
                      00008 ;==========================================================================
                      00009 
                      00810         LIST
                      00014 ; CONFIG1
                      00015 ; __config 0xF0F1
2007   20D4           00016  __CONFIG _CONFIG1, _FOSC_INTRC_NOCLKOUT & _WDTE_OFF & _PWRTE_OFF & _MCLRE_OFF & _CP_OFF & _CPD_OFF & _B
                            OREN_OFF & _IESO_OFF & _FCMEN_OFF & _LVP_OFF
                      00017 ; CONFIG2
                      00018 ; __config 0xFFFF
2008   3FFF           00019  __CONFIG _CONFIG2, _BOR4V_BOR40V & _WRT_OFF
                      00020  
                      00021 ;------------- VARIABLES CON 1 ESPACIO -----------------------------------------
                      00022  
                      00023 GPR_VAR  UDATA
Warning[207]: Found label after column 1. (CONT1)
0000                  00024     CONT1      RES 1 
Warning[207]: Found label after column 1. (CONT2)
0001                  00025     CONT2       RES 1
Warning[207]: Found label after column 1. (CONT3)
0002                  00026     CONT3       RES 1
Warning[207]: Found label after column 1. (CONTA)
0003                  00027     CONTA      RES 1
Warning[207]: Found label after column 1. (CONTB)
0004                  00028     CONTB      RES 1
Warning[207]: Found label after column 1. (CONTOR)
0005                  00029     CONTOR     RES 1
Warning[207]: Found label after column 1. (CONT1S)
0006                  00030     CONT1S     RES 1
Warning[207]: Found label after column 1. (CONTADOR)
0007                  00031     CONTADOR   RES 1 
                      00032    
                      00033    
Warning[207]: Found label after column 1. (V_VOLT)
MPASM 5.77                    PROYECTO 2.ASM   10-27-2020  2:50:27         PAGE  2


LOC  OBJECT CODE     LINE SOURCE TEXT
  VALUE

0008                  00034     V_VOLT      RES 1
Warning[207]: Found label after column 1. (VALOR_ADC)
0009                  00035     VALOR_ADC   RES 1
                      00036  
Warning[207]: Found label after column 1. (W_TEMP)
000A                  00037     W_TEMP      RES 1
Warning[207]: Found label after column 1. (STATUS_TEMP)
000B                  00038     STATUS_TEMP RES 1 
Warning[207]: Found label after column 1. (TEMP1)
000C                  00039     TEMP1       RES 1
Warning[207]: Found label after column 1. (TEMP2)
000D                  00040     TEMP2       RES 1
                      00041         
Warning[207]: Found label after column 1. (FLAG)
000E                  00042     FLAG        RES 1
Warning[207]: Found label after column 1. (COMUNICACION)
000F                  00043     COMUNICACION    RES 1
Warning[207]: Found label after column 1. (DISPLAY_H)
0010                  00044     DISPLAY_H   RES 1
Warning[207]: Found label after column 1. (DISPLAY_L)
0011                  00045     DISPLAY_L   RES 1
Warning[207]: Found label after column 1. (VAR_ADCY)
0012                  00046     VAR_ADCY    RES 1
Warning[207]: Found label after column 1. (VAR_ADCX)
0013                  00047     VAR_ADCX    RES 1
Warning[207]: Found label after column 1. (ROTACION)
0014                  00048     ROTACION    RES 1
Warning[207]: Found label after column 1. (FLAG_ADC)
0015                  00049     FLAG_ADC    RES 1
                      00050     
                      00051 ;----------------------- CONFIGURACION DE INTERUPCIONES ------------------------
                      00052     
Warning[207]: Found label after column 1. (RES_VECT)
                      00053  RES_VECT  CODE    0x0000           
0000   2???           00054  GOTO   START  
                      00055  
                      00056 ISR_VECT  CODE    0X0004
                      00057   
0004                  00058 PUSH:
0004   138B           00059     BCF   INTCON, GIE
0005   00??           00060     MOVWF W_TEMP
0006   0E03           00061     SWAPF STATUS, W
0007   00??           00062     MOVWF STATUS_TEMP
                      00063     
0008                  00064 ISR:
0008   1F0C           00065     BTFSS   PIR1, ADIF
0009   2???           00066     CALL    BANDERA_ADC
000A   190B           00067     BTFSC   INTCON, T0IF
000B   2???           00068     CALL    BANDERA_TMR0
000C   188C           00069     BTFSC   PIR1, TMR2IF
000D   2???           00070     CALL    BANDERA_TMR2
000E   1A8C           00071     BTFSC   PIR1, RCIF
                      00072 
MPASM 5.77                    PROYECTO 2.ASM   10-27-2020  2:50:27         PAGE  3


LOC  OBJECT CODE     LINE SOURCE TEXT
  VALUE

000F   2???           00073     CALL    BANDERA_RX
                      00074     
0010                  00075 POP:
0010   0E??           00076     SWAPF   STATUS_TEMP, W
0011   0083           00077     MOVWF   STATUS 
0012   0E??           00078     SWAPF   W_TEMP, F
0013   0E??           00079     SWAPF   W_TEMP, W
0014   178B           00080     BSF     INTCON, GIE
0015   0009           00081     RETFIE
                      00082    
                      00083 ;------------------------------------------------------------------------------
                      00084 
0016                  00085 BANDERA_TMR0:
0016   30F8           00086     MOVLW   .248        ;2MS
0017   0081           00087     MOVWF   TMR0
0018   110B           00088     BCF     INTCON, T0IF
0019   2???           00089     CALL    DISPLAY
001A   2???           00090     CALL    NIB_SEP
001B   0008           00091     RETURN
                      00092     
001C                  00093 BANDERA_TMR2:
001C   108C           00094     BCF     PIR1, TMR2IF
001D   1A0C           00095     BTFSC   PIR1, TXIF
001E   2???           00096     CALL    BANDERA_TX
001F   0008           00097     RETURN
                      00098     
0020                  00099 BANDERA_ADC:
0020   1C00           00100     BTFSS   FLAG_ADC,0
0021   2???           00101     GOTO    ADCY
                      00102     
Warning[207]: Found label after column 1. (ADCX)
0022                  00103     ADCX:
0022   2???           00104         CALL    CONFIGURACION_ADCX
0023   081E           00105         MOVFW   ADRESH 
0024   00??           00106         MOVWF   VAR_ADCX
0025   130C           00107         BCF     PIR1, ADIF
0026   109F           00108         BCF     ADCON0, 1
0027   1400           00109         BSF     FLAG_ADC, 0 
0028   0008           00110     RETURN
                      00111     
Warning[207]: Found label after column 1. (ADCY)
0029                  00112     ADCY:
0029   2???           00113         CALL    CONFIGURACION_ADCY
002A   081E           00114         MOVFW   ADRESH
002B   00??           00115         MOVWF   VAR_ADCY
002C   1406           00116         BSF     PORTB, 0
002D   130C           00117         BCF     PIR1, ADIF
002E   149F           00118         BSF     ADCON0, 1
002F   1000           00119         BCF     FLAG_ADC, 0
0030   0008           00120     RETURN
                      00121     
                      00122     
0031                  00123 BANDERA_TX:
MPASM 5.77                    PROYECTO 2.ASM   10-27-2020  2:50:27         PAGE  4


LOC  OBJECT CODE     LINE SOURCE TEXT
  VALUE

0031   08??           00124     MOVFW   ROTACION
0032   3C03           00125     SUBLW   .3
0033   1903           00126     BTFSC   STATUS,Z
0034   2???           00127     GOTO    ENTER
0035   08??           00128     MOVFW   ROTACION
0036   3C02           00129     SUBLW   .2
0037   1903           00130     BTFSC   STATUS, Z
0038   2???           00131     GOTO    COORY
0039   08??           00132     MOVFW   ROTACION
003A   3C01           00133     SUBLW   .1
003B   1903           00134     BTFSC   STATUS, Z
003C   2???           00135     GOTO    COMA
                      00136     
Warning[207]: Found label after column 1. (COMA)
003D                  00137     COMA:
003D   302C           00138         MOVLW   .44
003E   0099           00139         MOVWF   TXREG
Message[305]: Using default destination of 1 (file).
003F   0A??           00140         INCF    ROTACION
0040   0008           00141         RETURN
                      00142         
                      00143     
Warning[207]: Found label after column 1. (COORX)
0041                  00144     COORX:
0041   08??           00145         MOVFW   VAR_ADCX
0042   0099           00146         MOVWF   TXREG
Message[305]: Using default destination of 1 (file).
0043   0A??           00147         INCF    ROTACION
0044   0008           00148     RETURN
                      00149     
Warning[207]: Found label after column 1. (COORY)
0045                  00150     COORY:
0045   08??           00151         MOVFW   VAR_ADCY
0046   0099           00152         MOVWF   TXREG
Message[305]: Using default destination of 1 (file).
0047   0A??           00153         INCF    ROTACION
0048   0008           00154     RETURN
                      00155     
Warning[207]: Found label after column 1. (ENTER)
0049                  00156     ENTER:
0049   300A           00157         MOVLW   .10
004A   0099           00158         MOVWF   TXREG
004B   01??           00159         CLRF    ROTACION
004C   0008           00160     RETURN
                      00161     
004D                  00162 BANDERA_RX:
004D   081A           00163     MOVFW   RCREG
004E   00??           00164     MOVWF   COMUNICACION
004F   0008           00165     RETURN
                      00166     
                      00167     
                      00168         
                      00169     
MPASM 5.77                    PROYECTO 2.ASM   10-27-2020  2:50:27         PAGE  5


LOC  OBJECT CODE     LINE SOURCE TEXT
  VALUE

                      00170 ;INTE_X:
                      00171     ;CALL    CONFIG_INTE_X
                      00172     ;MOVWF   ADRESH, W
                      00173     ;MOVWF   X
                      00174     ;BCF            PIR1, ADIF
                      00175     ;BSF     ADCON0,1
                      00176     ;BCF            CONT3,0
                      00177     ;RETURN
                      00178     
                      00179 ;INTE_Y:
                      00180     ;CALL    CONFIG_ADC_Y
                      00181     ;MOVWF   ADRESH,W
                      00182     ;MOVWF   Y
                      00183     ;BCF            PIR1, ADIF
                      00184     ;BSF            ADCON0,1
                      00185    ; BSF            CONT3,0
                      00186     ;RETURN 
                      00187     
                      00188 ;INTE_RECIBIR:
                      00189     ;BTSC    CONT3,0
                      00190     ;GOTO    RECIBIR_X
                      00191     
                      00192 ;RECIBIR_X:
                      00193     ;MOVFW   RCREG
                      00194     ;MOVWF   RECIBIDOX
                      00195     ;BSF            CONT3,0
                      00196     ;RETURN  
                      00197     
                      00198 ;RECIBIR_Y:
                      00199     ;MOVFW   RCREG
                      00200     ;MOVWF   RECIBIDOY
                      00201     ;BCF            CONT3,0
                      00202     ;RETURN
                      00203     
                      00204 ;INTE_TMR2:
                      00205     ;BCF            PIR1, TMR2IF
                      00206    ; BTFSC   PIR1, TXIF
                      00207     ;CALL    INTE_TX
                      00208     ;RETURN
                      00209     
                      00210     
                      00211 ;---------------------------------TABLA----------------------------------------
0050                  00212 TABLA_7S:
                      00213     
0050   390F           00214     ANDLW   B'00001111';1
0051   0782           00215     ADDWF   PCL, F
0052   343F           00216     RETLW   B'00111111';0
0053   3406           00217     RETLW   B'00000110';1
0054   345B           00218     RETLW   B'01011011';2
0055   344F           00219     RETLW   B'01001111';3
0056   3466           00220     RETLW   B'01100110';4
0057   346D           00221     RETLW   B'01101101';5
0058   347D           00222     RETLW   B'01111101';6
MPASM 5.77                    PROYECTO 2.ASM   10-27-2020  2:50:27         PAGE  6


LOC  OBJECT CODE     LINE SOURCE TEXT
  VALUE

0059   3407           00223     RETLW   B'00000111';7
005A   347F           00224     RETLW   B'01111111';8
005B   346F           00225     RETLW   B'01101111';9
005C   3477           00226     RETLW   B'01110111';A
005D   347C           00227     RETLW   B'01111100';b
005E   3439           00228     RETLW   B'00111001';c
005F   345E           00229     RETLW   B'01011110';d
0060   3479           00230     RETLW   B'01111001';E
0061   3471           00231     RETLW   B'01110001';F
                      00232 
                      00233 
                      00234 ;------------------------------------------------------------------------------
                      00235 ;           MAIN PROGRAM
                      00236 ;------------------------------------------------------------------------------
                      00237      
                      00238 MAIN_PROG CODE  0X100 
                      00239  
0100                  00240 START
                      00241    
0100   2???           00242     CALL    CONFIG_IO
0101   2???           00243     CALL    CONFIG_TMR0
0102   2???           00244     CALL    CONFIG_TMR2
0103   2???           00245     CALL    CONFIG_INTERRUPT
0104   2???           00246     CALL    CONFIG_ADC
0105   2???           00247     CALL    CONFIG_TX_9600
0106   2???           00248     CALL    CONFIG_RX
                      00249 
                      00250   
                      00251 ;--------------------   LOOP   -------------------------------------------------
                      00252     
0107                  00253 LOOP
                      00254     ;CALL  ADC_INICIO
                      00255     
                      00256     ;CALL  DISPLAY_1
                      00257     ;CALL  DISPLAY_0
                      00258 
0107   2???           00259     GOTO    LOOP   
                      00260 
                      00261 ;------------------------- OPERACIONES DE LOS BLOQUES -------------------------
                      00262  
0108                  00263 ADC_INICIO:
0108   2???           00264     CALL    DELAY_1
0109   149F           00265     BSF     ADCON0,GO   
010A   189F           00266     BTFSC   ADCON0,GO
010B   2???           00267     GOTO    $-1
                      00268     
010C   081E           00269     MOVF    ADRESH,W
010D   00??           00270     MOVWF   CONTA
                      00271     
                      00272 ; ------------- DISPLAYS --------------------------------------------
                      00273  
                      00274     
010E                  00275 DISPLAY:
MPASM 5.77                    PROYECTO 2.ASM   10-27-2020  2:50:27         PAGE  7


LOC  OBJECT CODE     LINE SOURCE TEXT
  VALUE

010E   1085           00276     BCF     PORTA,1
010F   1105           00277     BCF     PORTA,2
0110   1185           00278     BCF     PORTA,3
0111   1205           00279     BCF     PORTA,4
0112   1285           00280     BCF     PORTA,5
0113   1800           00281     BTFSC   FLAG, 0
0114   2???           00282     GOTO CY
                      00283     
Warning[207]: Found label after column 1. (CX)
0115                  00284     CX:
0115   1880           00285         BTFSC   FLAG,1
0116   2???           00286         GOTO    OP1X
                      00287         
Warning[207]: Found label after column 1. (OP0X)
0117                  00288         OP0X:
0117   08??           00289             MOVFW   DISPLAY_H
0118   2???           00290             CALL    TABLA_7S
0119   0088           00291             MOVWF   PORTD
011A   1485           00292             BSF     PORTA,1
011B   1480           00293             BSF     FLAG, 1
011C   0008           00294             RETURN
                      00295             
Warning[207]: Found label after column 1. (OP1X)
011D                  00296         OP1X:
011D   08??           00297             MOVFW   DISPLAY_L
011E   2???           00298             CALL    TABLA_7S
011F   0088           00299             MOVWF   PORTD
0120   1505           00300             BSF     PORTA, 2
0121   1400           00301             BSF     FLAG, 0
0122   1080           00302             BCF     FLAG,1
0123   0008           00303             RETURN
                      00304     
Warning[207]: Found label after column 1. (CY)
0124                  00305     CY:
0124   1880           00306         BTFSC   FLAG,1
0125   2???           00307         GOTO    OP1Y
                      00308         
Warning[207]: Found label after column 1. (OP0Y)
0126                  00309         OP0Y:
0126   08??           00310             MOVFW   DISPLAY_H
0127   2???           00311             CALL    TABLA_7S
0128   0088           00312             MOVWF   PORTD
0129   1605           00313             BSF     PORTA, 4
012A   1480           00314             BSF     FLAG, 1
012B   0008           00315             RETURN
                      00316             
Warning[207]: Found label after column 1. (OP1Y)
012C                  00317         OP1Y:
012C   08??           00318             MOVFW   DISPLAY_L
012D   2???           00319             CALL    TABLA_7S
012E   0088           00320             MOVWF   PORTD
012F   1685           00321             BSF     PORTA, 5
0130   1000           00322             BCF     FLAG, 0
MPASM 5.77                    PROYECTO 2.ASM   10-27-2020  2:50:27         PAGE  8


LOC  OBJECT CODE     LINE SOURCE TEXT
  VALUE

0131   1480           00323             BSF     FLAG, 1
0132   0008           00324             RETURN
                      00325             
                      00326           
                      00327 
                      00328 ;------------------------------------------------------------------------------
                      00329             
0133                  00330 NIB_SEP:
0133   08??           00331     MOVFW   COMUNICACION
0134   00??           00332     MOVWF   DISPLAY_L
0135   0E??           00333     SWAPF   COMUNICACION, W
0136   00??           00334     MOVWF   DISPLAY_H
Warning[203]: Found opcode in column 1. (RETURN)
0137   0008           00335 RETURN
                      00336     
                      00337 ;------------------------------------------------------------------------------     
0138                  00338 DISPLAY_0:
0138   1308           00339     BCF   PORTD, RD6
0139   0E??           00340     SWAPF CONTA, W
013A   00??           00341     MOVWF TEMP1
013B   300F           00342     MOVLW 0X0F
013C   05??           00343     ANDWF TEMP1, W
013D   2???           00344     CALL  TABLA_7S
013E   0086           00345     MOVWF PORTB 
013F   1788           00346     BSF   PORTD, RD7
0140   0008           00347     RETURN
                      00348  
0141                  00349 DISPLAY_1:
0141   1388           00350     BCF   PORTD, RD7
0142   300F           00351     MOVLW 0X0F
0143   05??           00352     ANDWF CONTA,W
0144   2???           00353     CALL  TABLA_7S
0145   0086           00354     MOVWF PORTB 
0146   1708           00355     BSF   PORTD, RD6
0147   0008           00356     RETURN 
                      00357     
                      00358 ; ------------- CONFIGURACION IO --------------------------------------------
                      00359   
0148                  00360 CONFIG_IO:
                      00361     
0148   1283 1303      00362     BANKSEL PORTA
014A   0185           00363     CLRF    PORTA
014B   0186           00364     CLRF    PORTB
014C   0187           00365     CLRF    PORTC
014D   0188           00366     CLRF    PORTD
014E   0189           00367     CLRF    PORTE
                      00368     
014F   1683 1703      00369     BANKSEL ANSEL
Message[302]: Register in operand not in bank 0.  Ensure that bank bits are correct.
0151   0188           00370     CLRF    ANSEL
Message[302]: Register in operand not in bank 0.  Ensure that bank bits are correct.
0152   1408           00371     BSF     ANSEL, 0
Message[302]: Register in operand not in bank 0.  Ensure that bank bits are correct.
MPASM 5.77                    PROYECTO 2.ASM   10-27-2020  2:50:27         PAGE  9


LOC  OBJECT CODE     LINE SOURCE TEXT
  VALUE

0153   1588           00372     BSF     ANSEL,3
Message[302]: Register in operand not in bank 0.  Ensure that bank bits are correct.
0154   0189           00373     CLRF    ANSELH
                      00374     
0155   1683 1303      00375     BANKSEL TRISA
0157   3009           00376     MOVLW   B'00001001'
Message[302]: Register in operand not in bank 0.  Ensure that bank bits are correct.
0158   0085           00377     MOVWF   TRISA
                      00378     
Message[302]: Register in operand not in bank 0.  Ensure that bank bits are correct.
0159   0186           00379     CLRF    TRISB
Message[302]: Register in operand not in bank 0.  Ensure that bank bits are correct.
015A   0187           00380     CLRF    TRISC
Message[302]: Register in operand not in bank 0.  Ensure that bank bits are correct.
015B   0188           00381     CLRF    TRISD
                      00382     
015C   1283 1303      00383     BANKSEL PORTA
015E   01??           00384     CLRF    FLAG
015F   01??           00385     CLRF    COMUNICACION
0160   01??           00386     CLRF    VAR_ADCX
0161   01??           00387     CLRF    VAR_ADCY
                      00388     
0162   0008           00389     RETURN
                      00390     
0163                  00391 CONFIG_ADC:
0163   1683 1303      00392     BANKSEL ADCON1
Message[302]: Register in operand not in bank 0.  Ensure that bank bits are correct.
0165   019F           00393     CLRF    ADCON1
                      00394     
0166   1283 1303      00395     BANKSEL ADCON0
0168   3083           00396     MOVLW   B'10000011'
0169   009F           00397     MOVWF   ADCON0
016A   149F           00398     BSF     ADCON0, GO
016B   149F           00399     BSF     ADCON0, GO
                      00400     
016C   1283 1303      00401     BANKSEL PORTA
016E   0185           00402     CLRF    PORTA
016F   0008           00403     RETURN
                      00404     
0170                  00405 CONFIGURACION_ADCX:
0170   1283 1303      00406     BANKSEL ADCON0
0172   111F           00407     BCF     ADCON0, 2
0173   119F           00408     BCF     ADCON0, 3
0174   0008           00409     RETURN
                      00410 
Warning[207]: Found label after column 1. (CONFIGURACION_ADCY)
0175                  00411  CONFIGURACION_ADCY:
0175   1283 1303      00412     BANKSEL ADCON0
0177   111F           00413     BCF     ADCON0, 2
0178   119F           00414     BCF     ADCON0, 3
0179   0008           00415     RETURN
                      00416     
017A                  00417 CONFIG_TX_9600:
MPASM 5.77                    PROYECTO 2.ASM   10-27-2020  2:50:27         PAGE 10


LOC  OBJECT CODE     LINE SOURCE TEXT
  VALUE

017A   1683 1303      00418     BANKSEL TRISA
Message[302]: Register in operand not in bank 0.  Ensure that bank bits are correct.
017C   1318           00419     BCF     TXSTA, TX9
Message[302]: Register in operand not in bank 0.  Ensure that bank bits are correct.
017D   1218           00420     BCF     TXSTA, SYNC
Message[302]: Register in operand not in bank 0.  Ensure that bank bits are correct.
017E   1518           00421     BSF     TXSTA, BRGH
                      00422     
017F   1683 1703      00423     BANKSEL ANSEL
Message[302]: Register in operand not in bank 0.  Ensure that bank bits are correct.
0181   1187           00424     BCF     BAUDCTL, BRG16
                      00425     
0182   1683 1303      00426     BANKSEL TRISA
0184   3019           00427     MOVLW   .25
Message[302]: Register in operand not in bank 0.  Ensure that bank bits are correct.
0185   0099           00428     MOVWF   SPBRG
Message[302]: Register in operand not in bank 0.  Ensure that bank bits are correct.
0186   019A           00429     CLRF    SPBRGH
Message[302]: Register in operand not in bank 0.  Ensure that bank bits are correct.
0187   1698           00430     BSF     TXSTA, TXEN
0188   1283 1303      00431     BANKSEL PORTA
018A   0008           00432     RETURN
                      00433     
018B                  00434 CONFIG_RX:
018B   1283 1303      00435     BANKSEL PORTA
018D   1798           00436     BSF     RCSTA, SPEN
018E   1718           00437     BSF     RCSTA, RX9
018F   1618           00438     BSF     RCSTA, CREN
                      00439     
                      00440     
                      00441 ;-------------------- TIMER 0 ----------------------------------------------
0190                  00442 CONFIG_TMR0:
0190   1683 1303      00443     BANKSEL TRISA
0192   0064           00444     CLRWDT
0193   30D7           00445     MOVLW   B'11010111'
Message[302]: Register in operand not in bank 0.  Ensure that bank bits are correct.
0194   0081           00446     MOVWF   OPTION_REG
0195   0008           00447     RETURN
                      00448     
0196                  00449 CONFIG_TMR2:
0196   1283 1303      00450     BANKSEL PORTA
0198   30FF           00451     MOVLW   B'11111111'
0199   0092           00452     MOVWF   T2CON
019A   0008           00453     RETURN
                      00454     
019B                  00455 CONFIG_INTERRUPT:
019B   1683 1303      00456     BANKSEL TRISA
Message[302]: Register in operand not in bank 0.  Ensure that bank bits are correct.
019D   148C           00457     BSF     PIE1, TMR2IE
Message[302]: Register in operand not in bank 0.  Ensure that bank bits are correct.
019E   170C           00458     BSF     PIE1, ADIE
Message[302]: Register in operand not in bank 0.  Ensure that bank bits are correct.
019F   168C           00459     BSF     PIE1, RCIE
MPASM 5.77                    PROYECTO 2.ASM   10-27-2020  2:50:27         PAGE 11


LOC  OBJECT CODE     LINE SOURCE TEXT
  VALUE

Message[302]: Register in operand not in bank 0.  Ensure that bank bits are correct.
01A0   160C           00460     BSF     PIE1, TXIE
01A1   170B           00461     BSF     INTCON, PEIE
01A2   150B           00462     BSF     INTCON, T0IF
01A3   3014           00463     MOVLW   .20
Message[302]: Register in operand not in bank 0.  Ensure that bank bits are correct.
01A4   0092           00464     MOVWF   PR2
                      00465     
01A5   1283 1303      00466     BANKSEL PORTA
01A7   178B           00467     BSF     INTCON, GIE
01A8   110B           00468     BCF     INTCON, T0IF
                      00469     
01A9   0008           00470     RETURN
                      00471     
01AA                  00472 DELAY_1:
01AA   0000           00473     NOP
01AB   0000           00474     NOP
01AC   0000           00475     NOP
01AD   0000           00476     NOP
01AE   0000           00477     NOP
01AF   0000           00478     NOP
01B0   0000           00479     NOP
01B1   0000           00480     NOP
01B2   0000           00481     NOP
01B3   0000           00482     NOP
01B4   0008           00483     RETURN
                      00484     
Warning[205]: Found directive in column 1. (END)
20D4 3FFF             00485 END
MPASM 5.77                    PROYECTO 2.ASM   10-27-2020  2:50:27         PAGE 12


SYMBOL TABLE
  LABEL                             VALUE 

ABDEN                             00000000
ABDOVF                            00000007
ACKDT                             00000005
ACKEN                             00000004
ACKSTAT                           00000006
ADCON0                            0000001F
ADCON1                            0000009F
ADCS0                             00000006
ADCS1                             00000007
ADCX                              00000022
ADCY                              00000029
ADC_INICIO                        00000108
ADDEN                             00000003
ADFM                              00000007
ADIE                              00000006
ADIF                              00000006
ADON                              00000000
ADRESH                            0000001E
ADRESL                            0000009E
ANS0                              00000000
ANS1                              00000001
ANS10                             00000002
ANS11                             00000003
ANS12                             00000004
ANS13                             00000005
ANS2                              00000002
ANS3                              00000003
ANS4                              00000004
ANS5                              00000005
ANS6                              00000006
ANS7                              00000007
ANS8                              00000000
ANS9                              00000001
ANSEL                             00000188
ANSELH                            00000189
BANDERA_ADC                       00000020
BANDERA_RX                        0000004D
BANDERA_TMR0                      00000016
BANDERA_TMR2                      0000001C
BANDERA_TX                        00000031
BAUDCTL                           00000187
BCLIE                             00000003
BCLIF                             00000003
BF                                00000000
BRG0                              00000000
BRG1                              00000001
BRG10                             00000002
BRG11                             00000003
BRG12                             00000004
BRG13                             00000005
BRG14                             00000006
BRG15                             00000007
BRG16                             00000003
MPASM 5.77                    PROYECTO 2.ASM   10-27-2020  2:50:27         PAGE 13


SYMBOL TABLE
  LABEL                             VALUE 

BRG2                              00000002
BRG3                              00000003
BRG4                              00000004
BRG5                              00000005
BRG6                              00000006
BRG7                              00000007
BRG8                              00000000
BRG9                              00000001
BRGH                              00000002
C                                 00000000
C1CH0                             00000000
C1CH1                             00000001
C1IE                              00000005
C1IF                              00000005
C1OE                              00000005
C1ON                              00000007
C1OUT                             00000006
C1POL                             00000004
C1R                               00000002
C1RSEL                            00000005
C1SEN                             00000005
C2CH0                             00000000
C2CH1                             00000001
C2IE                              00000006
C2IF                              00000006
C2OE                              00000005
C2ON                              00000007
C2OUT                             00000006
C2POL                             00000004
C2R                               00000002
C2REN                             00000004
C2RSEL                            00000004
C2SYNC                            00000000
CCP1CON                           00000017
CCP1IE                            00000002
CCP1IF                            00000002
CCP1M0                            00000000
CCP1M1                            00000001
CCP1M2                            00000002
CCP1M3                            00000003
CCP1X                             00000005
CCP1Y                             00000004
CCP2CON                           0000001D
CCP2IE                            00000000
CCP2IF                            00000000
CCP2M0                            00000000
CCP2M1                            00000001
CCP2M2                            00000002
CCP2M3                            00000003
CCP2X                             00000005
CCP2Y                             00000004
CCPR1                             00000015
CCPR1H                            00000016
MPASM 5.77                    PROYECTO 2.ASM   10-27-2020  2:50:27         PAGE 14


SYMBOL TABLE
  LABEL                             VALUE 

CCPR1L                            00000015
CCPR2                             0000001B
CCPR2H                            0000001C
CCPR2L                            0000001B
CHS0                              00000002
CHS1                              00000003
CHS2                              00000004
CHS3                              00000005
CKE                               00000006
CKP                               00000004
CM1CON0                           00000107
CM2CON0                           00000108
CM2CON1                           00000109
COMA                              0000003D
COMUNICACION                      0000000F
CONFIGURACION_ADCX                00000170
CONFIGURACION_ADCY                00000175
CONFIG_ADC                        00000163
CONFIG_INTERRUPT                  0000019B
CONFIG_IO                         00000148
CONFIG_RX                         0000018B
CONFIG_TMR0                       00000190
CONFIG_TMR2                       00000196
CONFIG_TX_9600                    0000017A
CONT1                             00000000
CONT1S                            00000006
CONT2                             00000001
CONT3                             00000002
CONTA                             00000003
CONTADOR                          00000007
CONTB                             00000004
CONTOR                            00000005
COORX                             00000041
COORY                             00000045
CREN                              00000004
CSRC                              00000007
CX                                00000115
CY                                00000124
D                                 00000005
DATA_ADDRESS                      00000005
DC                                00000001
DC1B0                             00000004
DC1B1                             00000005
DC2B0                             00000004
DC2B1                             00000005
DELAY_1                           000001AA
DISPLAY                           0000010E
DISPLAY_0                         00000138
DISPLAY_1                         00000141
DISPLAY_H                         00000010
DISPLAY_L                         00000011
D_A                               00000005
D_NOT_A                           00000005
MPASM 5.77                    PROYECTO 2.ASM   10-27-2020  2:50:27         PAGE 15


SYMBOL TABLE
  LABEL                             VALUE 

ECCPAS                            0000009C
ECCPAS0                           00000004
ECCPAS1                           00000005
ECCPAS2                           00000006
ECCPASE                           00000007
EEADR                             0000010D
EEADRH                            0000010F
EECON1                            0000018C
EECON2                            0000018D
EEDAT                             0000010C
EEDATA                            0000010C
EEDATH                            0000010E
EEIE                              00000004
EEIF                              00000004
EEPGD                             00000007
ENTER                             00000049
F                                 00000001
FERR                              00000002
FLAG                              0000000E
FLAG_ADC                          00000015
FSR                               00000004
FVREN                             00000000
GCEN                              00000007
GIE                               00000007
GO                                00000001
GO_DONE                           00000001
GO_NOT_DONE                       00000001
HTS                               00000002
I2C_DATA                          00000005
I2C_READ                          00000002
I2C_START                         00000003
I2C_STOP                          00000004
INDF                              00000000
INTCON                            0000000B
INTE                              00000004
INTEDG                            00000006
INTF                              00000001
IOCB                              00000096
IOCB0                             00000000
IOCB1                             00000001
IOCB2                             00000002
IOCB3                             00000003
IOCB4                             00000004
IOCB5                             00000005
IOCB6                             00000006
IOCB7                             00000007
IRCF0                             00000004
IRCF1                             00000005
IRCF2                             00000006
IRP                               00000007
ISR                               00000008
LOOP                              00000107
LTS                               00000001
MPASM 5.77                    PROYECTO 2.ASM   10-27-2020  2:50:27         PAGE 16


SYMBOL TABLE
  LABEL                             VALUE 

MC1OUT                            00000007
MC2OUT                            00000006
MSK                               00000093
MSK0                              00000000
MSK1                              00000001
MSK2                              00000002
MSK3                              00000003
MSK4                              00000004
MSK5                              00000005
MSK6                              00000006
MSK7                              00000007
NIB_SEP                           00000133
NOT_A                             00000005
NOT_ADDRESS                       00000005
NOT_BO                            00000000
NOT_BOR                           00000000
NOT_DONE                          00000001
NOT_PD                            00000003
NOT_POR                           00000001
NOT_RBPU                          00000007
NOT_RC8                           00000006
NOT_T1SYNC                        00000002
NOT_TO                            00000004
NOT_TX8                           00000006
NOT_W                             00000002
NOT_WRITE                         00000002
OERR                              00000001
OP0X                              00000117
OP0Y                              00000126
OP1X                              0000011D
OP1Y                              0000012C
OPTION_REG                        00000081
OSCCON                            0000008F
OSCTUNE                           00000090
OSFIE                             00000007
OSFIF                             00000007
OSTS                              00000003
P                                 00000004
P1M0                              00000006
P1M1                              00000007
PCL                               00000002
PCLATH                            0000000A
PCON                              0000008E
PDC0                              00000000
PDC1                              00000001
PDC2                              00000002
PDC3                              00000003
PDC4                              00000004
PDC5                              00000005
PDC6                              00000006
PEIE                              00000006
PEN                               00000002
PIE1                              0000008C
MPASM 5.77                    PROYECTO 2.ASM   10-27-2020  2:50:27         PAGE 17


SYMBOL TABLE
  LABEL                             VALUE 

PIE2                              0000008D
PIR1                              0000000C
PIR2                              0000000D
POP                               00000010
PORTA                             00000005
PORTB                             00000006
PORTC                             00000007
PORTD                             00000008
PORTE                             00000009
PR2                               00000092
PRSEN                             00000007
PS0                               00000000
PS1                               00000001
PS2                               00000002
PSA                               00000003
PSSAC0                            00000002
PSSAC1                            00000003
PSSBD0                            00000000
PSSBD1                            00000001
PSTRCON                           0000009D
PULSR                             00000002
PULSS                             00000003
PUSH                              00000004
PWM1CON                           0000009B
R                                 00000002
RA0                               00000000
RA1                               00000001
RA2                               00000002
RA3                               00000003
RA4                               00000004
RA5                               00000005
RA6                               00000006
RA7                               00000007
RB0                               00000000
RB1                               00000001
RB2                               00000002
RB3                               00000003
RB4                               00000004
RB5                               00000005
RB6                               00000006
RB7                               00000007
RBIE                              00000003
RBIF                              00000000
RC0                               00000000
RC1                               00000001
RC2                               00000002
RC3                               00000003
RC4                               00000004
RC5                               00000005
RC6                               00000006
RC7                               00000007
RC8_9                             00000006
RC9                               00000006
MPASM 5.77                    PROYECTO 2.ASM   10-27-2020  2:50:27         PAGE 18


SYMBOL TABLE
  LABEL                             VALUE 

RCD8                              00000000
RCEN                              00000003
RCIDL                             00000006
RCIE                              00000005
RCIF                              00000005
RCREG                             0000001A
RCSTA                             00000018
RD                                00000000
RD0                               00000000
RD1                               00000001
RD2                               00000002
RD3                               00000003
RD4                               00000004
RD5                               00000005
RD6                               00000006
RD7                               00000007
RE0                               00000000
RE1                               00000001
RE2                               00000002
RE3                               00000003
READ_WRITE                        00000002
ROTACION                          00000014
RP0                               00000005
RP1                               00000006
RSEN                              00000001
RX9                               00000006
RX9D                              00000000
R_NOT_W                           00000002
R_W                               00000002
S                                 00000003
SBOREN                            00000004
SCKP                              00000004
SCS                               00000000
SEN                               00000000
SENDB                             00000003
SMP                               00000007
SPBRG                             00000099
SPBRGH                            0000009A
SPEN                              00000007
SR0                               00000006
SR1                               00000007
SRCON                             00000185
SREN                              00000005
SSPADD                            00000093
SSPBUF                            00000013
SSPCON                            00000014
SSPCON2                           00000091
SSPEN                             00000005
SSPIE                             00000003
SSPIF                             00000003
SSPM0                             00000000
SSPM1                             00000001
SSPM2                             00000002
MPASM 5.77                    PROYECTO 2.ASM   10-27-2020  2:50:27         PAGE 19


SYMBOL TABLE
  LABEL                             VALUE 

SSPM3                             00000003
SSPMSK                            00000093
SSPOV                             00000006
SSPSTAT                           00000094
START                             00000100
STATUS                            00000003
STATUS_TEMP                       0000000B
STRA                              00000000
STRB                              00000001
STRC                              00000002
STRD                              00000003
STRSYNC                           00000004
SWDTEN                            00000000
SYNC                              00000004
T0CS                              00000005
T0IE                              00000005
T0IF                              00000002
T0SE                              00000004
T1CKPS0                           00000004
T1CKPS1                           00000005
T1CON                             00000010
T1GINV                            00000007
T1GIV                             00000007
T1GSS                             00000001
T1INSYNC                          00000002
T1OSCEN                           00000003
T1SYNC                            00000002
T2CKPS0                           00000000
T2CKPS1                           00000001
T2CON                             00000012
TABLA_7S                          00000050
TEMP1                             0000000C
TEMP2                             0000000D
TMR0                              00000001
TMR0IE                            00000005
TMR0IF                            00000002
TMR1                              0000000E
TMR1CS                            00000001
TMR1GE                            00000006
TMR1H                             0000000F
TMR1IE                            00000000
TMR1IF                            00000000
TMR1L                             0000000E
TMR1ON                            00000000
TMR2                              00000011
TMR2IE                            00000001
TMR2IF                            00000001
TMR2ON                            00000002
TOUTPS0                           00000003
TOUTPS1                           00000004
TOUTPS2                           00000005
TOUTPS3                           00000006
TRISA                             00000085
MPASM 5.77                    PROYECTO 2.ASM   10-27-2020  2:50:27         PAGE 20


SYMBOL TABLE
  LABEL                             VALUE 

TRISA0                            00000000
TRISA1                            00000001
TRISA2                            00000002
TRISA3                            00000003
TRISA4                            00000004
TRISA5                            00000005
TRISA6                            00000006
TRISA7                            00000007
TRISB                             00000086
TRISB0                            00000000
TRISB1                            00000001
TRISB2                            00000002
TRISB3                            00000003
TRISB4                            00000004
TRISB5                            00000005
TRISB6                            00000006
TRISB7                            00000007
TRISC                             00000087
TRISC0                            00000000
TRISC1                            00000001
TRISC2                            00000002
TRISC3                            00000003
TRISC4                            00000004
TRISC5                            00000005
TRISC6                            00000006
TRISC7                            00000007
TRISD                             00000088
TRISD0                            00000000
TRISD1                            00000001
TRISD2                            00000002
TRISD3                            00000003
TRISD4                            00000004
TRISD5                            00000005
TRISD6                            00000006
TRISD7                            00000007
TRISE                             00000089
TRISE0                            00000000
TRISE1                            00000001
TRISE2                            00000002
TRISE3                            00000003
TRMT                              00000001
TUN0                              00000000
TUN1                              00000001
TUN2                              00000002
TUN3                              00000003
TUN4                              00000004
TX8_9                             00000006
TX9                               00000006
TX9D                              00000000
TXD8                              00000000
TXEN                              00000005
TXIE                              00000004
TXIF                              00000004
MPASM 5.77                    PROYECTO 2.ASM   10-27-2020  2:50:27         PAGE 21


SYMBOL TABLE
  LABEL                             VALUE 

TXREG                             00000019
TXSTA                             00000098
UA                                00000001
ULPWUE                            00000005
ULPWUIE                           00000002
ULPWUIF                           00000002
VALOR_ADC                         00000009
VAR_ADCX                          00000013
VAR_ADCY                          00000012
VCFG0                             00000004
VCFG1                             00000005
VR0                               00000000
VR1                               00000001
VR2                               00000002
VR3                               00000003
VRCON                             00000097
VREN                              00000007
VROE                              00000006
VRR                               00000005
VRSS                              00000004
V_VOLT                            00000008
W                                 00000000
WCOL                              00000007
WDTCON                            00000105
WDTPS0                            00000001
WDTPS1                            00000002
WDTPS2                            00000003
WDTPS3                            00000004
WPUB                              00000095
WPUB0                             00000000
WPUB1                             00000001
WPUB2                             00000002
WPUB3                             00000003
WPUB4                             00000004
WPUB5                             00000005
WPUB6                             00000006
WPUB7                             00000007
WR                                00000001
WREN                              00000002
WRERR                             00000003
WUE                               00000001
W_TEMP                            0000000A
Z                                 00000002
_BOR21V                           00003EFF
_BOR40V                           00003FFF
_BOR4V_BOR21V                     00003EFF
_BOR4V_BOR40V                     00003FFF
_BOREN_NSLEEP                     00003EFF
_BOREN_OFF                        00003CFF
_BOREN_ON                         00003FFF
_BOREN_SBODEN                     00003DFF
_BOR_NSLEEP                       00003EFF
_BOR_OFF                          00003CFF
MPASM 5.77                    PROYECTO 2.ASM   10-27-2020  2:50:27         PAGE 22


SYMBOL TABLE
  LABEL                             VALUE 

_BOR_ON                           00003FFF
_BOR_SBODEN                       00003DFF
_CONFIG1                          00002007
_CONFIG2                          00002008
_CPD_OFF                          00003FFF
_CPD_ON                           00003F7F
_CP_OFF                           00003FFF
_CP_ON                            00003FBF
_DEBUG_OFF                        00003FFF
_DEBUG_ON                         00001FFF
_DEVID1                           00002006
_EC_OSC                           00003FFB
_EXTRC                            00003FFF
_EXTRCIO                          00003FFE
_EXTRC_OSC_CLKOUT                 00003FFF
_EXTRC_OSC_NOCLKOUT               00003FFE
_FCMEN_OFF                        000037FF
_FCMEN_ON                         00003FFF
_FOSC_EC                          00003FFB
_FOSC_EXTRC_CLKOUT                00003FFF
_FOSC_EXTRC_NOCLKOUT              00003FFE
_FOSC_HS                          00003FFA
_FOSC_INTRC_CLKOUT                00003FFD
_FOSC_INTRC_NOCLKOUT              00003FFC
_FOSC_LP                          00003FF8
_FOSC_XT                          00003FF9
_HS_OSC                           00003FFA
_IDLOC0                           00002000
_IDLOC1                           00002001
_IDLOC2                           00002002
_IDLOC3                           00002003
_IESO_OFF                         00003BFF
_IESO_ON                          00003FFF
_INTOSC                           00003FFD
_INTOSCIO                         00003FFC
_INTRC_OSC_CLKOUT                 00003FFD
_INTRC_OSC_NOCLKOUT               00003FFC
_LP_OSC                           00003FF8
_LVP_OFF                          00002FFF
_LVP_ON                           00003FFF
_MAIN_PROG_010B                   0000010B
_MCLRE_OFF                        00003FDF
_MCLRE_ON                         00003FFF
_PWRTE_OFF                        00003FFF
_PWRTE_ON                         00003FEF
_WDTE_OFF                         00003FF7
_WDTE_ON                          00003FFF
_WDT_OFF                          00003FF7
_WDT_ON                           00003FFF
_WRT_1FOURTH                      00003BFF
_WRT_256                          00003DFF
_WRT_HALF                         000039FF
_WRT_OFF                          00003FFF
MPASM 5.77                    PROYECTO 2.ASM   10-27-2020  2:50:27         PAGE 23


SYMBOL TABLE
  LABEL                             VALUE 

_XT_OSC                           00003FF9
__16F887                          00000001

Errors   :     0
Warnings :    38 reported,     0 suppressed
Messages :    25 reported,     0 suppressed

