Warning[207] D:\UVG\TERCER AÒO\SEGUNDO SEMESTRE\PROGRA DE MICROS\MPLAB\PROYECTO 2.X\PROYECTO 2.ASM 24 : Found label after column 1. (CONT1)
Warning[207] D:\UVG\TERCER AÒO\SEGUNDO SEMESTRE\PROGRA DE MICROS\MPLAB\PROYECTO 2.X\PROYECTO 2.ASM 25 : Found label after column 1. (CONT2)
Warning[207] D:\UVG\TERCER AÒO\SEGUNDO SEMESTRE\PROGRA DE MICROS\MPLAB\PROYECTO 2.X\PROYECTO 2.ASM 26 : Found label after column 1. (CONT3)
Warning[207] D:\UVG\TERCER AÒO\SEGUNDO SEMESTRE\PROGRA DE MICROS\MPLAB\PROYECTO 2.X\PROYECTO 2.ASM 27 : Found label after column 1. (CONTA)
Warning[207] D:\UVG\TERCER AÒO\SEGUNDO SEMESTRE\PROGRA DE MICROS\MPLAB\PROYECTO 2.X\PROYECTO 2.ASM 28 : Found label after column 1. (CONTB)
Warning[207] D:\UVG\TERCER AÒO\SEGUNDO SEMESTRE\PROGRA DE MICROS\MPLAB\PROYECTO 2.X\PROYECTO 2.ASM 29 : Found label after column 1. (CONTOR)
Warning[207] D:\UVG\TERCER AÒO\SEGUNDO SEMESTRE\PROGRA DE MICROS\MPLAB\PROYECTO 2.X\PROYECTO 2.ASM 30 : Found label after column 1. (CONT1S)
Warning[207] D:\UVG\TERCER AÒO\SEGUNDO SEMESTRE\PROGRA DE MICROS\MPLAB\PROYECTO 2.X\PROYECTO 2.ASM 31 : Found label after column 1. (CONTADOR)
Warning[207] D:\UVG\TERCER AÒO\SEGUNDO SEMESTRE\PROGRA DE MICROS\MPLAB\PROYECTO 2.X\PROYECTO 2.ASM 34 : Found label after column 1. (V_VOLT)
Warning[207] D:\UVG\TERCER AÒO\SEGUNDO SEMESTRE\PROGRA DE MICROS\MPLAB\PROYECTO 2.X\PROYECTO 2.ASM 35 : Found label after column 1. (VALOR_ADC)
Warning[207] D:\UVG\TERCER AÒO\SEGUNDO SEMESTRE\PROGRA DE MICROS\MPLAB\PROYECTO 2.X\PROYECTO 2.ASM 37 : Found label after column 1. (W_TEMP)
Warning[207] D:\UVG\TERCER AÒO\SEGUNDO SEMESTRE\PROGRA DE MICROS\MPLAB\PROYECTO 2.X\PROYECTO 2.ASM 38 : Found label after column 1. (STATUS_TEMP)
Warning[207] D:\UVG\TERCER AÒO\SEGUNDO SEMESTRE\PROGRA DE MICROS\MPLAB\PROYECTO 2.X\PROYECTO 2.ASM 39 : Found label after column 1. (TEMP1)
Warning[207] D:\UVG\TERCER AÒO\SEGUNDO SEMESTRE\PROGRA DE MICROS\MPLAB\PROYECTO 2.X\PROYECTO 2.ASM 40 : Found label after column 1. (TEMP2)
Warning[207] D:\UVG\TERCER AÒO\SEGUNDO SEMESTRE\PROGRA DE MICROS\MPLAB\PROYECTO 2.X\PROYECTO 2.ASM 42 : Found label after column 1. (FLAG)
Warning[207] D:\UVG\TERCER AÒO\SEGUNDO SEMESTRE\PROGRA DE MICROS\MPLAB\PROYECTO 2.X\PROYECTO 2.ASM 43 : Found label after column 1. (COMUNICACION)
Warning[207] D:\UVG\TERCER AÒO\SEGUNDO SEMESTRE\PROGRA DE MICROS\MPLAB\PROYECTO 2.X\PROYECTO 2.ASM 44 : Found label after column 1. (DISPLAY_H)
Warning[207] D:\UVG\TERCER AÒO\SEGUNDO SEMESTRE\PROGRA DE MICROS\MPLAB\PROYECTO 2.X\PROYECTO 2.ASM 45 : Found label after column 1. (DISPLAY_L)
Warning[207] D:\UVG\TERCER AÒO\SEGUNDO SEMESTRE\PROGRA DE MICROS\MPLAB\PROYECTO 2.X\PROYECTO 2.ASM 46 : Found label after column 1. (VAR_ADCY)
Warning[207] D:\UVG\TERCER AÒO\SEGUNDO SEMESTRE\PROGRA DE MICROS\MPLAB\PROYECTO 2.X\PROYECTO 2.ASM 47 : Found label after column 1. (VAR_ADCX)
Warning[207] D:\UVG\TERCER AÒO\SEGUNDO SEMESTRE\PROGRA DE MICROS\MPLAB\PROYECTO 2.X\PROYECTO 2.ASM 48 : Found label after column 1. (ROTACION)
Warning[207] D:\UVG\TERCER AÒO\SEGUNDO SEMESTRE\PROGRA DE MICROS\MPLAB\PROYECTO 2.X\PROYECTO 2.ASM 49 : Found label after column 1. (FLAG_ADC)
Warning[207] D:\UVG\TERCER AÒO\SEGUNDO SEMESTRE\PROGRA DE MICROS\MPLAB\PROYECTO 2.X\PROYECTO 2.ASM 53 : Found label after column 1. (RES_VECT)
Warning[207] D:\UVG\TERCER AÒO\SEGUNDO SEMESTRE\PROGRA DE MICROS\MPLAB\PROYECTO 2.X\PROYECTO 2.ASM 103 : Found label after column 1. (ADCX)
Warning[207] D:\UVG\TERCER AÒO\SEGUNDO SEMESTRE\PROGRA DE MICROS\MPLAB\PROYECTO 2.X\PROYECTO 2.ASM 112 : Found label after column 1. (ADCY)
Warning[207] D:\UVG\TERCER AÒO\SEGUNDO SEMESTRE\PROGRA DE MICROS\MPLAB\PROYECTO 2.X\PROYECTO 2.ASM 137 : Found label after column 1. (COMA)
Message[305] D:\UVG\TERCER AÒO\SEGUNDO SEMESTRE\PROGRA DE MICROS\MPLAB\PROYECTO 2.X\PROYECTO 2.ASM 140 : Using default destination of 1 (file).
Warning[207] D:\UVG\TERCER AÒO\SEGUNDO SEMESTRE\PROGRA DE MICROS\MPLAB\PROYECTO 2.X\PROYECTO 2.ASM 144 : Found label after column 1. (COORX)
Message[305] D:\UVG\TERCER AÒO\SEGUNDO SEMESTRE\PROGRA DE MICROS\MPLAB\PROYECTO 2.X\PROYECTO 2.ASM 147 : Using default destination of 1 (file).
Warning[207] D:\UVG\TERCER AÒO\SEGUNDO SEMESTRE\PROGRA DE MICROS\MPLAB\PROYECTO 2.X\PROYECTO 2.ASM 150 : Found label after column 1. (COORY)
Message[305] D:\UVG\TERCER AÒO\SEGUNDO SEMESTRE\PROGRA DE MICROS\MPLAB\PROYECTO 2.X\PROYECTO 2.ASM 153 : Using default destination of 1 (file).
Warning[207] D:\UVG\TERCER AÒO\SEGUNDO SEMESTRE\PROGRA DE MICROS\MPLAB\PROYECTO 2.X\PROYECTO 2.ASM 156 : Found label after column 1. (ENTER)
Warning[207] D:\UVG\TERCER AÒO\SEGUNDO SEMESTRE\PROGRA DE MICROS\MPLAB\PROYECTO 2.X\PROYECTO 2.ASM 284 : Found label after column 1. (CX)
Warning[207] D:\UVG\TERCER AÒO\SEGUNDO SEMESTRE\PROGRA DE MICROS\MPLAB\PROYECTO 2.X\PROYECTO 2.ASM 288 : Found label after column 1. (OP0X)
Warning[207] D:\UVG\TERCER AÒO\SEGUNDO SEMESTRE\PROGRA DE MICROS\MPLAB\PROYECTO 2.X\PROYECTO 2.ASM 296 : Found label after column 1. (OP1X)
Warning[207] D:\UVG\TERCER AÒO\SEGUNDO SEMESTRE\PROGRA DE MICROS\MPLAB\PROYECTO 2.X\PROYECTO 2.ASM 305 : Found label after column 1. (CY)
Warning[207] D:\UVG\TERCER AÒO\SEGUNDO SEMESTRE\PROGRA DE MICROS\MPLAB\PROYECTO 2.X\PROYECTO 2.ASM 309 : Found label after column 1. (OP0Y)
Warning[207] D:\UVG\TERCER AÒO\SEGUNDO SEMESTRE\PROGRA DE MICROS\MPLAB\PROYECTO 2.X\PROYECTO 2.ASM 317 : Found label after column 1. (OP1Y)
Warning[203] D:\UVG\TERCER AÒO\SEGUNDO SEMESTRE\PROGRA DE MICROS\MPLAB\PROYECTO 2.X\PROYECTO 2.ASM 335 : Found opcode in column 1. (RETURN)
Message[302] D:\UVG\TERCER AÒO\SEGUNDO SEMESTRE\PROGRA DE MICROS\MPLAB\PROYECTO 2.X\PROYECTO 2.ASM 370 : Register in operand not in bank 0.  Ensure that bank bits are correct.
Message[302] D:\UVG\TERCER AÒO\SEGUNDO SEMESTRE\PROGRA DE MICROS\MPLAB\PROYECTO 2.X\PROYECTO 2.ASM 371 : Register in operand not in bank 0.  Ensure that bank bits are correct.
Message[302] D:\UVG\TERCER AÒO\SEGUNDO SEMESTRE\PROGRA DE MICROS\MPLAB\PROYECTO 2.X\PROYECTO 2.ASM 372 : Register in operand not in bank 0.  Ensure that bank bits are correct.
Message[302] D:\UVG\TERCER AÒO\SEGUNDO SEMESTRE\PROGRA DE MICROS\MPLAB\PROYECTO 2.X\PROYECTO 2.ASM 373 : Register in operand not in bank 0.  Ensure that bank bits are correct.
Message[302] D:\UVG\TERCER AÒO\SEGUNDO SEMESTRE\PROGRA DE MICROS\MPLAB\PROYECTO 2.X\PROYECTO 2.ASM 377 : Register in operand not in bank 0.  Ensure that bank bits are correct.
Message[302] D:\UVG\TERCER AÒO\SEGUNDO SEMESTRE\PROGRA DE MICROS\MPLAB\PROYECTO 2.X\PROYECTO 2.ASM 379 : Register in operand not in bank 0.  Ensure that bank bits are correct.
Message[302] D:\UVG\TERCER AÒO\SEGUNDO SEMESTRE\PROGRA DE MICROS\MPLAB\PROYECTO 2.X\PROYECTO 2.ASM 380 : Register in operand not in bank 0.  Ensure that bank bits are correct.
Message[302] D:\UVG\TERCER AÒO\SEGUNDO SEMESTRE\PROGRA DE MICROS\MPLAB\PROYECTO 2.X\PROYECTO 2.ASM 381 : Register in operand not in bank 0.  Ensure that bank bits are correct.
Message[302] D:\UVG\TERCER AÒO\SEGUNDO SEMESTRE\PROGRA DE MICROS\MPLAB\PROYECTO 2.X\PROYECTO 2.ASM 393 : Register in operand not in bank 0.  Ensure that bank bits are correct.
Warning[207] D:\UVG\TERCER AÒO\SEGUNDO SEMESTRE\PROGRA DE MICROS\MPLAB\PROYECTO 2.X\PROYECTO 2.ASM 411 : Found label after column 1. (CONFIGURACION_ADCY)
Message[302] D:\UVG\TERCER AÒO\SEGUNDO SEMESTRE\PROGRA DE MICROS\MPLAB\PROYECTO 2.X\PROYECTO 2.ASM 419 : Register in operand not in bank 0.  Ensure that bank bits are correct.
Message[302] D:\UVG\TERCER AÒO\SEGUNDO SEMESTRE\PROGRA DE MICROS\MPLAB\PROYECTO 2.X\PROYECTO 2.ASM 420 : Register in operand not in bank 0.  Ensure that bank bits are correct.
Message[302] D:\UVG\TERCER AÒO\SEGUNDO SEMESTRE\PROGRA DE MICROS\MPLAB\PROYECTO 2.X\PROYECTO 2.ASM 421 : Register in operand not in bank 0.  Ensure that bank bits are correct.
Message[302] D:\UVG\TERCER AÒO\SEGUNDO SEMESTRE\PROGRA DE MICROS\MPLAB\PROYECTO 2.X\PROYECTO 2.ASM 424 : Register in operand not in bank 0.  Ensure that bank bits are correct.
Message[302] D:\UVG\TERCER AÒO\SEGUNDO SEMESTRE\PROGRA DE MICROS\MPLAB\PROYECTO 2.X\PROYECTO 2.ASM 428 : Register in operand not in bank 0.  Ensure that bank bits are correct.
Message[302] D:\UVG\TERCER AÒO\SEGUNDO SEMESTRE\PROGRA DE MICROS\MPLAB\PROYECTO 2.X\PROYECTO 2.ASM 429 : Register in operand not in bank 0.  Ensure that bank bits are correct.
Message[302] D:\UVG\TERCER AÒO\SEGUNDO SEMESTRE\PROGRA DE MICROS\MPLAB\PROYECTO 2.X\PROYECTO 2.ASM 430 : Register in operand not in bank 0.  Ensure that bank bits are correct.
Message[302] D:\UVG\TERCER AÒO\SEGUNDO SEMESTRE\PROGRA DE MICROS\MPLAB\PROYECTO 2.X\PROYECTO 2.ASM 446 : Register in operand not in bank 0.  Ensure that bank bits are correct.
Message[302] D:\UVG\TERCER AÒO\SEGUNDO SEMESTRE\PROGRA DE MICROS\MPLAB\PROYECTO 2.X\PROYECTO 2.ASM 457 : Register in operand not in bank 0.  Ensure that bank bits are correct.
Message[302] D:\UVG\TERCER AÒO\SEGUNDO SEMESTRE\PROGRA DE MICROS\MPLAB\PROYECTO 2.X\PROYECTO 2.ASM 458 : Register in operand not in bank 0.  Ensure that bank bits are correct.
Message[302] D:\UVG\TERCER AÒO\SEGUNDO SEMESTRE\PROGRA DE MICROS\MPLAB\PROYECTO 2.X\PROYECTO 2.ASM 459 : Register in operand not in bank 0.  Ensure that bank bits are correct.
Message[302] D:\UVG\TERCER AÒO\SEGUNDO SEMESTRE\PROGRA DE MICROS\MPLAB\PROYECTO 2.X\PROYECTO 2.ASM 460 : Register in operand not in bank 0.  Ensure that bank bits are correct.
Message[302] D:\UVG\TERCER AÒO\SEGUNDO SEMESTRE\PROGRA DE MICROS\MPLAB\PROYECTO 2.X\PROYECTO 2.ASM 464 : Register in operand not in bank 0.  Ensure that bank bits are correct.
Warning[205] D:\UVG\TERCER AÒO\SEGUNDO SEMESTRE\PROGRA DE MICROS\MPLAB\PROYECTO 2.X\PROYECTO 2.ASM 485 : Found directive in column 1. (END)
