MPASM 5.77                         LAB 8.ASM   11-6-2020  18:24:30         PAGE  1


LOC  OBJECT CODE     LINE SOURCE TEXT
  VALUE

                      00001 ;******************************************************************************
                      00002 ;                                                                             *
                      00003 ;     Filaname:     Practica #8                                               *
                      00004 ;     Date         25 /08/2020                                                *
                      00005 ;     File version: v.2                                                       *
                      00006 ;     author :       Yefry Sajquiy - 18748                                    *
                      00007 ;     ompany;        UVG                                                      *
                      00008 ;     Description:   mover dos servos con portenciometros                     *
                      00009 ;                                                                             *
                      00010 ;******************************************************************************
                      00011 
                      00012 #include "p16f887.inc"
                      00001         LIST
                      00002 
                      00003 ;==========================================================================
                      00004 ; Build date : Nov 22 2017
                      00005 ;  MPASM PIC16F887 processor include
                      00006 ; 
                      00007 ;  (c) Copyright 1999-2017 Microchip Technology, All rights reserved
                      00008 ;==========================================================================
                      00009 
                      00810         LIST
                      00013 
                      00014 ; CONFIG1
                      00015 ; __config 0xE0F5
2007   20D4           00016  __CONFIG _CONFIG1, _FOSC_INTRC_NOCLKOUT & _WDTE_OFF & _PWRTE_OFF & _MCLRE_OFF & _CP_OFF & _CPD_OFF & _B
                            OREN_OFF & _IESO_OFF & _FCMEN_OFF & _LVP_OFF
                      00017 ; CONFIG2
                      00018 ; __config 0xFFFF
2008   3FFF           00019  __CONFIG _CONFIG2, _BOR4V_BOR40V & _WRT_OFF
                      00020  
                      00021 GPR_VAR UDATA
Warning[207]: Found label after column 1. (SUMADOR1)
0000                  00022    SUMADOR1     RES 1
Warning[207]: Found label after column 1. (SUMADOR2)
0001                  00023    SUMADOR2     RES 1       ; VARIABLES DE DATOS
                      00024         
                      00025 ;--------------------------- INICIO DEL PROGRAMA -------------------------------
                      00026 RES_VECT  CODE    0x0000            ; processor reset vector
0000   2???           00027     GOTO    START                   ; go to beginning of program
                      00028 ;-------------------------------------------------------------------------------
                      00029     
                      00030 ;--------------------------------- PRINCIPAL -----------------------------------
                      00031 MAIN_PROG CODE                      ; let linker place main program
0000                  00032 START
0000   2???           00033     CALL    CONFIG_IO           ; PUERTOS Y PINES COMO SALIDAS
0001   2???           00034     CALL    CONFIG_RELOJ        ; 4 MHz
0002   2???           00035     CALL    CONFIG_TIMER2       ; CONFIGURACIÓN DEL TIMER2 PARA LOS SERVOS
0003   2???           00036     CALL    CONFIG_CCP          ; CCP1 Y CCP2
0004   2???           00037     GOTO    LOOP                
                      00038 ;-------------------------------------------------------------------------------
                      00039 
                      00040 ;------------------------------- LOOP PRINCIPAL --------------------------------
MPASM 5.77                         LAB 8.ASM   11-6-2020  18:24:30         PAGE  2


LOC  OBJECT CODE     LINE SOURCE TEXT
  VALUE

0005                  00041 LOOP
0005                  00042 ADC_DIGITAL:
                      00043     ; CONVERSION PUERTO A0
0005   30C1           00044     MOVLW   B'11000001'         ; ADC Frc CLOCK
0006   009F           00045     MOVWF   ADCON0              ; AN0, ON  
0007   2???           00046     CALL    DELAY_10MS
0008   2???           00047     CALL    CONFIG_ADC1
0009   2???           00048     CALL    DELAY_10MS
000A   149F           00049     BSF     ADCON0, GO          ; EMPIEZA LA CONVERSION
000B   189F           00050     BTFSC   ADCON0, GO          ; REVISA SI TERMINO LA CONVERSION
000C   2???           00051     GOTO    $-1
000D   130C           00052     BCF     PIR1, ADIF          ; BORRAMOS LA BANDERA DEL ADC 
000E   081E           00053     MOVF    ADRESH, W
000F   00??           00054     MOVWF   SUMADOR1            ; MUEVO EL ADRESH A SUMADOR2
0010   0086           00055     MOVWF   PORTB
                      00056     
                      00057     ; CONVERSION PUERTO A1
0011   30C5           00058     MOVLW   B'11000101'         ; ADC Frc CLOCK
0012   009F           00059     MOVWF   ADCON0              ; AN0, ON  
0013   2???           00060     CALL    DELAY_10MS
0014   2???           00061     CALL    CONFIG_ADC2
0015   2???           00062     CALL    DELAY_10MS
0016   149F           00063     BSF     ADCON0, GO          ; EMPIEZA LA CONVERSION
0017   189F           00064     BTFSC   ADCON0, GO          ; REVISA SI TERMINO LA CONVERSION
0018   2???           00065     GOTO    $-1
0019   130C           00066     BCF     PIR1, ADIF          ; BORRAMOS LA BANDERA DEL ADC 
001A   081E           00067     MOVF    ADRESH, W
001B   00??           00068     MOVWF   SUMADOR2            ; MUEVO EL ADRESH A SUMADOR1
001C   0088           00069     MOVWF   PORTD
                      00070     
001D                  00071 PASO_SERVOS:
                      00072     ; MUEVO LA VARIABLE SERVO1 A CCPR1L
001D   08??           00073     MOVF    SUMADOR1, W
001E   0095           00074     MOVWF   CCPR1L
001F   2???           00075     CALL    DELAY_10MS
                      00076     
                      00077     ; MUEVO LA VARIABLE SERVO2 A CCPR2L
0020   08??           00078     MOVF    SUMADOR2, W
0021   009B           00079     MOVWF   CCPR2L     
0022   2???           00080     CALL    DELAY_10MS
                      00081     
0023   2???           00082     GOTO    LOOP
                      00083 ;-------------------------------------------------------------------------------
                      00084     
                      00085 ;--------------------------------- SUBRUTINAS ----------------------------------
0024                  00086 DELAY_10MS                      ; 10 us DE DELAY
0024   0000           00087     NOP
0025   0000           00088     NOP
0026   0000           00089     NOP
0027   0000           00090     NOP
0028   0000           00091     NOP
0029   0000           00092     NOP
002A   0000           00093     NOP
MPASM 5.77                         LAB 8.ASM   11-6-2020  18:24:30         PAGE  3


LOC  OBJECT CODE     LINE SOURCE TEXT
  VALUE

002B   0000           00094     NOP
002C   0000           00095     NOP
002D   0000           00096     NOP
002E   0008           00097     RETURN
                      00098     
002F                  00099 CONFIG_ADC1
002F   1683 1303      00100     BANKSEL ADCON1
0031   3000           00101     MOVLW   B'00000000'         ; JUSTIFICADO A LA DERECHA, Vref en VDD y VSS
Message[302]: Register in operand not in bank 0.  Ensure that bank bits are correct.
0032   009F           00102     MOVWF   ADCON1
0033   1283 1303      00103     BANKSEL ADCON0
0035   171F           00104     BSF     ADCON0, ADCS0
0036   139F           00105     BCF     ADCON0, ADCS1       ; ADCS -> Fosc/8
0037   111F           00106     BCF     ADCON0, CHS0 
0038   119F           00107     BCF     ADCON0, CHS1
0039   121F           00108     BCF     ADCON0, CHS2
003A   129F           00109     BCF     ADCON0, CHS3        ; CHS  -> CHANNEL 0
003B   109F           00110     BCF     ADCON0, GO
003C   141F           00111     BSF     ADCON0, ADON        ; ADON -> 1 (ADC ACTIVADO)
003D   0008           00112     RETURN
                      00113     
003E                  00114 CONFIG_ADC2
003E   1683 1303      00115     BANKSEL ADCON1
0040   3000           00116     MOVLW   B'00000000'         ; JUSTIFICADO A LA DERECHA, Vref en VDD y VSS
Message[302]: Register in operand not in bank 0.  Ensure that bank bits are correct.
0041   009F           00117     MOVWF   ADCON1
0042   1283 1303      00118     BANKSEL ADCON0
0044   171F           00119     BSF     ADCON0, ADCS0
0045   139F           00120     BCF     ADCON0, ADCS1       ; ADCS -> Fosc/8
0046   151F           00121     BSF     ADCON0, CHS0 
0047   119F           00122     BCF     ADCON0, CHS1
0048   121F           00123     BCF     ADCON0, CHS2
0049   129F           00124     BCF     ADCON0, CHS3        ; CHS  -> CHANNEL 1
004A   109F           00125     BCF     ADCON0, GO
004B   141F           00126     BSF     ADCON0, ADON        ; ADON -> 1 (ADC ACTIVADO)
004C   0008           00127     RETURN
                      00128 ;-------------------------------------------------------------------------------
                      00129     
                      00130 ;------------------------------- CONFIGURACIONES -------------------------------
004D                  00131 CONFIG_IO
004D   1683 1703      00132     BANKSEL ANSEL
Message[302]: Register in operand not in bank 0.  Ensure that bank bits are correct.
004F   0188           00133     CLRF    ANSEL
Message[305]: Using default destination of 1 (file).
Message[302]: Register in operand not in bank 0.  Ensure that bank bits are correct.
0050   0988           00134     COMF    ANSEL               ; ESPECIFICAMOS QUE USAREMOS ANSEL
0051   1683 1303      00135     BANKSEL TRISA
Message[302]: Register in operand not in bank 0.  Ensure that bank bits are correct.
0053   0185           00136     CLRF    TRISA
Message[305]: Using default destination of 1 (file).
Message[302]: Register in operand not in bank 0.  Ensure that bank bits are correct.
0054   0985           00137     COMF    TRISA               ; ACTIVAOS EL PUERTO DE NUESTROS POTENCIOMETROS
Message[302]: Register in operand not in bank 0.  Ensure that bank bits are correct.
MPASM 5.77                         LAB 8.ASM   11-6-2020  18:24:30         PAGE  4


LOC  OBJECT CODE     LINE SOURCE TEXT
  VALUE

0055   0187           00138     CLRF    TRISC               ; PORTC COMO SALIDA DE LOS SERVOS
0056   1283 1303      00139     BANKSEL PORTA
0058   0185           00140     CLRF    PORTA               ; VACIAMOS LOS PUERTOS A USAR
0059   ???? ????      00141     BANKSEL SUMADOR1
005B   01??           00142     CLRF    SUMADOR1
005C   01??           00143     CLRF    SUMADOR2
                      00144     
005D   1683 1303      00145     BANKSEL TRISB
005F   3000           00146     MOVLW   B'00000000'
Message[302]: Register in operand not in bank 0.  Ensure that bank bits are correct.
0060   0086           00147     MOVWF   TRISB
0061   1283 1303      00148     BANKSEL PORTB
0063   0186           00149     CLRF    PORTB
                      00150     
0064   1683 1303      00151     BANKSEL TRISD
0066   3000           00152     MOVLW   B'00000000'
Message[302]: Register in operand not in bank 0.  Ensure that bank bits are correct.
0067   0088           00153     MOVWF   TRISD
0068   1283 1303      00154     BANKSEL PORTD
006A   0188           00155     CLRF    PORTD
006B   0008           00156     RETURN
                      00157 
006C                  00158 CONFIG_RELOJ
                      00159     ; PROGRAMAMOS EL OSCILADOR
006C   1303           00160     BCF     STATUS, RP1
006D   1683           00161     BSF     STATUS, RP0         ; Banco 1
Message[302]: Register in operand not in bank 0.  Ensure that bank bits are correct.
006E   120F           00162     BCF     OSCCON, IRCF0
Message[302]: Register in operand not in bank 0.  Ensure that bank bits are correct.
006F   168F           00163     BSF     OSCCON, IRCF1
Message[302]: Register in operand not in bank 0.  Ensure that bank bits are correct.
0070   170F           00164     BSF     OSCCON, IRCF2       ; OSCILACON 4 MHz
Message[302]: Register in operand not in bank 0.  Ensure that bank bits are correct.
0071   118F           00165     BCF     OSCCON, OSTS
Message[302]: Register in operand not in bank 0.  Ensure that bank bits are correct.
0072   110F           00166     BCF     OSCCON, HTS
Message[302]: Register in operand not in bank 0.  Ensure that bank bits are correct.
0073   108F           00167     BCF     OSCCON, LTS
Message[302]: Register in operand not in bank 0.  Ensure that bank bits are correct.
0074   140F           00168     BSF     OSCCON, SCS         ; USAMOS NUESTRO OSCILADOR COMO SISTEMA DE RELOJ
0075   3000           00169     MOVLW   B'00000000'         ; JUSTIFICACION HACIA LA IZQUIERDA
Message[302]: Register in operand not in bank 0.  Ensure that bank bits are correct.
0076   009F           00170     MOVWF   ADCON1
0077   0008           00171     RETURN
                      00172     
0078                  00173 CONFIG_TIMER2
0078   1303           00174     BCF     STATUS, RP1
0079   1283           00175     BCF     STATUS, RP0         ; BANCO 0
007A   30C1           00176     MOVLW   B'11000001'         ; ADC Frc CLOCK
007B   009F           00177     MOVWF   ADCON0              ; AN0, ON
007C   1512           00178     BSF     T2CON, TMR2ON       ; TIMER2 ON BIT
007D   1412           00179     BSF     T2CON, T2CKPS0
007E   1492           00180     BSF     T2CON, T2CKPS1      ;PRESCALER DE 16 
MPASM 5.77                         LAB 8.ASM   11-6-2020  18:24:30         PAGE  5


LOC  OBJECT CODE     LINE SOURCE TEXT
  VALUE

                      00181     
007F   1703           00182     BSF     STATUS, RP1  
0080   1683           00183     BSF     STATUS, RP0         ; BANCO 1
0081   309B           00184     MOVLW   .155                ; CARGO EL VALOR 155 A PR2
Message[302]: Register in operand not in bank 0.  Ensure that bank bits are correct.
0082   0092           00185     MOVWF   PR2
0083   0008           00186     RETURN
                      00187     
0084                  00188 CONFIG_CCP
0084   1303           00189     BCF     STATUS, RP1
0085   1283           00190     BCF     STATUS, RP0         ; BANCO 0
                      00191 
                      00192     ; CONFIGURACION DE CCP1
0086   300C           00193     MOVLW   B'00001100'
0087   0097           00194     MOVWF   CCP1CON
                      00195 
                      00196     ; CONFIGURACION DE CCP2
0088   300F           00197     MOVLW   B'00001111'
0089   009D           00198     MOVWF   CCP2CON
                      00199 
                      00200     ; LIMPIO EL PUERTO C
008A   0187           00201     CLRF    PORTC
008B   0008           00202     RETURN
                      00203 ;-------------------------------------------------------------------------------
                      00204     
20D4 3FFF             00205     END
MPASM 5.77                         LAB 8.ASM   11-6-2020  18:24:30         PAGE  6


SYMBOL TABLE
  LABEL                             VALUE 

ABDEN                             00000000
ABDOVF                            00000007
ACKDT                             00000005
ACKEN                             00000004
ACKSTAT                           00000006
ADCON0                            0000001F
ADCON1                            0000009F
ADCS0                             00000006
ADCS1                             00000007
ADC_DIGITAL                       00000005
ADDEN                             00000003
ADFM                              00000007
ADIE                              00000006
ADIF                              00000006
ADON                              00000000
ADRESH                            0000001E
ADRESL                            0000009E
ANS0                              00000000
ANS1                              00000001
ANS10                             00000002
ANS11                             00000003
ANS12                             00000004
ANS13                             00000005
ANS2                              00000002
ANS3                              00000003
ANS4                              00000004
ANS5                              00000005
ANS6                              00000006
ANS7                              00000007
ANS8                              00000000
ANS9                              00000001
ANSEL                             00000188
ANSELH                            00000189
BAUDCTL                           00000187
BCLIE                             00000003
BCLIF                             00000003
BF                                00000000
BRG0                              00000000
BRG1                              00000001
BRG10                             00000002
BRG11                             00000003
BRG12                             00000004
BRG13                             00000005
BRG14                             00000006
BRG15                             00000007
BRG16                             00000003
BRG2                              00000002
BRG3                              00000003
BRG4                              00000004
BRG5                              00000005
BRG6                              00000006
BRG7                              00000007
BRG8                              00000000
MPASM 5.77                         LAB 8.ASM   11-6-2020  18:24:30         PAGE  7


SYMBOL TABLE
  LABEL                             VALUE 

BRG9                              00000001
BRGH                              00000002
C                                 00000000
C1CH0                             00000000
C1CH1                             00000001
C1IE                              00000005
C1IF                              00000005
C1OE                              00000005
C1ON                              00000007
C1OUT                             00000006
C1POL                             00000004
C1R                               00000002
C1RSEL                            00000005
C1SEN                             00000005
C2CH0                             00000000
C2CH1                             00000001
C2IE                              00000006
C2IF                              00000006
C2OE                              00000005
C2ON                              00000007
C2OUT                             00000006
C2POL                             00000004
C2R                               00000002
C2REN                             00000004
C2RSEL                            00000004
C2SYNC                            00000000
CCP1CON                           00000017
CCP1IE                            00000002
CCP1IF                            00000002
CCP1M0                            00000000
CCP1M1                            00000001
CCP1M2                            00000002
CCP1M3                            00000003
CCP1X                             00000005
CCP1Y                             00000004
CCP2CON                           0000001D
CCP2IE                            00000000
CCP2IF                            00000000
CCP2M0                            00000000
CCP2M1                            00000001
CCP2M2                            00000002
CCP2M3                            00000003
CCP2X                             00000005
CCP2Y                             00000004
CCPR1                             00000015
CCPR1H                            00000016
CCPR1L                            00000015
CCPR2                             0000001B
CCPR2H                            0000001C
CCPR2L                            0000001B
CHS0                              00000002
CHS1                              00000003
CHS2                              00000004
MPASM 5.77                         LAB 8.ASM   11-6-2020  18:24:30         PAGE  8


SYMBOL TABLE
  LABEL                             VALUE 

CHS3                              00000005
CKE                               00000006
CKP                               00000004
CM1CON0                           00000107
CM2CON0                           00000108
CM2CON1                           00000109
CONFIG_ADC1                       0000002F
CONFIG_ADC2                       0000003E
CONFIG_CCP                        00000084
CONFIG_IO                         0000004D
CONFIG_RELOJ                      0000006C
CONFIG_TIMER2                     00000078
CREN                              00000004
CSRC                              00000007
D                                 00000005
DATA_ADDRESS                      00000005
DC                                00000001
DC1B0                             00000004
DC1B1                             00000005
DC2B0                             00000004
DC2B1                             00000005
DELAY_10MS                        00000024
D_A                               00000005
D_NOT_A                           00000005
ECCPAS                            0000009C
ECCPAS0                           00000004
ECCPAS1                           00000005
ECCPAS2                           00000006
ECCPASE                           00000007
EEADR                             0000010D
EEADRH                            0000010F
EECON1                            0000018C
EECON2                            0000018D
EEDAT                             0000010C
EEDATA                            0000010C
EEDATH                            0000010E
EEIE                              00000004
EEIF                              00000004
EEPGD                             00000007
F                                 00000001
FERR                              00000002
FSR                               00000004
FVREN                             00000000
GCEN                              00000007
GIE                               00000007
GO                                00000001
GO_DONE                           00000001
GO_NOT_DONE                       00000001
HTS                               00000002
I2C_DATA                          00000005
I2C_READ                          00000002
I2C_START                         00000003
I2C_STOP                          00000004
MPASM 5.77                         LAB 8.ASM   11-6-2020  18:24:30         PAGE  9


SYMBOL TABLE
  LABEL                             VALUE 

INDF                              00000000
INTCON                            0000000B
INTE                              00000004
INTEDG                            00000006
INTF                              00000001
IOCB                              00000096
IOCB0                             00000000
IOCB1                             00000001
IOCB2                             00000002
IOCB3                             00000003
IOCB4                             00000004
IOCB5                             00000005
IOCB6                             00000006
IOCB7                             00000007
IRCF0                             00000004
IRCF1                             00000005
IRCF2                             00000006
IRP                               00000007
LOOP                              00000005
LTS                               00000001
MC1OUT                            00000007
MC2OUT                            00000006
MSK                               00000093
MSK0                              00000000
MSK1                              00000001
MSK2                              00000002
MSK3                              00000003
MSK4                              00000004
MSK5                              00000005
MSK6                              00000006
MSK7                              00000007
NOT_A                             00000005
NOT_ADDRESS                       00000005
NOT_BO                            00000000
NOT_BOR                           00000000
NOT_DONE                          00000001
NOT_PD                            00000003
NOT_POR                           00000001
NOT_RBPU                          00000007
NOT_RC8                           00000006
NOT_T1SYNC                        00000002
NOT_TO                            00000004
NOT_TX8                           00000006
NOT_W                             00000002
NOT_WRITE                         00000002
OERR                              00000001
OPTION_REG                        00000081
OSCCON                            0000008F
OSCTUNE                           00000090
OSFIE                             00000007
OSFIF                             00000007
OSTS                              00000003
P                                 00000004
MPASM 5.77                         LAB 8.ASM   11-6-2020  18:24:30         PAGE 10


SYMBOL TABLE
  LABEL                             VALUE 

P1M0                              00000006
P1M1                              00000007
PASO_SERVOS                       0000001D
PCL                               00000002
PCLATH                            0000000A
PCON                              0000008E
PDC0                              00000000
PDC1                              00000001
PDC2                              00000002
PDC3                              00000003
PDC4                              00000004
PDC5                              00000005
PDC6                              00000006
PEIE                              00000006
PEN                               00000002
PIE1                              0000008C
PIE2                              0000008D
PIR1                              0000000C
PIR2                              0000000D
PORTA                             00000005
PORTB                             00000006
PORTC                             00000007
PORTD                             00000008
PORTE                             00000009
PR2                               00000092
PRSEN                             00000007
PS0                               00000000
PS1                               00000001
PS2                               00000002
PSA                               00000003
PSSAC0                            00000002
PSSAC1                            00000003
PSSBD0                            00000000
PSSBD1                            00000001
PSTRCON                           0000009D
PULSR                             00000002
PULSS                             00000003
PWM1CON                           0000009B
R                                 00000002
RA0                               00000000
RA1                               00000001
RA2                               00000002
RA3                               00000003
RA4                               00000004
RA5                               00000005
RA6                               00000006
RA7                               00000007
RB0                               00000000
RB1                               00000001
RB2                               00000002
RB3                               00000003
RB4                               00000004
RB5                               00000005
MPASM 5.77                         LAB 8.ASM   11-6-2020  18:24:30         PAGE 11


SYMBOL TABLE
  LABEL                             VALUE 

RB6                               00000006
RB7                               00000007
RBIE                              00000003
RBIF                              00000000
RC0                               00000000
RC1                               00000001
RC2                               00000002
RC3                               00000003
RC4                               00000004
RC5                               00000005
RC6                               00000006
RC7                               00000007
RC8_9                             00000006
RC9                               00000006
RCD8                              00000000
RCEN                              00000003
RCIDL                             00000006
RCIE                              00000005
RCIF                              00000005
RCREG                             0000001A
RCSTA                             00000018
RD                                00000000
RD0                               00000000
RD1                               00000001
RD2                               00000002
RD3                               00000003
RD4                               00000004
RD5                               00000005
RD6                               00000006
RD7                               00000007
RE0                               00000000
RE1                               00000001
RE2                               00000002
RE3                               00000003
READ_WRITE                        00000002
RP0                               00000005
RP1                               00000006
RSEN                              00000001
RX9                               00000006
RX9D                              00000000
R_NOT_W                           00000002
R_W                               00000002
S                                 00000003
SBOREN                            00000004
SCKP                              00000004
SCS                               00000000
SEN                               00000000
SENDB                             00000003
SMP                               00000007
SPBRG                             00000099
SPBRGH                            0000009A
SPEN                              00000007
SR0                               00000006
MPASM 5.77                         LAB 8.ASM   11-6-2020  18:24:30         PAGE 12


SYMBOL TABLE
  LABEL                             VALUE 

SR1                               00000007
SRCON                             00000185
SREN                              00000005
SSPADD                            00000093
SSPBUF                            00000013
SSPCON                            00000014
SSPCON2                           00000091
SSPEN                             00000005
SSPIE                             00000003
SSPIF                             00000003
SSPM0                             00000000
SSPM1                             00000001
SSPM2                             00000002
SSPM3                             00000003
SSPMSK                            00000093
SSPOV                             00000006
SSPSTAT                           00000094
START                             00000000
STATUS                            00000003
STRA                              00000000
STRB                              00000001
STRC                              00000002
STRD                              00000003
STRSYNC                           00000004
SUMADOR1                          00000000
SUMADOR2                          00000001
SWDTEN                            00000000
SYNC                              00000004
T0CS                              00000005
T0IE                              00000005
T0IF                              00000002
T0SE                              00000004
T1CKPS0                           00000004
T1CKPS1                           00000005
T1CON                             00000010
T1GINV                            00000007
T1GIV                             00000007
T1GSS                             00000001
T1INSYNC                          00000002
T1OSCEN                           00000003
T1SYNC                            00000002
T2CKPS0                           00000000
T2CKPS1                           00000001
T2CON                             00000012
TMR0                              00000001
TMR0IE                            00000005
TMR0IF                            00000002
TMR1                              0000000E
TMR1CS                            00000001
TMR1GE                            00000006
TMR1H                             0000000F
TMR1IE                            00000000
TMR1IF                            00000000
MPASM 5.77                         LAB 8.ASM   11-6-2020  18:24:30         PAGE 13


SYMBOL TABLE
  LABEL                             VALUE 

TMR1L                             0000000E
TMR1ON                            00000000
TMR2                              00000011
TMR2IE                            00000001
TMR2IF                            00000001
TMR2ON                            00000002
TOUTPS0                           00000003
TOUTPS1                           00000004
TOUTPS2                           00000005
TOUTPS3                           00000006
TRISA                             00000085
TRISA0                            00000000
TRISA1                            00000001
TRISA2                            00000002
TRISA3                            00000003
TRISA4                            00000004
TRISA5                            00000005
TRISA6                            00000006
TRISA7                            00000007
TRISB                             00000086
TRISB0                            00000000
TRISB1                            00000001
TRISB2                            00000002
TRISB3                            00000003
TRISB4                            00000004
TRISB5                            00000005
TRISB6                            00000006
TRISB7                            00000007
TRISC                             00000087
TRISC0                            00000000
TRISC1                            00000001
TRISC2                            00000002
TRISC3                            00000003
TRISC4                            00000004
TRISC5                            00000005
TRISC6                            00000006
TRISC7                            00000007
TRISD                             00000088
TRISD0                            00000000
TRISD1                            00000001
TRISD2                            00000002
TRISD3                            00000003
TRISD4                            00000004
TRISD5                            00000005
TRISD6                            00000006
TRISD7                            00000007
TRISE                             00000089
TRISE0                            00000000
TRISE1                            00000001
TRISE2                            00000002
TRISE3                            00000003
TRMT                              00000001
TUN0                              00000000
MPASM 5.77                         LAB 8.ASM   11-6-2020  18:24:30         PAGE 14


SYMBOL TABLE
  LABEL                             VALUE 

TUN1                              00000001
TUN2                              00000002
TUN3                              00000003
TUN4                              00000004
TX8_9                             00000006
TX9                               00000006
TX9D                              00000000
TXD8                              00000000
TXEN                              00000005
TXIE                              00000004
TXIF                              00000004
TXREG                             00000019
TXSTA                             00000098
UA                                00000001
ULPWUE                            00000005
ULPWUIE                           00000002
ULPWUIF                           00000002
VCFG0                             00000004
VCFG1                             00000005
VR0                               00000000
VR1                               00000001
VR2                               00000002
VR3                               00000003
VRCON                             00000097
VREN                              00000007
VROE                              00000006
VRR                               00000005
VRSS                              00000004
W                                 00000000
WCOL                              00000007
WDTCON                            00000105
WDTPS0                            00000001
WDTPS1                            00000002
WDTPS2                            00000003
WDTPS3                            00000004
WPUB                              00000095
WPUB0                             00000000
WPUB1                             00000001
WPUB2                             00000002
WPUB3                             00000003
WPUB4                             00000004
WPUB5                             00000005
WPUB6                             00000006
WPUB7                             00000007
WR                                00000001
WREN                              00000002
WRERR                             00000003
WUE                               00000001
Z                                 00000002
_BOR21V                           00003EFF
_BOR40V                           00003FFF
_BOR4V_BOR21V                     00003EFF
_BOR4V_BOR40V                     00003FFF
MPASM 5.77                         LAB 8.ASM   11-6-2020  18:24:30         PAGE 15


SYMBOL TABLE
  LABEL                             VALUE 

_BOREN_NSLEEP                     00003EFF
_BOREN_OFF                        00003CFF
_BOREN_ON                         00003FFF
_BOREN_SBODEN                     00003DFF
_BOR_NSLEEP                       00003EFF
_BOR_OFF                          00003CFF
_BOR_ON                           00003FFF
_BOR_SBODEN                       00003DFF
_CONFIG1                          00002007
_CONFIG2                          00002008
_CPD_OFF                          00003FFF
_CPD_ON                           00003F7F
_CP_OFF                           00003FFF
_CP_ON                            00003FBF
_DEBUG_OFF                        00003FFF
_DEBUG_ON                         00001FFF
_DEVID1                           00002006
_EC_OSC                           00003FFB
_EXTRC                            00003FFF
_EXTRCIO                          00003FFE
_EXTRC_OSC_CLKOUT                 00003FFF
_EXTRC_OSC_NOCLKOUT               00003FFE
_FCMEN_OFF                        000037FF
_FCMEN_ON                         00003FFF
_FOSC_EC                          00003FFB
_FOSC_EXTRC_CLKOUT                00003FFF
_FOSC_EXTRC_NOCLKOUT              00003FFE
_FOSC_HS                          00003FFA
_FOSC_INTRC_CLKOUT                00003FFD
_FOSC_INTRC_NOCLKOUT              00003FFC
_FOSC_LP                          00003FF8
_FOSC_XT                          00003FF9
_HS_OSC                           00003FFA
_IDLOC0                           00002000
_IDLOC1                           00002001
_IDLOC2                           00002002
_IDLOC3                           00002003
_IESO_OFF                         00003BFF
_IESO_ON                          00003FFF
_INTOSC                           00003FFD
_INTOSCIO                         00003FFC
_INTRC_OSC_CLKOUT                 00003FFD
_INTRC_OSC_NOCLKOUT               00003FFC
_LP_OSC                           00003FF8
_LVP_OFF                          00002FFF
_LVP_ON                           00003FFF
_MAIN_PROG_000C                   0000000C
_MAIN_PROG_0018                   00000018
_MCLRE_OFF                        00003FDF
_MCLRE_ON                         00003FFF
_PWRTE_OFF                        00003FFF
_PWRTE_ON                         00003FEF
_WDTE_OFF                         00003FF7
MPASM 5.77                         LAB 8.ASM   11-6-2020  18:24:30         PAGE 16


SYMBOL TABLE
  LABEL                             VALUE 

_WDTE_ON                          00003FFF
_WDT_OFF                          00003FF7
_WDT_ON                           00003FFF
_WRT_1FOURTH                      00003BFF
_WRT_256                          00003DFF
_WRT_HALF                         000039FF
_WRT_OFF                          00003FFF
_XT_OSC                           00003FF9
__16F887                          00000001

Errors   :     0
Warnings :     2 reported,     0 suppressed
Messages :    20 reported,     0 suppressed

