Warning[205] D:\UVG\TERCER AÒO\SEGUNDO SEMESTRE\PROGRA DE MICROS\MPLAB\PRUEBA 2 P1.X\PRUEBA 2P1.ASM 17 : Found directive in column 1. (__CONFIG)
Warning[205] D:\UVG\TERCER AÒO\SEGUNDO SEMESTRE\PROGRA DE MICROS\MPLAB\PRUEBA 2 P1.X\PRUEBA 2P1.ASM 20 : Found directive in column 1. (__CONFIG)
Warning[207] D:\UVG\TERCER AÒO\SEGUNDO SEMESTRE\PROGRA DE MICROS\MPLAB\PRUEBA 2 P1.X\PRUEBA 2P1.ASM 24 : Found label after column 1. (GPR_VAR)
Warning[207] D:\UVG\TERCER AÒO\SEGUNDO SEMESTRE\PROGRA DE MICROS\MPLAB\PRUEBA 2 P1.X\PRUEBA 2P1.ASM 26 : Found label after column 1. (A—O)
Warning[207] D:\UVG\TERCER AÒO\SEGUNDO SEMESTRE\PROGRA DE MICROS\MPLAB\PRUEBA 2 P1.X\PRUEBA 2P1.ASM 27 : Found label after column 1. (ALARMA_ON_BAN)
Warning[207] D:\UVG\TERCER AÒO\SEGUNDO SEMESTRE\PROGRA DE MICROS\MPLAB\PRUEBA 2 P1.X\PRUEBA 2P1.ASM 29 : Found label after column 1. (BANDERA_A)
Warning[207] D:\UVG\TERCER AÒO\SEGUNDO SEMESTRE\PROGRA DE MICROS\MPLAB\PRUEBA 2 P1.X\PRUEBA 2P1.ASM 30 : Found label after column 1. (BANDERA_B)
Warning[207] D:\UVG\TERCER AÒO\SEGUNDO SEMESTRE\PROGRA DE MICROS\MPLAB\PRUEBA 2 P1.X\PRUEBA 2P1.ASM 31 : Found label after column 1. (BANDERA_C)
Warning[207] D:\UVG\TERCER AÒO\SEGUNDO SEMESTRE\PROGRA DE MICROS\MPLAB\PRUEBA 2 P1.X\PRUEBA 2P1.ASM 32 : Found label after column 1. (BANDERA_D)
Warning[207] D:\UVG\TERCER AÒO\SEGUNDO SEMESTRE\PROGRA DE MICROS\MPLAB\PRUEBA 2 P1.X\PRUEBA 2P1.ASM 33 : Found label after column 1. (BANDERA_ES_1)
Warning[207] D:\UVG\TERCER AÒO\SEGUNDO SEMESTRE\PROGRA DE MICROS\MPLAB\PRUEBA 2 P1.X\PRUEBA 2P1.ASM 34 : Found label after column 1. (BANDERA_ES_2)
Warning[207] D:\UVG\TERCER AÒO\SEGUNDO SEMESTRE\PROGRA DE MICROS\MPLAB\PRUEBA 2 P1.X\PRUEBA 2P1.ASM 35 : Found label after column 1. (BANDERA_ES_3)
Warning[207] D:\UVG\TERCER AÒO\SEGUNDO SEMESTRE\PROGRA DE MICROS\MPLAB\PRUEBA 2 P1.X\PRUEBA 2P1.ASM 36 : Found label after column 1. (BANDERA_FECHA)
Warning[207] D:\UVG\TERCER AÒO\SEGUNDO SEMESTRE\PROGRA DE MICROS\MPLAB\PRUEBA 2 P1.X\PRUEBA 2P1.ASM 39 : Found label after column 1. (CONT_1S)
Warning[207] D:\UVG\TERCER AÒO\SEGUNDO SEMESTRE\PROGRA DE MICROS\MPLAB\PRUEBA 2 P1.X\PRUEBA 2P1.ASM 40 : Found label after column 1. (CONT_60S)
Warning[207] D:\UVG\TERCER AÒO\SEGUNDO SEMESTRE\PROGRA DE MICROS\MPLAB\PRUEBA 2 P1.X\PRUEBA 2P1.ASM 41 : Found label after column 1. (CONT_500MS)
Warning[207] D:\UVG\TERCER AÒO\SEGUNDO SEMESTRE\PROGRA DE MICROS\MPLAB\PRUEBA 2 P1.X\PRUEBA 2P1.ASM 42 : Found label after column 1. (CONT1)
Warning[207] D:\UVG\TERCER AÒO\SEGUNDO SEMESTRE\PROGRA DE MICROS\MPLAB\PRUEBA 2 P1.X\PRUEBA 2P1.ASM 43 : Found label after column 1. (CONT2)
Warning[207] D:\UVG\TERCER AÒO\SEGUNDO SEMESTRE\PROGRA DE MICROS\MPLAB\PRUEBA 2 P1.X\PRUEBA 2P1.ASM 44 : Found label after column 1. (CONT_ALARMA)
Warning[207] D:\UVG\TERCER AÒO\SEGUNDO SEMESTRE\PROGRA DE MICROS\MPLAB\PRUEBA 2 P1.X\PRUEBA 2P1.ASM 46 : Found label after column 1. (DELAY_1)
Warning[207] D:\UVG\TERCER AÒO\SEGUNDO SEMESTRE\PROGRA DE MICROS\MPLAB\PRUEBA 2 P1.X\PRUEBA 2P1.ASM 47 : Found label after column 1. (DIA_UNI)
Warning[207] D:\UVG\TERCER AÒO\SEGUNDO SEMESTRE\PROGRA DE MICROS\MPLAB\PRUEBA 2 P1.X\PRUEBA 2P1.ASM 48 : Found label after column 1. (DIA_DEC)
Warning[207] D:\UVG\TERCER AÒO\SEGUNDO SEMESTRE\PROGRA DE MICROS\MPLAB\PRUEBA 2 P1.X\PRUEBA 2P1.ASM 49 : Found label after column 1. (DISPLAY_1)
Warning[207] D:\UVG\TERCER AÒO\SEGUNDO SEMESTRE\PROGRA DE MICROS\MPLAB\PRUEBA 2 P1.X\PRUEBA 2P1.ASM 50 : Found label after column 1. (DISPLAY_2)
Warning[207] D:\UVG\TERCER AÒO\SEGUNDO SEMESTRE\PROGRA DE MICROS\MPLAB\PRUEBA 2 P1.X\PRUEBA 2P1.ASM 51 : Found label after column 1. (DISPLAY_3)
Warning[207] D:\UVG\TERCER AÒO\SEGUNDO SEMESTRE\PROGRA DE MICROS\MPLAB\PRUEBA 2 P1.X\PRUEBA 2P1.ASM 52 : Found label after column 1. (DISPLAY_4)
Warning[207] D:\UVG\TERCER AÒO\SEGUNDO SEMESTRE\PROGRA DE MICROS\MPLAB\PRUEBA 2 P1.X\PRUEBA 2P1.ASM 53 : Found label after column 1. (DIA_U_MAX)
Warning[207] D:\UVG\TERCER AÒO\SEGUNDO SEMESTRE\PROGRA DE MICROS\MPLAB\PRUEBA 2 P1.X\PRUEBA 2P1.ASM 54 : Found label after column 1. (DIA_D_MAX)
Warning[207] D:\UVG\TERCER AÒO\SEGUNDO SEMESTRE\PROGRA DE MICROS\MPLAB\PRUEBA 2 P1.X\PRUEBA 2P1.ASM 56 : Found label after column 1. (HORA_U)
Warning[207] D:\UVG\TERCER AÒO\SEGUNDO SEMESTRE\PROGRA DE MICROS\MPLAB\PRUEBA 2 P1.X\PRUEBA 2P1.ASM 57 : Found label after column 1. (HORA_D)
Warning[207] D:\UVG\TERCER AÒO\SEGUNDO SEMESTRE\PROGRA DE MICROS\MPLAB\PRUEBA 2 P1.X\PRUEBA 2P1.ASM 58 : Found label after column 1. (HORA24)
Warning[207] D:\UVG\TERCER AÒO\SEGUNDO SEMESTRE\PROGRA DE MICROS\MPLAB\PRUEBA 2 P1.X\PRUEBA 2P1.ASM 59 : Found label after column 1. (HORA_U_ALARM)
Warning[207] D:\UVG\TERCER AÒO\SEGUNDO SEMESTRE\PROGRA DE MICROS\MPLAB\PRUEBA 2 P1.X\PRUEBA 2P1.ASM 60 : Found label after column 1. (HORA_D_ALARM)
Warning[207] D:\UVG\TERCER AÒO\SEGUNDO SEMESTRE\PROGRA DE MICROS\MPLAB\PRUEBA 2 P1.X\PRUEBA 2P1.ASM 62 : Found label after column 1. (INTER_LED)
Warning[207] D:\UVG\TERCER AÒO\SEGUNDO SEMESTRE\PROGRA DE MICROS\MPLAB\PRUEBA 2 P1.X\PRUEBA 2P1.ASM 64 : Found label after column 1. (MIN_U)
Warning[207] D:\UVG\TERCER AÒO\SEGUNDO SEMESTRE\PROGRA DE MICROS\MPLAB\PRUEBA 2 P1.X\PRUEBA 2P1.ASM 65 : Found label after column 1. (MIN_D)
Warning[207] D:\UVG\TERCER AÒO\SEGUNDO SEMESTRE\PROGRA DE MICROS\MPLAB\PRUEBA 2 P1.X\PRUEBA 2P1.ASM 66 : Found label after column 1. (MES)
Warning[207] D:\UVG\TERCER AÒO\SEGUNDO SEMESTRE\PROGRA DE MICROS\MPLAB\PRUEBA 2 P1.X\PRUEBA 2P1.ASM 67 : Found label after column 1. (MES_U)
Warning[207] D:\UVG\TERCER AÒO\SEGUNDO SEMESTRE\PROGRA DE MICROS\MPLAB\PRUEBA 2 P1.X\PRUEBA 2P1.ASM 68 : Found label after column 1. (MES_D)
Warning[207] D:\UVG\TERCER AÒO\SEGUNDO SEMESTRE\PROGRA DE MICROS\MPLAB\PRUEBA 2 P1.X\PRUEBA 2P1.ASM 69 : Found label after column 1. (MES12)
Warning[207] D:\UVG\TERCER AÒO\SEGUNDO SEMESTRE\PROGRA DE MICROS\MPLAB\PRUEBA 2 P1.X\PRUEBA 2P1.ASM 70 : Found label after column 1. (MIN_U_ALARM)
Warning[207] D:\UVG\TERCER AÒO\SEGUNDO SEMESTRE\PROGRA DE MICROS\MPLAB\PRUEBA 2 P1.X\PRUEBA 2P1.ASM 71 : Found label after column 1. (MIN_D_ALARM)
Warning[207] D:\UVG\TERCER AÒO\SEGUNDO SEMESTRE\PROGRA DE MICROS\MPLAB\PRUEBA 2 P1.X\PRUEBA 2P1.ASM 73 : Found label after column 1. (STOP)
Warning[207] D:\UVG\TERCER AÒO\SEGUNDO SEMESTRE\PROGRA DE MICROS\MPLAB\PRUEBA 2 P1.X\PRUEBA 2P1.ASM 74 : Found label after column 1. (STOP_DIA)
Warning[207] D:\UVG\TERCER AÒO\SEGUNDO SEMESTRE\PROGRA DE MICROS\MPLAB\PRUEBA 2 P1.X\PRUEBA 2P1.ASM 75 : Found label after column 1. (STOP_MES)
Warning[207] D:\UVG\TERCER AÒO\SEGUNDO SEMESTRE\PROGRA DE MICROS\MPLAB\PRUEBA 2 P1.X\PRUEBA 2P1.ASM 76 : Found label after column 1. (STOP_ALARM)
Warning[207] D:\UVG\TERCER AÒO\SEGUNDO SEMESTRE\PROGRA DE MICROS\MPLAB\PRUEBA 2 P1.X\PRUEBA 2P1.ASM 77 : Found label after column 1. (STATUS_TEMP)
Warning[207] D:\UVG\TERCER AÒO\SEGUNDO SEMESTRE\PROGRA DE MICROS\MPLAB\PRUEBA 2 P1.X\PRUEBA 2P1.ASM 79 : Found label after column 1. (W_TEMP)
Warning[205] D:\UVG\TERCER AÒO\SEGUNDO SEMESTRE\PROGRA DE MICROS\MPLAB\PRUEBA 2 P1.X\PRUEBA 2P1.ASM 87 : Found directive in column 1. (ENDM)
Message[305] D:\UVG\TERCER AÒO\SEGUNDO SEMESTRE\PROGRA DE MICROS\MPLAB\PRUEBA 2 P1.X\PRUEBA 2P1.ASM 170 : Using default destination of 1 (file).
Message[305] D:\UVG\TERCER AÒO\SEGUNDO SEMESTRE\PROGRA DE MICROS\MPLAB\PRUEBA 2 P1.X\PRUEBA 2P1.ASM 176 : Using default destination of 1 (file).
Warning[203] D:\UVG\TERCER AÒO\SEGUNDO SEMESTRE\PROGRA DE MICROS\MPLAB\PRUEBA 2 P1.X\PRUEBA 2P1.ASM 205 : Found opcode in column 1. (RETURN)
Message[305] D:\UVG\TERCER AÒO\SEGUNDO SEMESTRE\PROGRA DE MICROS\MPLAB\PRUEBA 2 P1.X\PRUEBA 2P1.ASM 209 : Using default destination of 1 (file).
Warning[203] D:\UVG\TERCER AÒO\SEGUNDO SEMESTRE\PROGRA DE MICROS\MPLAB\PRUEBA 2 P1.X\PRUEBA 2P1.ASM 211 : Found opcode in column 1. (RETURN)
Message[305] D:\UVG\TERCER AÒO\SEGUNDO SEMESTRE\PROGRA DE MICROS\MPLAB\PRUEBA 2 P1.X\PRUEBA 2P1.ASM 215 : Using default destination of 1 (file).
Warning[203] D:\UVG\TERCER AÒO\SEGUNDO SEMESTRE\PROGRA DE MICROS\MPLAB\PRUEBA 2 P1.X\PRUEBA 2P1.ASM 217 : Found opcode in column 1. (RETURN)
Message[302] D:\UVG\TERCER AÒO\SEGUNDO SEMESTRE\PROGRA DE MICROS\MPLAB\PRUEBA 2 P1.X\PRUEBA 2P1.ASM 259 : Register in operand not in bank 0.  Ensure that bank bits are correct.
Message[302] D:\UVG\TERCER AÒO\SEGUNDO SEMESTRE\PROGRA DE MICROS\MPLAB\PRUEBA 2 P1.X\PRUEBA 2P1.ASM 261 : Register in operand not in bank 0.  Ensure that bank bits are correct.
Message[302] D:\UVG\TERCER AÒO\SEGUNDO SEMESTRE\PROGRA DE MICROS\MPLAB\PRUEBA 2 P1.X\PRUEBA 2P1.ASM 264 : Register in operand not in bank 0.  Ensure that bank bits are correct.
Message[302] D:\UVG\TERCER AÒO\SEGUNDO SEMESTRE\PROGRA DE MICROS\MPLAB\PRUEBA 2 P1.X\PRUEBA 2P1.ASM 268 : Register in operand not in bank 0.  Ensure that bank bits are correct.
Message[302] D:\UVG\TERCER AÒO\SEGUNDO SEMESTRE\PROGRA DE MICROS\MPLAB\PRUEBA 2 P1.X\PRUEBA 2P1.ASM 273 : Register in operand not in bank 0.  Ensure that bank bits are correct.
Message[302] D:\UVG\TERCER AÒO\SEGUNDO SEMESTRE\PROGRA DE MICROS\MPLAB\PRUEBA 2 P1.X\PRUEBA 2P1.ASM 279 : Register in operand not in bank 0.  Ensure that bank bits are correct.
Message[302] D:\UVG\TERCER AÒO\SEGUNDO SEMESTRE\PROGRA DE MICROS\MPLAB\PRUEBA 2 P1.X\PRUEBA 2P1.ASM 280 : Register in operand not in bank 0.  Ensure that bank bits are correct.
Message[302] D:\UVG\TERCER AÒO\SEGUNDO SEMESTRE\PROGRA DE MICROS\MPLAB\PRUEBA 2 P1.X\PRUEBA 2P1.ASM 328 : Register in operand not in bank 0.  Ensure that bank bits are correct.
Message[302] D:\UVG\TERCER AÒO\SEGUNDO SEMESTRE\PROGRA DE MICROS\MPLAB\PRUEBA 2 P1.X\PRUEBA 2P1.ASM 329 : Register in operand not in bank 0.  Ensure that bank bits are correct.
Message[302] D:\UVG\TERCER AÒO\SEGUNDO SEMESTRE\PROGRA DE MICROS\MPLAB\PRUEBA 2 P1.X\PRUEBA 2P1.ASM 330 : Register in operand not in bank 0.  Ensure that bank bits are correct.
Message[302] D:\UVG\TERCER AÒO\SEGUNDO SEMESTRE\PROGRA DE MICROS\MPLAB\PRUEBA 2 P1.X\PRUEBA 2P1.ASM 331 : Register in operand not in bank 0.  Ensure that bank bits are correct.
Message[302] D:\UVG\TERCER AÒO\SEGUNDO SEMESTRE\PROGRA DE MICROS\MPLAB\PRUEBA 2 P1.X\PRUEBA 2P1.ASM 332 : Register in operand not in bank 0.  Ensure that bank bits are correct.
Message[302] D:\UVG\TERCER AÒO\SEGUNDO SEMESTRE\PROGRA DE MICROS\MPLAB\PRUEBA 2 P1.X\PRUEBA 2P1.ASM 360 : Register in operand not in bank 0.  Ensure that bank bits are correct.
Message[302] D:\UVG\TERCER AÒO\SEGUNDO SEMESTRE\PROGRA DE MICROS\MPLAB\PRUEBA 2 P1.X\PRUEBA 2P1.ASM 375 : Register in operand not in bank 0.  Ensure that bank bits are correct.
Message[302] D:\UVG\TERCER AÒO\SEGUNDO SEMESTRE\PROGRA DE MICROS\MPLAB\PRUEBA 2 P1.X\PRUEBA 2P1.ASM 376 : Register in operand not in bank 0.  Ensure that bank bits are correct.
Message[305] D:\UVG\TERCER AÒO\SEGUNDO SEMESTRE\PROGRA DE MICROS\MPLAB\PRUEBA 2 P1.X\PRUEBA 2P1.ASM 400 : Using default destination of 1 (file).
Message[305] D:\UVG\TERCER AÒO\SEGUNDO SEMESTRE\PROGRA DE MICROS\MPLAB\PRUEBA 2 P1.X\PRUEBA 2P1.ASM 416 : Using default destination of 1 (file).
Message[305] D:\UVG\TERCER AÒO\SEGUNDO SEMESTRE\PROGRA DE MICROS\MPLAB\PRUEBA 2 P1.X\PRUEBA 2P1.ASM 511 : Using default destination of 1 (file).
Warning[207] D:\UVG\TERCER AÒO\SEGUNDO SEMESTRE\PROGRA DE MICROS\MPLAB\PRUEBA 2 P1.X\PRUEBA 2P1.ASM 520 : Found label after column 1. (VERIFICAR_ALARMA_T2)
Message[305] D:\UVG\TERCER AÒO\SEGUNDO SEMESTRE\PROGRA DE MICROS\MPLAB\PRUEBA 2 P1.X\PRUEBA 2P1.ASM 576 : Using default destination of 1 (file).
Message[305] D:\UVG\TERCER AÒO\SEGUNDO SEMESTRE\PROGRA DE MICROS\MPLAB\PRUEBA 2 P1.X\PRUEBA 2P1.ASM 588 : Using default destination of 1 (file).
Message[305] D:\UVG\TERCER AÒO\SEGUNDO SEMESTRE\PROGRA DE MICROS\MPLAB\PRUEBA 2 P1.X\PRUEBA 2P1.ASM 594 : Using default destination of 1 (file).
Message[305] D:\UVG\TERCER AÒO\SEGUNDO SEMESTRE\PROGRA DE MICROS\MPLAB\PRUEBA 2 P1.X\PRUEBA 2P1.ASM 606 : Using default destination of 1 (file).
Message[305] D:\UVG\TERCER AÒO\SEGUNDO SEMESTRE\PROGRA DE MICROS\MPLAB\PRUEBA 2 P1.X\PRUEBA 2P1.ASM 614 : Using default destination of 1 (file).
Message[305] D:\UVG\TERCER AÒO\SEGUNDO SEMESTRE\PROGRA DE MICROS\MPLAB\PRUEBA 2 P1.X\PRUEBA 2P1.ASM 626 : Using default destination of 1 (file).
Message[305] D:\UVG\TERCER AÒO\SEGUNDO SEMESTRE\PROGRA DE MICROS\MPLAB\PRUEBA 2 P1.X\PRUEBA 2P1.ASM 643 : Using default destination of 1 (file).
Message[305] D:\UVG\TERCER AÒO\SEGUNDO SEMESTRE\PROGRA DE MICROS\MPLAB\PRUEBA 2 P1.X\PRUEBA 2P1.ASM 661 : Using default destination of 1 (file).
Message[305] D:\UVG\TERCER AÒO\SEGUNDO SEMESTRE\PROGRA DE MICROS\MPLAB\PRUEBA 2 P1.X\PRUEBA 2P1.ASM 708 : Using default destination of 1 (file).
Message[305] D:\UVG\TERCER AÒO\SEGUNDO SEMESTRE\PROGRA DE MICROS\MPLAB\PRUEBA 2 P1.X\PRUEBA 2P1.ASM 717 : Using default destination of 1 (file).
Message[305] D:\UVG\TERCER AÒO\SEGUNDO SEMESTRE\PROGRA DE MICROS\MPLAB\PRUEBA 2 P1.X\PRUEBA 2P1.ASM 719 : Using default destination of 1 (file).
Message[305] D:\UVG\TERCER AÒO\SEGUNDO SEMESTRE\PROGRA DE MICROS\MPLAB\PRUEBA 2 P1.X\PRUEBA 2P1.ASM 729 : Using default destination of 1 (file).
Message[305] D:\UVG\TERCER AÒO\SEGUNDO SEMESTRE\PROGRA DE MICROS\MPLAB\PRUEBA 2 P1.X\PRUEBA 2P1.ASM 747 : Using default destination of 1 (file).
Warning[207] D:\UVG\TERCER AÒO\SEGUNDO SEMESTRE\PROGRA DE MICROS\MPLAB\PRUEBA 2 P1.X\PRUEBA 2P1.ASM 775 : Found label after column 1. (MODIFICAR_ALARMA_INIT)
Message[305] D:\UVG\TERCER AÒO\SEGUNDO SEMESTRE\PROGRA DE MICROS\MPLAB\PRUEBA 2 P1.X\PRUEBA 2P1.ASM 797 : Using default destination of 1 (file).
Message[305] D:\UVG\TERCER AÒO\SEGUNDO SEMESTRE\PROGRA DE MICROS\MPLAB\PRUEBA 2 P1.X\PRUEBA 2P1.ASM 803 : Using default destination of 1 (file).
Message[305] D:\UVG\TERCER AÒO\SEGUNDO SEMESTRE\PROGRA DE MICROS\MPLAB\PRUEBA 2 P1.X\PRUEBA 2P1.ASM 812 : Using default destination of 1 (file).
Warning[205] D:\UVG\TERCER AÒO\SEGUNDO SEMESTRE\PROGRA DE MICROS\MPLAB\PRUEBA 2 P1.X\PRUEBA 2P1.ASM 818 : Found directive in column 1. (END)
