Warning[207] D:\UVG\TERCER AÒO\SEGUNDO SEMESTRE\PROGRA DE MICROS\MPLAB\PRUEBA LAB4.X\PRUEBALAB 4.ASM 31 : Found label after column 1. (CONT1)
Warning[207] D:\UVG\TERCER AÒO\SEGUNDO SEMESTRE\PROGRA DE MICROS\MPLAB\PRUEBA LAB4.X\PRUEBALAB 4.ASM 32 : Found label after column 1. (CONTA)
Warning[207] D:\UVG\TERCER AÒO\SEGUNDO SEMESTRE\PROGRA DE MICROS\MPLAB\PRUEBA LAB4.X\PRUEBALAB 4.ASM 33 : Found label after column 1. (CONTB)
Warning[207] D:\UVG\TERCER AÒO\SEGUNDO SEMESTRE\PROGRA DE MICROS\MPLAB\PRUEBA LAB4.X\PRUEBALAB 4.ASM 34 : Found label after column 1. (CONTOR)
Warning[207] D:\UVG\TERCER AÒO\SEGUNDO SEMESTRE\PROGRA DE MICROS\MPLAB\PRUEBA LAB4.X\PRUEBALAB 4.ASM 35 : Found label after column 1. (CONT1S)
Warning[207] D:\UVG\TERCER AÒO\SEGUNDO SEMESTRE\PROGRA DE MICROS\MPLAB\PRUEBA LAB4.X\PRUEBALAB 4.ASM 36 : Found label after column 1. (CONTADOR)
Warning[207] D:\UVG\TERCER AÒO\SEGUNDO SEMESTRE\PROGRA DE MICROS\MPLAB\PRUEBA LAB4.X\PRUEBALAB 4.ASM 38 : Found label after column 1. (W_TEMP)
Warning[207] D:\UVG\TERCER AÒO\SEGUNDO SEMESTRE\PROGRA DE MICROS\MPLAB\PRUEBA LAB4.X\PRUEBALAB 4.ASM 39 : Found label after column 1. (STATUS_TEMP)
Warning[207] D:\UVG\TERCER AÒO\SEGUNDO SEMESTRE\PROGRA DE MICROS\MPLAB\PRUEBA LAB4.X\PRUEBALAB 4.ASM 40 : Found label after column 1. (TEMP1)
Warning[207] D:\UVG\TERCER AÒO\SEGUNDO SEMESTRE\PROGRA DE MICROS\MPLAB\PRUEBA LAB4.X\PRUEBALAB 4.ASM 41 : Found label after column 1. (TEMP2)
Warning[207] D:\UVG\TERCER AÒO\SEGUNDO SEMESTRE\PROGRA DE MICROS\MPLAB\PRUEBA LAB4.X\PRUEBALAB 4.ASM 46 : Found label after column 1. (RES_VECT)
Message[305] D:\UVG\TERCER AÒO\SEGUNDO SEMESTRE\PROGRA DE MICROS\MPLAB\PRUEBA LAB4.X\PRUEBALAB 4.ASM 63 : Using default destination of 1 (file).
Message[305] D:\UVG\TERCER AÒO\SEGUNDO SEMESTRE\PROGRA DE MICROS\MPLAB\PRUEBA LAB4.X\PRUEBALAB 4.ASM 64 : Using default destination of 1 (file).
Message[305] D:\UVG\TERCER AÒO\SEGUNDO SEMESTRE\PROGRA DE MICROS\MPLAB\PRUEBA LAB4.X\PRUEBALAB 4.ASM 140 : Using default destination of 1 (file).
Warning[207] D:\UVG\TERCER AÒO\SEGUNDO SEMESTRE\PROGRA DE MICROS\MPLAB\PRUEBA LAB4.X\PRUEBALAB 4.ASM 143 : Found label after column 1. (DEC_VAR)
Message[305] D:\UVG\TERCER AÒO\SEGUNDO SEMESTRE\PROGRA DE MICROS\MPLAB\PRUEBA LAB4.X\PRUEBALAB 4.ASM 151 : Using default destination of 1 (file).
Message[305] D:\UVG\TERCER AÒO\SEGUNDO SEMESTRE\PROGRA DE MICROS\MPLAB\PRUEBA LAB4.X\PRUEBALAB 4.ASM 162 : Using default destination of 1 (file).
Message[302] D:\UVG\TERCER AÒO\SEGUNDO SEMESTRE\PROGRA DE MICROS\MPLAB\PRUEBA LAB4.X\PRUEBALAB 4.ASM 203 : Register in operand not in bank 0.  Ensure that bank bits are correct.
Message[302] D:\UVG\TERCER AÒO\SEGUNDO SEMESTRE\PROGRA DE MICROS\MPLAB\PRUEBA LAB4.X\PRUEBALAB 4.ASM 207 : Register in operand not in bank 0.  Ensure that bank bits are correct.
Message[302] D:\UVG\TERCER AÒO\SEGUNDO SEMESTRE\PROGRA DE MICROS\MPLAB\PRUEBA LAB4.X\PRUEBALAB 4.ASM 208 : Register in operand not in bank 0.  Ensure that bank bits are correct.
Message[302] D:\UVG\TERCER AÒO\SEGUNDO SEMESTRE\PROGRA DE MICROS\MPLAB\PRUEBA LAB4.X\PRUEBALAB 4.ASM 212 : Register in operand not in bank 0.  Ensure that bank bits are correct.
Message[302] D:\UVG\TERCER AÒO\SEGUNDO SEMESTRE\PROGRA DE MICROS\MPLAB\PRUEBA LAB4.X\PRUEBALAB 4.ASM 218 : Register in operand not in bank 0.  Ensure that bank bits are correct.
Message[302] D:\UVG\TERCER AÒO\SEGUNDO SEMESTRE\PROGRA DE MICROS\MPLAB\PRUEBA LAB4.X\PRUEBALAB 4.ASM 224 : Register in operand not in bank 0.  Ensure that bank bits are correct.
Message[302] D:\UVG\TERCER AÒO\SEGUNDO SEMESTRE\PROGRA DE MICROS\MPLAB\PRUEBA LAB4.X\PRUEBALAB 4.ASM 232 : Register in operand not in bank 0.  Ensure that bank bits are correct.
Message[302] D:\UVG\TERCER AÒO\SEGUNDO SEMESTRE\PROGRA DE MICROS\MPLAB\PRUEBA LAB4.X\PRUEBALAB 4.ASM 233 : Register in operand not in bank 0.  Ensure that bank bits are correct.
Message[302] D:\UVG\TERCER AÒO\SEGUNDO SEMESTRE\PROGRA DE MICROS\MPLAB\PRUEBA LAB4.X\PRUEBALAB 4.ASM 234 : Register in operand not in bank 0.  Ensure that bank bits are correct.
Message[302] D:\UVG\TERCER AÒO\SEGUNDO SEMESTRE\PROGRA DE MICROS\MPLAB\PRUEBA LAB4.X\PRUEBALAB 4.ASM 235 : Register in operand not in bank 0.  Ensure that bank bits are correct.
Message[302] D:\UVG\TERCER AÒO\SEGUNDO SEMESTRE\PROGRA DE MICROS\MPLAB\PRUEBA LAB4.X\PRUEBALAB 4.ASM 236 : Register in operand not in bank 0.  Ensure that bank bits are correct.
Warning[205] D:\UVG\TERCER AÒO\SEGUNDO SEMESTRE\PROGRA DE MICROS\MPLAB\PRUEBA LAB4.X\PRUEBALAB 4.ASM 250 : Found directive in column 1. (END)
