MPASM 5.77                   PRUEBALAB 4.ASM   9-7-2020  23:23:34         PAGE  1


LOC  OBJECT CODE     LINE SOURCE TEXT
  VALUE

                      00001 ;******************************************************************************
                      00002 ;                                                                             *
                      00003 ;     Filaname:     lab -> laboratorio 4.asm                                  *
                      00004 ;     Date         25 /08/2020                                                *
                      00005 ;     File version: v.2                                                       *
                      00006 ;     author :       Yefry Sajquiy - 18748                                    *
                      00007 ;     ompany;        UVG                                                      *
                      00008 ;     Description:   contador de 8 bits   HEXAGECIMAL                         *
                      00009 ;                                                *
                      00010 ;******************************************************************************
                      00011 
                      00012     
                      00013 #INCLUDE "p16f887.inc"
                      00001         LIST
                      00002 
                      00003 ;==========================================================================
                      00004 ; Build date : Nov 22 2017
                      00005 ;  MPASM PIC16F887 processor include
                      00006 ; 
                      00007 ;  (c) Copyright 1999-2017 Microchip Technology, All rights reserved
                      00008 ;==========================================================================
                      00009 
                      00810         LIST
                      00014 ; CONFIG1
                      00015 ; __config 0xF0F1
2007   20D4           00016  __CONFIG _CONFIG1, _FOSC_INTRC_NOCLKOUT & _WDTE_OFF & _PWRTE_OFF & _MCLRE_OFF & _CP_OFF & _CPD_OFF & _B
                            OREN_OFF & _IESO_OFF & _FCMEN_OFF & _LVP_OFF
                      00017 ; CONFIG2
                      00018 ; __config 0xFFFF
2008   3FFF           00019  __CONFIG _CONFIG2, _BOR4V_BOR40V & _WRT_OFF
                      00020  
                      00021 
                      00022 ; -------------------- EQU-----------------------------------------------
                      00023 
  00000000            00024 BUTTON_A    EQU RA0
  00000001            00025 BUTTON_B    EQU RA1
                      00026  
                      00027  
                      00028 ;------------- VARIABLES CON 1 ESPACIO -----------------------------------------
                      00029  
                      00030 GPR_VAR  UDATA
Warning[207]: Found label after column 1. (CONT1)
0000                  00031     CONT1      RES 1     
Warning[207]: Found label after column 1. (CONTA)
0001                  00032     CONTA      RES 1
Warning[207]: Found label after column 1. (CONTB)
0002                  00033     CONTB      RES 1
Warning[207]: Found label after column 1. (CONTOR)
0003                  00034     CONTOR     RES 1
Warning[207]: Found label after column 1. (CONT1S)
0004                  00035     CONT1S     RES 1
Warning[207]: Found label after column 1. (CONTADOR)
0005                  00036     CONTADOR   RES 1 
MPASM 5.77                   PRUEBALAB 4.ASM   9-7-2020  23:23:34         PAGE  2


LOC  OBJECT CODE     LINE SOURCE TEXT
  VALUE

                      00037  
Warning[207]: Found label after column 1. (W_TEMP)
0006                  00038     W_TEMP     RES 1
Warning[207]: Found label after column 1. (STATUS_TEMP)
0007                  00039     STATUS_TEMP RES 1 
Warning[207]: Found label after column 1. (TEMP1)
0008                  00040     TEMP1      RES 1
Warning[207]: Found label after column 1. (TEMP2)
0009                  00041     TEMP2      RES 1
                      00042 
                      00043 ;----------------------- CONFIGURACION DE INTERUPCIONES ------------------------
                      00044 
                      00045       
Warning[207]: Found label after column 1. (RES_VECT)
                      00046  RES_VECT  CODE    0x0000           
0000   2???           00047  GOTO   START  
                      00048 
                      00049 
                      00050 ISR_VECT  CODE    0X0004
                      00051   
0004                  00052 PUSH:
0004   00??           00053     MOVWF W_TEMP
0005   0E03           00054     SWAPF STATUS, W
0006   00??           00055     MOVWF STATUS_TEMP
                      00056     
0007                  00057 ISR:
0007   1D0B           00058     BTFSS INTCON, T0IF 
0008   2???           00059     GOTO POP
0009   303C           00060     MOVLW   .60
000A   0081           00061     MOVWF   TMR0
000B   110B           00062     BCF     INTCON, T0IF
Message[305]: Using default destination of 1 (file).
000C   0A??           00063     INCF    CONT1S
Message[305]: Using default destination of 1 (file).
000D   0A??           00064     INCF    CONTADOR
000E   0B??           00065     DECFSZ  CONTOR,1
000F   1D03           00066     BTFSS   STATUS, Z
0010   2???           00067     GOTO POP
                      00068     
0011                  00069 POP:
0011   0E??           00070     SWAPF STATUS_TEMP, W
0012   0083           00071     MOVWF STATUS 
0013   0E??           00072     SWAPF W_TEMP, F
0014   0E??           00073     SWAPF W_TEMP, W
0015   0009           00074     RETFIE
                      00075     
                      00076 ;---------------------------------TABLA----------------------------------------
0016                  00077 TABLA_7S:
                      00078     
0016   390F           00079     ANDLW   B'00001111';1
0017   0782           00080     ADDWF   PCL, F
0018   343F           00081     RETLW   B'00111111';0
0019   3406           00082     RETLW   B'00000110';1
MPASM 5.77                   PRUEBALAB 4.ASM   9-7-2020  23:23:34         PAGE  3


LOC  OBJECT CODE     LINE SOURCE TEXT
  VALUE

001A   345B           00083     RETLW   B'01011011';2
001B   344F           00084     RETLW   B'01001111';3
001C   3466           00085     RETLW   B'01100110';4
001D   346D           00086     RETLW   B'01101101';5
001E   347D           00087     RETLW   B'01111101';6
001F   3407           00088     RETLW   B'00000111';7
0020   347F           00089     RETLW   B'01111111';8
0021   346F           00090     RETLW   B'01101111';9
0022   3477           00091     RETLW   B'01110111';A
0023   347C           00092     RETLW   B'01111100';b
0024   3439           00093     RETLW   B'00111001';c
0025   345E           00094     RETLW   B'01011110';d
0026   3479           00095     RETLW   B'01111001';E
0027   3471           00096     RETLW   B'01110001';F
                      00097 
                      00098 
                      00099 ;------------------------------------------------------------------------------
                      00100 ;           MAIN PROGRAM
                      00101 ;------------------------------------------------------------------------------
                      00102      
                      00103 MAIN_PROG CODE  0X100 
                      00104  
0100                  00105 START
0100   1683 1303      00106     BANKSEL TRISA
                      00107  
0102   2???           00108     CALL   CONFIG_IO
0103   2???           00109     CALL   CONFIG_TMR0
0104   2???           00110     CALL   CONFIG_INTERRUPT
0105   3003           00111     MOVLW  .3   ;CONTADOE STARTS AT 00
0106   00??           00112     MOVWF  CONTA
0107   2???           00113     GOTO   LOOP
                      00114   
                      00115 ;--------------------   LOOP   -------------------------------------------------
                      00116     
0108                  00117 LOOP
0108   2???           00118     CALL  INC_VAR
0109   2???           00119     CALL  DEC_VAR
010A   2???           00120     CALL  DISPLAY_1
010B   2???           00121     CALL  DISPLAY_0
010C   2???           00122     CALL  TMRS1
                      00123  
010D   08??           00124     MOVF    CONTB,  W
010E   0206           00125     SUBWF   PORTB, W
010F   1903           00126     BTFSC   STATUS, Z
0110   2???           00127     CALL    RPSET 
0111   2???           00128     GOTO    LOOP   
                      00129 
                      00130 ;------------------------- OPERACIONES DE LOS BLOQUES -------------------------
                      00131  
0112                  00132 INC_VAR: 
0112   1283           00133    BCF    STATUS, RP0
0113   1303           00134    BCF    STATUS, RP1
0114   1C05           00135    BTFSS  PORTA , RA0
MPASM 5.77                   PRUEBALAB 4.ASM   9-7-2020  23:23:34         PAGE  4


LOC  OBJECT CODE     LINE SOURCE TEXT
  VALUE

0115   0008           00136    RETURN 
                      00137   
0116   1805           00138    BTFSC  PORTA , BUTTON_A 
0117   2???           00139    GOTO   $-1
Message[305]: Using default destination of 1 (file).
0118   0A??           00140    INCF   CONTA
0119   0008           00141    RETURN 
                      00142   
Warning[207]: Found label after column 1. (DEC_VAR)
011A                  00143  DEC_VAR: 
011A   1283           00144     BCF    STATUS, RP0
011B   1303           00145     BCF    STATUS, RP1
011C   1C85           00146     BTFSS  PORTA , RA1
011D   0008           00147     RETURN 
                      00148   
011E   1885           00149     BTFSC  PORTA , BUTTON_B
011F   2???           00150     GOTO   $-1
Message[305]: Using default destination of 1 (file).
0120   03??           00151     DECF   CONTA
0121   0008           00152     RETURN 
                      00153  
0122                  00154 TMRS1:
0122   08??           00155     MOVF    CONT1S ,0
0123   3C3C           00156     SUBLW   .60
0124   1903           00157     BTFSC   STATUS, Z
0125   2???           00158     CALL    LUZPB
0126   0008           00159     RETURN 
                      00160  
0127                  00161 LUZPB:
Message[305]: Using default destination of 1 (file).
0127   0A86           00162     INCF PORTB 
0128   01??           00163     CLRF CONT1S
0129   0008           00164     RETURN 
                      00165  
012A                  00166 RPSET:
012A   1685           00167     BSF   PORTA, RA5
012B   01??           00168     CLRF  CONTADOR
012C   1C00           00169     BTFSS CONTADOR , 0
012D   2???           00170     GOTO  $-1
012E   0186           00171     CLRF  PORTB
012F   1285           00172     BCF   PORTA, RA5
0130   0008           00173     RETURN
                      00174 
                      00175 ; ------------- DISPLAYS --------------------------------------------
                      00176   
0131                  00177 DISPLAY_0:
0131   1008           00178     BCF   PORTD, RD0
0132   0E??           00179     SWAPF CONTA, W
0133   00??           00180     MOVWF TEMP1
0134   300F           00181     MOVLW 0X0F
0135   05??           00182     ANDWF TEMP1, W
0136   2???           00183     CALL  TABLA_7S
0137   0087           00184     MOVWF PORTC 
MPASM 5.77                   PRUEBALAB 4.ASM   9-7-2020  23:23:34         PAGE  5


LOC  OBJECT CODE     LINE SOURCE TEXT
  VALUE

0138   1488           00185     BSF   PORTD, RD1
0139   0008           00186     RETURN
                      00187  
013A                  00188 DISPLAY_1:
013A   1088           00189     BCF   PORTD, RD1
013B   300F           00190     MOVLW 0X0F
013C   05??           00191     ANDWF CONTA,W
013D   2???           00192     CALL  TABLA_7S
013E   0087           00193     MOVWF PORTC 
013F   1408           00194     BSF   PORTD, RD0
0140   0008           00195     RETURN 
                      00196     
                      00197 ; ------------- CONFIGURACION IO --------------------------------------------
                      00198   
0141                  00199 CONFIG_IO:
0141   1683 1303      00200     BANKSEL TRISA
                      00201     
0143   3003           00202     MOVLW   B'0000011'
Message[302]: Register in operand not in bank 0.  Ensure that bank bits are correct.
0144   0085           00203     MOVWF   TRISA
0145   1283 1303      00204     BANKSEL PORTA
0147   0185           00205     CLRF    PORTA
0148   1683 1703      00206     BANKSEL ANSEL
Message[302]: Register in operand not in bank 0.  Ensure that bank bits are correct.
014A   0188           00207     CLRF    ANSEL
Message[302]: Register in operand not in bank 0.  Ensure that bank bits are correct.
014B   0189           00208     CLRF    ANSELH 
                      00209   
014C   1683 1303      00210     BANKSEL TRISB
014E   30FE           00211     MOVLW   B'11111110'
Message[302]: Register in operand not in bank 0.  Ensure that bank bits are correct.
014F   0086           00212     MOVWF   TRISB
0150   1283 1303      00213     BANKSEL PORTB
0152   0186           00214     CLRF    PORTB
                      00215     
0153   1683 1303      00216     BANKSEL TRISC
0155   3000           00217     MOVLW   B'00000000'
Message[302]: Register in operand not in bank 0.  Ensure that bank bits are correct.
0156   0087           00218     MOVWF   TRISC
0157   1283 1303      00219     BANKSEL PORTC
0159   0187           00220     CLRF    PORTC
                      00221     
015A   1683 1303      00222     BANKSEL TRISD
015C   3000           00223     MOVLW   B'00000000'
Message[302]: Register in operand not in bank 0.  Ensure that bank bits are correct.
015D   0088           00224     MOVWF   TRISD
015E   1283 1303      00225     BANKSEL PORTD
0160   0188           00226     CLRF    PORTD
                      00227     
0161   0008           00228     RETURN
                      00229 ;-------------------- TIMER 0 ----------------------------------------------
0162                  00230 CONFIG_TMR0:
0162   1683 1303      00231     BANKSEL TRISA
MPASM 5.77                   PRUEBALAB 4.ASM   9-7-2020  23:23:34         PAGE  6


LOC  OBJECT CODE     LINE SOURCE TEXT
  VALUE

Message[302]: Register in operand not in bank 0.  Ensure that bank bits are correct.
0164   1281           00232     BCF OPTION_REG , T0CS
Message[302]: Register in operand not in bank 0.  Ensure that bank bits are correct.
0165   1181           00233     BCF OPTION_REG , PSA
Message[302]: Register in operand not in bank 0.  Ensure that bank bits are correct.
0166   1501           00234     BSF OPTION_REG , PS2
Message[302]: Register in operand not in bank 0.  Ensure that bank bits are correct.
0167   1481           00235     BSF OPTION_REG , PS1
Message[302]: Register in operand not in bank 0.  Ensure that bank bits are correct.
0168   1001           00236     BCF OPTION_REG , PS0
                      00237  
0169   1283 1303      00238     BANKSEL PORTA
016B   3032           00239     MOVLW .50
016C   0081           00240     MOVWF TMR0
016D   110B           00241     BCF INTCON, T0IF
016E   0008           00242     RETURN
                      00243  
016F                  00244 CONFIG_INTERRUPT:
016F   178B           00245     BSF  INTCON, GIE
0170   168B           00246     BSF  INTCON, T0IE
0171   110B           00247     BCF  INTCON, T0IF 
0172   0008           00248     RETURN 
                      00249 
Warning[205]: Found directive in column 1. (END)
20D4 3FFF             00250 END
MPASM 5.77                   PRUEBALAB 4.ASM   9-7-2020  23:23:34         PAGE  7


SYMBOL TABLE
  LABEL                             VALUE 

ABDEN                             00000000
ABDOVF                            00000007
ACKDT                             00000005
ACKEN                             00000004
ACKSTAT                           00000006
ADCON0                            0000001F
ADCON1                            0000009F
ADCS0                             00000006
ADCS1                             00000007
ADDEN                             00000003
ADFM                              00000007
ADIE                              00000006
ADIF                              00000006
ADON                              00000000
ADRESH                            0000001E
ADRESL                            0000009E
ANS0                              00000000
ANS1                              00000001
ANS10                             00000002
ANS11                             00000003
ANS12                             00000004
ANS13                             00000005
ANS2                              00000002
ANS3                              00000003
ANS4                              00000004
ANS5                              00000005
ANS6                              00000006
ANS7                              00000007
ANS8                              00000000
ANS9                              00000001
ANSEL                             00000188
ANSELH                            00000189
BAUDCTL                           00000187
BCLIE                             00000003
BCLIF                             00000003
BF                                00000000
BRG0                              00000000
BRG1                              00000001
BRG10                             00000002
BRG11                             00000003
BRG12                             00000004
BRG13                             00000005
BRG14                             00000006
BRG15                             00000007
BRG16                             00000003
BRG2                              00000002
BRG3                              00000003
BRG4                              00000004
BRG5                              00000005
BRG6                              00000006
BRG7                              00000007
BRG8                              00000000
BRG9                              00000001
MPASM 5.77                   PRUEBALAB 4.ASM   9-7-2020  23:23:34         PAGE  8


SYMBOL TABLE
  LABEL                             VALUE 

BRGH                              00000002
BUTTON_A                          00000000
BUTTON_B                          00000001
C                                 00000000
C1CH0                             00000000
C1CH1                             00000001
C1IE                              00000005
C1IF                              00000005
C1OE                              00000005
C1ON                              00000007
C1OUT                             00000006
C1POL                             00000004
C1R                               00000002
C1RSEL                            00000005
C1SEN                             00000005
C2CH0                             00000000
C2CH1                             00000001
C2IE                              00000006
C2IF                              00000006
C2OE                              00000005
C2ON                              00000007
C2OUT                             00000006
C2POL                             00000004
C2R                               00000002
C2REN                             00000004
C2RSEL                            00000004
C2SYNC                            00000000
CCP1CON                           00000017
CCP1IE                            00000002
CCP1IF                            00000002
CCP1M0                            00000000
CCP1M1                            00000001
CCP1M2                            00000002
CCP1M3                            00000003
CCP1X                             00000005
CCP1Y                             00000004
CCP2CON                           0000001D
CCP2IE                            00000000
CCP2IF                            00000000
CCP2M0                            00000000
CCP2M1                            00000001
CCP2M2                            00000002
CCP2M3                            00000003
CCP2X                             00000005
CCP2Y                             00000004
CCPR1                             00000015
CCPR1H                            00000016
CCPR1L                            00000015
CCPR2                             0000001B
CCPR2H                            0000001C
CCPR2L                            0000001B
CHS0                              00000002
CHS1                              00000003
MPASM 5.77                   PRUEBALAB 4.ASM   9-7-2020  23:23:34         PAGE  9


SYMBOL TABLE
  LABEL                             VALUE 

CHS2                              00000004
CHS3                              00000005
CKE                               00000006
CKP                               00000004
CM1CON0                           00000107
CM2CON0                           00000108
CM2CON1                           00000109
CONFIG_INTERRUPT                  0000016F
CONFIG_IO                         00000141
CONFIG_TMR0                       00000162
CONT1                             00000000
CONT1S                            00000004
CONTA                             00000001
CONTADOR                          00000005
CONTB                             00000002
CONTOR                            00000003
CREN                              00000004
CSRC                              00000007
D                                 00000005
DATA_ADDRESS                      00000005
DC                                00000001
DC1B0                             00000004
DC1B1                             00000005
DC2B0                             00000004
DC2B1                             00000005
DEC_VAR                           0000011A
DISPLAY_0                         00000131
DISPLAY_1                         0000013A
D_A                               00000005
D_NOT_A                           00000005
ECCPAS                            0000009C
ECCPAS0                           00000004
ECCPAS1                           00000005
ECCPAS2                           00000006
ECCPASE                           00000007
EEADR                             0000010D
EEADRH                            0000010F
EECON1                            0000018C
EECON2                            0000018D
EEDAT                             0000010C
EEDATA                            0000010C
EEDATH                            0000010E
EEIE                              00000004
EEIF                              00000004
EEPGD                             00000007
F                                 00000001
FERR                              00000002
FSR                               00000004
FVREN                             00000000
GCEN                              00000007
GIE                               00000007
GO                                00000001
GO_DONE                           00000001
MPASM 5.77                   PRUEBALAB 4.ASM   9-7-2020  23:23:34         PAGE 10


SYMBOL TABLE
  LABEL                             VALUE 

GO_NOT_DONE                       00000001
HTS                               00000002
I2C_DATA                          00000005
I2C_READ                          00000002
I2C_START                         00000003
I2C_STOP                          00000004
INC_VAR                           00000112
INDF                              00000000
INTCON                            0000000B
INTE                              00000004
INTEDG                            00000006
INTF                              00000001
IOCB                              00000096
IOCB0                             00000000
IOCB1                             00000001
IOCB2                             00000002
IOCB3                             00000003
IOCB4                             00000004
IOCB5                             00000005
IOCB6                             00000006
IOCB7                             00000007
IRCF0                             00000004
IRCF1                             00000005
IRCF2                             00000006
IRP                               00000007
ISR                               00000007
LOOP                              00000108
LTS                               00000001
LUZPB                             00000127
MC1OUT                            00000007
MC2OUT                            00000006
MSK                               00000093
MSK0                              00000000
MSK1                              00000001
MSK2                              00000002
MSK3                              00000003
MSK4                              00000004
MSK5                              00000005
MSK6                              00000006
MSK7                              00000007
NOT_A                             00000005
NOT_ADDRESS                       00000005
NOT_BO                            00000000
NOT_BOR                           00000000
NOT_DONE                          00000001
NOT_PD                            00000003
NOT_POR                           00000001
NOT_RBPU                          00000007
NOT_RC8                           00000006
NOT_T1SYNC                        00000002
NOT_TO                            00000004
NOT_TX8                           00000006
NOT_W                             00000002
MPASM 5.77                   PRUEBALAB 4.ASM   9-7-2020  23:23:34         PAGE 11


SYMBOL TABLE
  LABEL                             VALUE 

NOT_WRITE                         00000002
OERR                              00000001
OPTION_REG                        00000081
OSCCON                            0000008F
OSCTUNE                           00000090
OSFIE                             00000007
OSFIF                             00000007
OSTS                              00000003
P                                 00000004
P1M0                              00000006
P1M1                              00000007
PCL                               00000002
PCLATH                            0000000A
PCON                              0000008E
PDC0                              00000000
PDC1                              00000001
PDC2                              00000002
PDC3                              00000003
PDC4                              00000004
PDC5                              00000005
PDC6                              00000006
PEIE                              00000006
PEN                               00000002
PIE1                              0000008C
PIE2                              0000008D
PIR1                              0000000C
PIR2                              0000000D
POP                               00000011
PORTA                             00000005
PORTB                             00000006
PORTC                             00000007
PORTD                             00000008
PORTE                             00000009
PR2                               00000092
PRSEN                             00000007
PS0                               00000000
PS1                               00000001
PS2                               00000002
PSA                               00000003
PSSAC0                            00000002
PSSAC1                            00000003
PSSBD0                            00000000
PSSBD1                            00000001
PSTRCON                           0000009D
PULSR                             00000002
PULSS                             00000003
PUSH                              00000004
PWM1CON                           0000009B
R                                 00000002
RA0                               00000000
RA1                               00000001
RA2                               00000002
RA3                               00000003
MPASM 5.77                   PRUEBALAB 4.ASM   9-7-2020  23:23:34         PAGE 12


SYMBOL TABLE
  LABEL                             VALUE 

RA4                               00000004
RA5                               00000005
RA6                               00000006
RA7                               00000007
RB0                               00000000
RB1                               00000001
RB2                               00000002
RB3                               00000003
RB4                               00000004
RB5                               00000005
RB6                               00000006
RB7                               00000007
RBIE                              00000003
RBIF                              00000000
RC0                               00000000
RC1                               00000001
RC2                               00000002
RC3                               00000003
RC4                               00000004
RC5                               00000005
RC6                               00000006
RC7                               00000007
RC8_9                             00000006
RC9                               00000006
RCD8                              00000000
RCEN                              00000003
RCIDL                             00000006
RCIE                              00000005
RCIF                              00000005
RCREG                             0000001A
RCSTA                             00000018
RD                                00000000
RD0                               00000000
RD1                               00000001
RD2                               00000002
RD3                               00000003
RD4                               00000004
RD5                               00000005
RD6                               00000006
RD7                               00000007
RE0                               00000000
RE1                               00000001
RE2                               00000002
RE3                               00000003
READ_WRITE                        00000002
RP0                               00000005
RP1                               00000006
RPSET                             0000012A
RSEN                              00000001
RX9                               00000006
RX9D                              00000000
R_NOT_W                           00000002
R_W                               00000002
MPASM 5.77                   PRUEBALAB 4.ASM   9-7-2020  23:23:34         PAGE 13


SYMBOL TABLE
  LABEL                             VALUE 

S                                 00000003
SBOREN                            00000004
SCKP                              00000004
SCS                               00000000
SEN                               00000000
SENDB                             00000003
SMP                               00000007
SPBRG                             00000099
SPBRGH                            0000009A
SPEN                              00000007
SR0                               00000006
SR1                               00000007
SRCON                             00000185
SREN                              00000005
SSPADD                            00000093
SSPBUF                            00000013
SSPCON                            00000014
SSPCON2                           00000091
SSPEN                             00000005
SSPIE                             00000003
SSPIF                             00000003
SSPM0                             00000000
SSPM1                             00000001
SSPM2                             00000002
SSPM3                             00000003
SSPMSK                            00000093
SSPOV                             00000006
SSPSTAT                           00000094
START                             00000100
STATUS                            00000003
STATUS_TEMP                       00000007
STRA                              00000000
STRB                              00000001
STRC                              00000002
STRD                              00000003
STRSYNC                           00000004
SWDTEN                            00000000
SYNC                              00000004
T0CS                              00000005
T0IE                              00000005
T0IF                              00000002
T0SE                              00000004
T1CKPS0                           00000004
T1CKPS1                           00000005
T1CON                             00000010
T1GINV                            00000007
T1GIV                             00000007
T1GSS                             00000001
T1INSYNC                          00000002
T1OSCEN                           00000003
T1SYNC                            00000002
T2CKPS0                           00000000
T2CKPS1                           00000001
MPASM 5.77                   PRUEBALAB 4.ASM   9-7-2020  23:23:34         PAGE 14


SYMBOL TABLE
  LABEL                             VALUE 

T2CON                             00000012
TABLA_7S                          00000016
TEMP1                             00000008
TEMP2                             00000009
TMR0                              00000001
TMR0IE                            00000005
TMR0IF                            00000002
TMR1                              0000000E
TMR1CS                            00000001
TMR1GE                            00000006
TMR1H                             0000000F
TMR1IE                            00000000
TMR1IF                            00000000
TMR1L                             0000000E
TMR1ON                            00000000
TMR2                              00000011
TMR2IE                            00000001
TMR2IF                            00000001
TMR2ON                            00000002
TMRS1                             00000122
TOUTPS0                           00000003
TOUTPS1                           00000004
TOUTPS2                           00000005
TOUTPS3                           00000006
TRISA                             00000085
TRISA0                            00000000
TRISA1                            00000001
TRISA2                            00000002
TRISA3                            00000003
TRISA4                            00000004
TRISA5                            00000005
TRISA6                            00000006
TRISA7                            00000007
TRISB                             00000086
TRISB0                            00000000
TRISB1                            00000001
TRISB2                            00000002
TRISB3                            00000003
TRISB4                            00000004
TRISB5                            00000005
TRISB6                            00000006
TRISB7                            00000007
TRISC                             00000087
TRISC0                            00000000
TRISC1                            00000001
TRISC2                            00000002
TRISC3                            00000003
TRISC4                            00000004
TRISC5                            00000005
TRISC6                            00000006
TRISC7                            00000007
TRISD                             00000088
TRISD0                            00000000
MPASM 5.77                   PRUEBALAB 4.ASM   9-7-2020  23:23:34         PAGE 15


SYMBOL TABLE
  LABEL                             VALUE 

TRISD1                            00000001
TRISD2                            00000002
TRISD3                            00000003
TRISD4                            00000004
TRISD5                            00000005
TRISD6                            00000006
TRISD7                            00000007
TRISE                             00000089
TRISE0                            00000000
TRISE1                            00000001
TRISE2                            00000002
TRISE3                            00000003
TRMT                              00000001
TUN0                              00000000
TUN1                              00000001
TUN2                              00000002
TUN3                              00000003
TUN4                              00000004
TX8_9                             00000006
TX9                               00000006
TX9D                              00000000
TXD8                              00000000
TXEN                              00000005
TXIE                              00000004
TXIF                              00000004
TXREG                             00000019
TXSTA                             00000098
UA                                00000001
ULPWUE                            00000005
ULPWUIE                           00000002
ULPWUIF                           00000002
VCFG0                             00000004
VCFG1                             00000005
VR0                               00000000
VR1                               00000001
VR2                               00000002
VR3                               00000003
VRCON                             00000097
VREN                              00000007
VROE                              00000006
VRR                               00000005
VRSS                              00000004
W                                 00000000
WCOL                              00000007
WDTCON                            00000105
WDTPS0                            00000001
WDTPS1                            00000002
WDTPS2                            00000003
WDTPS3                            00000004
WPUB                              00000095
WPUB0                             00000000
WPUB1                             00000001
WPUB2                             00000002
MPASM 5.77                   PRUEBALAB 4.ASM   9-7-2020  23:23:34         PAGE 16


SYMBOL TABLE
  LABEL                             VALUE 

WPUB3                             00000003
WPUB4                             00000004
WPUB5                             00000005
WPUB6                             00000006
WPUB7                             00000007
WR                                00000001
WREN                              00000002
WRERR                             00000003
WUE                               00000001
W_TEMP                            00000006
Z                                 00000002
_BOR21V                           00003EFF
_BOR40V                           00003FFF
_BOR4V_BOR21V                     00003EFF
_BOR4V_BOR40V                     00003FFF
_BOREN_NSLEEP                     00003EFF
_BOREN_OFF                        00003CFF
_BOREN_ON                         00003FFF
_BOREN_SBODEN                     00003DFF
_BOR_NSLEEP                       00003EFF
_BOR_OFF                          00003CFF
_BOR_ON                           00003FFF
_BOR_SBODEN                       00003DFF
_CONFIG1                          00002007
_CONFIG2                          00002008
_CPD_OFF                          00003FFF
_CPD_ON                           00003F7F
_CP_OFF                           00003FFF
_CP_ON                            00003FBF
_DEBUG_OFF                        00003FFF
_DEBUG_ON                         00001FFF
_DEVID1                           00002006
_EC_OSC                           00003FFB
_EXTRC                            00003FFF
_EXTRCIO                          00003FFE
_EXTRC_OSC_CLKOUT                 00003FFF
_EXTRC_OSC_NOCLKOUT               00003FFE
_FCMEN_OFF                        000037FF
_FCMEN_ON                         00003FFF
_FOSC_EC                          00003FFB
_FOSC_EXTRC_CLKOUT                00003FFF
_FOSC_EXTRC_NOCLKOUT              00003FFE
_FOSC_HS                          00003FFA
_FOSC_INTRC_CLKOUT                00003FFD
_FOSC_INTRC_NOCLKOUT              00003FFC
_FOSC_LP                          00003FF8
_FOSC_XT                          00003FF9
_HS_OSC                           00003FFA
_IDLOC0                           00002000
_IDLOC1                           00002001
_IDLOC2                           00002002
_IDLOC3                           00002003
_IESO_OFF                         00003BFF
MPASM 5.77                   PRUEBALAB 4.ASM   9-7-2020  23:23:34         PAGE 17


SYMBOL TABLE
  LABEL                             VALUE 

_IESO_ON                          00003FFF
_INTOSC                           00003FFD
_INTOSCIO                         00003FFC
_INTRC_OSC_CLKOUT                 00003FFD
_INTRC_OSC_NOCLKOUT               00003FFC
_LP_OSC                           00003FF8
_LVP_OFF                          00002FFF
_LVP_ON                           00003FFF
_MAIN_PROG_0117                   00000117
_MAIN_PROG_011F                   0000011F
_MAIN_PROG_012D                   0000012D
_MCLRE_OFF                        00003FDF
_MCLRE_ON                         00003FFF
_PWRTE_OFF                        00003FFF
_PWRTE_ON                         00003FEF
_WDTE_OFF                         00003FF7
_WDTE_ON                          00003FFF
_WDT_OFF                          00003FF7
_WDT_ON                           00003FFF
_WRT_1FOURTH                      00003BFF
_WRT_256                          00003DFF
_WRT_HALF                         000039FF
_WRT_OFF                          00003FFF
_XT_OSC                           00003FF9
__16F887                          00000001

Errors   :     0
Warnings :    13 reported,     0 suppressed
Messages :    16 reported,     0 suppressed

