MPASM 5.77                         LABB3.ASM   8-14-2020  21:30:34         PAGE  1


LOC  OBJECT CODE     LINE SOURCE TEXT
  VALUE

                      00001 ;******************************************************************************
                      00002 ;                                                                             *
                      00003 ;     Filaname:     lab -> laboratorio #3.asm                                 *
                      00004 ;     Date          14/08/2020                                                *
                      00005 ;     File version: v.1                                                       *
                      00006 ;     author :        Yefry Sajquiy - 18748                                   *
                      00007 ;     ompany;        UVG                                                      *
                      00008 ;     Description:   contador con TMRO, contador de disply                    *
                      00009 ;                    y alarma                                                 *
                      00010 ;******************************************************************************
                      00011 
                      00012     #include "p16f887.inc" 
                      00001         LIST
                      00002 
                      00003 ;==========================================================================
                      00004 ; Build date : Nov 22 2017
                      00005 ;  MPASM PIC16F887 processor include
                      00006 ; 
                      00007 ;  (c) Copyright 1999-2017 Microchip Technology, All rights reserved
                      00008 ;==========================================================================
                      00009 
                      00810         LIST
                      00013     
                      00014 ;CONFIG1
                      00015 ;__config 0xF0F1
2007   20D4           00016  __CONFIG _CONFIG1, _FOSC_INTRC_NOCLKOUT & _WDTE_OFF & _PWRTE_OFF & _MCLRE_OFF &_CP_OFF & _CPD_OFF & _BO
                            REN_OFF & _IESO_OFF & _FCMEN_OFF & _LVP_OFF
                      00017 ;CONFIG2
                      00018 ; __config 0xFFFF
2008   3FFF           00019  __CONFIG _CONFIG2, _BOR4V_BOR40V & _WRT_OFF
                      00020  
                      00021  
                      00022 ; VARIABLES------------------------------------------------
                      00023  
                      00024 GPR_VAR     UDATA
Warning[207]: Found label after column 1. (CONT1)
0000                  00025     CONT1       RES 1
Warning[207]: Found label after column 1. (CONT50MS)
0001                  00026     CONT50MS    RES 1
Warning[207]: Found label after column 1. (W_TEMP)
0002                  00027     W_TEMP      RES 1
Warning[207]: Found label after column 1. (STATUS_TEMP)
0003                  00028     STATUS_TEMP RES 1
Warning[207]: Found label after column 1. (VAR_DISPLAY)
0004                  00029     VAR_DISPLAY RES 1
Warning[207]: Found label after column 1. (NIBBLE_L)
0005                  00030     NIBBLE_L    RES 1
Warning[207]: Found label after column 1. (NIBBLE_H)
0006                  00031     NIBBLE_H    RES 1
                      00032    
                      00033    
                      00034 ; RESTE DEL VECTOR ----
                      00035  
MPASM 5.77                         LABB3.ASM   8-14-2020  21:30:34         PAGE  2


LOC  OBJECT CODE     LINE SOURCE TEXT
  VALUE

                      00036 RES_VECT  CODE    0x0000            ; processor reset vector
0000   2???           00037     GOTO    SETUP                   ; go to beginning of program
                      00038 
                      00039     
                      00040 
                      00041 ; VECTOR DE INTERRUPCIONES -------------------
                      00042 
                      00043 ISR_VECT  CODE  0x0004
Warning[207]: Found label after column 1. (PUSH)
0004                  00044   PUSH:
0004   00??           00045     MOVWF   W_TEMP
0005   0E03           00046     SWAPF   STATUS, W
0006   00??           00047     MOVWF   STATUS_TEMP
                      00048   
Warning[207]: Found label after column 1. (ISR)
0007                  00049   ISR:
0007   1D0B           00050     BTFSS   INTCON, T0IF
0008   2???           00051     GOTO    POP 
0009   110B           00052     BCF     INTCON, T0IF
000A   303D           00053     MOVLW   .61
000B   0081           00054     MOVWF   TMR0
Warning[202]: Argument out of range.  Least significant bits used.
000C   0A0B           00055     INCF    INTCON, T0IF
                      00056     
Warning[207]: Found label after column 1. (POP)
000D                  00057   POP:
000D   0E??           00058     SWAPF   STATUS_TEMP, W
000E   0083           00059     MOVWF   STATUS
000F   0E??           00060     SWAPF   W_TEMP, F
0010   0E??           00061     SWAPF   W_TEMP, W
0011   0009           00062     RETFIE
                      00063     
                      00064 ;******************************************************************************
                      00065 ;     MAIN PROGRAM
                      00066 ;******************************************************************************
                      00067 
                      00068 MAIN_PROG CODE                      ; let linker place main program
                      00069 
0000                  00070 SETUP
0000   2???           00071     CALL CONFIG_IO
0001   2???           00072     CALL INIT_TMR0
0002   2???           00073     CALL CONFIG_INTERRUPT
0003   1283 1303      00074     BANKSEL PORTA
                      00075  ;BANKSEL TRISA
                      00076  
                      00077  ;BSF   STATUS, RP0
                      00078  ;BCF   STATUS, RP1
                      00079  ;CLRF  TRISD
                      00080  
                      00081  ;BSF   STATUS, RP0
                      00082  ;BSF   STATUS, RP1
                      00083  
                      00084  ;CLRF  ANSEL
MPASM 5.77                         LABB3.ASM   8-14-2020  21:30:34         PAGE  3


LOC  OBJECT CODE     LINE SOURCE TEXT
  VALUE

                      00085  ;CLRF  ANSELH
                      00086  ;BCF   STATUS, RP0
                      00087  ;BCF   STATUS, RP1
                      00088  ;CALL  INIT_TMR0
                      00089     
                      00090     
                      00091  ;BCF   INTCON, T0IF
                      00092  ;BSF   INTCON, T0IE
                      00093  ;BSF   INTCON, GIE
                      00094  
                      00095  ;CLRF  PORTD
                      00096  
                      00097  ;CLRF  CONT50MS
                      00098  
0005                  00099 LOOP:
0005   1805           00100     BTFSC   PORTA, RA0
0006   2???           00101     CALL    INCRED
0007   1885           00102     BTFSC   PORTA, RA1
0008   2???           00103     CALL    DECRED
0009   2???           00104     GOTO    LOOP
                      00105     
                      00106 ;CHECHE:
                      00107    ; MOVF    CONT50MS, W
                      00108     ;SUBLW   .10
                      00109     ;BTFSS   STATUS, Z
                      00110     ;GOTO    CHECHE
                      00111     ;CLRF    CONT50MS
                      00112    ; GOTO LOOP
                      00113 
000A                  00114 INCRED:    
000A   2???           00115     CALL    DELAY_SMALL
000B   1C05           00116     BTFSS   PORTA, RA0
000C   2???           00117     GOTO    INCRED
000D   0A87           00118     INCF    PORTC, F
000E   2???           00119     GOTO LOOP
                      00120     
000F                  00121 DECRED:
000F   2???           00122     CALL    DELAY_SMALL
0010   1885           00123     BTFSC   PORTA, RA1
0011   2???           00124     GOTO    DECRED
Message[305]: Using default destination of 1 (file).
0012   0388           00125     DECF    PORTD
0013   0008           00126     RETURN
                      00127     
                      00128 ;CONFIGURACIONES -------------------
                      00129 
0014                  00130 CONFIG_IO
0014   1683 1303      00131     BANKSEL TRISA
                      00132     
0016   3003           00133     MOVLW   B'00000011'
Message[302]: Register in operand not in bank 0.  Ensure that bank bits are correct.
0017   0805           00134     MOVFW   TRISA
                      00135     
MPASM 5.77                         LABB3.ASM   8-14-2020  21:30:34         PAGE  4


LOC  OBJECT CODE     LINE SOURCE TEXT
  VALUE

Message[302]: Register in operand not in bank 0.  Ensure that bank bits are correct.
0018   0186           00136     CLRF    TRISB
Message[302]: Register in operand not in bank 0.  Ensure that bank bits are correct.
0019   0187           00137     CLRF    TRISC
Message[302]: Register in operand not in bank 0.  Ensure that bank bits are correct.
001A   0188           00138     CLRF    TRISD
001B   1683 1703      00139     BANKSEL ANSEL
Message[302]: Register in operand not in bank 0.  Ensure that bank bits are correct.
001D   0188           00140     CLRF    ANSEL
Message[302]: Register in operand not in bank 0.  Ensure that bank bits are correct.
001E   0189           00141     CLRF    ANSELH
                      00142     
001F   1283 1303      00143     BANKSEL PORTA
0021   0185           00144     CLRF    PORTA
0022   0186           00145     CLRF    PORTB
0023   0187           00146     CLRF    PORTC
0024   0188           00147     CLRF    PORTD
                      00148     
0025   01??           00149     CLRF    CONT50MS
                      00150     
0026   0008           00151     RETURN
                      00152  
0027                  00153 CONFIG_INTERRUPT
0027   178B           00154     BSF INTCON, GIE
0028   168B           00155     BSF INTCON, T0IE
0029   110B           00156     BCF INTCON, T0IF
                      00157     
                      00158     
                      00159 ;   SUB RUTINA TMR0 ---------------------------------------
                      00160     
002A                  00161 INIT_TMR0
                      00162     ;BSF            STATUS, RP0
                      00163     ;BCF            STATUS, RP1
002A   1683 1303      00164     BANKSEL TRISA
Message[302]: Register in operand not in bank 0.  Ensure that bank bits are correct.
002C   1281           00165     BCF     OPTION_REG, T0CS
Message[302]: Register in operand not in bank 0.  Ensure that bank bits are correct.
002D   1181           00166     BCF     OPTION_REG, PSA
                      00167     
Message[302]: Register in operand not in bank 0.  Ensure that bank bits are correct.
002E   1501           00168     BSF     OPTION_REG, PS2
Message[302]: Register in operand not in bank 0.  Ensure that bank bits are correct.
002F   1481           00169     BSF     OPTION_REG, PS1
Message[302]: Register in operand not in bank 0.  Ensure that bank bits are correct.
0030   1401           00170     BSF     OPTION_REG, PS0
                      00171     
                      00172     ;BCF            STATUS, RP0
                      00173     ;BCF            STATUS, RP1
0031   1283 1303      00174     BANKSEL PORTA
                      00175     
0033   303D           00176     MOVLW   .61
0034   0081           00177     MOVWF   TMR0
0035   110B           00178     BCF     INTCON, T0IF
MPASM 5.77                         LABB3.ASM   8-14-2020  21:30:34         PAGE  5


LOC  OBJECT CODE     LINE SOURCE TEXT
  VALUE

                      00179     
0036   0008           00180     RETURN 
                      00181     
0037                  00182 DELAY_SMALL
0037   3096           00183     MOVLW   .150
0038   00??           00184     MOVWF   CONT1
0039   0B??           00185     DECFSZ  CONT1, F
003A   2???           00186     GOTO $-1                         ; loop forever
                      00187 
20D4 3FFF             00188     END
MPASM 5.77                         LABB3.ASM   8-14-2020  21:30:34         PAGE  6


SYMBOL TABLE
  LABEL                             VALUE 

ABDEN                             00000000
ABDOVF                            00000007
ACKDT                             00000005
ACKEN                             00000004
ACKSTAT                           00000006
ADCON0                            0000001F
ADCON1                            0000009F
ADCS0                             00000006
ADCS1                             00000007
ADDEN                             00000003
ADFM                              00000007
ADIE                              00000006
ADIF                              00000006
ADON                              00000000
ADRESH                            0000001E
ADRESL                            0000009E
ANS0                              00000000
ANS1                              00000001
ANS10                             00000002
ANS11                             00000003
ANS12                             00000004
ANS13                             00000005
ANS2                              00000002
ANS3                              00000003
ANS4                              00000004
ANS5                              00000005
ANS6                              00000006
ANS7                              00000007
ANS8                              00000000
ANS9                              00000001
ANSEL                             00000188
ANSELH                            00000189
BAUDCTL                           00000187
BCLIE                             00000003
BCLIF                             00000003
BF                                00000000
BRG0                              00000000
BRG1                              00000001
BRG10                             00000002
BRG11                             00000003
BRG12                             00000004
BRG13                             00000005
BRG14                             00000006
BRG15                             00000007
BRG16                             00000003
BRG2                              00000002
BRG3                              00000003
BRG4                              00000004
BRG5                              00000005
BRG6                              00000006
BRG7                              00000007
BRG8                              00000000
BRG9                              00000001
MPASM 5.77                         LABB3.ASM   8-14-2020  21:30:34         PAGE  7


SYMBOL TABLE
  LABEL                             VALUE 

BRGH                              00000002
C                                 00000000
C1CH0                             00000000
C1CH1                             00000001
C1IE                              00000005
C1IF                              00000005
C1OE                              00000005
C1ON                              00000007
C1OUT                             00000006
C1POL                             00000004
C1R                               00000002
C1RSEL                            00000005
C1SEN                             00000005
C2CH0                             00000000
C2CH1                             00000001
C2IE                              00000006
C2IF                              00000006
C2OE                              00000005
C2ON                              00000007
C2OUT                             00000006
C2POL                             00000004
C2R                               00000002
C2REN                             00000004
C2RSEL                            00000004
C2SYNC                            00000000
CCP1CON                           00000017
CCP1IE                            00000002
CCP1IF                            00000002
CCP1M0                            00000000
CCP1M1                            00000001
CCP1M2                            00000002
CCP1M3                            00000003
CCP1X                             00000005
CCP1Y                             00000004
CCP2CON                           0000001D
CCP2IE                            00000000
CCP2IF                            00000000
CCP2M0                            00000000
CCP2M1                            00000001
CCP2M2                            00000002
CCP2M3                            00000003
CCP2X                             00000005
CCP2Y                             00000004
CCPR1                             00000015
CCPR1H                            00000016
CCPR1L                            00000015
CCPR2                             0000001B
CCPR2H                            0000001C
CCPR2L                            0000001B
CHS0                              00000002
CHS1                              00000003
CHS2                              00000004
CHS3                              00000005
MPASM 5.77                         LABB3.ASM   8-14-2020  21:30:34         PAGE  8


SYMBOL TABLE
  LABEL                             VALUE 

CKE                               00000006
CKP                               00000004
CM1CON0                           00000107
CM2CON0                           00000108
CM2CON1                           00000109
CONFIG_INTERRUPT                  00000027
CONFIG_IO                         00000014
CONT1                             00000000
CONT50MS                          00000001
CREN                              00000004
CSRC                              00000007
D                                 00000005
DATA_ADDRESS                      00000005
DC                                00000001
DC1B0                             00000004
DC1B1                             00000005
DC2B0                             00000004
DC2B1                             00000005
DECRED                            0000000F
DELAY_SMALL                       00000037
D_A                               00000005
D_NOT_A                           00000005
ECCPAS                            0000009C
ECCPAS0                           00000004
ECCPAS1                           00000005
ECCPAS2                           00000006
ECCPASE                           00000007
EEADR                             0000010D
EEADRH                            0000010F
EECON1                            0000018C
EECON2                            0000018D
EEDAT                             0000010C
EEDATA                            0000010C
EEDATH                            0000010E
EEIE                              00000004
EEIF                              00000004
EEPGD                             00000007
F                                 00000001
FERR                              00000002
FSR                               00000004
FVREN                             00000000
GCEN                              00000007
GIE                               00000007
GO                                00000001
GO_DONE                           00000001
GO_NOT_DONE                       00000001
HTS                               00000002
I2C_DATA                          00000005
I2C_READ                          00000002
I2C_START                         00000003
I2C_STOP                          00000004
INCRED                            0000000A
INDF                              00000000
MPASM 5.77                         LABB3.ASM   8-14-2020  21:30:34         PAGE  9


SYMBOL TABLE
  LABEL                             VALUE 

INIT_TMR0                         0000002A
INTCON                            0000000B
INTE                              00000004
INTEDG                            00000006
INTF                              00000001
IOCB                              00000096
IOCB0                             00000000
IOCB1                             00000001
IOCB2                             00000002
IOCB3                             00000003
IOCB4                             00000004
IOCB5                             00000005
IOCB6                             00000006
IOCB7                             00000007
IRCF0                             00000004
IRCF1                             00000005
IRCF2                             00000006
IRP                               00000007
ISR                               00000007
LOOP                              00000005
LTS                               00000001
MC1OUT                            00000007
MC2OUT                            00000006
MSK                               00000093
MSK0                              00000000
MSK1                              00000001
MSK2                              00000002
MSK3                              00000003
MSK4                              00000004
MSK5                              00000005
MSK6                              00000006
MSK7                              00000007
NIBBLE_H                          00000006
NIBBLE_L                          00000005
NOT_A                             00000005
NOT_ADDRESS                       00000005
NOT_BO                            00000000
NOT_BOR                           00000000
NOT_DONE                          00000001
NOT_PD                            00000003
NOT_POR                           00000001
NOT_RBPU                          00000007
NOT_RC8                           00000006
NOT_T1SYNC                        00000002
NOT_TO                            00000004
NOT_TX8                           00000006
NOT_W                             00000002
NOT_WRITE                         00000002
OERR                              00000001
OPTION_REG                        00000081
OSCCON                            0000008F
OSCTUNE                           00000090
OSFIE                             00000007
MPASM 5.77                         LABB3.ASM   8-14-2020  21:30:34         PAGE 10


SYMBOL TABLE
  LABEL                             VALUE 

OSFIF                             00000007
OSTS                              00000003
P                                 00000004
P1M0                              00000006
P1M1                              00000007
PCL                               00000002
PCLATH                            0000000A
PCON                              0000008E
PDC0                              00000000
PDC1                              00000001
PDC2                              00000002
PDC3                              00000003
PDC4                              00000004
PDC5                              00000005
PDC6                              00000006
PEIE                              00000006
PEN                               00000002
PIE1                              0000008C
PIE2                              0000008D
PIR1                              0000000C
PIR2                              0000000D
POP                               0000000D
PORTA                             00000005
PORTB                             00000006
PORTC                             00000007
PORTD                             00000008
PORTE                             00000009
PR2                               00000092
PRSEN                             00000007
PS0                               00000000
PS1                               00000001
PS2                               00000002
PSA                               00000003
PSSAC0                            00000002
PSSAC1                            00000003
PSSBD0                            00000000
PSSBD1                            00000001
PSTRCON                           0000009D
PULSR                             00000002
PULSS                             00000003
PUSH                              00000004
PWM1CON                           0000009B
R                                 00000002
RA0                               00000000
RA1                               00000001
RA2                               00000002
RA3                               00000003
RA4                               00000004
RA5                               00000005
RA6                               00000006
RA7                               00000007
RB0                               00000000
RB1                               00000001
MPASM 5.77                         LABB3.ASM   8-14-2020  21:30:34         PAGE 11


SYMBOL TABLE
  LABEL                             VALUE 

RB2                               00000002
RB3                               00000003
RB4                               00000004
RB5                               00000005
RB6                               00000006
RB7                               00000007
RBIE                              00000003
RBIF                              00000000
RC0                               00000000
RC1                               00000001
RC2                               00000002
RC3                               00000003
RC4                               00000004
RC5                               00000005
RC6                               00000006
RC7                               00000007
RC8_9                             00000006
RC9                               00000006
RCD8                              00000000
RCEN                              00000003
RCIDL                             00000006
RCIE                              00000005
RCIF                              00000005
RCREG                             0000001A
RCSTA                             00000018
RD                                00000000
RD0                               00000000
RD1                               00000001
RD2                               00000002
RD3                               00000003
RD4                               00000004
RD5                               00000005
RD6                               00000006
RD7                               00000007
RE0                               00000000
RE1                               00000001
RE2                               00000002
RE3                               00000003
READ_WRITE                        00000002
RP0                               00000005
RP1                               00000006
RSEN                              00000001
RX9                               00000006
RX9D                              00000000
R_NOT_W                           00000002
R_W                               00000002
S                                 00000003
SBOREN                            00000004
SCKP                              00000004
SCS                               00000000
SEN                               00000000
SENDB                             00000003
SETUP                             00000000
MPASM 5.77                         LABB3.ASM   8-14-2020  21:30:34         PAGE 12


SYMBOL TABLE
  LABEL                             VALUE 

SMP                               00000007
SPBRG                             00000099
SPBRGH                            0000009A
SPEN                              00000007
SR0                               00000006
SR1                               00000007
SRCON                             00000185
SREN                              00000005
SSPADD                            00000093
SSPBUF                            00000013
SSPCON                            00000014
SSPCON2                           00000091
SSPEN                             00000005
SSPIE                             00000003
SSPIF                             00000003
SSPM0                             00000000
SSPM1                             00000001
SSPM2                             00000002
SSPM3                             00000003
SSPMSK                            00000093
SSPOV                             00000006
SSPSTAT                           00000094
STATUS                            00000003
STATUS_TEMP                       00000003
STRA                              00000000
STRB                              00000001
STRC                              00000002
STRD                              00000003
STRSYNC                           00000004
SWDTEN                            00000000
SYNC                              00000004
T0CS                              00000005
T0IE                              00000005
T0IF                              00000002
T0SE                              00000004
T1CKPS0                           00000004
T1CKPS1                           00000005
T1CON                             00000010
T1GINV                            00000007
T1GIV                             00000007
T1GSS                             00000001
T1INSYNC                          00000002
T1OSCEN                           00000003
T1SYNC                            00000002
T2CKPS0                           00000000
T2CKPS1                           00000001
T2CON                             00000012
TMR0                              00000001
TMR0IE                            00000005
TMR0IF                            00000002
TMR1                              0000000E
TMR1CS                            00000001
TMR1GE                            00000006
MPASM 5.77                         LABB3.ASM   8-14-2020  21:30:34         PAGE 13


SYMBOL TABLE
  LABEL                             VALUE 

TMR1H                             0000000F
TMR1IE                            00000000
TMR1IF                            00000000
TMR1L                             0000000E
TMR1ON                            00000000
TMR2                              00000011
TMR2IE                            00000001
TMR2IF                            00000001
TMR2ON                            00000002
TOUTPS0                           00000003
TOUTPS1                           00000004
TOUTPS2                           00000005
TOUTPS3                           00000006
TRISA                             00000085
TRISA0                            00000000
TRISA1                            00000001
TRISA2                            00000002
TRISA3                            00000003
TRISA4                            00000004
TRISA5                            00000005
TRISA6                            00000006
TRISA7                            00000007
TRISB                             00000086
TRISB0                            00000000
TRISB1                            00000001
TRISB2                            00000002
TRISB3                            00000003
TRISB4                            00000004
TRISB5                            00000005
TRISB6                            00000006
TRISB7                            00000007
TRISC                             00000087
TRISC0                            00000000
TRISC1                            00000001
TRISC2                            00000002
TRISC3                            00000003
TRISC4                            00000004
TRISC5                            00000005
TRISC6                            00000006
TRISC7                            00000007
TRISD                             00000088
TRISD0                            00000000
TRISD1                            00000001
TRISD2                            00000002
TRISD3                            00000003
TRISD4                            00000004
TRISD5                            00000005
TRISD6                            00000006
TRISD7                            00000007
TRISE                             00000089
TRISE0                            00000000
TRISE1                            00000001
TRISE2                            00000002
MPASM 5.77                         LABB3.ASM   8-14-2020  21:30:34         PAGE 14


SYMBOL TABLE
  LABEL                             VALUE 

TRISE3                            00000003
TRMT                              00000001
TUN0                              00000000
TUN1                              00000001
TUN2                              00000002
TUN3                              00000003
TUN4                              00000004
TX8_9                             00000006
TX9                               00000006
TX9D                              00000000
TXD8                              00000000
TXEN                              00000005
TXIE                              00000004
TXIF                              00000004
TXREG                             00000019
TXSTA                             00000098
UA                                00000001
ULPWUE                            00000005
ULPWUIE                           00000002
ULPWUIF                           00000002
VAR_DISPLAY                       00000004
VCFG0                             00000004
VCFG1                             00000005
VR0                               00000000
VR1                               00000001
VR2                               00000002
VR3                               00000003
VRCON                             00000097
VREN                              00000007
VROE                              00000006
VRR                               00000005
VRSS                              00000004
W                                 00000000
WCOL                              00000007
WDTCON                            00000105
WDTPS0                            00000001
WDTPS1                            00000002
WDTPS2                            00000003
WDTPS3                            00000004
WPUB                              00000095
WPUB0                             00000000
WPUB1                             00000001
WPUB2                             00000002
WPUB3                             00000003
WPUB4                             00000004
WPUB5                             00000005
WPUB6                             00000006
WPUB7                             00000007
WR                                00000001
WREN                              00000002
WRERR                             00000003
WUE                               00000001
W_TEMP                            00000002
MPASM 5.77                         LABB3.ASM   8-14-2020  21:30:34         PAGE 15


SYMBOL TABLE
  LABEL                             VALUE 

Z                                 00000002
_BOR21V                           00003EFF
_BOR40V                           00003FFF
_BOR4V_BOR21V                     00003EFF
_BOR4V_BOR40V                     00003FFF
_BOREN_NSLEEP                     00003EFF
_BOREN_OFF                        00003CFF
_BOREN_ON                         00003FFF
_BOREN_SBODEN                     00003DFF
_BOR_NSLEEP                       00003EFF
_BOR_OFF                          00003CFF
_BOR_ON                           00003FFF
_BOR_SBODEN                       00003DFF
_CONFIG1                          00002007
_CONFIG2                          00002008
_CPD_OFF                          00003FFF
_CPD_ON                           00003F7F
_CP_OFF                           00003FFF
_CP_ON                            00003FBF
_DEBUG_OFF                        00003FFF
_DEBUG_ON                         00001FFF
_DEVID1                           00002006
_EC_OSC                           00003FFB
_EXTRC                            00003FFF
_EXTRCIO                          00003FFE
_EXTRC_OSC_CLKOUT                 00003FFF
_EXTRC_OSC_NOCLKOUT               00003FFE
_FCMEN_OFF                        000037FF
_FCMEN_ON                         00003FFF
_FOSC_EC                          00003FFB
_FOSC_EXTRC_CLKOUT                00003FFF
_FOSC_EXTRC_NOCLKOUT              00003FFE
_FOSC_HS                          00003FFA
_FOSC_INTRC_CLKOUT                00003FFD
_FOSC_INTRC_NOCLKOUT              00003FFC
_FOSC_LP                          00003FF8
_FOSC_XT                          00003FF9
_HS_OSC                           00003FFA
_IDLOC0                           00002000
_IDLOC1                           00002001
_IDLOC2                           00002002
_IDLOC3                           00002003
_IESO_OFF                         00003BFF
_IESO_ON                          00003FFF
_INTOSC                           00003FFD
_INTOSCIO                         00003FFC
_INTRC_OSC_CLKOUT                 00003FFD
_INTRC_OSC_NOCLKOUT               00003FFC
_LP_OSC                           00003FF8
_LVP_OFF                          00002FFF
_LVP_ON                           00003FFF
_MAIN_PROG_003A                   0000003A
_MCLRE_OFF                        00003FDF
MPASM 5.77                         LABB3.ASM   8-14-2020  21:30:34         PAGE 16


SYMBOL TABLE
  LABEL                             VALUE 

_MCLRE_ON                         00003FFF
_PWRTE_OFF                        00003FFF
_PWRTE_ON                         00003FEF
_WDTE_OFF                         00003FF7
_WDTE_ON                          00003FFF
_WDT_OFF                          00003FF7
_WDT_ON                           00003FFF
_WRT_1FOURTH                      00003BFF
_WRT_256                          00003DFF
_WRT_HALF                         000039FF
_WRT_OFF                          00003FFF
_XT_OSC                           00003FF9
__16F887                          00000001

Errors   :     0
Warnings :    11 reported,     0 suppressed
Messages :    12 reported,     0 suppressed

