MPASM 5.77                 LABORATORIO 7.ASM   10-13-2020  9:56:10         PAGE  1


LOC  OBJECT CODE     LINE SOURCE TEXT
  VALUE

                      00001 ;******************************************************************************
                      00002 ;                                                                             *
                      00003 ;     Filaname:     lab -> laboratorio 4.asm                                  *
                      00004 ;     Date         25 /08/2020                                                *
                      00005 ;     File version: v.2                                                       *
                      00006 ;     author :       Yefry Sajquiy - 18748                                    *
                      00007 ;     ompany;        UVG                                                      *
                      00008 ;     Description:   contador de 8 bits   HEXAGECIMAL                         *
                      00009 ;                                                *
                      00010 ;******************************************************************************
                      00011 
                      00012     
                      00013 #INCLUDE "p16f887.inc"
                      00001         LIST
                      00002 
                      00003 ;==========================================================================
                      00004 ; Build date : Nov 22 2017
                      00005 ;  MPASM PIC16F887 processor include
                      00006 ; 
                      00007 ;  (c) Copyright 1999-2017 Microchip Technology, All rights reserved
                      00008 ;==========================================================================
                      00009 
                      00810         LIST
                      00014 ; CONFIG1
                      00015 ; __config 0xF0F1
2007   20D4           00016  __CONFIG _CONFIG1, _FOSC_INTRC_NOCLKOUT & _WDTE_OFF & _PWRTE_OFF & _MCLRE_OFF & _CP_OFF & _CPD_OFF & _B
                            OREN_OFF & _IESO_OFF & _FCMEN_OFF & _LVP_OFF
                      00017 ; CONFIG2
                      00018 ; __config 0xFFFF
2008   3FFF           00019  __CONFIG _CONFIG2, _BOR4V_BOR40V & _WRT_OFF
                      00020  
                      00021 ;------------- VARIABLES CON 1 ESPACIO -----------------------------------------
                      00022  
                      00023 GPR_VAR  UDATA
Warning[207]: Found label after column 1. (CONT1)
0000                  00024     CONT1      RES 1     
Warning[207]: Found label after column 1. (CONTA)
0001                  00025     CONTA      RES 1
Warning[207]: Found label after column 1. (CONTB)
0002                  00026     CONTB      RES 1
Warning[207]: Found label after column 1. (CONTOR)
0003                  00027     CONTOR     RES 1
Warning[207]: Found label after column 1. (CONT1S)
0004                  00028     CONT1S     RES 1
Warning[207]: Found label after column 1. (CONTADOR)
0005                  00029     CONTADOR   RES 1 
Warning[207]: Found label after column 1. (ADC_V)
0006                  00030     ADC_V       RES 1
Warning[207]: Found label after column 1. (V_VOLT)
0007                  00031     V_VOLT      RES 1
Warning[207]: Found label after column 1. (VALOR_ADC)
0008                  00032     VALOR_ADC   RES 1
                      00033  
MPASM 5.77                 LABORATORIO 7.ASM   10-13-2020  9:56:10         PAGE  2


LOC  OBJECT CODE     LINE SOURCE TEXT
  VALUE

Warning[207]: Found label after column 1. (W_TEMP)
0009                  00034     W_TEMP      RES 1
Warning[207]: Found label after column 1. (STATUS_TEMP)
000A                  00035     STATUS_TEMP RES 1 
Warning[207]: Found label after column 1. (TEMP1)
000B                  00036     TEMP1       RES 1
Warning[207]: Found label after column 1. (TEMP2)
000C                  00037     TEMP2       RES 1
                      00038 
                      00039 ;----------------------- CONFIGURACION DE INTERUPCIONES ------------------------
                      00040     
Warning[207]: Found label after column 1. (RES_VECT)
                      00041  RES_VECT  CODE    0x0000           
0000   2???           00042  GOTO   START  
                      00043  
                      00044 ISR_VECT  CODE    0X0004
                      00045   
0004                  00046 PUSH:
0004   00??           00047     MOVWF W_TEMP
0005   0E03           00048     SWAPF STATUS, W
0006   00??           00049     MOVWF STATUS_TEMP
                      00050     
0007                  00051 ISR:
0007   1D0B           00052     BTFSS INTCON, T0IF 
0008   2???           00053     GOTO POP
0009   303C           00054     MOVLW   .60
000A   0081           00055     MOVWF   TMR0
000B   110B           00056     BCF     INTCON, T0IF
                      00057   
000C   0B??           00058     DECFSZ  CONTOR,1
000D   1D03           00059     BTFSS   STATUS, Z
000E   2???           00060     GOTO POP
                      00061     
000F                  00062 POP:
000F   0E??           00063     SWAPF STATUS_TEMP, W
0010   0083           00064     MOVWF STATUS 
0011   0E??           00065     SWAPF W_TEMP, F
0012   0E??           00066     SWAPF W_TEMP, W
0013   0009           00067     RETFIE
                      00068     
                      00069 ;---------------------------------TABLA----------------------------------------
0014                  00070 TABLA_7S:
                      00071     
0014   390F           00072     ANDLW   B'00001111';1
0015   0782           00073     ADDWF   PCL, F
0016   343F           00074     RETLW   B'00111111';0
0017   3406           00075     RETLW   B'00000110';1
0018   345B           00076     RETLW   B'01011011';2
0019   344F           00077     RETLW   B'01001111';3
001A   3466           00078     RETLW   B'01100110';4
001B   346D           00079     RETLW   B'01101101';5
001C   347D           00080     RETLW   B'01111101';6
001D   3407           00081     RETLW   B'00000111';7
MPASM 5.77                 LABORATORIO 7.ASM   10-13-2020  9:56:10         PAGE  3


LOC  OBJECT CODE     LINE SOURCE TEXT
  VALUE

001E   347F           00082     RETLW   B'01111111';8
001F   346F           00083     RETLW   B'01101111';9
0020   3477           00084     RETLW   B'01110111';A
0021   347C           00085     RETLW   B'01111100';b
0022   3439           00086     RETLW   B'00111001';c
0023   345E           00087     RETLW   B'01011110';d
0024   3479           00088     RETLW   B'01111001';E
0025   3471           00089     RETLW   B'01110001';F
                      00090 
                      00091 
                      00092 ;------------------------------------------------------------------------------
                      00093 ;           MAIN PROGRAM
                      00094 ;------------------------------------------------------------------------------
                      00095      
                      00096 MAIN_PROG CODE  0X100 
                      00097  
0100                  00098 START
0100   1683 1303      00099     BANKSEL TRISA
                      00100  
0102   2???           00101     CALL   CONFIG_IO
0103   2???           00102     CALL   CONFIG_TMR0
0104   2???           00103     CALL   CONFIG_INTERRUPT
                      00104     
                      00105 
0105   2???           00106     GOTO   LOOP
                      00107   
                      00108 ;--------------------   LOOP   -------------------------------------------------
                      00109     
                      00110     
0106                  00111 LOOP
0106   2???           00112     CALL  ADC_INICIO
0107   2???           00113     CALL  DISPLAY_1
0108   2???           00114     CALL  DISPLAY_0
                      00115 
0109   2???           00116     GOTO    LOOP   
                      00117 
                      00118 ;------------------------- OPERACIONES DE LOS BLOQUES -------------------------
                      00119  
010A                  00120 ADC_INICIO:
010A   2???           00121     CALL    DELAY_1
010B   149F           00122     BSF     ADCON0,GO   
010C   189F           00123     BTFSC   ADCON0,GO
010D   2???           00124     GOTO    $-1
                      00125     
010E   081E           00126     MOVF    ADRESH,W
010F   00??           00127     MOVWF   ADC_V
0110   2???           00128     CALL    READ_VOLTS
                      00129     
0111                  00130 READ_VOLTS:
0111   30F5           00131     MOVLW   .245
0112   02??           00132     SUBWF   ADC_V,W
0113   1C03           00133     BTFSS   STATUS, C
0114   2???           00134     GOTO    R_2
MPASM 5.77                 LABORATORIO 7.ASM   10-13-2020  9:56:10         PAGE  4


LOC  OBJECT CODE     LINE SOURCE TEXT
  VALUE

0115   3005           00135     MOVLW   .5
0116   00??           00136     MOVWF   CONTA
0117   0008           00137     RETURN
                      00138     
0118                  00139 R_2:
0118   30CC           00140     MOVLW   .204
0119   02??           00141     SUBWF   ADC_V,W
011A   1C03           00142     BTFSS   STATUS, C
011B   2???           00143     GOTO    R_3
011C   3004           00144     MOVLW   .4
011D   00??           00145     MOVWF   CONTA
011E   0008           00146     RETURN
                      00147     
011F                  00148 R_3:
011F   3099           00149     MOVLW   .153
0120   02??           00150     SUBWF   ADC_V,W
0121   1C03           00151     BTFSS   STATUS, C
0122   2???           00152     GOTO    R_4
0123   3003           00153     MOVLW   .3
0124   00??           00154     MOVWF   CONTA
0125   0008           00155     RETURN
                      00156     
0126                  00157 R_4:
0126   3066           00158     MOVLW   .102
0127   02??           00159     SUBWF   ADC_V,W
0128   1C03           00160     BTFSS   STATUS, C
0129   2???           00161     GOTO    R_5
012A   3002           00162     MOVLW   .2
012B   00??           00163     MOVWF   CONTA
012C   0008           00164     RETURN
                      00165     
012D                  00166 R_5:
012D   3033           00167     MOVLW   .51
012E   02??           00168     SUBWF   ADC_V,W
012F   1C03           00169     BTFSS   STATUS, C
0130   2???           00170     GOTO    R_6
0131   3001           00171     MOVLW   .1
0132   00??           00172     MOVWF   CONTA
0133   0008           00173     RETURN
                      00174     
0134                  00175 R_6:
0134   300A           00176     MOVLW   .10
0135   02??           00177     SUBWF   ADC_V,W
0136   1C03           00178     BTFSS   STATUS, C
0137   2???           00179     GOTO    R_7
0138   3000           00180     MOVLW   .0
0139   00??           00181     MOVWF   CONTA
013A   0008           00182     RETURN
                      00183     
013B                  00184 R_7:
013B   0188           00185     CLRF    PORTD
013C   0008           00186     RETURN
                      00187     
MPASM 5.77                 LABORATORIO 7.ASM   10-13-2020  9:56:10         PAGE  5


LOC  OBJECT CODE     LINE SOURCE TEXT
  VALUE

                      00188     
                      00189     
                      00190 ; ------------- DISPLAYS --------------------------------------------
                      00191   
013D                  00192 DISPLAY_0:
013D   1308           00193     BCF   PORTD, RD6
013E   0E??           00194     SWAPF CONTA, W
013F   00??           00195     MOVWF TEMP1
0140   300F           00196     MOVLW 0X0F
0141   05??           00197     ANDWF TEMP1, W
0142   2???           00198     CALL  TABLA_7S
0143   0086           00199     MOVWF PORTB 
0144   1788           00200     BSF   PORTD, RD7
0145   0008           00201     RETURN
                      00202  
0146                  00203 DISPLAY_1:
0146   1388           00204     BCF   PORTD, RD7
0147   300F           00205     MOVLW 0X0F
0148   05??           00206     ANDWF CONTA,W
0149   2???           00207     CALL  TABLA_7S
014A   0086           00208     MOVWF PORTB 
014B   1708           00209     BSF   PORTD, RD6
014C   0008           00210     RETURN 
                      00211     
                      00212 ; ------------- CONFIGURACION IO --------------------------------------------
                      00213   
014D                  00214 CONFIG_IO:
                      00215     
014D   1683 1303      00216     BANKSEL ADCON1
014F   3000           00217     MOVLW   B'00000000'
Message[302]: Register in operand not in bank 0.  Ensure that bank bits are correct.
0150   009F           00218     MOVWF   ADCON1
                      00219     
0151   1683 1303      00220     BANKSEL TRISA
Message[302]: Register in operand not in bank 0.  Ensure that bank bits are correct.
0153   1405           00221     BSF     TRISA,0
                      00222     
0154   1683 1703      00223     BANKSEL ANSEL
Message[302]: Register in operand not in bank 0.  Ensure that bank bits are correct.
0156   1408           00224     BSF     ANSEL,0
                      00225     
0157   1283 1303      00226     BANKSEL ADCON0
0159   3041           00227     MOVLW   B'01000001'
015A   009F           00228     MOVWF   ADCON0
                      00229     
                      00230     
015B   1683 1303      00231     BANKSEL TRISB
015D   3000           00232     MOVLW   B'00000000'
Message[302]: Register in operand not in bank 0.  Ensure that bank bits are correct.
015E   0086           00233     MOVWF   TRISB
015F   1283 1303      00234     BANKSEL PORTB
0161   0186           00235     CLRF    PORTB
                      00236     
MPASM 5.77                 LABORATORIO 7.ASM   10-13-2020  9:56:10         PAGE  6


LOC  OBJECT CODE     LINE SOURCE TEXT
  VALUE

0162   1683 1303      00237     BANKSEL TRISC
0164   3000           00238     MOVLW   B'00000000'
Message[302]: Register in operand not in bank 0.  Ensure that bank bits are correct.
0165   0087           00239     MOVWF   TRISC
0166   1283 1303      00240     BANKSEL PORTC
0168   0187           00241     CLRF    PORTC
                      00242     
0169   1683 1303      00243     BANKSEL TRISD
016B   3000           00244     MOVLW   B'00000000'
Message[302]: Register in operand not in bank 0.  Ensure that bank bits are correct.
016C   0088           00245     MOVWF   TRISD
016D   1283 1303      00246     BANKSEL PORTD
016F   0188           00247     CLRF    PORTD
                      00248     
0170   0008           00249     RETURN
                      00250 ;-------------------- TIMER 0 ----------------------------------------------
0171                  00251 CONFIG_TMR0:
0171   1683 1303      00252     BANKSEL TRISA
Message[302]: Register in operand not in bank 0.  Ensure that bank bits are correct.
0173   1281           00253     BCF OPTION_REG , T0CS
Message[302]: Register in operand not in bank 0.  Ensure that bank bits are correct.
0174   1181           00254     BCF OPTION_REG , PSA
Message[302]: Register in operand not in bank 0.  Ensure that bank bits are correct.
0175   1501           00255     BSF OPTION_REG , PS2
Message[302]: Register in operand not in bank 0.  Ensure that bank bits are correct.
0176   1481           00256     BSF OPTION_REG , PS1
Message[302]: Register in operand not in bank 0.  Ensure that bank bits are correct.
0177   1001           00257     BCF OPTION_REG , PS0
                      00258  
0178   1283 1303      00259     BANKSEL PORTA
017A   3032           00260     MOVLW .50
017B   0081           00261     MOVWF TMR0
017C   110B           00262     BCF INTCON, T0IF
017D   0008           00263     RETURN
                      00264  
017E                  00265 CONFIG_INTERRUPT:
017E   178B           00266     BSF  INTCON, GIE
017F   168B           00267     BSF  INTCON, T0IE
0180   110B           00268     BCF  INTCON, T0IF 
0181   0008           00269     RETURN 
                      00270 
0182                  00271 DELAY_1:
0182   0000           00272     NOP
0183   0000           00273     NOP
0184   0000           00274     NOP
0185   0000           00275     NOP
0186   0000           00276     NOP
0187   0000           00277     NOP
0188   0000           00278     NOP
0189   0000           00279     NOP
018A   0000           00280     NOP
018B   0000           00281     NOP
018C   0008           00282     RETURN
MPASM 5.77                 LABORATORIO 7.ASM   10-13-2020  9:56:10         PAGE  7


LOC  OBJECT CODE     LINE SOURCE TEXT
  VALUE

                      00283     
Warning[205]: Found directive in column 1. (END)
20D4 3FFF             00284 END
MPASM 5.77                 LABORATORIO 7.ASM   10-13-2020  9:56:10         PAGE  8


SYMBOL TABLE
  LABEL                             VALUE 

ABDEN                             00000000
ABDOVF                            00000007
ACKDT                             00000005
ACKEN                             00000004
ACKSTAT                           00000006
ADCON0                            0000001F
ADCON1                            0000009F
ADCS0                             00000006
ADCS1                             00000007
ADC_INICIO                        0000010A
ADC_V                             00000006
ADDEN                             00000003
ADFM                              00000007
ADIE                              00000006
ADIF                              00000006
ADON                              00000000
ADRESH                            0000001E
ADRESL                            0000009E
ANS0                              00000000
ANS1                              00000001
ANS10                             00000002
ANS11                             00000003
ANS12                             00000004
ANS13                             00000005
ANS2                              00000002
ANS3                              00000003
ANS4                              00000004
ANS5                              00000005
ANS6                              00000006
ANS7                              00000007
ANS8                              00000000
ANS9                              00000001
ANSEL                             00000188
ANSELH                            00000189
BAUDCTL                           00000187
BCLIE                             00000003
BCLIF                             00000003
BF                                00000000
BRG0                              00000000
BRG1                              00000001
BRG10                             00000002
BRG11                             00000003
BRG12                             00000004
BRG13                             00000005
BRG14                             00000006
BRG15                             00000007
BRG16                             00000003
BRG2                              00000002
BRG3                              00000003
BRG4                              00000004
BRG5                              00000005
BRG6                              00000006
BRG7                              00000007
MPASM 5.77                 LABORATORIO 7.ASM   10-13-2020  9:56:10         PAGE  9


SYMBOL TABLE
  LABEL                             VALUE 

BRG8                              00000000
BRG9                              00000001
BRGH                              00000002
C                                 00000000
C1CH0                             00000000
C1CH1                             00000001
C1IE                              00000005
C1IF                              00000005
C1OE                              00000005
C1ON                              00000007
C1OUT                             00000006
C1POL                             00000004
C1R                               00000002
C1RSEL                            00000005
C1SEN                             00000005
C2CH0                             00000000
C2CH1                             00000001
C2IE                              00000006
C2IF                              00000006
C2OE                              00000005
C2ON                              00000007
C2OUT                             00000006
C2POL                             00000004
C2R                               00000002
C2REN                             00000004
C2RSEL                            00000004
C2SYNC                            00000000
CCP1CON                           00000017
CCP1IE                            00000002
CCP1IF                            00000002
CCP1M0                            00000000
CCP1M1                            00000001
CCP1M2                            00000002
CCP1M3                            00000003
CCP1X                             00000005
CCP1Y                             00000004
CCP2CON                           0000001D
CCP2IE                            00000000
CCP2IF                            00000000
CCP2M0                            00000000
CCP2M1                            00000001
CCP2M2                            00000002
CCP2M3                            00000003
CCP2X                             00000005
CCP2Y                             00000004
CCPR1                             00000015
CCPR1H                            00000016
CCPR1L                            00000015
CCPR2                             0000001B
CCPR2H                            0000001C
CCPR2L                            0000001B
CHS0                              00000002
CHS1                              00000003
MPASM 5.77                 LABORATORIO 7.ASM   10-13-2020  9:56:10         PAGE 10


SYMBOL TABLE
  LABEL                             VALUE 

CHS2                              00000004
CHS3                              00000005
CKE                               00000006
CKP                               00000004
CM1CON0                           00000107
CM2CON0                           00000108
CM2CON1                           00000109
CONFIG_INTERRUPT                  0000017E
CONFIG_IO                         0000014D
CONFIG_TMR0                       00000171
CONT1                             00000000
CONT1S                            00000004
CONTA                             00000001
CONTADOR                          00000005
CONTB                             00000002
CONTOR                            00000003
CREN                              00000004
CSRC                              00000007
D                                 00000005
DATA_ADDRESS                      00000005
DC                                00000001
DC1B0                             00000004
DC1B1                             00000005
DC2B0                             00000004
DC2B1                             00000005
DELAY_1                           00000182
DISPLAY_0                         0000013D
DISPLAY_1                         00000146
D_A                               00000005
D_NOT_A                           00000005
ECCPAS                            0000009C
ECCPAS0                           00000004
ECCPAS1                           00000005
ECCPAS2                           00000006
ECCPASE                           00000007
EEADR                             0000010D
EEADRH                            0000010F
EECON1                            0000018C
EECON2                            0000018D
EEDAT                             0000010C
EEDATA                            0000010C
EEDATH                            0000010E
EEIE                              00000004
EEIF                              00000004
EEPGD                             00000007
F                                 00000001
FERR                              00000002
FSR                               00000004
FVREN                             00000000
GCEN                              00000007
GIE                               00000007
GO                                00000001
GO_DONE                           00000001
MPASM 5.77                 LABORATORIO 7.ASM   10-13-2020  9:56:10         PAGE 11


SYMBOL TABLE
  LABEL                             VALUE 

GO_NOT_DONE                       00000001
HTS                               00000002
I2C_DATA                          00000005
I2C_READ                          00000002
I2C_START                         00000003
I2C_STOP                          00000004
INDF                              00000000
INTCON                            0000000B
INTE                              00000004
INTEDG                            00000006
INTF                              00000001
IOCB                              00000096
IOCB0                             00000000
IOCB1                             00000001
IOCB2                             00000002
IOCB3                             00000003
IOCB4                             00000004
IOCB5                             00000005
IOCB6                             00000006
IOCB7                             00000007
IRCF0                             00000004
IRCF1                             00000005
IRCF2                             00000006
IRP                               00000007
ISR                               00000007
LOOP                              00000106
LTS                               00000001
MC1OUT                            00000007
MC2OUT                            00000006
MSK                               00000093
MSK0                              00000000
MSK1                              00000001
MSK2                              00000002
MSK3                              00000003
MSK4                              00000004
MSK5                              00000005
MSK6                              00000006
MSK7                              00000007
NOT_A                             00000005
NOT_ADDRESS                       00000005
NOT_BO                            00000000
NOT_BOR                           00000000
NOT_DONE                          00000001
NOT_PD                            00000003
NOT_POR                           00000001
NOT_RBPU                          00000007
NOT_RC8                           00000006
NOT_T1SYNC                        00000002
NOT_TO                            00000004
NOT_TX8                           00000006
NOT_W                             00000002
NOT_WRITE                         00000002
OERR                              00000001
MPASM 5.77                 LABORATORIO 7.ASM   10-13-2020  9:56:10         PAGE 12


SYMBOL TABLE
  LABEL                             VALUE 

OPTION_REG                        00000081
OSCCON                            0000008F
OSCTUNE                           00000090
OSFIE                             00000007
OSFIF                             00000007
OSTS                              00000003
P                                 00000004
P1M0                              00000006
P1M1                              00000007
PCL                               00000002
PCLATH                            0000000A
PCON                              0000008E
PDC0                              00000000
PDC1                              00000001
PDC2                              00000002
PDC3                              00000003
PDC4                              00000004
PDC5                              00000005
PDC6                              00000006
PEIE                              00000006
PEN                               00000002
PIE1                              0000008C
PIE2                              0000008D
PIR1                              0000000C
PIR2                              0000000D
POP                               0000000F
PORTA                             00000005
PORTB                             00000006
PORTC                             00000007
PORTD                             00000008
PORTE                             00000009
PR2                               00000092
PRSEN                             00000007
PS0                               00000000
PS1                               00000001
PS2                               00000002
PSA                               00000003
PSSAC0                            00000002
PSSAC1                            00000003
PSSBD0                            00000000
PSSBD1                            00000001
PSTRCON                           0000009D
PULSR                             00000002
PULSS                             00000003
PUSH                              00000004
PWM1CON                           0000009B
R                                 00000002
RA0                               00000000
RA1                               00000001
RA2                               00000002
RA3                               00000003
RA4                               00000004
RA5                               00000005
MPASM 5.77                 LABORATORIO 7.ASM   10-13-2020  9:56:10         PAGE 13


SYMBOL TABLE
  LABEL                             VALUE 

RA6                               00000006
RA7                               00000007
RB0                               00000000
RB1                               00000001
RB2                               00000002
RB3                               00000003
RB4                               00000004
RB5                               00000005
RB6                               00000006
RB7                               00000007
RBIE                              00000003
RBIF                              00000000
RC0                               00000000
RC1                               00000001
RC2                               00000002
RC3                               00000003
RC4                               00000004
RC5                               00000005
RC6                               00000006
RC7                               00000007
RC8_9                             00000006
RC9                               00000006
RCD8                              00000000
RCEN                              00000003
RCIDL                             00000006
RCIE                              00000005
RCIF                              00000005
RCREG                             0000001A
RCSTA                             00000018
RD                                00000000
RD0                               00000000
RD1                               00000001
RD2                               00000002
RD3                               00000003
RD4                               00000004
RD5                               00000005
RD6                               00000006
RD7                               00000007
RE0                               00000000
RE1                               00000001
RE2                               00000002
RE3                               00000003
READ_VOLTS                        00000111
READ_WRITE                        00000002
RP0                               00000005
RP1                               00000006
RSEN                              00000001
RX9                               00000006
RX9D                              00000000
R_2                               00000118
R_3                               0000011F
R_4                               00000126
R_5                               0000012D
MPASM 5.77                 LABORATORIO 7.ASM   10-13-2020  9:56:10         PAGE 14


SYMBOL TABLE
  LABEL                             VALUE 

R_6                               00000134
R_7                               0000013B
R_NOT_W                           00000002
R_W                               00000002
S                                 00000003
SBOREN                            00000004
SCKP                              00000004
SCS                               00000000
SEN                               00000000
SENDB                             00000003
SMP                               00000007
SPBRG                             00000099
SPBRGH                            0000009A
SPEN                              00000007
SR0                               00000006
SR1                               00000007
SRCON                             00000185
SREN                              00000005
SSPADD                            00000093
SSPBUF                            00000013
SSPCON                            00000014
SSPCON2                           00000091
SSPEN                             00000005
SSPIE                             00000003
SSPIF                             00000003
SSPM0                             00000000
SSPM1                             00000001
SSPM2                             00000002
SSPM3                             00000003
SSPMSK                            00000093
SSPOV                             00000006
SSPSTAT                           00000094
START                             00000100
STATUS                            00000003
STATUS_TEMP                       0000000A
STRA                              00000000
STRB                              00000001
STRC                              00000002
STRD                              00000003
STRSYNC                           00000004
SWDTEN                            00000000
SYNC                              00000004
T0CS                              00000005
T0IE                              00000005
T0IF                              00000002
T0SE                              00000004
T1CKPS0                           00000004
T1CKPS1                           00000005
T1CON                             00000010
T1GINV                            00000007
T1GIV                             00000007
T1GSS                             00000001
T1INSYNC                          00000002
MPASM 5.77                 LABORATORIO 7.ASM   10-13-2020  9:56:10         PAGE 15


SYMBOL TABLE
  LABEL                             VALUE 

T1OSCEN                           00000003
T1SYNC                            00000002
T2CKPS0                           00000000
T2CKPS1                           00000001
T2CON                             00000012
TABLA_7S                          00000014
TEMP1                             0000000B
TEMP2                             0000000C
TMR0                              00000001
TMR0IE                            00000005
TMR0IF                            00000002
TMR1                              0000000E
TMR1CS                            00000001
TMR1GE                            00000006
TMR1H                             0000000F
TMR1IE                            00000000
TMR1IF                            00000000
TMR1L                             0000000E
TMR1ON                            00000000
TMR2                              00000011
TMR2IE                            00000001
TMR2IF                            00000001
TMR2ON                            00000002
TOUTPS0                           00000003
TOUTPS1                           00000004
TOUTPS2                           00000005
TOUTPS3                           00000006
TRISA                             00000085
TRISA0                            00000000
TRISA1                            00000001
TRISA2                            00000002
TRISA3                            00000003
TRISA4                            00000004
TRISA5                            00000005
TRISA6                            00000006
TRISA7                            00000007
TRISB                             00000086
TRISB0                            00000000
TRISB1                            00000001
TRISB2                            00000002
TRISB3                            00000003
TRISB4                            00000004
TRISB5                            00000005
TRISB6                            00000006
TRISB7                            00000007
TRISC                             00000087
TRISC0                            00000000
TRISC1                            00000001
TRISC2                            00000002
TRISC3                            00000003
TRISC4                            00000004
TRISC5                            00000005
TRISC6                            00000006
MPASM 5.77                 LABORATORIO 7.ASM   10-13-2020  9:56:10         PAGE 16


SYMBOL TABLE
  LABEL                             VALUE 

TRISC7                            00000007
TRISD                             00000088
TRISD0                            00000000
TRISD1                            00000001
TRISD2                            00000002
TRISD3                            00000003
TRISD4                            00000004
TRISD5                            00000005
TRISD6                            00000006
TRISD7                            00000007
TRISE                             00000089
TRISE0                            00000000
TRISE1                            00000001
TRISE2                            00000002
TRISE3                            00000003
TRMT                              00000001
TUN0                              00000000
TUN1                              00000001
TUN2                              00000002
TUN3                              00000003
TUN4                              00000004
TX8_9                             00000006
TX9                               00000006
TX9D                              00000000
TXD8                              00000000
TXEN                              00000005
TXIE                              00000004
TXIF                              00000004
TXREG                             00000019
TXSTA                             00000098
UA                                00000001
ULPWUE                            00000005
ULPWUIE                           00000002
ULPWUIF                           00000002
VALOR_ADC                         00000008
VCFG0                             00000004
VCFG1                             00000005
VR0                               00000000
VR1                               00000001
VR2                               00000002
VR3                               00000003
VRCON                             00000097
VREN                              00000007
VROE                              00000006
VRR                               00000005
VRSS                              00000004
V_VOLT                            00000007
W                                 00000000
WCOL                              00000007
WDTCON                            00000105
WDTPS0                            00000001
WDTPS1                            00000002
WDTPS2                            00000003
MPASM 5.77                 LABORATORIO 7.ASM   10-13-2020  9:56:10         PAGE 17


SYMBOL TABLE
  LABEL                             VALUE 

WDTPS3                            00000004
WPUB                              00000095
WPUB0                             00000000
WPUB1                             00000001
WPUB2                             00000002
WPUB3                             00000003
WPUB4                             00000004
WPUB5                             00000005
WPUB6                             00000006
WPUB7                             00000007
WR                                00000001
WREN                              00000002
WRERR                             00000003
WUE                               00000001
W_TEMP                            00000009
Z                                 00000002
_BOR21V                           00003EFF
_BOR40V                           00003FFF
_BOR4V_BOR21V                     00003EFF
_BOR4V_BOR40V                     00003FFF
_BOREN_NSLEEP                     00003EFF
_BOREN_OFF                        00003CFF
_BOREN_ON                         00003FFF
_BOREN_SBODEN                     00003DFF
_BOR_NSLEEP                       00003EFF
_BOR_OFF                          00003CFF
_BOR_ON                           00003FFF
_BOR_SBODEN                       00003DFF
_CONFIG1                          00002007
_CONFIG2                          00002008
_CPD_OFF                          00003FFF
_CPD_ON                           00003F7F
_CP_OFF                           00003FFF
_CP_ON                            00003FBF
_DEBUG_OFF                        00003FFF
_DEBUG_ON                         00001FFF
_DEVID1                           00002006
_EC_OSC                           00003FFB
_EXTRC                            00003FFF
_EXTRCIO                          00003FFE
_EXTRC_OSC_CLKOUT                 00003FFF
_EXTRC_OSC_NOCLKOUT               00003FFE
_FCMEN_OFF                        000037FF
_FCMEN_ON                         00003FFF
_FOSC_EC                          00003FFB
_FOSC_EXTRC_CLKOUT                00003FFF
_FOSC_EXTRC_NOCLKOUT              00003FFE
_FOSC_HS                          00003FFA
_FOSC_INTRC_CLKOUT                00003FFD
_FOSC_INTRC_NOCLKOUT              00003FFC
_FOSC_LP                          00003FF8
_FOSC_XT                          00003FF9
_HS_OSC                           00003FFA
MPASM 5.77                 LABORATORIO 7.ASM   10-13-2020  9:56:10         PAGE 18


SYMBOL TABLE
  LABEL                             VALUE 

_IDLOC0                           00002000
_IDLOC1                           00002001
_IDLOC2                           00002002
_IDLOC3                           00002003
_IESO_OFF                         00003BFF
_IESO_ON                          00003FFF
_INTOSC                           00003FFD
_INTOSCIO                         00003FFC
_INTRC_OSC_CLKOUT                 00003FFD
_INTRC_OSC_NOCLKOUT               00003FFC
_LP_OSC                           00003FF8
_LVP_OFF                          00002FFF
_LVP_ON                           00003FFF
_MAIN_PROG_010D                   0000010D
_MCLRE_OFF                        00003FDF
_MCLRE_ON                         00003FFF
_PWRTE_OFF                        00003FFF
_PWRTE_ON                         00003FEF
_WDTE_OFF                         00003FF7
_WDTE_ON                          00003FFF
_WDT_OFF                          00003FF7
_WDT_ON                           00003FFF
_WRT_1FOURTH                      00003BFF
_WRT_256                          00003DFF
_WRT_HALF                         000039FF
_WRT_OFF                          00003FFF
_XT_OSC                           00003FF9
__16F887                          00000001

Errors   :     0
Warnings :    15 reported,     0 suppressed
Messages :    11 reported,     0 suppressed

