MPASM 5.77             PRUEBA PROYECTO 2.ASM   10-29-2020  1:33:02         PAGE  1


LOC  OBJECT CODE     LINE SOURCE TEXT
  VALUE

                      00001 ;******************************************************************************
                      00002 ;                                                                             *
                      00003 ;     Filaname:     proyecto 2                                                *
                      00004 ;     Date         25 /08/2020                                                *
                      00005 ;     File version: v.2                                                       *
                      00006 ;     author :       Yefry Sajquiy - 18748                                    *
                      00007 ;     ompany;        UVG                                                      *
                      00008 ;     Description:   proyecto 3                                               *
                      00009 ;                                                                             *
                      00010 ;******************************************************************************
                      00011 
                      00012     
                      00013 #INCLUDE "p16f887.inc"
                      00001         LIST
                      00002 
                      00003 ;==========================================================================
                      00004 ; Build date : Nov 22 2017
                      00005 ;  MPASM PIC16F887 processor include
                      00006 ; 
                      00007 ;  (c) Copyright 1999-2017 Microchip Technology, All rights reserved
                      00008 ;==========================================================================
                      00009 
                      00810         LIST
                      00014 ; CONFIG1
                      00015 ; __config 0xF0F1
2007   20D4           00016  __CONFIG _CONFIG1, _FOSC_INTRC_NOCLKOUT & _WDTE_OFF & _PWRTE_OFF & _MCLRE_OFF & _CP_OFF & _CPD_OFF & _B
                            OREN_OFF & _IESO_OFF & _FCMEN_OFF & _LVP_OFF
                      00017 ; CONFIG2
                      00018 ; __config 0xFFFF
2008   3FFF           00019  __CONFIG _CONFIG2, _BOR4V_BOR40V & _WRT_OFF
                      00020  
                      00021 ;------------- VARIABLES CON 1 ESPACIO -----------------------------------------
                      00022  
                      00023 GPR_VAR  UDATA
Warning[207]: Found label after column 1. (CONT1)
0000                  00024     CONT1      RES 1     
Warning[207]: Found label after column 1. (CONTA)
0001                  00025     CONTA      RES 1
Warning[207]: Found label after column 1. (CONTB)
0002                  00026     CONTB      RES 1
Warning[207]: Found label after column 1. (CONTOR)
0003                  00027     CONTOR     RES 1
Warning[207]: Found label after column 1. (CONT1S)
0004                  00028     CONT1S     RES 1
Warning[207]: Found label after column 1. (CONTADOR)
0005                  00029     CONTADOR   RES 1 
                      00030    
Warning[207]: Found label after column 1. (V_VOLT)
0006                  00031     V_VOLT      RES 1
Warning[207]: Found label after column 1. (VALOR_ADC)
0007                  00032     VALOR_ADC   RES 1
                      00033  
Warning[207]: Found label after column 1. (W_TEMP)
MPASM 5.77             PRUEBA PROYECTO 2.ASM   10-29-2020  1:33:02         PAGE  2


LOC  OBJECT CODE     LINE SOURCE TEXT
  VALUE

0008                  00034     W_TEMP      RES 1
Warning[207]: Found label after column 1. (STATUS_TEMP)
0009                  00035     STATUS_TEMP RES 1 
Warning[207]: Found label after column 1. (TEMP1)
000A                  00036     TEMP1       RES 1
Warning[207]: Found label after column 1. (TEMP2)
000B                  00037     TEMP2       RES 1
                      00038 
Warning[207]: Found label after column 1. (CONTX)
000C                  00039     CONTX       RES 1
Warning[207]: Found label after column 1. (CONTY)
000D                  00040     CONTY       RES 1
                      00041 
                      00042 ;----------------------- CONFIGURACION DE INTERUPCIONES ------------------------
                      00043     
Warning[207]: Found label after column 1. (RES_VECT)
                      00044  RES_VECT  CODE    0x0000           
0000   2???           00045  GOTO   START  
                      00046  
                      00047 ISR_VECT  CODE    0X0004
                      00048   
0004                  00049 PUSH:
0004   00??           00050     MOVWF W_TEMP
0005   0E03           00051     SWAPF STATUS, W
0006   00??           00052     MOVWF STATUS_TEMP
                      00053     
0007                  00054 ISR:
0007   1D0B           00055     BTFSS INTCON, T0IF 
0008   2???           00056     GOTO POP
0009   303C           00057     MOVLW   .60
000A   0081           00058     MOVWF   TMR0
000B   110B           00059     BCF     INTCON, T0IF
                      00060   
000C   0B??           00061     DECFSZ  CONTOR,1
000D   1D03           00062     BTFSS   STATUS, Z
000E   2???           00063     GOTO POP
                      00064     
000F                  00065 POP:
000F   0E??           00066     SWAPF STATUS_TEMP, W
0010   0083           00067     MOVWF STATUS 
0011   0E??           00068     SWAPF W_TEMP, F
0012   0E??           00069     SWAPF W_TEMP, W
0013   0009           00070     RETFIE
                      00071     
                      00072 ;---------------------------------TABLA----------------------------------------
0014                  00073 TABLA_7S:
                      00074     
0014   390F           00075     ANDLW   B'00001111';1
0015   0782           00076     ADDWF   PCL, F
0016   343F           00077     RETLW   B'00111111';0
0017   3406           00078     RETLW   B'00000110';1
0018   345B           00079     RETLW   B'01011011';2
0019   344F           00080     RETLW   B'01001111';3
MPASM 5.77             PRUEBA PROYECTO 2.ASM   10-29-2020  1:33:02         PAGE  3


LOC  OBJECT CODE     LINE SOURCE TEXT
  VALUE

001A   3466           00081     RETLW   B'01100110';4
001B   346D           00082     RETLW   B'01101101';5
001C   347D           00083     RETLW   B'01111101';6
001D   3407           00084     RETLW   B'00000111';7
001E   347F           00085     RETLW   B'01111111';8
001F   346F           00086     RETLW   B'01101111';9
0020   3477           00087     RETLW   B'01110111';A
0021   347C           00088     RETLW   B'01111100';b
0022   3439           00089     RETLW   B'00111001';c
0023   345E           00090     RETLW   B'01011110';d
0024   3479           00091     RETLW   B'01111001';E
0025   3471           00092     RETLW   B'01110001';F
                      00093 
                      00094 
                      00095 ;------------------------------------------------------------------------------
                      00096 ;           MAIN PROGRAM
                      00097 ;------------------------------------------------------------------------------
                      00098      
                      00099 MAIN_PROG CODE  0X100 
                      00100  
0100                  00101 START
0100   1683 1303      00102     BANKSEL TRISA
                      00103     
0102   2???           00104     CALL   CONFIG_ADC
0103   2???           00105     CALL   CONFIG_IO
0104   2???           00106     CALL   CONFIG_TMR0
0105   2???           00107     CALL   CONFIG_INTERRUPT
                      00108 
0106   2???           00109     GOTO   LOOP
                      00110   
                      00111 ;--------------------   LOOP   -------------------------------------------------
                      00112     
0107                  00113 LOOP
                      00114    
0107   2???           00115     CALL  CONFIG_ADCX
                      00116    
                      00117     
0108   2???           00118     CALL  DISPLAY_3
0109   2???           00119     CALL  DISPLAY_2
010A   2???           00120     CALL  DISPLAY_1
010B   2???           00121     CALL  DISPLAY_0
010C   2???           00122     CALL  CONFIG_TR
                      00123 
                      00124 
010D   2???           00125     GOTO    LOOP   
                      00126 
                      00127 ;------------------------- OPERACIONES DE LOS BLOQUES -------------------------
                      00128  
010E                  00129 CONFIG_ADCX:
010E   149F           00130     BSF     ADCON0, GO
010F   189F           00131     BTFSC   ADCON0, GO
0110   2???           00132     GOTO    $-1
0111   081E           00133     MOVF    ADRESH,W
MPASM 5.77             PRUEBA PROYECTO 2.ASM   10-29-2020  1:33:02         PAGE  4


LOC  OBJECT CODE     LINE SOURCE TEXT
  VALUE

0112   00??           00134     MOVWF   CONTX
0113   151F           00135     BSF     ADCON0, CHS0
0114   2???           00136     CALL    DELAY_1
0115   0008           00137     RETURN
                      00138     
0116                  00139 CONFIG_ADCY:
0116   149F           00140     BSF     ADCON0, GO
0117   189F           00141     BTFSC   ADCON0, GO
0118   081E           00142     MOVF    ADRESH, W
Message[305]: Using default destination of 1 (file).
0119   08??           00143     MOVF    CONTY
011A   121F           00144     BCF     ADCON0, CHS2
011B   2???           00145     CALL    DELAY_1
011C   0008           00146     RETURN
                      00147     
                      00148     
                      00149 ; ------------- DISPLAYS --------------------------------------------
                      00150   
011D                  00151 DISPLAY_0:
011D   1308           00152     BCF   PORTD, RD6
011E   0E??           00153     SWAPF CONTX, W
011F   00??           00154     MOVWF TEMP1
0120   300F           00155     MOVLW 0X0F
0121   05??           00156     ANDWF TEMP1, W
0122   2???           00157     CALL  TABLA_7S
0123   0086           00158     MOVWF PORTB 
0124   1788           00159     BSF   PORTD, RD7
0125   0008           00160     RETURN
                      00161  
0126                  00162 DISPLAY_1:
                      00163 
0126   1388           00164     BCF   PORTD, RD7
0127   300F           00165     MOVLW 0X0F
0128   05??           00166     ANDWF CONTX,W
0129   2???           00167     CALL  TABLA_7S
012A   0086           00168     MOVWF PORTB 
012B   1708           00169     BSF   PORTD, RD6
012C   0008           00170     RETURN 
                      00171     
012D                  00172 DISPLAY_2:
012D   1208           00173     BCF   PORTD, RD4
012E   300F           00174     MOVLW 0X0F
012F   05??           00175     ANDWF CONTY,W
0130   2???           00176     CALL  TABLA_7S
0131   0086           00177     MOVWF PORTB 
0132   1688           00178     BSF   PORTD, RD5
0133   0008           00179     RETURN 
                      00180     
0134                  00181 DISPLAY_3:
0134   1288           00182     BCF   PORTD, RD5
0135   300F           00183     MOVLW 0X0F
0136   05??           00184     ANDWF CONTY,W
0137   2???           00185     CALL  TABLA_7S
MPASM 5.77             PRUEBA PROYECTO 2.ASM   10-29-2020  1:33:02         PAGE  5


LOC  OBJECT CODE     LINE SOURCE TEXT
  VALUE

0138   0086           00186     MOVWF PORTB 
0139   1608           00187     BSF   PORTD, RD4
013A   0008           00188     RETURN 
                      00189 ; ------------- CONFIGURACION IO --------------------------------------------
                      00190   
013B                  00191 CONFIG_TR:
013B   1683           00192     BSF     STATUS, RP0
013C   301F           00193     MOVLW   .31
Message[302]: Register in operand not in bank 0.  Ensure that bank bits are correct.
013D   0099           00194     MOVWF   SPBRG
Message[302]: Register in operand not in bank 0.  Ensure that bank bits are correct.
013E   1218           00195     BCF     TXSTA,4
Message[302]: Register in operand not in bank 0.  Ensure that bank bits are correct.
013F   1118           00196     BCF     TXSTA,2
Message[302]: Register in operand not in bank 0.  Ensure that bank bits are correct.
0140   1318           00197     BCF     TXSTA,6
Message[302]: Register in operand not in bank 0.  Ensure that bank bits are correct.
0141   1698           00198     BSF     TXSTA, 5
0142   168C           00199     BSF     PIR1, RCIE
                      00200     
0143   1283           00201     BCF     STATUS, RP0
0144   1798           00202     BSF     RCSTA,7
0145   1618           00203     BSF     RCSTA,4
0146   1318           00204     BCF     RCSTA,6 
                      00205     
0147   128C           00206     BCF     PIR1, RCIF
                      00207  
0148   0008           00208     RETURN
                      00209  
0149                  00210 CONFIG_IO:
0149   1683 1303      00211     BANKSEL TRISB
014B   3000           00212     MOVLW   B'00000000'
Message[302]: Register in operand not in bank 0.  Ensure that bank bits are correct.
014C   0086           00213     MOVWF   TRISB
014D   1283 1303      00214     BANKSEL PORTB
014F   0186           00215     CLRF    PORTB
                      00216     
0150   1683 1303      00217     BANKSEL TRISC
0152   3000           00218     MOVLW   B'00000000'
Message[302]: Register in operand not in bank 0.  Ensure that bank bits are correct.
0153   0087           00219     MOVWF   TRISC
0154   1283 1303      00220     BANKSEL PORTC
0156   0187           00221     CLRF    PORTC
                      00222     
0157   1683 1303      00223     BANKSEL TRISD
0159   3000           00224     MOVLW   B'00000000'
Message[302]: Register in operand not in bank 0.  Ensure that bank bits are correct.
015A   0088           00225     MOVWF   TRISD
015B   1283 1303      00226     BANKSEL PORTD
015D   0188           00227     CLRF    PORTD
                      00228     
015E   0008           00229     RETURN
                      00230     
MPASM 5.77             PRUEBA PROYECTO 2.ASM   10-29-2020  1:33:02         PAGE  6


LOC  OBJECT CODE     LINE SOURCE TEXT
  VALUE

015F                  00231 CONFIG_ADC:
015F   1283 1303      00232     BANKSEL PORTA
                      00233     
0161   139F           00234     BCF     ADCON0, ADCS1
0162   171F           00235     BSF     ADCON0, ADCS0
0163   129F           00236     BCF     ADCON0, CHS3
0164   121F           00237     BCF     ADCON0, CHS2
0165   119F           00238     BCF     ADCON0, CHS1
0166   111F           00239     BCF     ADCON0, CHS0
                      00240     ;
0167   1683 1303      00241     BANKSEL TRISA
                      00242 ;
Message[302]: Register in operand not in bank 0.  Ensure that bank bits are correct.
0169   139F           00243     BCF     ADCON1, ADFM
Message[302]: Register in operand not in bank 0.  Ensure that bank bits are correct.
016A   129F           00244     BCF     ADCON1, VCFG1
Message[302]: Register in operand not in bank 0.  Ensure that bank bits are correct.
016B   121F           00245     BCF     ADCON1, VCFG0
                      00246     
016C   1283 1303      00247     BANKSEL PORTA
016E   141F           00248     BSF     ADCON0, ADON
                      00249     
                      00250    
                      00251 ;-------------------- TIMER 0 ----------------------------------------------
016F                  00252 CONFIG_TMR0:
016F   1683 1303      00253     BANKSEL TRISA
Message[302]: Register in operand not in bank 0.  Ensure that bank bits are correct.
0171   1281           00254     BCF OPTION_REG , T0CS
Message[302]: Register in operand not in bank 0.  Ensure that bank bits are correct.
0172   1181           00255     BCF OPTION_REG , PSA
Message[302]: Register in operand not in bank 0.  Ensure that bank bits are correct.
0173   1501           00256     BSF OPTION_REG , PS2
Message[302]: Register in operand not in bank 0.  Ensure that bank bits are correct.
0174   1481           00257     BSF OPTION_REG , PS1
Message[302]: Register in operand not in bank 0.  Ensure that bank bits are correct.
0175   1001           00258     BCF OPTION_REG , PS0
                      00259  
0176   1283 1303      00260     BANKSEL PORTA
0178   3032           00261     MOVLW .50
0179   0081           00262     MOVWF TMR0
017A   110B           00263     BCF INTCON, T0IF
017B   0008           00264     RETURN
                      00265  
017C                  00266 CONFIG_INTERRUPT:
017C   178B           00267     BSF  INTCON, GIE
017D   168B           00268     BSF  INTCON, T0IE
017E   110B           00269     BCF  INTCON, T0IF 
017F   0008           00270     RETURN 
                      00271 
0180                  00272 DELAY_1:
0180   0000           00273     NOP
0181   0000           00274     NOP
0182   0000           00275     NOP
MPASM 5.77             PRUEBA PROYECTO 2.ASM   10-29-2020  1:33:02         PAGE  7


LOC  OBJECT CODE     LINE SOURCE TEXT
  VALUE

0183   0000           00276     NOP
0184   0000           00277     NOP
0185   0000           00278     NOP
0186   0000           00279     NOP
0187   0000           00280     NOP
0188   0000           00281     NOP
0189   0000           00282     NOP
018A   0008           00283     RETURN
                      00284     
Warning[205]: Found directive in column 1. (END)
20D4 3FFF             00285 END
MPASM 5.77             PRUEBA PROYECTO 2.ASM   10-29-2020  1:33:02         PAGE  8


SYMBOL TABLE
  LABEL                             VALUE 

ABDEN                             00000000
ABDOVF                            00000007
ACKDT                             00000005
ACKEN                             00000004
ACKSTAT                           00000006
ADCON0                            0000001F
ADCON1                            0000009F
ADCS0                             00000006
ADCS1                             00000007
ADDEN                             00000003
ADFM                              00000007
ADIE                              00000006
ADIF                              00000006
ADON                              00000000
ADRESH                            0000001E
ADRESL                            0000009E
ANS0                              00000000
ANS1                              00000001
ANS10                             00000002
ANS11                             00000003
ANS12                             00000004
ANS13                             00000005
ANS2                              00000002
ANS3                              00000003
ANS4                              00000004
ANS5                              00000005
ANS6                              00000006
ANS7                              00000007
ANS8                              00000000
ANS9                              00000001
ANSEL                             00000188
ANSELH                            00000189
BAUDCTL                           00000187
BCLIE                             00000003
BCLIF                             00000003
BF                                00000000
BRG0                              00000000
BRG1                              00000001
BRG10                             00000002
BRG11                             00000003
BRG12                             00000004
BRG13                             00000005
BRG14                             00000006
BRG15                             00000007
BRG16                             00000003
BRG2                              00000002
BRG3                              00000003
BRG4                              00000004
BRG5                              00000005
BRG6                              00000006
BRG7                              00000007
BRG8                              00000000
BRG9                              00000001
MPASM 5.77             PRUEBA PROYECTO 2.ASM   10-29-2020  1:33:02         PAGE  9


SYMBOL TABLE
  LABEL                             VALUE 

BRGH                              00000002
C                                 00000000
C1CH0                             00000000
C1CH1                             00000001
C1IE                              00000005
C1IF                              00000005
C1OE                              00000005
C1ON                              00000007
C1OUT                             00000006
C1POL                             00000004
C1R                               00000002
C1RSEL                            00000005
C1SEN                             00000005
C2CH0                             00000000
C2CH1                             00000001
C2IE                              00000006
C2IF                              00000006
C2OE                              00000005
C2ON                              00000007
C2OUT                             00000006
C2POL                             00000004
C2R                               00000002
C2REN                             00000004
C2RSEL                            00000004
C2SYNC                            00000000
CCP1CON                           00000017
CCP1IE                            00000002
CCP1IF                            00000002
CCP1M0                            00000000
CCP1M1                            00000001
CCP1M2                            00000002
CCP1M3                            00000003
CCP1X                             00000005
CCP1Y                             00000004
CCP2CON                           0000001D
CCP2IE                            00000000
CCP2IF                            00000000
CCP2M0                            00000000
CCP2M1                            00000001
CCP2M2                            00000002
CCP2M3                            00000003
CCP2X                             00000005
CCP2Y                             00000004
CCPR1                             00000015
CCPR1H                            00000016
CCPR1L                            00000015
CCPR2                             0000001B
CCPR2H                            0000001C
CCPR2L                            0000001B
CHS0                              00000002
CHS1                              00000003
CHS2                              00000004
CHS3                              00000005
MPASM 5.77             PRUEBA PROYECTO 2.ASM   10-29-2020  1:33:02         PAGE 10


SYMBOL TABLE
  LABEL                             VALUE 

CKE                               00000006
CKP                               00000004
CM1CON0                           00000107
CM2CON0                           00000108
CM2CON1                           00000109
CONFIG_ADC                        0000015F
CONFIG_ADCX                       0000010E
CONFIG_ADCY                       00000116
CONFIG_INTERRUPT                  0000017C
CONFIG_IO                         00000149
CONFIG_TMR0                       0000016F
CONFIG_TR                         0000013B
CONT1                             00000000
CONT1S                            00000004
CONTA                             00000001
CONTADOR                          00000005
CONTB                             00000002
CONTOR                            00000003
CONTX                             0000000C
CONTY                             0000000D
CREN                              00000004
CSRC                              00000007
D                                 00000005
DATA_ADDRESS                      00000005
DC                                00000001
DC1B0                             00000004
DC1B1                             00000005
DC2B0                             00000004
DC2B1                             00000005
DELAY_1                           00000180
DISPLAY_0                         0000011D
DISPLAY_1                         00000126
DISPLAY_2                         0000012D
DISPLAY_3                         00000134
D_A                               00000005
D_NOT_A                           00000005
ECCPAS                            0000009C
ECCPAS0                           00000004
ECCPAS1                           00000005
ECCPAS2                           00000006
ECCPASE                           00000007
EEADR                             0000010D
EEADRH                            0000010F
EECON1                            0000018C
EECON2                            0000018D
EEDAT                             0000010C
EEDATA                            0000010C
EEDATH                            0000010E
EEIE                              00000004
EEIF                              00000004
EEPGD                             00000007
F                                 00000001
FERR                              00000002
MPASM 5.77             PRUEBA PROYECTO 2.ASM   10-29-2020  1:33:02         PAGE 11


SYMBOL TABLE
  LABEL                             VALUE 

FSR                               00000004
FVREN                             00000000
GCEN                              00000007
GIE                               00000007
GO                                00000001
GO_DONE                           00000001
GO_NOT_DONE                       00000001
HTS                               00000002
I2C_DATA                          00000005
I2C_READ                          00000002
I2C_START                         00000003
I2C_STOP                          00000004
INDF                              00000000
INTCON                            0000000B
INTE                              00000004
INTEDG                            00000006
INTF                              00000001
IOCB                              00000096
IOCB0                             00000000
IOCB1                             00000001
IOCB2                             00000002
IOCB3                             00000003
IOCB4                             00000004
IOCB5                             00000005
IOCB6                             00000006
IOCB7                             00000007
IRCF0                             00000004
IRCF1                             00000005
IRCF2                             00000006
IRP                               00000007
ISR                               00000007
LOOP                              00000107
LTS                               00000001
MC1OUT                            00000007
MC2OUT                            00000006
MSK                               00000093
MSK0                              00000000
MSK1                              00000001
MSK2                              00000002
MSK3                              00000003
MSK4                              00000004
MSK5                              00000005
MSK6                              00000006
MSK7                              00000007
NOT_A                             00000005
NOT_ADDRESS                       00000005
NOT_BO                            00000000
NOT_BOR                           00000000
NOT_DONE                          00000001
NOT_PD                            00000003
NOT_POR                           00000001
NOT_RBPU                          00000007
NOT_RC8                           00000006
MPASM 5.77             PRUEBA PROYECTO 2.ASM   10-29-2020  1:33:02         PAGE 12


SYMBOL TABLE
  LABEL                             VALUE 

NOT_T1SYNC                        00000002
NOT_TO                            00000004
NOT_TX8                           00000006
NOT_W                             00000002
NOT_WRITE                         00000002
OERR                              00000001
OPTION_REG                        00000081
OSCCON                            0000008F
OSCTUNE                           00000090
OSFIE                             00000007
OSFIF                             00000007
OSTS                              00000003
P                                 00000004
P1M0                              00000006
P1M1                              00000007
PCL                               00000002
PCLATH                            0000000A
PCON                              0000008E
PDC0                              00000000
PDC1                              00000001
PDC2                              00000002
PDC3                              00000003
PDC4                              00000004
PDC5                              00000005
PDC6                              00000006
PEIE                              00000006
PEN                               00000002
PIE1                              0000008C
PIE2                              0000008D
PIR1                              0000000C
PIR2                              0000000D
POP                               0000000F
PORTA                             00000005
PORTB                             00000006
PORTC                             00000007
PORTD                             00000008
PORTE                             00000009
PR2                               00000092
PRSEN                             00000007
PS0                               00000000
PS1                               00000001
PS2                               00000002
PSA                               00000003
PSSAC0                            00000002
PSSAC1                            00000003
PSSBD0                            00000000
PSSBD1                            00000001
PSTRCON                           0000009D
PULSR                             00000002
PULSS                             00000003
PUSH                              00000004
PWM1CON                           0000009B
R                                 00000002
MPASM 5.77             PRUEBA PROYECTO 2.ASM   10-29-2020  1:33:02         PAGE 13


SYMBOL TABLE
  LABEL                             VALUE 

RA0                               00000000
RA1                               00000001
RA2                               00000002
RA3                               00000003
RA4                               00000004
RA5                               00000005
RA6                               00000006
RA7                               00000007
RB0                               00000000
RB1                               00000001
RB2                               00000002
RB3                               00000003
RB4                               00000004
RB5                               00000005
RB6                               00000006
RB7                               00000007
RBIE                              00000003
RBIF                              00000000
RC0                               00000000
RC1                               00000001
RC2                               00000002
RC3                               00000003
RC4                               00000004
RC5                               00000005
RC6                               00000006
RC7                               00000007
RC8_9                             00000006
RC9                               00000006
RCD8                              00000000
RCEN                              00000003
RCIDL                             00000006
RCIE                              00000005
RCIF                              00000005
RCREG                             0000001A
RCSTA                             00000018
RD                                00000000
RD0                               00000000
RD1                               00000001
RD2                               00000002
RD3                               00000003
RD4                               00000004
RD5                               00000005
RD6                               00000006
RD7                               00000007
RE0                               00000000
RE1                               00000001
RE2                               00000002
RE3                               00000003
READ_WRITE                        00000002
RP0                               00000005
RP1                               00000006
RSEN                              00000001
RX9                               00000006
MPASM 5.77             PRUEBA PROYECTO 2.ASM   10-29-2020  1:33:02         PAGE 14


SYMBOL TABLE
  LABEL                             VALUE 

RX9D                              00000000
R_NOT_W                           00000002
R_W                               00000002
S                                 00000003
SBOREN                            00000004
SCKP                              00000004
SCS                               00000000
SEN                               00000000
SENDB                             00000003
SMP                               00000007
SPBRG                             00000099
SPBRGH                            0000009A
SPEN                              00000007
SR0                               00000006
SR1                               00000007
SRCON                             00000185
SREN                              00000005
SSPADD                            00000093
SSPBUF                            00000013
SSPCON                            00000014
SSPCON2                           00000091
SSPEN                             00000005
SSPIE                             00000003
SSPIF                             00000003
SSPM0                             00000000
SSPM1                             00000001
SSPM2                             00000002
SSPM3                             00000003
SSPMSK                            00000093
SSPOV                             00000006
SSPSTAT                           00000094
START                             00000100
STATUS                            00000003
STATUS_TEMP                       00000009
STRA                              00000000
STRB                              00000001
STRC                              00000002
STRD                              00000003
STRSYNC                           00000004
SWDTEN                            00000000
SYNC                              00000004
T0CS                              00000005
T0IE                              00000005
T0IF                              00000002
T0SE                              00000004
T1CKPS0                           00000004
T1CKPS1                           00000005
T1CON                             00000010
T1GINV                            00000007
T1GIV                             00000007
T1GSS                             00000001
T1INSYNC                          00000002
T1OSCEN                           00000003
MPASM 5.77             PRUEBA PROYECTO 2.ASM   10-29-2020  1:33:02         PAGE 15


SYMBOL TABLE
  LABEL                             VALUE 

T1SYNC                            00000002
T2CKPS0                           00000000
T2CKPS1                           00000001
T2CON                             00000012
TABLA_7S                          00000014
TEMP1                             0000000A
TEMP2                             0000000B
TMR0                              00000001
TMR0IE                            00000005
TMR0IF                            00000002
TMR1                              0000000E
TMR1CS                            00000001
TMR1GE                            00000006
TMR1H                             0000000F
TMR1IE                            00000000
TMR1IF                            00000000
TMR1L                             0000000E
TMR1ON                            00000000
TMR2                              00000011
TMR2IE                            00000001
TMR2IF                            00000001
TMR2ON                            00000002
TOUTPS0                           00000003
TOUTPS1                           00000004
TOUTPS2                           00000005
TOUTPS3                           00000006
TRISA                             00000085
TRISA0                            00000000
TRISA1                            00000001
TRISA2                            00000002
TRISA3                            00000003
TRISA4                            00000004
TRISA5                            00000005
TRISA6                            00000006
TRISA7                            00000007
TRISB                             00000086
TRISB0                            00000000
TRISB1                            00000001
TRISB2                            00000002
TRISB3                            00000003
TRISB4                            00000004
TRISB5                            00000005
TRISB6                            00000006
TRISB7                            00000007
TRISC                             00000087
TRISC0                            00000000
TRISC1                            00000001
TRISC2                            00000002
TRISC3                            00000003
TRISC4                            00000004
TRISC5                            00000005
TRISC6                            00000006
TRISC7                            00000007
MPASM 5.77             PRUEBA PROYECTO 2.ASM   10-29-2020  1:33:02         PAGE 16


SYMBOL TABLE
  LABEL                             VALUE 

TRISD                             00000088
TRISD0                            00000000
TRISD1                            00000001
TRISD2                            00000002
TRISD3                            00000003
TRISD4                            00000004
TRISD5                            00000005
TRISD6                            00000006
TRISD7                            00000007
TRISE                             00000089
TRISE0                            00000000
TRISE1                            00000001
TRISE2                            00000002
TRISE3                            00000003
TRMT                              00000001
TUN0                              00000000
TUN1                              00000001
TUN2                              00000002
TUN3                              00000003
TUN4                              00000004
TX8_9                             00000006
TX9                               00000006
TX9D                              00000000
TXD8                              00000000
TXEN                              00000005
TXIE                              00000004
TXIF                              00000004
TXREG                             00000019
TXSTA                             00000098
UA                                00000001
ULPWUE                            00000005
ULPWUIE                           00000002
ULPWUIF                           00000002
VALOR_ADC                         00000007
VCFG0                             00000004
VCFG1                             00000005
VR0                               00000000
VR1                               00000001
VR2                               00000002
VR3                               00000003
VRCON                             00000097
VREN                              00000007
VROE                              00000006
VRR                               00000005
VRSS                              00000004
V_VOLT                            00000006
W                                 00000000
WCOL                              00000007
WDTCON                            00000105
WDTPS0                            00000001
WDTPS1                            00000002
WDTPS2                            00000003
WDTPS3                            00000004
MPASM 5.77             PRUEBA PROYECTO 2.ASM   10-29-2020  1:33:02         PAGE 17


SYMBOL TABLE
  LABEL                             VALUE 

WPUB                              00000095
WPUB0                             00000000
WPUB1                             00000001
WPUB2                             00000002
WPUB3                             00000003
WPUB4                             00000004
WPUB5                             00000005
WPUB6                             00000006
WPUB7                             00000007
WR                                00000001
WREN                              00000002
WRERR                             00000003
WUE                               00000001
W_TEMP                            00000008
Z                                 00000002
_BOR21V                           00003EFF
_BOR40V                           00003FFF
_BOR4V_BOR21V                     00003EFF
_BOR4V_BOR40V                     00003FFF
_BOREN_NSLEEP                     00003EFF
_BOREN_OFF                        00003CFF
_BOREN_ON                         00003FFF
_BOREN_SBODEN                     00003DFF
_BOR_NSLEEP                       00003EFF
_BOR_OFF                          00003CFF
_BOR_ON                           00003FFF
_BOR_SBODEN                       00003DFF
_CONFIG1                          00002007
_CONFIG2                          00002008
_CPD_OFF                          00003FFF
_CPD_ON                           00003F7F
_CP_OFF                           00003FFF
_CP_ON                            00003FBF
_DEBUG_OFF                        00003FFF
_DEBUG_ON                         00001FFF
_DEVID1                           00002006
_EC_OSC                           00003FFB
_EXTRC                            00003FFF
_EXTRCIO                          00003FFE
_EXTRC_OSC_CLKOUT                 00003FFF
_EXTRC_OSC_NOCLKOUT               00003FFE
_FCMEN_OFF                        000037FF
_FCMEN_ON                         00003FFF
_FOSC_EC                          00003FFB
_FOSC_EXTRC_CLKOUT                00003FFF
_FOSC_EXTRC_NOCLKOUT              00003FFE
_FOSC_HS                          00003FFA
_FOSC_INTRC_CLKOUT                00003FFD
_FOSC_INTRC_NOCLKOUT              00003FFC
_FOSC_LP                          00003FF8
_FOSC_XT                          00003FF9
_HS_OSC                           00003FFA
_IDLOC0                           00002000
MPASM 5.77             PRUEBA PROYECTO 2.ASM   10-29-2020  1:33:02         PAGE 18


SYMBOL TABLE
  LABEL                             VALUE 

_IDLOC1                           00002001
_IDLOC2                           00002002
_IDLOC3                           00002003
_IESO_OFF                         00003BFF
_IESO_ON                          00003FFF
_INTOSC                           00003FFD
_INTOSCIO                         00003FFC
_INTRC_OSC_CLKOUT                 00003FFD
_INTRC_OSC_NOCLKOUT               00003FFC
_LP_OSC                           00003FF8
_LVP_OFF                          00002FFF
_LVP_ON                           00003FFF
_MAIN_PROG_0110                   00000110
_MCLRE_OFF                        00003FDF
_MCLRE_ON                         00003FFF
_PWRTE_OFF                        00003FFF
_PWRTE_ON                         00003FEF
_WDTE_OFF                         00003FF7
_WDTE_ON                          00003FFF
_WDT_OFF                          00003FF7
_WDT_ON                           00003FFF
_WRT_1FOURTH                      00003BFF
_WRT_256                          00003DFF
_WRT_HALF                         000039FF
_WRT_OFF                          00003FFF
_XT_OSC                           00003FF9
__16F887                          00000001

Errors   :     0
Warnings :    16 reported,     0 suppressed
Messages :    17 reported,     0 suppressed

