Warning[207] D:\UVG\TERCER AÒO\SEGUNDO SEMESTRE\PROGRA DE MICROS\MPLAB\LABS-DE-MICROS\P2P2.X\PRUEBA PROYECTO 2.ASM 24 : Found label after column 1. (CONT1)
Warning[207] D:\UVG\TERCER AÒO\SEGUNDO SEMESTRE\PROGRA DE MICROS\MPLAB\LABS-DE-MICROS\P2P2.X\PRUEBA PROYECTO 2.ASM 25 : Found label after column 1. (CONTA)
Warning[207] D:\UVG\TERCER AÒO\SEGUNDO SEMESTRE\PROGRA DE MICROS\MPLAB\LABS-DE-MICROS\P2P2.X\PRUEBA PROYECTO 2.ASM 26 : Found label after column 1. (CONTB)
Warning[207] D:\UVG\TERCER AÒO\SEGUNDO SEMESTRE\PROGRA DE MICROS\MPLAB\LABS-DE-MICROS\P2P2.X\PRUEBA PROYECTO 2.ASM 27 : Found label after column 1. (CONTOR)
Warning[207] D:\UVG\TERCER AÒO\SEGUNDO SEMESTRE\PROGRA DE MICROS\MPLAB\LABS-DE-MICROS\P2P2.X\PRUEBA PROYECTO 2.ASM 28 : Found label after column 1. (CONT1S)
Warning[207] D:\UVG\TERCER AÒO\SEGUNDO SEMESTRE\PROGRA DE MICROS\MPLAB\LABS-DE-MICROS\P2P2.X\PRUEBA PROYECTO 2.ASM 29 : Found label after column 1. (CONTADOR)
Warning[207] D:\UVG\TERCER AÒO\SEGUNDO SEMESTRE\PROGRA DE MICROS\MPLAB\LABS-DE-MICROS\P2P2.X\PRUEBA PROYECTO 2.ASM 31 : Found label after column 1. (V_VOLT)
Warning[207] D:\UVG\TERCER AÒO\SEGUNDO SEMESTRE\PROGRA DE MICROS\MPLAB\LABS-DE-MICROS\P2P2.X\PRUEBA PROYECTO 2.ASM 32 : Found label after column 1. (VALOR_ADC)
Warning[207] D:\UVG\TERCER AÒO\SEGUNDO SEMESTRE\PROGRA DE MICROS\MPLAB\LABS-DE-MICROS\P2P2.X\PRUEBA PROYECTO 2.ASM 34 : Found label after column 1. (W_TEMP)
Warning[207] D:\UVG\TERCER AÒO\SEGUNDO SEMESTRE\PROGRA DE MICROS\MPLAB\LABS-DE-MICROS\P2P2.X\PRUEBA PROYECTO 2.ASM 35 : Found label after column 1. (STATUS_TEMP)
Warning[207] D:\UVG\TERCER AÒO\SEGUNDO SEMESTRE\PROGRA DE MICROS\MPLAB\LABS-DE-MICROS\P2P2.X\PRUEBA PROYECTO 2.ASM 36 : Found label after column 1. (TEMP1)
Warning[207] D:\UVG\TERCER AÒO\SEGUNDO SEMESTRE\PROGRA DE MICROS\MPLAB\LABS-DE-MICROS\P2P2.X\PRUEBA PROYECTO 2.ASM 37 : Found label after column 1. (TEMP2)
Warning[207] D:\UVG\TERCER AÒO\SEGUNDO SEMESTRE\PROGRA DE MICROS\MPLAB\LABS-DE-MICROS\P2P2.X\PRUEBA PROYECTO 2.ASM 39 : Found label after column 1. (CONTX)
Warning[207] D:\UVG\TERCER AÒO\SEGUNDO SEMESTRE\PROGRA DE MICROS\MPLAB\LABS-DE-MICROS\P2P2.X\PRUEBA PROYECTO 2.ASM 40 : Found label after column 1. (CONTY)
Warning[207] D:\UVG\TERCER AÒO\SEGUNDO SEMESTRE\PROGRA DE MICROS\MPLAB\LABS-DE-MICROS\P2P2.X\PRUEBA PROYECTO 2.ASM 44 : Found label after column 1. (RES_VECT)
Message[305] D:\UVG\TERCER AÒO\SEGUNDO SEMESTRE\PROGRA DE MICROS\MPLAB\LABS-DE-MICROS\P2P2.X\PRUEBA PROYECTO 2.ASM 143 : Using default destination of 1 (file).
Message[302] D:\UVG\TERCER AÒO\SEGUNDO SEMESTRE\PROGRA DE MICROS\MPLAB\LABS-DE-MICROS\P2P2.X\PRUEBA PROYECTO 2.ASM 194 : Register in operand not in bank 0.  Ensure that bank bits are correct.
Message[302] D:\UVG\TERCER AÒO\SEGUNDO SEMESTRE\PROGRA DE MICROS\MPLAB\LABS-DE-MICROS\P2P2.X\PRUEBA PROYECTO 2.ASM 195 : Register in operand not in bank 0.  Ensure that bank bits are correct.
Message[302] D:\UVG\TERCER AÒO\SEGUNDO SEMESTRE\PROGRA DE MICROS\MPLAB\LABS-DE-MICROS\P2P2.X\PRUEBA PROYECTO 2.ASM 196 : Register in operand not in bank 0.  Ensure that bank bits are correct.
Message[302] D:\UVG\TERCER AÒO\SEGUNDO SEMESTRE\PROGRA DE MICROS\MPLAB\LABS-DE-MICROS\P2P2.X\PRUEBA PROYECTO 2.ASM 197 : Register in operand not in bank 0.  Ensure that bank bits are correct.
Message[302] D:\UVG\TERCER AÒO\SEGUNDO SEMESTRE\PROGRA DE MICROS\MPLAB\LABS-DE-MICROS\P2P2.X\PRUEBA PROYECTO 2.ASM 198 : Register in operand not in bank 0.  Ensure that bank bits are correct.
Message[302] D:\UVG\TERCER AÒO\SEGUNDO SEMESTRE\PROGRA DE MICROS\MPLAB\LABS-DE-MICROS\P2P2.X\PRUEBA PROYECTO 2.ASM 213 : Register in operand not in bank 0.  Ensure that bank bits are correct.
Message[302] D:\UVG\TERCER AÒO\SEGUNDO SEMESTRE\PROGRA DE MICROS\MPLAB\LABS-DE-MICROS\P2P2.X\PRUEBA PROYECTO 2.ASM 219 : Register in operand not in bank 0.  Ensure that bank bits are correct.
Message[302] D:\UVG\TERCER AÒO\SEGUNDO SEMESTRE\PROGRA DE MICROS\MPLAB\LABS-DE-MICROS\P2P2.X\PRUEBA PROYECTO 2.ASM 225 : Register in operand not in bank 0.  Ensure that bank bits are correct.
Message[302] D:\UVG\TERCER AÒO\SEGUNDO SEMESTRE\PROGRA DE MICROS\MPLAB\LABS-DE-MICROS\P2P2.X\PRUEBA PROYECTO 2.ASM 243 : Register in operand not in bank 0.  Ensure that bank bits are correct.
Message[302] D:\UVG\TERCER AÒO\SEGUNDO SEMESTRE\PROGRA DE MICROS\MPLAB\LABS-DE-MICROS\P2P2.X\PRUEBA PROYECTO 2.ASM 244 : Register in operand not in bank 0.  Ensure that bank bits are correct.
Message[302] D:\UVG\TERCER AÒO\SEGUNDO SEMESTRE\PROGRA DE MICROS\MPLAB\LABS-DE-MICROS\P2P2.X\PRUEBA PROYECTO 2.ASM 245 : Register in operand not in bank 0.  Ensure that bank bits are correct.
Message[302] D:\UVG\TERCER AÒO\SEGUNDO SEMESTRE\PROGRA DE MICROS\MPLAB\LABS-DE-MICROS\P2P2.X\PRUEBA PROYECTO 2.ASM 254 : Register in operand not in bank 0.  Ensure that bank bits are correct.
Message[302] D:\UVG\TERCER AÒO\SEGUNDO SEMESTRE\PROGRA DE MICROS\MPLAB\LABS-DE-MICROS\P2P2.X\PRUEBA PROYECTO 2.ASM 255 : Register in operand not in bank 0.  Ensure that bank bits are correct.
Message[302] D:\UVG\TERCER AÒO\SEGUNDO SEMESTRE\PROGRA DE MICROS\MPLAB\LABS-DE-MICROS\P2P2.X\PRUEBA PROYECTO 2.ASM 256 : Register in operand not in bank 0.  Ensure that bank bits are correct.
Message[302] D:\UVG\TERCER AÒO\SEGUNDO SEMESTRE\PROGRA DE MICROS\MPLAB\LABS-DE-MICROS\P2P2.X\PRUEBA PROYECTO 2.ASM 257 : Register in operand not in bank 0.  Ensure that bank bits are correct.
Message[302] D:\UVG\TERCER AÒO\SEGUNDO SEMESTRE\PROGRA DE MICROS\MPLAB\LABS-DE-MICROS\P2P2.X\PRUEBA PROYECTO 2.ASM 258 : Register in operand not in bank 0.  Ensure that bank bits are correct.
Warning[205] D:\UVG\TERCER AÒO\SEGUNDO SEMESTRE\PROGRA DE MICROS\MPLAB\LABS-DE-MICROS\P2P2.X\PRUEBA PROYECTO 2.ASM 285 : Found directive in column 1. (END)
