Warning[207] D:\UVG\TERCER AÒO\SEGUNDO SEMESTRE\PROGRA DE MICROS\MPLAB\PRUEBAP1.X\PRUEBA P 1.ASM 26 : Found label after column 1. (WTEMP)
Warning[207] D:\UVG\TERCER AÒO\SEGUNDO SEMESTRE\PROGRA DE MICROS\MPLAB\PRUEBAP1.X\PRUEBA P 1.ASM 27 : Found label after column 1. (STATUSTEMP)
Warning[207] D:\UVG\TERCER AÒO\SEGUNDO SEMESTRE\PROGRA DE MICROS\MPLAB\PRUEBAP1.X\PRUEBA P 1.ASM 28 : Found label after column 1. (BANDERA)
Warning[207] D:\UVG\TERCER AÒO\SEGUNDO SEMESTRE\PROGRA DE MICROS\MPLAB\PRUEBAP1.X\PRUEBA P 1.ASM 29 : Found label after column 1. (DEC_DELAY)
Warning[207] D:\UVG\TERCER AÒO\SEGUNDO SEMESTRE\PROGRA DE MICROS\MPLAB\PRUEBAP1.X\PRUEBA P 1.ASM 30 : Found label after column 1. (DEC_DELAYLARGO)
Warning[207] D:\UVG\TERCER AÒO\SEGUNDO SEMESTRE\PROGRA DE MICROS\MPLAB\PRUEBAP1.X\PRUEBA P 1.ASM 31 : Found label after column 1. (CONT_DISPLAYS)
Warning[207] D:\UVG\TERCER AÒO\SEGUNDO SEMESTRE\PROGRA DE MICROS\MPLAB\PRUEBAP1.X\PRUEBA P 1.ASM 32 : Found label after column 1. (MIN_UNIDADES)
Warning[207] D:\UVG\TERCER AÒO\SEGUNDO SEMESTRE\PROGRA DE MICROS\MPLAB\PRUEBAP1.X\PRUEBA P 1.ASM 33 : Found label after column 1. (MIN_DECENAS)
Warning[207] D:\UVG\TERCER AÒO\SEGUNDO SEMESTRE\PROGRA DE MICROS\MPLAB\PRUEBAP1.X\PRUEBA P 1.ASM 34 : Found label after column 1. (HORA_UNIDADES)
Warning[207] D:\UVG\TERCER AÒO\SEGUNDO SEMESTRE\PROGRA DE MICROS\MPLAB\PRUEBAP1.X\PRUEBA P 1.ASM 35 : Found label after column 1. (HORA_DECENAS)
Warning[207] D:\UVG\TERCER AÒO\SEGUNDO SEMESTRE\PROGRA DE MICROS\MPLAB\PRUEBAP1.X\PRUEBA P 1.ASM 36 : Found label after column 1. (MEDIOSEGUNDO)
Warning[207] D:\UVG\TERCER AÒO\SEGUNDO SEMESTRE\PROGRA DE MICROS\MPLAB\PRUEBAP1.X\PRUEBA P 1.ASM 37 : Found label after column 1. (W_TEMPMINUTOSUNIDADES)
Warning[207] D:\UVG\TERCER AÒO\SEGUNDO SEMESTRE\PROGRA DE MICROS\MPLAB\PRUEBAP1.X\PRUEBA P 1.ASM 38 : Found label after column 1. (NUMEROINTERRUPCIONES)
Message[305] D:\UVG\TERCER AÒO\SEGUNDO SEMESTRE\PROGRA DE MICROS\MPLAB\PRUEBAP1.X\PRUEBA P 1.ASM 59 : Using default destination of 1 (file).
Warning[203] D:\UVG\TERCER AÒO\SEGUNDO SEMESTRE\PROGRA DE MICROS\MPLAB\PRUEBAP1.X\PRUEBA P 1.ASM 72 : Found opcode in column 1. (RETFIE)
Message[305] D:\UVG\TERCER AÒO\SEGUNDO SEMESTRE\PROGRA DE MICROS\MPLAB\PRUEBAP1.X\PRUEBA P 1.ASM 117 : Using default destination of 1 (file).
Warning[203] D:\UVG\TERCER AÒO\SEGUNDO SEMESTRE\PROGRA DE MICROS\MPLAB\PRUEBAP1.X\PRUEBA P 1.ASM 120 : Found opcode in column 1. (RETURN)
Warning[203] D:\UVG\TERCER AÒO\SEGUNDO SEMESTRE\PROGRA DE MICROS\MPLAB\PRUEBAP1.X\PRUEBA P 1.ASM 128 : Found opcode in column 1. (RETURN)
Warning[203] D:\UVG\TERCER AÒO\SEGUNDO SEMESTRE\PROGRA DE MICROS\MPLAB\PRUEBAP1.X\PRUEBA P 1.ASM 135 : Found opcode in column 1. (RETURN)
Warning[203] D:\UVG\TERCER AÒO\SEGUNDO SEMESTRE\PROGRA DE MICROS\MPLAB\PRUEBAP1.X\PRUEBA P 1.ASM 159 : Found opcode in column 1. (RETURN)
Warning[203] D:\UVG\TERCER AÒO\SEGUNDO SEMESTRE\PROGRA DE MICROS\MPLAB\PRUEBAP1.X\PRUEBA P 1.ASM 171 : Found opcode in column 1. (RETURN)
Warning[203] D:\UVG\TERCER AÒO\SEGUNDO SEMESTRE\PROGRA DE MICROS\MPLAB\PRUEBAP1.X\PRUEBA P 1.ASM 183 : Found opcode in column 1. (RETURN)
Warning[203] D:\UVG\TERCER AÒO\SEGUNDO SEMESTRE\PROGRA DE MICROS\MPLAB\PRUEBAP1.X\PRUEBA P 1.ASM 194 : Found opcode in column 1. (RETURN)
Warning[203] D:\UVG\TERCER AÒO\SEGUNDO SEMESTRE\PROGRA DE MICROS\MPLAB\PRUEBAP1.X\PRUEBA P 1.ASM 205 : Found opcode in column 1. (RETURN)
Warning[203] D:\UVG\TERCER AÒO\SEGUNDO SEMESTRE\PROGRA DE MICROS\MPLAB\PRUEBAP1.X\PRUEBA P 1.ASM 217 : Found opcode in column 1. (RETURN)
Warning[203] D:\UVG\TERCER AÒO\SEGUNDO SEMESTRE\PROGRA DE MICROS\MPLAB\PRUEBAP1.X\PRUEBA P 1.ASM 235 : Found opcode in column 1. (RETURN)
Warning[203] D:\UVG\TERCER AÒO\SEGUNDO SEMESTRE\PROGRA DE MICROS\MPLAB\PRUEBAP1.X\PRUEBA P 1.ASM 243 : Found opcode in column 1. (RETURN)
Warning[203] D:\UVG\TERCER AÒO\SEGUNDO SEMESTRE\PROGRA DE MICROS\MPLAB\PRUEBAP1.X\PRUEBA P 1.ASM 251 : Found opcode in column 1. (RETURN)
Message[302] D:\UVG\TERCER AÒO\SEGUNDO SEMESTRE\PROGRA DE MICROS\MPLAB\PRUEBAP1.X\PRUEBA P 1.ASM 256 : Register in operand not in bank 0.  Ensure that bank bits are correct.
Message[302] D:\UVG\TERCER AÒO\SEGUNDO SEMESTRE\PROGRA DE MICROS\MPLAB\PRUEBAP1.X\PRUEBA P 1.ASM 257 : Register in operand not in bank 0.  Ensure that bank bits are correct.
Message[302] D:\UVG\TERCER AÒO\SEGUNDO SEMESTRE\PROGRA DE MICROS\MPLAB\PRUEBAP1.X\PRUEBA P 1.ASM 259 : Register in operand not in bank 0.  Ensure that bank bits are correct.
Message[302] D:\UVG\TERCER AÒO\SEGUNDO SEMESTRE\PROGRA DE MICROS\MPLAB\PRUEBAP1.X\PRUEBA P 1.ASM 260 : Register in operand not in bank 0.  Ensure that bank bits are correct.
Message[302] D:\UVG\TERCER AÒO\SEGUNDO SEMESTRE\PROGRA DE MICROS\MPLAB\PRUEBAP1.X\PRUEBA P 1.ASM 261 : Register in operand not in bank 0.  Ensure that bank bits are correct.
Message[302] D:\UVG\TERCER AÒO\SEGUNDO SEMESTRE\PROGRA DE MICROS\MPLAB\PRUEBAP1.X\PRUEBA P 1.ASM 262 : Register in operand not in bank 0.  Ensure that bank bits are correct.
Message[302] D:\UVG\TERCER AÒO\SEGUNDO SEMESTRE\PROGRA DE MICROS\MPLAB\PRUEBAP1.X\PRUEBA P 1.ASM 264 : Register in operand not in bank 0.  Ensure that bank bits are correct.
Warning[203] D:\UVG\TERCER AÒO\SEGUNDO SEMESTRE\PROGRA DE MICROS\MPLAB\PRUEBAP1.X\PRUEBA P 1.ASM 274 : Found opcode in column 1. (RETURN)
Warning[203] D:\UVG\TERCER AÒO\SEGUNDO SEMESTRE\PROGRA DE MICROS\MPLAB\PRUEBAP1.X\PRUEBA P 1.ASM 285 : Found opcode in column 1. (RETURN)
Message[302] D:\UVG\TERCER AÒO\SEGUNDO SEMESTRE\PROGRA DE MICROS\MPLAB\PRUEBAP1.X\PRUEBA P 1.ASM 290 : Register in operand not in bank 0.  Ensure that bank bits are correct.
Warning[203] D:\UVG\TERCER AÒO\SEGUNDO SEMESTRE\PROGRA DE MICROS\MPLAB\PRUEBAP1.X\PRUEBA P 1.ASM 291 : Found opcode in column 1. (RETURN)
Message[302] D:\UVG\TERCER AÒO\SEGUNDO SEMESTRE\PROGRA DE MICROS\MPLAB\PRUEBAP1.X\PRUEBA P 1.ASM 295 : Register in operand not in bank 0.  Ensure that bank bits are correct.
Message[302] D:\UVG\TERCER AÒO\SEGUNDO SEMESTRE\PROGRA DE MICROS\MPLAB\PRUEBAP1.X\PRUEBA P 1.ASM 296 : Register in operand not in bank 0.  Ensure that bank bits are correct.
Message[302] D:\UVG\TERCER AÒO\SEGUNDO SEMESTRE\PROGRA DE MICROS\MPLAB\PRUEBAP1.X\PRUEBA P 1.ASM 297 : Register in operand not in bank 0.  Ensure that bank bits are correct.
Message[302] D:\UVG\TERCER AÒO\SEGUNDO SEMESTRE\PROGRA DE MICROS\MPLAB\PRUEBAP1.X\PRUEBA P 1.ASM 298 : Register in operand not in bank 0.  Ensure that bank bits are correct.
Message[302] D:\UVG\TERCER AÒO\SEGUNDO SEMESTRE\PROGRA DE MICROS\MPLAB\PRUEBAP1.X\PRUEBA P 1.ASM 299 : Register in operand not in bank 0.  Ensure that bank bits are correct.
Warning[203] D:\UVG\TERCER AÒO\SEGUNDO SEMESTRE\PROGRA DE MICROS\MPLAB\PRUEBAP1.X\PRUEBA P 1.ASM 312 : Found opcode in column 1. (RETURN)
Warning[203] D:\UVG\TERCER AÒO\SEGUNDO SEMESTRE\PROGRA DE MICROS\MPLAB\PRUEBAP1.X\PRUEBA P 1.ASM 319 : Found opcode in column 1. (RETURN)
Message[305] D:\UVG\TERCER AÒO\SEGUNDO SEMESTRE\PROGRA DE MICROS\MPLAB\PRUEBAP1.X\PRUEBA P 1.ASM 325 : Using default destination of 1 (file).
Warning[203] D:\UVG\TERCER AÒO\SEGUNDO SEMESTRE\PROGRA DE MICROS\MPLAB\PRUEBAP1.X\PRUEBA P 1.ASM 327 : Found opcode in column 1. (RETURN)
Message[305] D:\UVG\TERCER AÒO\SEGUNDO SEMESTRE\PROGRA DE MICROS\MPLAB\PRUEBAP1.X\PRUEBA P 1.ASM 333 : Using default destination of 1 (file).
Warning[203] D:\UVG\TERCER AÒO\SEGUNDO SEMESTRE\PROGRA DE MICROS\MPLAB\PRUEBAP1.X\PRUEBA P 1.ASM 335 : Found opcode in column 1. (RETURN)
Warning[205] D:\UVG\TERCER AÒO\SEGUNDO SEMESTRE\PROGRA DE MICROS\MPLAB\PRUEBAP1.X\PRUEBA P 1.ASM 337 : Found directive in column 1. (END)
