MPASM 5.77                  LABORATOTIO4.ASM   9-7-2020  23:22:33         PAGE  1


LOC  OBJECT CODE     LINE SOURCE TEXT
  VALUE

                      00001 ;******************************************************************************
                      00002 ;                                                                             *
                      00003 ;     Filaname:     lab -> laboratorio 42.asm                                 *
                      00004 ;     Date         21 /08/2020                                                *
                      00005 ;     File version: v.1                                                       *
                      00006 ;     author :        Yefry Sajquiy - 18748                                   *
                      00007 ;     ompany;        UVG                                                      *
                      00008 ;     Description:   contador de 4 bits                                       *
                      00009 ;      suma de los contadores                                                 *
                      00010 ;******************************************************************************
                      00011 
                      00012 #include "p16f887.inc" 
                      00001         LIST
                      00002 
                      00003 ;==========================================================================
                      00004 ; Build date : Nov 22 2017
                      00005 ;  MPASM PIC16F887 processor include
                      00006 ; 
                      00007 ;  (c) Copyright 1999-2017 Microchip Technology, All rights reserved
                      00008 ;==========================================================================
                      00009 
                      00810         LIST
                      00013     
                      00014 ;CONFIG1
                      00015 ;__config 0xF0F1
2007   20D4           00016  __CONFIG _CONFIG1, _FOSC_INTRC_NOCLKOUT & _WDTE_OFF & _PWRTE_OFF & _MCLRE_OFF &_CP_OFF & _CPD_OFF & _BO
                            REN_OFF & _IESO_OFF & _FCMEN_OFF & _LVP_OFF
                      00017 ;CONFIG2
                      00018 ; __config 0xFFFF
2008   3FFF           00019  __CONFIG _CONFIG2, _BOR4V_BOR40V & _WRT_OFF   
                      00020     
                      00021 GPR_VAR     UDATA
Warning[207]: Found label after column 1. (CONT1)
0000                  00022    CONT1    RES 1
Warning[207]: Found label after column 1. (CONT2)
0001                  00023    CONT2   RES 1
Warning[207]: Found label after column 1. (CONTA)
0002                  00024    CONTA    RES 1
Warning[207]: Found label after column 1. (CONTB)
0003                  00025    CONTB    RES 1
Warning[207]: Found label after column 1. (CONTOR)
0004                  00026    CONTOR   RES 1
Warning[207]: Found label after column 1. (CONT1S)
0005                  00027    CONT1S   RES 1
                      00028    
Warning[207]: Found label after column 1. (W_TEMP)
0006                  00029    W_TEMP   RES 1
Warning[207]: Found label after column 1. (STATUS_TEMP)
0007                  00030    STATUS_TEMP  RES 1
                      00031         
Warning[207]: Found label after column 1. (TEMP1)
0008                  00032    TEMP1    RES 1
Warning[207]: Found label after column 1. (TEMP2)
MPASM 5.77                  LABORATOTIO4.ASM   9-7-2020  23:22:33         PAGE  2


LOC  OBJECT CODE     LINE SOURCE TEXT
  VALUE

0009                  00033    TEMP2    RES 1
                      00034     
                      00035         
                      00036 ;------------------------------------------------------------------------------
                      00037     
                      00038 RES_VECT  CODE    0x0000            ; processor reset vector
0000   2???           00039     GOTO    START                   ; go to beginning of program
                      00040 
                      00041 ISR_VECT  CODE   0x0004
                      00042   
0004                  00043 PUSH:
0004   00??           00044     MOVWF   W_TEMP
0005   0E03           00045     SWAPF   STATUS, W
0006   00??           00046     MOVWF   STATUS_TEMP
                      00047     
0007                  00048 ISR:
0007   1D0B           00049     BTFSS   INTCON, T0IF
0008   2???           00050     GOTO POP
0009   303C           00051     MOVLW   .60
000A   0081           00052     MOVWF   TMR0
000B   110B           00053     BCF     INTCON, T0IF
Message[305]: Using default destination of 1 (file).
000C   0A??           00054     INCF    CONT1S
Message[305]: Using default destination of 1 (file).
000D   0A??           00055     INCF    CONTOR
000E   0B??           00056     DECFSZ  CONT2, 1
000F   1D03           00057     BTFSS   STATUS, Z
                      00058     
0010                  00059 POP:
0010   0E??           00060     SWAPF   STATUS_TEMP, W
0011   0083           00061     MOVWF   STATUS
0012   0E??           00062     SWAPF   W_TEMP,F
0013   0E??           00063     SWAPF   W_TEMP, W
0014   0009           00064     RETFIE
                      00065     
                      00066 ;-------------------- TABLA ---------------------------------------------------
                      00067 
0015                  00068 TABLA_7S
0015   390F           00069     ANDLW   B'00001111';1
Message[305]: Using default destination of 1 (file).
0016   0782           00070     ADDWF   PCL
0017   343F           00071     RETLW   B'00111111';0
0018   3406           00072     RETLW   B'00000110';1
0019   345B           00073     RETLW   B'01011011';2
001A   344F           00074     RETLW   B'01001111';3
001B   3466           00075     RETLW   B'01100110';4
001C   346D           00076     RETLW   B'01101101';5
001D   347D           00077     RETLW   B'01111101';6
001E   3407           00078     RETLW   B'00000111';7
001F   347F           00079     RETLW   B'01111111';8
0020   346F           00080     RETLW   B'01101111';9
0021   3477           00081     RETLW   B'01110111';A
0022   347C           00082     RETLW   B'01111100';b
MPASM 5.77                  LABORATOTIO4.ASM   9-7-2020  23:22:33         PAGE  3


LOC  OBJECT CODE     LINE SOURCE TEXT
  VALUE

0023   3439           00083     RETLW   B'00111001';c
0024   345E           00084     RETLW   B'01011110';d
0025   3479           00085     RETLW   B'01111001';E
0026   3471           00086     RETLW   B'01110001';F
                      00087 
                      00088 ; -----------------------------------------------------------------------------
                      00089     
                      00090 MAIN_PROG CODE                      ; let linker place main program
                      00091 
0000                  00092 START
0000   1683 1303      00093     BANKSEL TRISA
0002   2???           00094     CALL    CONFIG_IO
0003   2???           00095     CALL    CONFIG_TMR0
0004   2???           00096     CALL    CONFIG_INTERRUPT
                      00097     
0005   3002           00098     MOVLW   .2 ; EL CONTADOR INICIA EN 2
0006   00??           00099     MOVWF   CONTA
0007   2???           00100     GOTO    LOOP
                      00101     
                      00102     
0008                  00103 LOOP
0008   2???           00104     CALL    INC_VAR
0009   2???           00105     CALL    DEC_VAR
000A   2???           00106     CALL    DISPLAY_1
000B   2???           00107     CALL    DISPLAY_0
000C   2???           00108     CALL    TMR1S
                      00109     
000D   08??           00110     MOVF    CONTB, W
000E   0206           00111     SUBWF   PORTB, W
000F   1903           00112     BTFSC   STATUS, Z
0010   2???           00113     CALL    RPSET
0011   2???           00114     GOTO LOOP
                      00115   
                      00116 ;------------------------------------------------------------------------------
                      00117 
0012                  00118 TMR1S:
0012   08??           00119     MOVF    CONT1S, 0
0013   3C0A           00120     SUBLW   .10
0014   1903           00121     BTFSC   STATUS, Z
0015   2???           00122     CALL    LUZB
0016   0008           00123     RETURN
                      00124     
0017                  00125 LUZB:
Message[305]: Using default destination of 1 (file).
0017   0A86           00126     INCF    PORTB
0018   01??           00127     CLRF    CONT1S
0019   0008           00128     RETURN
                      00129     
001A                  00130 RPSET:
001A   1685           00131     BSF     PORTA, RA5
001B   01??           00132     CLRF    CONTOR
001C   1C00           00133     BTFSS   CONTOR, 0
001D   2???           00134     GOTO $-1
MPASM 5.77                  LABORATOTIO4.ASM   9-7-2020  23:22:33         PAGE  4


LOC  OBJECT CODE     LINE SOURCE TEXT
  VALUE

                      00135     
001E   0186           00136     CLRF    PORTB
001F   1285           00137     BCF     PORTA, RA5
0020   0008           00138     RETURN
                      00139  
                      00140     
0021                  00141 DISPLAY_0:
0021   1008           00142     BCF PORTD, RD0
0022   0E??           00143     SWAPF   CONTA, W
0023   00??           00144     MOVWF   TEMP1
0024   300F           00145     MOVLW   0X0F
0025   05??           00146     ANDWF   TEMP1, W
0026   2???           00147     CALL    TABLA_7S
0027   0087           00148     MOVWF   PORTC
0028   1488           00149     BSF     PORTD, RD1
0029   0008           00150     RETURN
                      00151       
002A                  00152 DISPLAY_1:
002A   1088           00153     BCF     PORTD, RD1
002B   300F           00154     MOVLW   0X0F
002C   05??           00155     ANDWF   CONTA, W
002D   2???           00156     CALL    TABLA_7S
002E   0087           00157     MOVWF   PORTC
002F   1408           00158     BSF     PORTD, RD0
0030   0008           00159     RETURN
                      00160     
                      00161     
0031                  00162 INC_VAR:
0031   1283           00163     BCF     STATUS, RP0
0032   1303           00164     BCF     STATUS, RP1
0033   1C05           00165     BTFSS   PORTA, RA0
0034   0008           00166     RETURN
                      00167     
0035   1805           00168     BTFSC   PORTA, RA0
0036   2???           00169     GOTO    $-1
Message[305]: Using default destination of 1 (file).
0037   0A??           00170     INCF    CONTA
0038   0008           00171     RETURN
                      00172     
0039                  00173 DEC_VAR:
0039   1283           00174     BCF     STATUS, RP0
003A   1303           00175     BCF     STATUS, RP1
003B   1C85           00176     BTFSS   PORTA, RA1
                      00177     
003C   1885           00178     BTFSC   PORTA, RA1
003D   2???           00179     GOTO    $-1
Message[305]: Using default destination of 1 (file).
003E   03??           00180     DECF    CONTA
003F   0008           00181     RETURN
                      00182     
0040                  00183 CONFIG_INTERRUPT:
0040   178B           00184     BSF     INTCON, GIE
0041   168B           00185     BSF     INTCON, T0IE
MPASM 5.77                  LABORATOTIO4.ASM   9-7-2020  23:22:33         PAGE  5


LOC  OBJECT CODE     LINE SOURCE TEXT
  VALUE

0042   150B           00186     BSF     INTCON, T0IF
0043   0008           00187     RETURN
                      00188   
                      00189 ;  CONFIGURACION DE DELAY  -----------------------------------------
                      00190     
0044                  00191 DELAY_SMALL:
0044   30FA           00192     MOVLW   .250
0045   00??           00193     MOVWF   CONT1
Message[305]: Using default destination of 1 (file).
0046   0B??           00194     DECFSZ  CONT1
0047   2???           00195     GOTO    $-1
0048   0008           00196     RETURN
                      00197 
                      00198 ;-------------------- CONFIGURACIONES -----------------------------------------
                      00199 
0049                  00200 CONFIG_IO
0049   1683 1303      00201     BANKSEL TRISA
                      00202     
004B   3003           00203     MOVLW   B'0000011'
Message[302]: Register in operand not in bank 0.  Ensure that bank bits are correct.
004C   0085           00204     MOVWF   TRISA
004D   1283 1303      00205     BANKSEL PORTA
004F   0185           00206     CLRF    PORTA
0050   1683 1703      00207     BANKSEL ANSEL
Message[302]: Register in operand not in bank 0.  Ensure that bank bits are correct.
0052   0188           00208     CLRF    ANSEL
Message[302]: Register in operand not in bank 0.  Ensure that bank bits are correct.
0053   0189           00209     CLRF    ANSELH 
                      00210   
0054   1683 1303      00211     BANKSEL TRISB
0056   3000           00212     MOVLW   B'0000000'
Message[302]: Register in operand not in bank 0.  Ensure that bank bits are correct.
0057   0086           00213     MOVWF   TRISB
0058   1283 1303      00214     BANKSEL PORTB
005A   0186           00215     CLRF    PORTB
                      00216     
005B   1683 1303      00217     BANKSEL TRISC
005D   3000           00218     MOVLW   B'00000000'
Message[302]: Register in operand not in bank 0.  Ensure that bank bits are correct.
005E   0087           00219     MOVWF   TRISC
005F   1283 1303      00220     BANKSEL PORTC
0061   0187           00221     CLRF    PORTC
                      00222     
0062   1683 1303      00223     BANKSEL TRISD
0064   3000           00224     MOVLW   B'00000000'
Message[302]: Register in operand not in bank 0.  Ensure that bank bits are correct.
0065   0088           00225     MOVWF   TRISD
0066   1283 1303      00226     BANKSEL PORTD
0068   0188           00227     CLRF    PORTD
Warning[207]: Found label after column 1. (xx)
0069                  00228  xx
0069   0008           00229     RETURN
                      00230   
MPASM 5.77                  LABORATOTIO4.ASM   9-7-2020  23:22:33         PAGE  6


LOC  OBJECT CODE     LINE SOURCE TEXT
  VALUE

                      00231 ;-------- CONFIGURACION TIMER 0  ----------------------------------------------
006A                  00232 CONFIG_TMR0
006A   1683 1303      00233     BANKSEL TRISA
Message[302]: Register in operand not in bank 0.  Ensure that bank bits are correct.
006C   1281           00234     BCF     OPTION_REG, T0CS
Message[302]: Register in operand not in bank 0.  Ensure that bank bits are correct.
006D   1181           00235     BCF     OPTION_REG, PSA
Message[302]: Register in operand not in bank 0.  Ensure that bank bits are correct.
006E   1501           00236     BSF     OPTION_REG, PS2
Message[302]: Register in operand not in bank 0.  Ensure that bank bits are correct.
006F   1481           00237     BSF     OPTION_REG, PS1
Message[302]: Register in operand not in bank 0.  Ensure that bank bits are correct.
0070   1401           00238     BSF     OPTION_REG, PS0
                      00239     
0071   1283 1303      00240     BANKSEL PORTA
0073   303C           00241     MOVLW   .60
0074   0081           00242     MOVWF   TMR0
0075   110B           00243     BCF     INTCON, T0IF
0076   0008           00244     RETURN
                      00245     
20D4 3FFF             00246     END
MPASM 5.77                  LABORATOTIO4.ASM   9-7-2020  23:22:33         PAGE  7


SYMBOL TABLE
  LABEL                             VALUE 

ABDEN                             00000000
ABDOVF                            00000007
ACKDT                             00000005
ACKEN                             00000004
ACKSTAT                           00000006
ADCON0                            0000001F
ADCON1                            0000009F
ADCS0                             00000006
ADCS1                             00000007
ADDEN                             00000003
ADFM                              00000007
ADIE                              00000006
ADIF                              00000006
ADON                              00000000
ADRESH                            0000001E
ADRESL                            0000009E
ANS0                              00000000
ANS1                              00000001
ANS10                             00000002
ANS11                             00000003
ANS12                             00000004
ANS13                             00000005
ANS2                              00000002
ANS3                              00000003
ANS4                              00000004
ANS5                              00000005
ANS6                              00000006
ANS7                              00000007
ANS8                              00000000
ANS9                              00000001
ANSEL                             00000188
ANSELH                            00000189
BAUDCTL                           00000187
BCLIE                             00000003
BCLIF                             00000003
BF                                00000000
BRG0                              00000000
BRG1                              00000001
BRG10                             00000002
BRG11                             00000003
BRG12                             00000004
BRG13                             00000005
BRG14                             00000006
BRG15                             00000007
BRG16                             00000003
BRG2                              00000002
BRG3                              00000003
BRG4                              00000004
BRG5                              00000005
BRG6                              00000006
BRG7                              00000007
BRG8                              00000000
BRG9                              00000001
MPASM 5.77                  LABORATOTIO4.ASM   9-7-2020  23:22:33         PAGE  8


SYMBOL TABLE
  LABEL                             VALUE 

BRGH                              00000002
C                                 00000000
C1CH0                             00000000
C1CH1                             00000001
C1IE                              00000005
C1IF                              00000005
C1OE                              00000005
C1ON                              00000007
C1OUT                             00000006
C1POL                             00000004
C1R                               00000002
C1RSEL                            00000005
C1SEN                             00000005
C2CH0                             00000000
C2CH1                             00000001
C2IE                              00000006
C2IF                              00000006
C2OE                              00000005
C2ON                              00000007
C2OUT                             00000006
C2POL                             00000004
C2R                               00000002
C2REN                             00000004
C2RSEL                            00000004
C2SYNC                            00000000
CCP1CON                           00000017
CCP1IE                            00000002
CCP1IF                            00000002
CCP1M0                            00000000
CCP1M1                            00000001
CCP1M2                            00000002
CCP1M3                            00000003
CCP1X                             00000005
CCP1Y                             00000004
CCP2CON                           0000001D
CCP2IE                            00000000
CCP2IF                            00000000
CCP2M0                            00000000
CCP2M1                            00000001
CCP2M2                            00000002
CCP2M3                            00000003
CCP2X                             00000005
CCP2Y                             00000004
CCPR1                             00000015
CCPR1H                            00000016
CCPR1L                            00000015
CCPR2                             0000001B
CCPR2H                            0000001C
CCPR2L                            0000001B
CHS0                              00000002
CHS1                              00000003
CHS2                              00000004
CHS3                              00000005
MPASM 5.77                  LABORATOTIO4.ASM   9-7-2020  23:22:33         PAGE  9


SYMBOL TABLE
  LABEL                             VALUE 

CKE                               00000006
CKP                               00000004
CM1CON0                           00000107
CM2CON0                           00000108
CM2CON1                           00000109
CONFIG_INTERRUPT                  00000040
CONFIG_IO                         00000049
CONFIG_TMR0                       0000006A
CONT1                             00000000
CONT1S                            00000005
CONT2                             00000001
CONTA                             00000002
CONTB                             00000003
CONTOR                            00000004
CREN                              00000004
CSRC                              00000007
D                                 00000005
DATA_ADDRESS                      00000005
DC                                00000001
DC1B0                             00000004
DC1B1                             00000005
DC2B0                             00000004
DC2B1                             00000005
DEC_VAR                           00000039
DELAY_SMALL                       00000044
DISPLAY_0                         00000021
DISPLAY_1                         0000002A
D_A                               00000005
D_NOT_A                           00000005
ECCPAS                            0000009C
ECCPAS0                           00000004
ECCPAS1                           00000005
ECCPAS2                           00000006
ECCPASE                           00000007
EEADR                             0000010D
EEADRH                            0000010F
EECON1                            0000018C
EECON2                            0000018D
EEDAT                             0000010C
EEDATA                            0000010C
EEDATH                            0000010E
EEIE                              00000004
EEIF                              00000004
EEPGD                             00000007
F                                 00000001
FERR                              00000002
FSR                               00000004
FVREN                             00000000
GCEN                              00000007
GIE                               00000007
GO                                00000001
GO_DONE                           00000001
GO_NOT_DONE                       00000001
MPASM 5.77                  LABORATOTIO4.ASM   9-7-2020  23:22:33         PAGE 10


SYMBOL TABLE
  LABEL                             VALUE 

HTS                               00000002
I2C_DATA                          00000005
I2C_READ                          00000002
I2C_START                         00000003
I2C_STOP                          00000004
INC_VAR                           00000031
INDF                              00000000
INTCON                            0000000B
INTE                              00000004
INTEDG                            00000006
INTF                              00000001
IOCB                              00000096
IOCB0                             00000000
IOCB1                             00000001
IOCB2                             00000002
IOCB3                             00000003
IOCB4                             00000004
IOCB5                             00000005
IOCB6                             00000006
IOCB7                             00000007
IRCF0                             00000004
IRCF1                             00000005
IRCF2                             00000006
IRP                               00000007
ISR                               00000007
LOOP                              00000008
LTS                               00000001
LUZB                              00000017
MC1OUT                            00000007
MC2OUT                            00000006
MSK                               00000093
MSK0                              00000000
MSK1                              00000001
MSK2                              00000002
MSK3                              00000003
MSK4                              00000004
MSK5                              00000005
MSK6                              00000006
MSK7                              00000007
NOT_A                             00000005
NOT_ADDRESS                       00000005
NOT_BO                            00000000
NOT_BOR                           00000000
NOT_DONE                          00000001
NOT_PD                            00000003
NOT_POR                           00000001
NOT_RBPU                          00000007
NOT_RC8                           00000006
NOT_T1SYNC                        00000002
NOT_TO                            00000004
NOT_TX8                           00000006
NOT_W                             00000002
NOT_WRITE                         00000002
MPASM 5.77                  LABORATOTIO4.ASM   9-7-2020  23:22:33         PAGE 11


SYMBOL TABLE
  LABEL                             VALUE 

OERR                              00000001
OPTION_REG                        00000081
OSCCON                            0000008F
OSCTUNE                           00000090
OSFIE                             00000007
OSFIF                             00000007
OSTS                              00000003
P                                 00000004
P1M0                              00000006
P1M1                              00000007
PCL                               00000002
PCLATH                            0000000A
PCON                              0000008E
PDC0                              00000000
PDC1                              00000001
PDC2                              00000002
PDC3                              00000003
PDC4                              00000004
PDC5                              00000005
PDC6                              00000006
PEIE                              00000006
PEN                               00000002
PIE1                              0000008C
PIE2                              0000008D
PIR1                              0000000C
PIR2                              0000000D
POP                               00000010
PORTA                             00000005
PORTB                             00000006
PORTC                             00000007
PORTD                             00000008
PORTE                             00000009
PR2                               00000092
PRSEN                             00000007
PS0                               00000000
PS1                               00000001
PS2                               00000002
PSA                               00000003
PSSAC0                            00000002
PSSAC1                            00000003
PSSBD0                            00000000
PSSBD1                            00000001
PSTRCON                           0000009D
PULSR                             00000002
PULSS                             00000003
PUSH                              00000004
PWM1CON                           0000009B
R                                 00000002
RA0                               00000000
RA1                               00000001
RA2                               00000002
RA3                               00000003
RA4                               00000004
MPASM 5.77                  LABORATOTIO4.ASM   9-7-2020  23:22:33         PAGE 12


SYMBOL TABLE
  LABEL                             VALUE 

RA5                               00000005
RA6                               00000006
RA7                               00000007
RB0                               00000000
RB1                               00000001
RB2                               00000002
RB3                               00000003
RB4                               00000004
RB5                               00000005
RB6                               00000006
RB7                               00000007
RBIE                              00000003
RBIF                              00000000
RC0                               00000000
RC1                               00000001
RC2                               00000002
RC3                               00000003
RC4                               00000004
RC5                               00000005
RC6                               00000006
RC7                               00000007
RC8_9                             00000006
RC9                               00000006
RCD8                              00000000
RCEN                              00000003
RCIDL                             00000006
RCIE                              00000005
RCIF                              00000005
RCREG                             0000001A
RCSTA                             00000018
RD                                00000000
RD0                               00000000
RD1                               00000001
RD2                               00000002
RD3                               00000003
RD4                               00000004
RD5                               00000005
RD6                               00000006
RD7                               00000007
RE0                               00000000
RE1                               00000001
RE2                               00000002
RE3                               00000003
READ_WRITE                        00000002
RP0                               00000005
RP1                               00000006
RPSET                             0000001A
RSEN                              00000001
RX9                               00000006
RX9D                              00000000
R_NOT_W                           00000002
R_W                               00000002
S                                 00000003
MPASM 5.77                  LABORATOTIO4.ASM   9-7-2020  23:22:33         PAGE 13


SYMBOL TABLE
  LABEL                             VALUE 

SBOREN                            00000004
SCKP                              00000004
SCS                               00000000
SEN                               00000000
SENDB                             00000003
SMP                               00000007
SPBRG                             00000099
SPBRGH                            0000009A
SPEN                              00000007
SR0                               00000006
SR1                               00000007
SRCON                             00000185
SREN                              00000005
SSPADD                            00000093
SSPBUF                            00000013
SSPCON                            00000014
SSPCON2                           00000091
SSPEN                             00000005
SSPIE                             00000003
SSPIF                             00000003
SSPM0                             00000000
SSPM1                             00000001
SSPM2                             00000002
SSPM3                             00000003
SSPMSK                            00000093
SSPOV                             00000006
SSPSTAT                           00000094
START                             00000000
STATUS                            00000003
STATUS_TEMP                       00000007
STRA                              00000000
STRB                              00000001
STRC                              00000002
STRD                              00000003
STRSYNC                           00000004
SWDTEN                            00000000
SYNC                              00000004
T0CS                              00000005
T0IE                              00000005
T0IF                              00000002
T0SE                              00000004
T1CKPS0                           00000004
T1CKPS1                           00000005
T1CON                             00000010
T1GINV                            00000007
T1GIV                             00000007
T1GSS                             00000001
T1INSYNC                          00000002
T1OSCEN                           00000003
T1SYNC                            00000002
T2CKPS0                           00000000
T2CKPS1                           00000001
T2CON                             00000012
MPASM 5.77                  LABORATOTIO4.ASM   9-7-2020  23:22:33         PAGE 14


SYMBOL TABLE
  LABEL                             VALUE 

TABLA_7S                          00000015
TEMP1                             00000008
TEMP2                             00000009
TMR0                              00000001
TMR0IE                            00000005
TMR0IF                            00000002
TMR1                              0000000E
TMR1CS                            00000001
TMR1GE                            00000006
TMR1H                             0000000F
TMR1IE                            00000000
TMR1IF                            00000000
TMR1L                             0000000E
TMR1ON                            00000000
TMR1S                             00000012
TMR2                              00000011
TMR2IE                            00000001
TMR2IF                            00000001
TMR2ON                            00000002
TOUTPS0                           00000003
TOUTPS1                           00000004
TOUTPS2                           00000005
TOUTPS3                           00000006
TRISA                             00000085
TRISA0                            00000000
TRISA1                            00000001
TRISA2                            00000002
TRISA3                            00000003
TRISA4                            00000004
TRISA5                            00000005
TRISA6                            00000006
TRISA7                            00000007
TRISB                             00000086
TRISB0                            00000000
TRISB1                            00000001
TRISB2                            00000002
TRISB3                            00000003
TRISB4                            00000004
TRISB5                            00000005
TRISB6                            00000006
TRISB7                            00000007
TRISC                             00000087
TRISC0                            00000000
TRISC1                            00000001
TRISC2                            00000002
TRISC3                            00000003
TRISC4                            00000004
TRISC5                            00000005
TRISC6                            00000006
TRISC7                            00000007
TRISD                             00000088
TRISD0                            00000000
TRISD1                            00000001
MPASM 5.77                  LABORATOTIO4.ASM   9-7-2020  23:22:33         PAGE 15


SYMBOL TABLE
  LABEL                             VALUE 

TRISD2                            00000002
TRISD3                            00000003
TRISD4                            00000004
TRISD5                            00000005
TRISD6                            00000006
TRISD7                            00000007
TRISE                             00000089
TRISE0                            00000000
TRISE1                            00000001
TRISE2                            00000002
TRISE3                            00000003
TRMT                              00000001
TUN0                              00000000
TUN1                              00000001
TUN2                              00000002
TUN3                              00000003
TUN4                              00000004
TX8_9                             00000006
TX9                               00000006
TX9D                              00000000
TXD8                              00000000
TXEN                              00000005
TXIE                              00000004
TXIF                              00000004
TXREG                             00000019
TXSTA                             00000098
UA                                00000001
ULPWUE                            00000005
ULPWUIE                           00000002
ULPWUIF                           00000002
VCFG0                             00000004
VCFG1                             00000005
VR0                               00000000
VR1                               00000001
VR2                               00000002
VR3                               00000003
VRCON                             00000097
VREN                              00000007
VROE                              00000006
VRR                               00000005
VRSS                              00000004
W                                 00000000
WCOL                              00000007
WDTCON                            00000105
WDTPS0                            00000001
WDTPS1                            00000002
WDTPS2                            00000003
WDTPS3                            00000004
WPUB                              00000095
WPUB0                             00000000
WPUB1                             00000001
WPUB2                             00000002
WPUB3                             00000003
MPASM 5.77                  LABORATOTIO4.ASM   9-7-2020  23:22:33         PAGE 16


SYMBOL TABLE
  LABEL                             VALUE 

WPUB4                             00000004
WPUB5                             00000005
WPUB6                             00000006
WPUB7                             00000007
WR                                00000001
WREN                              00000002
WRERR                             00000003
WUE                               00000001
W_TEMP                            00000006
Z                                 00000002
_BOR21V                           00003EFF
_BOR40V                           00003FFF
_BOR4V_BOR21V                     00003EFF
_BOR4V_BOR40V                     00003FFF
_BOREN_NSLEEP                     00003EFF
_BOREN_OFF                        00003CFF
_BOREN_ON                         00003FFF
_BOREN_SBODEN                     00003DFF
_BOR_NSLEEP                       00003EFF
_BOR_OFF                          00003CFF
_BOR_ON                           00003FFF
_BOR_SBODEN                       00003DFF
_CONFIG1                          00002007
_CONFIG2                          00002008
_CPD_OFF                          00003FFF
_CPD_ON                           00003F7F
_CP_OFF                           00003FFF
_CP_ON                            00003FBF
_DEBUG_OFF                        00003FFF
_DEBUG_ON                         00001FFF
_DEVID1                           00002006
_EC_OSC                           00003FFB
_EXTRC                            00003FFF
_EXTRCIO                          00003FFE
_EXTRC_OSC_CLKOUT                 00003FFF
_EXTRC_OSC_NOCLKOUT               00003FFE
_FCMEN_OFF                        000037FF
_FCMEN_ON                         00003FFF
_FOSC_EC                          00003FFB
_FOSC_EXTRC_CLKOUT                00003FFF
_FOSC_EXTRC_NOCLKOUT              00003FFE
_FOSC_HS                          00003FFA
_FOSC_INTRC_CLKOUT                00003FFD
_FOSC_INTRC_NOCLKOUT              00003FFC
_FOSC_LP                          00003FF8
_FOSC_XT                          00003FF9
_HS_OSC                           00003FFA
_IDLOC0                           00002000
_IDLOC1                           00002001
_IDLOC2                           00002002
_IDLOC3                           00002003
_IESO_OFF                         00003BFF
_IESO_ON                          00003FFF
MPASM 5.77                  LABORATOTIO4.ASM   9-7-2020  23:22:33         PAGE 17


SYMBOL TABLE
  LABEL                             VALUE 

_INTOSC                           00003FFD
_INTOSCIO                         00003FFC
_INTRC_OSC_CLKOUT                 00003FFD
_INTRC_OSC_NOCLKOUT               00003FFC
_LP_OSC                           00003FF8
_LVP_OFF                          00002FFF
_LVP_ON                           00003FFF
_MAIN_PROG_001D                   0000001D
_MAIN_PROG_0036                   00000036
_MAIN_PROG_003D                   0000003D
_MAIN_PROG_0047                   00000047
_MCLRE_OFF                        00003FDF
_MCLRE_ON                         00003FFF
_PWRTE_OFF                        00003FFF
_PWRTE_ON                         00003FEF
_WDTE_OFF                         00003FF7
_WDTE_ON                          00003FFF
_WDT_OFF                          00003FF7
_WDT_ON                           00003FFF
_WRT_1FOURTH                      00003BFF
_WRT_256                          00003DFF
_WRT_HALF                         000039FF
_WRT_OFF                          00003FFF
_XT_OSC                           00003FF9
__16F887                          00000001
xx                                00000069

Errors   :     0
Warnings :    11 reported,     0 suppressed
Messages :    18 reported,     0 suppressed

