Warning[207] D:\UVG\TERCER AÒO\SEGUNDO SEMESTRE\PROGRA DE MICROS\MPLAB\LABORATORIO 4.X\LABORATOTIO4.ASM 22 : Found label after column 1. (CONT1)
Warning[207] D:\UVG\TERCER AÒO\SEGUNDO SEMESTRE\PROGRA DE MICROS\MPLAB\LABORATORIO 4.X\LABORATOTIO4.ASM 23 : Found label after column 1. (CONT2)
Warning[207] D:\UVG\TERCER AÒO\SEGUNDO SEMESTRE\PROGRA DE MICROS\MPLAB\LABORATORIO 4.X\LABORATOTIO4.ASM 24 : Found label after column 1. (CONTA)
Warning[207] D:\UVG\TERCER AÒO\SEGUNDO SEMESTRE\PROGRA DE MICROS\MPLAB\LABORATORIO 4.X\LABORATOTIO4.ASM 25 : Found label after column 1. (CONTB)
Warning[207] D:\UVG\TERCER AÒO\SEGUNDO SEMESTRE\PROGRA DE MICROS\MPLAB\LABORATORIO 4.X\LABORATOTIO4.ASM 26 : Found label after column 1. (CONTOR)
Warning[207] D:\UVG\TERCER AÒO\SEGUNDO SEMESTRE\PROGRA DE MICROS\MPLAB\LABORATORIO 4.X\LABORATOTIO4.ASM 27 : Found label after column 1. (CONT1S)
Warning[207] D:\UVG\TERCER AÒO\SEGUNDO SEMESTRE\PROGRA DE MICROS\MPLAB\LABORATORIO 4.X\LABORATOTIO4.ASM 29 : Found label after column 1. (W_TEMP)
Warning[207] D:\UVG\TERCER AÒO\SEGUNDO SEMESTRE\PROGRA DE MICROS\MPLAB\LABORATORIO 4.X\LABORATOTIO4.ASM 30 : Found label after column 1. (STATUS_TEMP)
Warning[207] D:\UVG\TERCER AÒO\SEGUNDO SEMESTRE\PROGRA DE MICROS\MPLAB\LABORATORIO 4.X\LABORATOTIO4.ASM 32 : Found label after column 1. (TEMP1)
Warning[207] D:\UVG\TERCER AÒO\SEGUNDO SEMESTRE\PROGRA DE MICROS\MPLAB\LABORATORIO 4.X\LABORATOTIO4.ASM 33 : Found label after column 1. (TEMP2)
Message[305] D:\UVG\TERCER AÒO\SEGUNDO SEMESTRE\PROGRA DE MICROS\MPLAB\LABORATORIO 4.X\LABORATOTIO4.ASM 54 : Using default destination of 1 (file).
Message[305] D:\UVG\TERCER AÒO\SEGUNDO SEMESTRE\PROGRA DE MICROS\MPLAB\LABORATORIO 4.X\LABORATOTIO4.ASM 55 : Using default destination of 1 (file).
Message[305] D:\UVG\TERCER AÒO\SEGUNDO SEMESTRE\PROGRA DE MICROS\MPLAB\LABORATORIO 4.X\LABORATOTIO4.ASM 70 : Using default destination of 1 (file).
Message[305] D:\UVG\TERCER AÒO\SEGUNDO SEMESTRE\PROGRA DE MICROS\MPLAB\LABORATORIO 4.X\LABORATOTIO4.ASM 126 : Using default destination of 1 (file).
Message[305] D:\UVG\TERCER AÒO\SEGUNDO SEMESTRE\PROGRA DE MICROS\MPLAB\LABORATORIO 4.X\LABORATOTIO4.ASM 170 : Using default destination of 1 (file).
Message[305] D:\UVG\TERCER AÒO\SEGUNDO SEMESTRE\PROGRA DE MICROS\MPLAB\LABORATORIO 4.X\LABORATOTIO4.ASM 180 : Using default destination of 1 (file).
Message[305] D:\UVG\TERCER AÒO\SEGUNDO SEMESTRE\PROGRA DE MICROS\MPLAB\LABORATORIO 4.X\LABORATOTIO4.ASM 194 : Using default destination of 1 (file).
Message[302] D:\UVG\TERCER AÒO\SEGUNDO SEMESTRE\PROGRA DE MICROS\MPLAB\LABORATORIO 4.X\LABORATOTIO4.ASM 204 : Register in operand not in bank 0.  Ensure that bank bits are correct.
Message[302] D:\UVG\TERCER AÒO\SEGUNDO SEMESTRE\PROGRA DE MICROS\MPLAB\LABORATORIO 4.X\LABORATOTIO4.ASM 208 : Register in operand not in bank 0.  Ensure that bank bits are correct.
Message[302] D:\UVG\TERCER AÒO\SEGUNDO SEMESTRE\PROGRA DE MICROS\MPLAB\LABORATORIO 4.X\LABORATOTIO4.ASM 209 : Register in operand not in bank 0.  Ensure that bank bits are correct.
Message[302] D:\UVG\TERCER AÒO\SEGUNDO SEMESTRE\PROGRA DE MICROS\MPLAB\LABORATORIO 4.X\LABORATOTIO4.ASM 213 : Register in operand not in bank 0.  Ensure that bank bits are correct.
Message[302] D:\UVG\TERCER AÒO\SEGUNDO SEMESTRE\PROGRA DE MICROS\MPLAB\LABORATORIO 4.X\LABORATOTIO4.ASM 219 : Register in operand not in bank 0.  Ensure that bank bits are correct.
Message[302] D:\UVG\TERCER AÒO\SEGUNDO SEMESTRE\PROGRA DE MICROS\MPLAB\LABORATORIO 4.X\LABORATOTIO4.ASM 225 : Register in operand not in bank 0.  Ensure that bank bits are correct.
Warning[207] D:\UVG\TERCER AÒO\SEGUNDO SEMESTRE\PROGRA DE MICROS\MPLAB\LABORATORIO 4.X\LABORATOTIO4.ASM 228 : Found label after column 1. (xx)
Message[302] D:\UVG\TERCER AÒO\SEGUNDO SEMESTRE\PROGRA DE MICROS\MPLAB\LABORATORIO 4.X\LABORATOTIO4.ASM 234 : Register in operand not in bank 0.  Ensure that bank bits are correct.
Message[302] D:\UVG\TERCER AÒO\SEGUNDO SEMESTRE\PROGRA DE MICROS\MPLAB\LABORATORIO 4.X\LABORATOTIO4.ASM 235 : Register in operand not in bank 0.  Ensure that bank bits are correct.
Message[302] D:\UVG\TERCER AÒO\SEGUNDO SEMESTRE\PROGRA DE MICROS\MPLAB\LABORATORIO 4.X\LABORATOTIO4.ASM 236 : Register in operand not in bank 0.  Ensure that bank bits are correct.
Message[302] D:\UVG\TERCER AÒO\SEGUNDO SEMESTRE\PROGRA DE MICROS\MPLAB\LABORATORIO 4.X\LABORATOTIO4.ASM 237 : Register in operand not in bank 0.  Ensure that bank bits are correct.
Message[302] D:\UVG\TERCER AÒO\SEGUNDO SEMESTRE\PROGRA DE MICROS\MPLAB\LABORATORIO 4.X\LABORATOTIO4.ASM 238 : Register in operand not in bank 0.  Ensure that bank bits are correct.
