Warning[207] D:\UVG\TERCER AÒO\SEGUNDO SEMESTRE\PROGRA DE MICROS\MPLAB\LABS-DE-MICROS\LABORATORIO 9.X\LABORATORIO 9.ASM 26 : Found label after column 1. (W_TEMP)
Warning[207] D:\UVG\TERCER AÒO\SEGUNDO SEMESTRE\PROGRA DE MICROS\MPLAB\LABS-DE-MICROS\LABORATORIO 9.X\LABORATORIO 9.ASM 27 : Found label after column 1. (STATUS_TEMP)
Warning[207] D:\UVG\TERCER AÒO\SEGUNDO SEMESTRE\PROGRA DE MICROS\MPLAB\LABS-DE-MICROS\LABORATORIO 9.X\LABORATORIO 9.ASM 28 : Found label after column 1. (TEMP1)
Warning[207] D:\UVG\TERCER AÒO\SEGUNDO SEMESTRE\PROGRA DE MICROS\MPLAB\LABS-DE-MICROS\LABORATORIO 9.X\LABORATORIO 9.ASM 29 : Found label after column 1. (TEMP2)
Warning[207] D:\UVG\TERCER AÒO\SEGUNDO SEMESTRE\PROGRA DE MICROS\MPLAB\LABS-DE-MICROS\LABORATORIO 9.X\LABORATORIO 9.ASM 31 : Found label after column 1. (NUMERO)
Warning[205] D:\UVG\TERCER AÒO\SEGUNDO SEMESTRE\PROGRA DE MICROS\MPLAB\LABS-DE-MICROS\LABORATORIO 9.X\LABORATORIO 9.ASM 39 : Found directive in column 1. (ENDM)
Warning[207] D:\UVG\TERCER AÒO\SEGUNDO SEMESTRE\PROGRA DE MICROS\MPLAB\LABS-DE-MICROS\LABORATORIO 9.X\LABORATORIO 9.ASM 41 : Found label after column 1. (RES_VECT)
Message[302] D:\UVG\TERCER AÒO\SEGUNDO SEMESTRE\PROGRA DE MICROS\MPLAB\LABS-DE-MICROS\LABORATORIO 9.X\LABORATORIO 9.ASM 94 : Register in operand not in bank 0.  Ensure that bank bits are correct.
Message[302] D:\UVG\TERCER AÒO\SEGUNDO SEMESTRE\PROGRA DE MICROS\MPLAB\LABS-DE-MICROS\LABORATORIO 9.X\LABORATORIO 9.ASM 99 : Register in operand not in bank 0.  Ensure that bank bits are correct.
Message[302] D:\UVG\TERCER AÒO\SEGUNDO SEMESTRE\PROGRA DE MICROS\MPLAB\LABS-DE-MICROS\LABORATORIO 9.X\LABORATORIO 9.ASM 103 : Register in operand not in bank 0.  Ensure that bank bits are correct.
Message[302] D:\UVG\TERCER AÒO\SEGUNDO SEMESTRE\PROGRA DE MICROS\MPLAB\LABS-DE-MICROS\LABORATORIO 9.X\LABORATORIO 9.ASM 105 : Register in operand not in bank 0.  Ensure that bank bits are correct.
Message[302] D:\UVG\TERCER AÒO\SEGUNDO SEMESTRE\PROGRA DE MICROS\MPLAB\LABS-DE-MICROS\LABORATORIO 9.X\LABORATORIO 9.ASM 106 : Register in operand not in bank 0.  Ensure that bank bits are correct.
Message[302] D:\UVG\TERCER AÒO\SEGUNDO SEMESTRE\PROGRA DE MICROS\MPLAB\LABS-DE-MICROS\LABORATORIO 9.X\LABORATORIO 9.ASM 109 : Register in operand not in bank 0.  Ensure that bank bits are correct.
Message[302] D:\UVG\TERCER AÒO\SEGUNDO SEMESTRE\PROGRA DE MICROS\MPLAB\LABS-DE-MICROS\LABORATORIO 9.X\LABORATORIO 9.ASM 111 : Register in operand not in bank 0.  Ensure that bank bits are correct.
Message[302] D:\UVG\TERCER AÒO\SEGUNDO SEMESTRE\PROGRA DE MICROS\MPLAB\LABS-DE-MICROS\LABORATORIO 9.X\LABORATORIO 9.ASM 113 : Register in operand not in bank 0.  Ensure that bank bits are correct.
Message[302] D:\UVG\TERCER AÒO\SEGUNDO SEMESTRE\PROGRA DE MICROS\MPLAB\LABS-DE-MICROS\LABORATORIO 9.X\LABORATORIO 9.ASM 115 : Register in operand not in bank 0.  Ensure that bank bits are correct.
Message[302] D:\UVG\TERCER AÒO\SEGUNDO SEMESTRE\PROGRA DE MICROS\MPLAB\LABS-DE-MICROS\LABORATORIO 9.X\LABORATORIO 9.ASM 131 : Register in operand not in bank 0.  Ensure that bank bits are correct.
Message[302] D:\UVG\TERCER AÒO\SEGUNDO SEMESTRE\PROGRA DE MICROS\MPLAB\LABS-DE-MICROS\LABORATORIO 9.X\LABORATORIO 9.ASM 133 : Register in operand not in bank 0.  Ensure that bank bits are correct.
Message[302] D:\UVG\TERCER AÒO\SEGUNDO SEMESTRE\PROGRA DE MICROS\MPLAB\LABS-DE-MICROS\LABORATORIO 9.X\LABORATORIO 9.ASM 134 : Register in operand not in bank 0.  Ensure that bank bits are correct.
Message[302] D:\UVG\TERCER AÒO\SEGUNDO SEMESTRE\PROGRA DE MICROS\MPLAB\LABS-DE-MICROS\LABORATORIO 9.X\LABORATORIO 9.ASM 136 : Register in operand not in bank 0.  Ensure that bank bits are correct.
Message[302] D:\UVG\TERCER AÒO\SEGUNDO SEMESTRE\PROGRA DE MICROS\MPLAB\LABS-DE-MICROS\LABORATORIO 9.X\LABORATORIO 9.ASM 152 : Register in operand not in bank 0.  Ensure that bank bits are correct.
Message[302] D:\UVG\TERCER AÒO\SEGUNDO SEMESTRE\PROGRA DE MICROS\MPLAB\LABS-DE-MICROS\LABORATORIO 9.X\LABORATORIO 9.ASM 155 : Register in operand not in bank 0.  Ensure that bank bits are correct.
Message[302] D:\UVG\TERCER AÒO\SEGUNDO SEMESTRE\PROGRA DE MICROS\MPLAB\LABS-DE-MICROS\LABORATORIO 9.X\LABORATORIO 9.ASM 158 : Register in operand not in bank 0.  Ensure that bank bits are correct.
Message[302] D:\UVG\TERCER AÒO\SEGUNDO SEMESTRE\PROGRA DE MICROS\MPLAB\LABS-DE-MICROS\LABORATORIO 9.X\LABORATORIO 9.ASM 167 : Register in operand not in bank 0.  Ensure that bank bits are correct.
Message[302] D:\UVG\TERCER AÒO\SEGUNDO SEMESTRE\PROGRA DE MICROS\MPLAB\LABS-DE-MICROS\LABORATORIO 9.X\LABORATORIO 9.ASM 173 : Register in operand not in bank 0.  Ensure that bank bits are correct.
Message[302] D:\UVG\TERCER AÒO\SEGUNDO SEMESTRE\PROGRA DE MICROS\MPLAB\LABS-DE-MICROS\LABORATORIO 9.X\LABORATORIO 9.ASM 179 : Register in operand not in bank 0.  Ensure that bank bits are correct.
Message[302] D:\UVG\TERCER AÒO\SEGUNDO SEMESTRE\PROGRA DE MICROS\MPLAB\LABS-DE-MICROS\LABORATORIO 9.X\LABORATORIO 9.ASM 187 : Register in operand not in bank 0.  Ensure that bank bits are correct.
Message[302] D:\UVG\TERCER AÒO\SEGUNDO SEMESTRE\PROGRA DE MICROS\MPLAB\LABS-DE-MICROS\LABORATORIO 9.X\LABORATORIO 9.ASM 188 : Register in operand not in bank 0.  Ensure that bank bits are correct.
Message[302] D:\UVG\TERCER AÒO\SEGUNDO SEMESTRE\PROGRA DE MICROS\MPLAB\LABS-DE-MICROS\LABORATORIO 9.X\LABORATORIO 9.ASM 189 : Register in operand not in bank 0.  Ensure that bank bits are correct.
Message[302] D:\UVG\TERCER AÒO\SEGUNDO SEMESTRE\PROGRA DE MICROS\MPLAB\LABS-DE-MICROS\LABORATORIO 9.X\LABORATORIO 9.ASM 190 : Register in operand not in bank 0.  Ensure that bank bits are correct.
Message[302] D:\UVG\TERCER AÒO\SEGUNDO SEMESTRE\PROGRA DE MICROS\MPLAB\LABS-DE-MICROS\LABORATORIO 9.X\LABORATORIO 9.ASM 191 : Register in operand not in bank 0.  Ensure that bank bits are correct.
Warning[205] D:\UVG\TERCER AÒO\SEGUNDO SEMESTRE\PROGRA DE MICROS\MPLAB\LABS-DE-MICROS\LABORATORIO 9.X\LABORATORIO 9.ASM 218 : Found directive in column 1. (END)
